[0.316s] Invoking command in '/home/steffens/KITrain/build/clearance_profile_observer': CMAKE_PREFIX_PATH=${CMAKE_PREFIX_PATH}:/home/steffens/KITrain/install/camera_simulator:/opt/ros/humble /usr/bin/cmake --build /home/steffens/KITrain/build/clearance_profile_observer -- -j16 -l16
[0.380s] Invoked command in '/home/steffens/KITrain/build/clearance_profile_observer' returned '0': CMAKE_PREFIX_PATH=${CMAKE_PREFIX_PATH}:/home/steffens/KITrain/install/camera_simulator:/opt/ros/humble /usr/bin/cmake --build /home/steffens/KITrain/build/clearance_profile_observer -- -j16 -l16
[0.446s] Invoking command in '/home/steffens/KITrain/build/clearance_profile_observer': CMAKE_PREFIX_PATH=${CMAKE_PREFIX_PATH}:/home/steffens/KITrain/install/camera_simulator:/opt/ros/humble /usr/bin/cmake --install /home/steffens/KITrain/build/clearance_profile_observer
[0.454s] -- Install configuration: ""
[0.455s] -- Up-to-date: /home/steffens/KITrain/install/clearance_profile_observer/share/ament_index/resource_index/package_run_dependencies/clearance_profile_observer
[0.455s] -- Up-to-date: /home/steffens/KITrain/install/clearance_profile_observer/share/ament_index/resource_index/parent_prefix_path/clearance_profile_observer
[0.455s] -- Up-to-date: /home/steffens/KITrain/install/clearance_profile_observer/share/clearance_profile_observer/environment/ament_prefix_path.sh
[0.455s] -- Up-to-date: /home/steffens/KITrain/install/clearance_profile_observer/share/clearance_profile_observer/environment/ament_prefix_path.dsv
[0.455s] -- Up-to-date: /home/steffens/KITrain/install/clearance_profile_observer/share/clearance_profile_observer/environment/path.sh
[0.455s] -- Up-to-date: /home/steffens/KITrain/install/clearance_profile_observer/share/clearance_profile_observer/environment/path.dsv
[0.456s] -- Up-to-date: /home/steffens/KITrain/install/clearance_profile_observer/share/clearance_profile_observer/local_setup.bash
[0.456s] -- Up-to-date: /home/steffens/KITrain/install/clearance_profile_observer/share/clearance_profile_observer/local_setup.sh
[0.456s] -- Up-to-date: /home/steffens/KITrain/install/clearance_profile_observer/share/clearance_profile_observer/local_setup.zsh
[0.456s] -- Up-to-date: /home/steffens/KITrain/install/clearance_profile_observer/share/clearance_profile_observer/local_setup.dsv
[0.456s] -- Installing: /home/steffens/KITrain/install/clearance_profile_observer/share/clearance_profile_observer/package.dsv
[0.456s] -- Up-to-date: /home/steffens/KITrain/install/clearance_profile_observer/share/ament_index/resource_index/packages/clearance_profile_observer
[0.456s] -- Up-to-date: /home/steffens/KITrain/install/clearance_profile_observer/share/clearance_profile_observer/cmake/clearance_profile_observerConfig.cmake
[0.456s] -- Up-to-date: /home/steffens/KITrain/install/clearance_profile_observer/share/clearance_profile_observer/cmake/clearance_profile_observerConfig-version.cmake
[0.457s] -- Up-to-date: /home/steffens/KITrain/install/clearance_profile_observer/share/clearance_profile_observer/package.xml
[0.484s] Invoked command in '/home/steffens/KITrain/build/clearance_profile_observer' returned '0': CMAKE_PREFIX_PATH=${CMAKE_PREFIX_PATH}:/home/steffens/KITrain/install/camera_simulator:/opt/ros/humble /usr/bin/cmake --install /home/steffens/KITrain/build/clearance_profile_observer
