[0.297s] Invoking command in '/home/steffens/KITrain/build/lidar_detector': CMAKE_PREFIX_PATH=${CMAKE_PREFIX_PATH}:/home/steffens/KITrain/install/camera_simulator:/opt/ros/humble /usr/bin/cmake /home/steffens/KITrain/src/ki_train/object_localizer/lidar_detector -DCMAKE_INSTALL_PREFIX=/home/steffens/KITrain/install/lidar_detector
[0.362s] -- The C compiler identification is GNU 11.4.0
[0.432s] -- The CXX compiler identification is GNU 11.4.0
[0.446s] -- Detecting C compiler ABI info
[0.571s] -- Detecting C compiler ABI info - done
[0.582s] -- Check for working C compiler: /usr/bin/cc - skipped
[0.582s] -- Detecting C compile features
[0.583s] -- Detecting C compile features - done
[0.594s] -- Detecting CXX compiler ABI info
[0.716s] -- Detecting CXX compiler ABI info - done
[0.723s] -- Check for working CXX compiler: /usr/bin/c++ - skipped
[0.723s] -- Detecting CXX compile features
[0.723s] -- Detecting CXX compile features - done
[0.726s] -- Found ament_cmake: 1.3.9 (/opt/ros/humble/share/ament_cmake/cmake)
[0.902s] -- Found Python3: /usr/bin/python3 (found version "3.10.12") found components: Interpreter 
[1.005s] -- Found ament_lint_auto: 0.12.11 (/opt/ros/humble/share/ament_lint_auto/cmake)
[1.092s] -- Added test 'cppcheck' to perform static code analysis on C / C++ code
[1.092s] -- Configured cppcheck include dirs: 
[1.092s] -- Configured cppcheck exclude dirs and/or files: 
[1.092s] -- Added test 'lint_cmake' to check CMake code style
[1.104s] -- Added test 'uncrustify' to check C / C++ code style
[1.104s] -- Configured uncrustify additional arguments: 
[1.105s] -- Added test 'xmllint' to check XML markup files
[1.105s] -- Configuring done
[1.106s] -- Generating done
[1.106s] -- Build files have been written to: /home/steffens/KITrain/build/lidar_detector
[1.131s] Invoked command in '/home/steffens/KITrain/build/lidar_detector' returned '0': CMAKE_PREFIX_PATH=${CMAKE_PREFIX_PATH}:/home/steffens/KITrain/install/camera_simulator:/opt/ros/humble /usr/bin/cmake /home/steffens/KITrain/src/ki_train/object_localizer/lidar_detector -DCMAKE_INSTALL_PREFIX=/home/steffens/KITrain/install/lidar_detector
[1.133s] Invoking command in '/home/steffens/KITrain/build/lidar_detector': CMAKE_PREFIX_PATH=${CMAKE_PREFIX_PATH}:/home/steffens/KITrain/install/camera_simulator:/opt/ros/humble /usr/bin/cmake --build /home/steffens/KITrain/build/lidar_detector -- -j16 -l16
[1.208s] Invoked command in '/home/steffens/KITrain/build/lidar_detector' returned '0': CMAKE_PREFIX_PATH=${CMAKE_PREFIX_PATH}:/home/steffens/KITrain/install/camera_simulator:/opt/ros/humble /usr/bin/cmake --build /home/steffens/KITrain/build/lidar_detector -- -j16 -l16
[1.255s] Invoking command in '/home/steffens/KITrain/build/lidar_detector': CMAKE_PREFIX_PATH=${CMAKE_PREFIX_PATH}:/home/steffens/KITrain/install/camera_simulator:/opt/ros/humble /usr/bin/cmake --install /home/steffens/KITrain/build/lidar_detector
[1.266s] -- Install configuration: ""
[1.266s] -- Installing: /home/steffens/KITrain/install/lidar_detector/share/ament_index/resource_index/package_run_dependencies/lidar_detector
[1.266s] -- Installing: /home/steffens/KITrain/install/lidar_detector/share/ament_index/resource_index/parent_prefix_path/lidar_detector
[1.266s] -- Installing: /home/steffens/KITrain/install/lidar_detector/share/lidar_detector/environment/ament_prefix_path.sh
[1.267s] -- Installing: /home/steffens/KITrain/install/lidar_detector/share/lidar_detector/environment/ament_prefix_path.dsv
[1.267s] -- Installing: /home/steffens/KITrain/install/lidar_detector/share/lidar_detector/environment/path.sh
[1.267s] -- Installing: /home/steffens/KITrain/install/lidar_detector/share/lidar_detector/environment/path.dsv
[1.267s] -- Installing: /home/steffens/KITrain/install/lidar_detector/share/lidar_detector/local_setup.bash
[1.267s] -- Installing: /home/steffens/KITrain/install/lidar_detector/share/lidar_detector/local_setup.sh
[1.267s] -- Installing: /home/steffens/KITrain/install/lidar_detector/share/lidar_detector/local_setup.zsh
[1.267s] -- Installing: /home/steffens/KITrain/install/lidar_detector/share/lidar_detector/local_setup.dsv
[1.267s] -- Installing: /home/steffens/KITrain/install/lidar_detector/share/lidar_detector/package.dsv
[1.268s] -- Installing: /home/steffens/KITrain/install/lidar_detector/share/ament_index/resource_index/packages/lidar_detector
[1.268s] -- Installing: /home/steffens/KITrain/install/lidar_detector/share/lidar_detector/cmake/lidar_detectorConfig.cmake
[1.268s] -- Installing: /home/steffens/KITrain/install/lidar_detector/share/lidar_detector/cmake/lidar_detectorConfig-version.cmake
[1.268s] -- Installing: /home/steffens/KITrain/install/lidar_detector/share/lidar_detector/package.xml
[1.317s] Invoked command in '/home/steffens/KITrain/build/lidar_detector' returned '0': CMAKE_PREFIX_PATH=${CMAKE_PREFIX_PATH}:/home/steffens/KITrain/install/camera_simulator:/opt/ros/humble /usr/bin/cmake --install /home/steffens/KITrain/build/lidar_detector
