[0.027s] Invoking command in '/home/steffens/KITrain/build/lidar': CMAKE_PREFIX_PATH=/home/steffens/KITrain/install/lidar_msgs:/home/steffens/KITrain/install/track_detector:/home/steffens/KITrain/install/target_velocity_estimator:/home/steffens/KITrain/install/target_distance_estimator:/home/steffens/KITrain/install/signal_detector:/home/steffens/KITrain/install/signal_detection_verificator:/home/steffens/KITrain/install/rgb_detector:/home/steffens/KITrain/install/rgb_camera:/home/steffens/KITrain/install/position_corrector:/home/steffens/KITrain/install/odometry:/home/steffens/KITrain/install/object_fuser:/home/steffens/KITrain/install/localizer:/home/steffens/KITrain/install/lidar:/home/steffens/KITrain/install/lidar_detector:/home/steffens/KITrain/install/gnss:/home/steffens/KITrain/install/clearance_profile_setter:/home/steffens/KITrain/install/clearance_profile_observer:/home/steffens/KITrain/install/camera_simulator:/opt/ros/humble /usr/bin/cmake --build /home/steffens/KITrain/build/lidar -- -j16 -l16
[0.097s] [35m[1mConsolidate compiler generated dependencies of target lidar_udp_publisher[0m
[0.123s] [ 50%] [32mBuilding CXX object CMakeFiles/lidar_udp_publisher.dir/src/lidar_udp_to_topic.cpp.o[0m
[6.264s] [100%] [32m[1mLinking CXX executable lidar_udp_publisher[0m
[6.866s] [100%] Built target lidar_udp_publisher
[6.879s] Invoked command in '/home/steffens/KITrain/build/lidar' returned '0': CMAKE_PREFIX_PATH=/home/steffens/KITrain/install/lidar_msgs:/home/steffens/KITrain/install/track_detector:/home/steffens/KITrain/install/target_velocity_estimator:/home/steffens/KITrain/install/target_distance_estimator:/home/steffens/KITrain/install/signal_detector:/home/steffens/KITrain/install/signal_detection_verificator:/home/steffens/KITrain/install/rgb_detector:/home/steffens/KITrain/install/rgb_camera:/home/steffens/KITrain/install/position_corrector:/home/steffens/KITrain/install/odometry:/home/steffens/KITrain/install/object_fuser:/home/steffens/KITrain/install/localizer:/home/steffens/KITrain/install/lidar:/home/steffens/KITrain/install/lidar_detector:/home/steffens/KITrain/install/gnss:/home/steffens/KITrain/install/clearance_profile_setter:/home/steffens/KITrain/install/clearance_profile_observer:/home/steffens/KITrain/install/camera_simulator:/opt/ros/humble /usr/bin/cmake --build /home/steffens/KITrain/build/lidar -- -j16 -l16
[6.910s] Invoking command in '/home/steffens/KITrain/build/lidar': CMAKE_PREFIX_PATH=/home/steffens/KITrain/install/lidar_msgs:/home/steffens/KITrain/install/track_detector:/home/steffens/KITrain/install/target_velocity_estimator:/home/steffens/KITrain/install/target_distance_estimator:/home/steffens/KITrain/install/signal_detector:/home/steffens/KITrain/install/signal_detection_verificator:/home/steffens/KITrain/install/rgb_detector:/home/steffens/KITrain/install/rgb_camera:/home/steffens/KITrain/install/position_corrector:/home/steffens/KITrain/install/odometry:/home/steffens/KITrain/install/object_fuser:/home/steffens/KITrain/install/localizer:/home/steffens/KITrain/install/lidar:/home/steffens/KITrain/install/lidar_detector:/home/steffens/KITrain/install/gnss:/home/steffens/KITrain/install/clearance_profile_setter:/home/steffens/KITrain/install/clearance_profile_observer:/home/steffens/KITrain/install/camera_simulator:/opt/ros/humble /usr/bin/cmake --install /home/steffens/KITrain/build/lidar
[6.920s] -- Install configuration: ""
[6.920s] -- Installing: /home/steffens/KITrain/install/lidar/lib/lidar/lidar_udp_publisher
[6.924s] -- Set runtime path of "/home/steffens/KITrain/install/lidar/lib/lidar/lidar_udp_publisher" to ""
[6.924s] -- Up-to-date: /home/steffens/KITrain/install/lidar/share/ament_index/resource_index/package_run_dependencies/lidar
[6.924s] -- Up-to-date: /home/steffens/KITrain/install/lidar/share/ament_index/resource_index/parent_prefix_path/lidar
[6.925s] -- Up-to-date: /home/steffens/KITrain/install/lidar/share/lidar/environment/ament_prefix_path.sh
[6.925s] -- Up-to-date: /home/steffens/KITrain/install/lidar/share/lidar/environment/ament_prefix_path.dsv
[6.925s] -- Up-to-date: /home/steffens/KITrain/install/lidar/share/lidar/environment/path.sh
[6.925s] -- Up-to-date: /home/steffens/KITrain/install/lidar/share/lidar/environment/path.dsv
[6.925s] -- Up-to-date: /home/steffens/KITrain/install/lidar/share/lidar/local_setup.bash
[6.925s] -- Up-to-date: /home/steffens/KITrain/install/lidar/share/lidar/local_setup.sh
[6.925s] -- Up-to-date: /home/steffens/KITrain/install/lidar/share/lidar/local_setup.zsh
[6.925s] -- Up-to-date: /home/steffens/KITrain/install/lidar/share/lidar/local_setup.dsv
[6.925s] -- Installing: /home/steffens/KITrain/install/lidar/share/lidar/package.dsv
[6.927s] -- Up-to-date: /home/steffens/KITrain/install/lidar/share/ament_index/resource_index/packages/lidar
[6.927s] -- Up-to-date: /home/steffens/KITrain/install/lidar/share/lidar/cmake/ament_cmake_export_dependencies-extras.cmake
[6.927s] -- Up-to-date: /home/steffens/KITrain/install/lidar/share/lidar/cmake/lidarConfig.cmake
[6.927s] -- Up-to-date: /home/steffens/KITrain/install/lidar/share/lidar/cmake/lidarConfig-version.cmake
[6.927s] -- Up-to-date: /home/steffens/KITrain/install/lidar/share/lidar/package.xml
[6.930s] Invoked command in '/home/steffens/KITrain/build/lidar' returned '0': CMAKE_PREFIX_PATH=/home/steffens/KITrain/install/lidar_msgs:/home/steffens/KITrain/install/track_detector:/home/steffens/KITrain/install/target_velocity_estimator:/home/steffens/KITrain/install/target_distance_estimator:/home/steffens/KITrain/install/signal_detector:/home/steffens/KITrain/install/signal_detection_verificator:/home/steffens/KITrain/install/rgb_detector:/home/steffens/KITrain/install/rgb_camera:/home/steffens/KITrain/install/position_corrector:/home/steffens/KITrain/install/odometry:/home/steffens/KITrain/install/object_fuser:/home/steffens/KITrain/install/localizer:/home/steffens/KITrain/install/lidar:/home/steffens/KITrain/install/lidar_detector:/home/steffens/KITrain/install/gnss:/home/steffens/KITrain/install/clearance_profile_setter:/home/steffens/KITrain/install/clearance_profile_observer:/home/steffens/KITrain/install/camera_simulator:/opt/ros/humble /usr/bin/cmake --install /home/steffens/KITrain/build/lidar
