[0.329s] Invoking command in '/home/steffens/KITrain/build/rgb_camera': CMAKE_PREFIX_PATH=${CMAKE_PREFIX_PATH}:/home/steffens/KITrain/install/camera_simulator:/opt/ros/humble /usr/bin/cmake --build /home/steffens/KITrain/build/rgb_camera -- -j16 -l16
[0.398s] [100%] Built target rgb_camera_receiver_main
[0.459s] Invoked command in '/home/steffens/KITrain/build/rgb_camera' returned '0': CMAKE_PREFIX_PATH=${CMAKE_PREFIX_PATH}:/home/steffens/KITrain/install/camera_simulator:/opt/ros/humble /usr/bin/cmake --build /home/steffens/KITrain/build/rgb_camera -- -j16 -l16
[0.563s] Invoking command in '/home/steffens/KITrain/build/rgb_camera': CMAKE_PREFIX_PATH=${CMAKE_PREFIX_PATH}:/home/steffens/KITrain/install/camera_simulator:/opt/ros/humble /usr/bin/cmake --install /home/steffens/KITrain/build/rgb_camera
[0.573s] -- Install configuration: ""
[0.573s] -- Up-to-date: /home/steffens/KITrain/install/rgb_camera/lib/rgb_camera/rgb_camera_receiver_main
[0.573s] -- Up-to-date: /home/steffens/KITrain/install/rgb_camera/share/rgb_camera/launch
[0.573s] -- Up-to-date: /home/steffens/KITrain/install/rgb_camera/share/rgb_camera/launch/execute.launch.py
[0.573s] -- Up-to-date: /home/steffens/KITrain/install/rgb_camera/share/ament_index/resource_index/package_run_dependencies/rgb_camera
[0.574s] -- Up-to-date: /home/steffens/KITrain/install/rgb_camera/share/ament_index/resource_index/parent_prefix_path/rgb_camera
[0.574s] -- Up-to-date: /home/steffens/KITrain/install/rgb_camera/share/rgb_camera/environment/ament_prefix_path.sh
[0.574s] -- Up-to-date: /home/steffens/KITrain/install/rgb_camera/share/rgb_camera/environment/ament_prefix_path.dsv
[0.574s] -- Up-to-date: /home/steffens/KITrain/install/rgb_camera/share/rgb_camera/environment/path.sh
[0.574s] -- Up-to-date: /home/steffens/KITrain/install/rgb_camera/share/rgb_camera/environment/path.dsv
[0.574s] -- Up-to-date: /home/steffens/KITrain/install/rgb_camera/share/rgb_camera/local_setup.bash
[0.575s] -- Up-to-date: /home/steffens/KITrain/install/rgb_camera/share/rgb_camera/local_setup.sh
[0.575s] -- Up-to-date: /home/steffens/KITrain/install/rgb_camera/share/rgb_camera/local_setup.zsh
[0.575s] -- Up-to-date: /home/steffens/KITrain/install/rgb_camera/share/rgb_camera/local_setup.dsv
[0.575s] -- Installing: /home/steffens/KITrain/install/rgb_camera/share/rgb_camera/package.dsv
[0.575s] -- Up-to-date: /home/steffens/KITrain/install/rgb_camera/share/ament_index/resource_index/packages/rgb_camera
[0.575s] -- Up-to-date: /home/steffens/KITrain/install/rgb_camera/share/rgb_camera/cmake/rgb_cameraConfig.cmake
[0.575s] -- Up-to-date: /home/steffens/KITrain/install/rgb_camera/share/rgb_camera/cmake/rgb_cameraConfig-version.cmake
[0.575s] -- Up-to-date: /home/steffens/KITrain/install/rgb_camera/share/rgb_camera/package.xml
[0.668s] Invoked command in '/home/steffens/KITrain/build/rgb_camera' returned '0': CMAKE_PREFIX_PATH=${CMAKE_PREFIX_PATH}:/home/steffens/KITrain/install/camera_simulator:/opt/ros/humble /usr/bin/cmake --install /home/steffens/KITrain/build/rgb_camera
