[0.031s] Invoking command in '/home/steffens/KITrain/build/target_velocity_estimator': CMAKE_PREFIX_PATH=${CMAKE_PREFIX_PATH}:/home/steffens/KITrain/install/camera_simulator:/opt/ros/humble /usr/bin/cmake /home/steffens/KITrain/src/ki_train/driving_decision_maker/target_velocity_estimator -DCMAKE_INSTALL_PREFIX=/home/steffens/KITrain/install/target_velocity_estimator
[0.089s] -- The C compiler identification is GNU 11.4.0
[0.145s] -- The CXX compiler identification is GNU 11.4.0
[0.152s] -- Detecting C compiler ABI info
[0.221s] -- Detecting C compiler ABI info - done
[0.228s] -- Check for working C compiler: /usr/bin/cc - skipped
[0.228s] -- Detecting C compile features
[0.228s] -- Detecting C compile features - done
[0.231s] -- Detecting CXX compiler ABI info
[0.313s] -- Detecting CXX compiler ABI info - done
[0.320s] -- Check for working CXX compiler: /usr/bin/c++ - skipped
[0.320s] -- Detecting CXX compile features
[0.320s] -- Detecting CXX compile features - done
[0.324s] -- Found ament_cmake: 1.3.9 (/opt/ros/humble/share/ament_cmake/cmake)
[0.472s] -- Found Python3: /usr/bin/python3 (found version "3.10.12") found components: Interpreter 
[0.579s] -- Found ament_lint_auto: 0.12.11 (/opt/ros/humble/share/ament_lint_auto/cmake)
[0.664s] -- Added test 'lint_cmake' to check CMake code style
[0.666s] -- Added test 'xmllint' to check XML markup files
[0.667s] -- Configuring done
[0.671s] -- Generating done
[0.672s] -- Build files have been written to: /home/steffens/KITrain/build/target_velocity_estimator
[0.677s] Invoked command in '/home/steffens/KITrain/build/target_velocity_estimator' returned '0': CMAKE_PREFIX_PATH=${CMAKE_PREFIX_PATH}:/home/steffens/KITrain/install/camera_simulator:/opt/ros/humble /usr/bin/cmake /home/steffens/KITrain/src/ki_train/driving_decision_maker/target_velocity_estimator -DCMAKE_INSTALL_PREFIX=/home/steffens/KITrain/install/target_velocity_estimator
[0.678s] Invoking command in '/home/steffens/KITrain/build/target_velocity_estimator': CMAKE_PREFIX_PATH=${CMAKE_PREFIX_PATH}:/home/steffens/KITrain/install/camera_simulator:/opt/ros/humble /usr/bin/cmake --build /home/steffens/KITrain/build/target_velocity_estimator -- -j16 -l16
[0.722s] Invoked command in '/home/steffens/KITrain/build/target_velocity_estimator' returned '0': CMAKE_PREFIX_PATH=${CMAKE_PREFIX_PATH}:/home/steffens/KITrain/install/camera_simulator:/opt/ros/humble /usr/bin/cmake --build /home/steffens/KITrain/build/target_velocity_estimator -- -j16 -l16
[0.749s] Invoking command in '/home/steffens/KITrain/build/target_velocity_estimator': CMAKE_PREFIX_PATH=${CMAKE_PREFIX_PATH}:/home/steffens/KITrain/install/camera_simulator:/opt/ros/humble /usr/bin/cmake --install /home/steffens/KITrain/build/target_velocity_estimator
[0.756s] -- Install configuration: ""
[0.756s] -- Installing: /home/steffens/KITrain/install/target_velocity_estimator/share/ament_index/resource_index/package_run_dependencies/target_velocity_estimator
[0.757s] -- Installing: /home/steffens/KITrain/install/target_velocity_estimator/share/ament_index/resource_index/parent_prefix_path/target_velocity_estimator
[0.757s] -- Installing: /home/steffens/KITrain/install/target_velocity_estimator/share/target_velocity_estimator/environment/ament_prefix_path.sh
[0.757s] -- Installing: /home/steffens/KITrain/install/target_velocity_estimator/share/target_velocity_estimator/environment/ament_prefix_path.dsv
[0.757s] -- Installing: /home/steffens/KITrain/install/target_velocity_estimator/share/target_velocity_estimator/environment/path.sh
[0.758s] -- Installing: /home/steffens/KITrain/install/target_velocity_estimator/share/target_velocity_estimator/environment/path.dsv
[0.758s] -- Installing: /home/steffens/KITrain/install/target_velocity_estimator/share/target_velocity_estimator/local_setup.bash
[0.758s] -- Installing: /home/steffens/KITrain/install/target_velocity_estimator/share/target_velocity_estimator/local_setup.sh
[0.758s] -- Installing: /home/steffens/KITrain/install/target_velocity_estimator/share/target_velocity_estimator/local_setup.zsh
[0.758s] -- Installing: /home/steffens/KITrain/install/target_velocity_estimator/share/target_velocity_estimator/local_setup.dsv
[0.759s] -- Installing: /home/steffens/KITrain/install/target_velocity_estimator/share/target_velocity_estimator/package.dsv
[0.759s] -- Installing: /home/steffens/KITrain/install/target_velocity_estimator/share/ament_index/resource_index/packages/target_velocity_estimator
[0.759s] -- Installing: /home/steffens/KITrain/install/target_velocity_estimator/share/target_velocity_estimator/cmake/target_velocity_estimatorConfig.cmake
[0.759s] -- Installing: /home/steffens/KITrain/install/target_velocity_estimator/share/target_velocity_estimator/cmake/target_velocity_estimatorConfig-version.cmake
[0.759s] -- Installing: /home/steffens/KITrain/install/target_velocity_estimator/share/target_velocity_estimator/package.xml
[0.762s] Invoked command in '/home/steffens/KITrain/build/target_velocity_estimator' returned '0': CMAKE_PREFIX_PATH=${CMAKE_PREFIX_PATH}:/home/steffens/KITrain/install/camera_simulator:/opt/ros/humble /usr/bin/cmake --install /home/steffens/KITrain/build/target_velocity_estimator
