[0.332s] Invoking command in '/home/steffens/KITrain/build/target_distance_estimator': CMAKE_PREFIX_PATH=${CMAKE_PREFIX_PATH}:/home/steffens/KITrain/install/camera_simulator:/opt/ros/humble /usr/bin/cmake --build /home/steffens/KITrain/build/target_distance_estimator -- -j16 -l16
[0.419s] Invoked command in '/home/steffens/KITrain/build/target_distance_estimator' returned '0': CMAKE_PREFIX_PATH=${CMAKE_PREFIX_PATH}:/home/steffens/KITrain/install/camera_simulator:/opt/ros/humble /usr/bin/cmake --build /home/steffens/KITrain/build/target_distance_estimator -- -j16 -l16
[0.506s] Invoking command in '/home/steffens/KITrain/build/target_distance_estimator': CMAKE_PREFIX_PATH=${CMAKE_PREFIX_PATH}:/home/steffens/KITrain/install/camera_simulator:/opt/ros/humble /usr/bin/cmake --install /home/steffens/KITrain/build/target_distance_estimator
[0.536s] -- Install configuration: ""
[0.536s] -- Up-to-date: /home/steffens/KITrain/install/target_distance_estimator/share/ament_index/resource_index/package_run_dependencies/target_distance_estimator
[0.537s] -- Up-to-date: /home/steffens/KITrain/install/target_distance_estimator/share/ament_index/resource_index/parent_prefix_path/target_distance_estimator
[0.537s] -- Up-to-date: /home/steffens/KITrain/install/target_distance_estimator/share/target_distance_estimator/environment/ament_prefix_path.sh
[0.537s] -- Up-to-date: /home/steffens/KITrain/install/target_distance_estimator/share/target_distance_estimator/environment/ament_prefix_path.dsv
[0.537s] -- Up-to-date: /home/steffens/KITrain/install/target_distance_estimator/share/target_distance_estimator/environment/path.sh
[0.537s] -- Up-to-date: /home/steffens/KITrain/install/target_distance_estimator/share/target_distance_estimator/environment/path.dsv
[0.537s] -- Up-to-date: /home/steffens/KITrain/install/target_distance_estimator/share/target_distance_estimator/local_setup.bash
[0.537s] -- Up-to-date: /home/steffens/KITrain/install/target_distance_estimator/share/target_distance_estimator/local_setup.sh
[0.537s] -- Up-to-date: /home/steffens/KITrain/install/target_distance_estimator/share/target_distance_estimator/local_setup.zsh
[0.537s] -- Up-to-date: /home/steffens/KITrain/install/target_distance_estimator/share/target_distance_estimator/local_setup.dsv
[0.537s] -- Installing: /home/steffens/KITrain/install/target_distance_estimator/share/target_distance_estimator/package.dsv
[0.537s] -- Up-to-date: /home/steffens/KITrain/install/target_distance_estimator/share/ament_index/resource_index/packages/target_distance_estimator
[0.538s] -- Up-to-date: /home/steffens/KITrain/install/target_distance_estimator/share/target_distance_estimator/cmake/target_distance_estimatorConfig.cmake
[0.538s] -- Up-to-date: /home/steffens/KITrain/install/target_distance_estimator/share/target_distance_estimator/cmake/target_distance_estimatorConfig-version.cmake
[0.538s] -- Up-to-date: /home/steffens/KITrain/install/target_distance_estimator/share/target_distance_estimator/package.xml
[0.573s] Invoked command in '/home/steffens/KITrain/build/target_distance_estimator' returned '0': CMAKE_PREFIX_PATH=${CMAKE_PREFIX_PATH}:/home/steffens/KITrain/install/camera_simulator:/opt/ros/humble /usr/bin/cmake --install /home/steffens/KITrain/build/target_distance_estimator
