[0.104s] Invoking command in '/home/steffens/KITrain/build/track_detector': CMAKE_PREFIX_PATH=${CMAKE_PREFIX_PATH}:/home/steffens/KITrain/install/camera_simulator:/opt/ros/humble /usr/bin/cmake --build /home/steffens/KITrain/build/track_detector -- -j16 -l16
[0.168s] [100%] Built target track_detect_main
[0.181s] Invoked command in '/home/steffens/KITrain/build/track_detector' returned '0': CMAKE_PREFIX_PATH=${CMAKE_PREFIX_PATH}:/home/steffens/KITrain/install/camera_simulator:/opt/ros/humble /usr/bin/cmake --build /home/steffens/KITrain/build/track_detector -- -j16 -l16
[0.212s] Invoking command in '/home/steffens/KITrain/build/track_detector': CMAKE_PREFIX_PATH=${CMAKE_PREFIX_PATH}:/home/steffens/KITrain/install/camera_simulator:/opt/ros/humble /usr/bin/cmake --install /home/steffens/KITrain/build/track_detector
[0.220s] -- Install configuration: ""
[0.220s] -- Up-to-date: /home/steffens/KITrain/install/track_detector/lib/track_detector/track_detect_main
[0.220s] -- Up-to-date: /home/steffens/KITrain/install/track_detector/share/ament_index/resource_index/package_run_dependencies/track_detector
[0.221s] -- Up-to-date: /home/steffens/KITrain/install/track_detector/share/ament_index/resource_index/parent_prefix_path/track_detector
[0.221s] -- Up-to-date: /home/steffens/KITrain/install/track_detector/share/track_detector/environment/ament_prefix_path.sh
[0.221s] -- Up-to-date: /home/steffens/KITrain/install/track_detector/share/track_detector/environment/ament_prefix_path.dsv
[0.221s] -- Up-to-date: /home/steffens/KITrain/install/track_detector/share/track_detector/environment/path.sh
[0.221s] -- Up-to-date: /home/steffens/KITrain/install/track_detector/share/track_detector/environment/path.dsv
[0.221s] -- Up-to-date: /home/steffens/KITrain/install/track_detector/share/track_detector/local_setup.bash
[0.222s] -- Up-to-date: /home/steffens/KITrain/install/track_detector/share/track_detector/local_setup.sh
[0.222s] -- Up-to-date: /home/steffens/KITrain/install/track_detector/share/track_detector/local_setup.zsh
[0.222s] -- Up-to-date: /home/steffens/KITrain/install/track_detector/share/track_detector/local_setup.dsv
[0.222s] -- Installing: /home/steffens/KITrain/install/track_detector/share/track_detector/package.dsv
[0.222s] -- Up-to-date: /home/steffens/KITrain/install/track_detector/share/ament_index/resource_index/packages/track_detector
[0.222s] -- Up-to-date: /home/steffens/KITrain/install/track_detector/share/track_detector/cmake/ament_cmake_export_dependencies-extras.cmake
[0.222s] -- Up-to-date: /home/steffens/KITrain/install/track_detector/share/track_detector/cmake/track_detectorConfig.cmake
[0.222s] -- Up-to-date: /home/steffens/KITrain/install/track_detector/share/track_detector/cmake/track_detectorConfig-version.cmake
[0.222s] -- Up-to-date: /home/steffens/KITrain/install/track_detector/share/track_detector/package.xml
[0.224s] Invoked command in '/home/steffens/KITrain/build/track_detector' returned '0': CMAKE_PREFIX_PATH=${CMAKE_PREFIX_PATH}:/home/steffens/KITrain/install/camera_simulator:/opt/ros/humble /usr/bin/cmake --install /home/steffens/KITrain/build/track_detector
