[01m[K/home/steffens/KITrain/src/ki_train/sensors/gnss/src/gnss_udp_to_topic.cpp:[m[K In member function ‘[01m[Kbool GNSSUDPPublisher::convertToNavSatFix(const char*, size_t)[m[K’:
[01m[K/home/steffens/KITrain/src/ki_train/sensors/gnss/src/gnss_udp_to_topic.cpp:80:25:[m[K [01;31m[Kerror: [m[Kno match for ‘[01m[Koperator>=[m[K’ (operand types are ‘[01m[Kstd::string[m[K’ {aka ‘[01m[Kstd::__cxx11::basic_string<char>[m[K’} and ‘[01m[Kint[m[K’)
   80 |       if ([32m[Kreceived_data[m[K [01;31m[K>=[m[K [34m[K12[m[K) { // At least 3 floats (12 bytes)
      |           [32m[K~~~~~~~~~~~~~[m[K [01;31m[K^~[m[K [34m[K~~[m[K
      |           [32m[K|[m[K                [34m[K|[m[K
      |           [32m[K|[m[K                [34m[Kint[m[K
      |           [32m[Kstd::string {aka std::__cxx11::basic_string<char>}[m[K
In file included from [01m[K/usr/include/c++/11/bits/stl_algobase.h:67[m[K,
                 from [01m[K/usr/include/c++/11/memory:63[m[K,
                 from [01m[K/opt/ros/humble/include/rclcpp/rclcpp/rclcpp.hpp:153[m[K,
                 from [01m[K/home/steffens/KITrain/src/ki_train/sensors/gnss/src/gnss_udp_to_topic.cpp:1[m[K:
[01m[K/usr/include/c++/11/bits/stl_iterator.h:1232:5:[m[K [01;36m[Knote: [m[Kcandidate: ‘[01m[Ktemplate<class _IteratorL, class _IteratorR, class _Container> bool __gnu_cxx::operator>=(const __gnu_cxx::__normal_iterator<_IteratorL, _Container>&, const __gnu_cxx::__normal_iterator<_IteratorR, _Container>&)[m[K’
 1232 |     [01;36m[Koperator[m[K>=(const __normal_iterator<_IteratorL, _Container>& __lhs,
      |     [01;36m[K^~~~~~~~[m[K
[01m[K/usr/include/c++/11/bits/stl_iterator.h:1232:5:[m[K [01;36m[Knote: [m[K  template argument deduction/substitution failed:
[01m[K/home/steffens/KITrain/src/ki_train/sensors/gnss/src/gnss_udp_to_topic.cpp:80:28:[m[K [01;36m[Knote: [m[K  ‘[01m[Kstd::string[m[K’ {aka ‘[01m[Kstd::__cxx11::basic_string<char>[m[K’} is not derived from ‘[01m[Kconst __gnu_cxx::__normal_iterator<_IteratorL, _Container>[m[K’
   80 |       if (received_data >= [01;36m[K12[m[K) { // At least 3 floats (12 bytes)
      |                            [01;36m[K^~[m[K
In file included from [01m[K/usr/include/c++/11/bits/stl_algobase.h:67[m[K,
                 from [01m[K/usr/include/c++/11/memory:63[m[K,
                 from [01m[K/opt/ros/humble/include/rclcpp/rclcpp/rclcpp.hpp:153[m[K,
                 from [01m[K/home/steffens/KITrain/src/ki_train/sensors/gnss/src/gnss_udp_to_topic.cpp:1[m[K:
[01m[K/usr/include/c++/11/bits/stl_iterator.h:1240:5:[m[K [01;36m[Knote: [m[Kcandidate: ‘[01m[Ktemplate<class _Iterator, class _Container> bool __gnu_cxx::operator>=(const __gnu_cxx::__normal_iterator<_Iterator, _Container>&, const __gnu_cxx::__normal_iterator<_Iterator, _Container>&)[m[K’
 1240 |     [01;36m[Koperator[m[K>=(const __normal_iterator<_Iterator, _Container>& __lhs,
      |     [01;36m[K^~~~~~~~[m[K
[01m[K/usr/include/c++/11/bits/stl_iterator.h:1240:5:[m[K [01;36m[Knote: [m[K  template argument deduction/substitution failed:
[01m[K/home/steffens/KITrain/src/ki_train/sensors/gnss/src/gnss_udp_to_topic.cpp:80:28:[m[K [01;36m[Knote: [m[K  ‘[01m[Kstd::string[m[K’ {aka ‘[01m[Kstd::__cxx11::basic_string<char>[m[K’} is not derived from ‘[01m[Kconst __gnu_cxx::__normal_iterator<_Iterator, _Container>[m[K’
   80 |       if (received_data >= [01;36m[K12[m[K) { // At least 3 floats (12 bytes)
      |                            [01;36m[K^~[m[K
In file included from [01m[K/usr/include/c++/11/bits/stl_algobase.h:64[m[K,
                 from [01m[K/usr/include/c++/11/memory:63[m[K,
                 from [01m[K/opt/ros/humble/include/rclcpp/rclcpp/rclcpp.hpp:153[m[K,
                 from [01m[K/home/steffens/KITrain/src/ki_train/sensors/gnss/src/gnss_udp_to_topic.cpp:1[m[K:
[01m[K/usr/include/c++/11/bits/stl_pair.h:514:5:[m[K [01;36m[Knote: [m[Kcandidate: ‘[01m[Ktemplate<class _T1, class _T2> constexpr bool std::operator>=(const std::pair<_T1, _T2>&, const std::pair<_T1, _T2>&)[m[K’
  514 |     [01;36m[Koperator[m[K>=(const pair<_T1, _T2>& __x, const pair<_T1, _T2>& __y)
      |     [01;36m[K^~~~~~~~[m[K
[01m[K/usr/include/c++/11/bits/stl_pair.h:514:5:[m[K [01;36m[Knote: [m[K  template argument deduction/substitution failed:
[01m[K/home/steffens/KITrain/src/ki_train/sensors/gnss/src/gnss_udp_to_topic.cpp:80:28:[m[K [01;36m[Knote: [m[K  ‘[01m[Kstd::string[m[K’ {aka ‘[01m[Kstd::__cxx11::basic_string<char>[m[K’} is not derived from ‘[01m[Kconst std::pair<_T1, _T2>[m[K’
   80 |       if (received_data >= [01;36m[K12[m[K) { // At least 3 floats (12 bytes)
      |                            [01;36m[K^~[m[K
In file included from [01m[K/usr/include/c++/11/bits/stl_algobase.h:67[m[K,
                 from [01m[K/usr/include/c++/11/memory:63[m[K,
                 from [01m[K/opt/ros/humble/include/rclcpp/rclcpp/rclcpp.hpp:153[m[K,
                 from [01m[K/home/steffens/KITrain/src/ki_train/sensors/gnss/src/gnss_udp_to_topic.cpp:1[m[K:
[01m[K/usr/include/c++/11/bits/stl_iterator.h:450:5:[m[K [01;36m[Knote: [m[Kcandidate: ‘[01m[Ktemplate<class _Iterator> constexpr bool std::operator>=(const std::reverse_iterator<_Iterator>&, const std::reverse_iterator<_Iterator>&)[m[K’
  450 |     [01;36m[Koperator[m[K>=(const reverse_iterator<_Iterator>& __x,
      |     [01;36m[K^~~~~~~~[m[K
[01m[K/usr/include/c++/11/bits/stl_iterator.h:450:5:[m[K [01;36m[Knote: [m[K  template argument deduction/substitution failed:
[01m[K/home/steffens/KITrain/src/ki_train/sensors/gnss/src/gnss_udp_to_topic.cpp:80:28:[m[K [01;36m[Knote: [m[K  ‘[01m[Kstd::string[m[K’ {aka ‘[01m[Kstd::__cxx11::basic_string<char>[m[K’} is not derived from ‘[01m[Kconst std::reverse_iterator<_Iterator>[m[K’
   80 |       if (received_data >= [01;36m[K12[m[K) { // At least 3 floats (12 bytes)
      |                            [01;36m[K^~[m[K
In file included from [01m[K/usr/include/c++/11/bits/stl_algobase.h:67[m[K,
                 from [01m[K/usr/include/c++/11/memory:63[m[K,
                 from [01m[K/opt/ros/humble/include/rclcpp/rclcpp/rclcpp.hpp:153[m[K,
                 from [01m[K/home/steffens/KITrain/src/ki_train/sensors/gnss/src/gnss_udp_to_topic.cpp:1[m[K:
[01m[K/usr/include/c++/11/bits/stl_iterator.h:489:5:[m[K [01;36m[Knote: [m[Kcandidate: ‘[01m[Ktemplate<class _IteratorL, class _IteratorR> constexpr bool std::operator>=(const std::reverse_iterator<_Iterator>&, const std::reverse_iterator<_IteratorR>&)[m[K’
  489 |     [01;36m[Koperator[m[K>=(const reverse_iterator<_IteratorL>& __x,
      |     [01;36m[K^~~~~~~~[m[K
[01m[K/usr/include/c++/11/bits/stl_iterator.h:489:5:[m[K [01;36m[Knote: [m[K  template argument deduction/substitution failed:
[01m[K/home/steffens/KITrain/src/ki_train/sensors/gnss/src/gnss_udp_to_topic.cpp:80:28:[m[K [01;36m[Knote: [m[K  ‘[01m[Kstd::string[m[K’ {aka ‘[01m[Kstd::__cxx11::basic_string<char>[m[K’} is not derived from ‘[01m[Kconst std::reverse_iterator<_Iterator>[m[K’
   80 |       if (received_data >= [01;36m[K12[m[K) { // At least 3 floats (12 bytes)
      |                            [01;36m[K^~[m[K
In file included from [01m[K/usr/include/c++/11/bits/stl_algobase.h:67[m[K,
                 from [01m[K/usr/include/c++/11/memory:63[m[K,
                 from [01m[K/opt/ros/humble/include/rclcpp/rclcpp/rclcpp.hpp:153[m[K,
                 from [01m[K/home/steffens/KITrain/src/ki_train/sensors/gnss/src/gnss_udp_to_topic.cpp:1[m[K:
[01m[K/usr/include/c++/11/bits/stl_iterator.h:1636:5:[m[K [01;36m[Knote: [m[Kcandidate: ‘[01m[Ktemplate<class _IteratorL, class _IteratorR> constexpr bool std::operator>=(const std::move_iterator<_IteratorL>&, const std::move_iterator<_IteratorR>&)[m[K’
 1636 |     [01;36m[Koperator[m[K>=(const move_iterator<_IteratorL>& __x,
      |     [01;36m[K^~~~~~~~[m[K
[01m[K/usr/include/c++/11/bits/stl_iterator.h:1636:5:[m[K [01;36m[Knote: [m[K  template argument deduction/substitution failed:
[01m[K/home/steffens/KITrain/src/ki_train/sensors/gnss/src/gnss_udp_to_topic.cpp:80:28:[m[K [01;36m[Knote: [m[K  ‘[01m[Kstd::string[m[K’ {aka ‘[01m[Kstd::__cxx11::basic_string<char>[m[K’} is not derived from ‘[01m[Kconst std::move_iterator<_IteratorL>[m[K’
   80 |       if (received_data >= [01;36m[K12[m[K) { // At least 3 floats (12 bytes)
      |                            [01;36m[K^~[m[K
In file included from [01m[K/usr/include/c++/11/bits/stl_algobase.h:67[m[K,
                 from [01m[K/usr/include/c++/11/memory:63[m[K,
                 from [01m[K/opt/ros/humble/include/rclcpp/rclcpp/rclcpp.hpp:153[m[K,
                 from [01m[K/home/steffens/KITrain/src/ki_train/sensors/gnss/src/gnss_udp_to_topic.cpp:1[m[K:
[01m[K/usr/include/c++/11/bits/stl_iterator.h:1685:5:[m[K [01;36m[Knote: [m[Kcandidate: ‘[01m[Ktemplate<class _Iterator> constexpr bool std::operator>=(const std::move_iterator<_IteratorL>&, const std::move_iterator<_IteratorL>&)[m[K’
 1685 |     [01;36m[Koperator[m[K>=(const move_iterator<_Iterator>& __x,
      |     [01;36m[K^~~~~~~~[m[K
[01m[K/usr/include/c++/11/bits/stl_iterator.h:1685:5:[m[K [01;36m[Knote: [m[K  template argument deduction/substitution failed:
[01m[K/home/steffens/KITrain/src/ki_train/sensors/gnss/src/gnss_udp_to_topic.cpp:80:28:[m[K [01;36m[Knote: [m[K  ‘[01m[Kstd::string[m[K’ {aka ‘[01m[Kstd::__cxx11::basic_string<char>[m[K’} is not derived from ‘[01m[Kconst std::move_iterator<_IteratorL>[m[K’
   80 |       if (received_data >= [01;36m[K12[m[K) { // At least 3 floats (12 bytes)
      |                            [01;36m[K^~[m[K
In file included from [01m[K/usr/include/c++/11/tuple:39[m[K,
                 from [01m[K/usr/include/c++/11/bits/unique_ptr.h:37[m[K,
                 from [01m[K/usr/include/c++/11/memory:76[m[K,
                 from [01m[K/opt/ros/humble/include/rclcpp/rclcpp/rclcpp.hpp:153[m[K,
                 from [01m[K/home/steffens/KITrain/src/ki_train/sensors/gnss/src/gnss_udp_to_topic.cpp:1[m[K:
[01m[K/usr/include/c++/11/array:332:5:[m[K [01;36m[Knote: [m[Kcandidate: ‘[01m[Ktemplate<class _Tp, long unsigned int _Nm> bool std::operator>=(const std::array<_Tp, _Nm>&, const std::array<_Tp, _Nm>&)[m[K’
  332 |     [01;36m[Koperator[m[K>=(const array<_Tp, _Nm>& __one, const array<_Tp, _Nm>& __two)
      |     [01;36m[K^~~~~~~~[m[K
[01m[K/usr/include/c++/11/array:332:5:[m[K [01;36m[Knote: [m[K  template argument deduction/substitution failed:
[01m[K/home/steffens/KITrain/src/ki_train/sensors/gnss/src/gnss_udp_to_topic.cpp:80:28:[m[K [01;36m[Knote: [m[K  ‘[01m[Kstd::string[m[K’ {aka ‘[01m[Kstd::__cxx11::basic_string<char>[m[K’} is not derived from ‘[01m[Kconst std::array<_Tp, _Nm>[m[K’
   80 |       if (received_data >= [01;36m[K12[m[K) { // At least 3 floats (12 bytes)
      |                            [01;36m[K^~[m[K
In file included from [01m[K/usr/include/c++/11/bits/unique_ptr.h:37[m[K,
                 from [01m[K/usr/include/c++/11/memory:76[m[K,
                 from [01m[K/opt/ros/humble/include/rclcpp/rclcpp/rclcpp.hpp:153[m[K,
                 from [01m[K/home/steffens/KITrain/src/ki_train/sensors/gnss/src/gnss_udp_to_topic.cpp:1[m[K:
[01m[K/usr/include/c++/11/tuple:1597:5:[m[K [01;36m[Knote: [m[Kcandidate: ‘[01m[Ktemplate<class ... _TElements, class ... _UElements> constexpr bool std::operator>=(const std::tuple<_Tps ...>&, const std::tuple<_UTypes ...>&)[m[K’
 1597 |     [01;36m[Koperator[m[K>=(const tuple<_TElements...>& __t,
      |     [01;36m[K^~~~~~~~[m[K
[01m[K/usr/include/c++/11/tuple:1597:5:[m[K [01;36m[Knote: [m[K  template argument deduction/substitution failed:
[01m[K/home/steffens/KITrain/src/ki_train/sensors/gnss/src/gnss_udp_to_topic.cpp:80:28:[m[K [01;36m[Knote: [m[K  ‘[01m[Kstd::string[m[K’ {aka ‘[01m[Kstd::__cxx11::basic_string<char>[m[K’} is not derived from ‘[01m[Kconst std::tuple<_Tps ...>[m[K’
   80 |       if (received_data >= [01;36m[K12[m[K) { // At least 3 floats (12 bytes)
      |                            [01;36m[K^~[m[K
In file included from [01m[K/usr/include/c++/11/memory:76[m[K,
                 from [01m[K/opt/ros/humble/include/rclcpp/rclcpp/rclcpp.hpp:153[m[K,
                 from [01m[K/home/steffens/KITrain/src/ki_train/sensors/gnss/src/gnss_udp_to_topic.cpp:1[m[K:
[01m[K/usr/include/c++/11/bits/unique_ptr.h:872:5:[m[K [01;36m[Knote: [m[Kcandidate: ‘[01m[Ktemplate<class _Tp, class _Dp, class _Up, class _Ep> bool std::operator>=(const std::unique_ptr<_Tp, _Dp>&, const std::unique_ptr<_Up, _Ep>&)[m[K’
  872 |     [01;36m[Koperator[m[K>=(const unique_ptr<_Tp, _Dp>& __x,
      |     [01;36m[K^~~~~~~~[m[K
[01m[K/usr/include/c++/11/bits/unique_ptr.h:872:5:[m[K [01;36m[Knote: [m[K  template argument deduction/substitution failed:
[01m[K/home/steffens/KITrain/src/ki_train/sensors/gnss/src/gnss_udp_to_topic.cpp:80:28:[m[K [01;36m[Knote: [m[K  ‘[01m[Kstd::string[m[K’ {aka ‘[01m[Kstd::__cxx11::basic_string<char>[m[K’} is not derived from ‘[01m[Kconst std::unique_ptr<_Tp, _Dp>[m[K’
   80 |       if (received_data >= [01;36m[K12[m[K) { // At least 3 floats (12 bytes)
      |                            [01;36m[K^~[m[K
In file included from [01m[K/usr/include/c++/11/memory:76[m[K,
                 from [01m[K/opt/ros/humble/include/rclcpp/rclcpp/rclcpp.hpp:153[m[K,
                 from [01m[K/home/steffens/KITrain/src/ki_train/sensors/gnss/src/gnss_udp_to_topic.cpp:1[m[K:
[01m[K/usr/include/c++/11/bits/unique_ptr.h:879:5:[m[K [01;36m[Knote: [m[Kcandidate: ‘[01m[Ktemplate<class _Tp, class _Dp> bool std::operator>=(const std::unique_ptr<_Tp, _Dp>&, std::nullptr_t)[m[K’
  879 |     [01;36m[Koperator[m[K>=(const unique_ptr<_Tp, _Dp>& __x, nullptr_t)
      |     [01;36m[K^~~~~~~~[m[K
[01m[K/usr/include/c++/11/bits/unique_ptr.h:879:5:[m[K [01;36m[Knote: [m[K  template argument deduction/substitution failed:
[01m[K/home/steffens/KITrain/src/ki_train/sensors/gnss/src/gnss_udp_to_topic.cpp:80:28:[m[K [01;36m[Knote: [m[K  ‘[01m[Kstd::string[m[K’ {aka ‘[01m[Kstd::__cxx11::basic_string<char>[m[K’} is not derived from ‘[01m[Kconst std::unique_ptr<_Tp, _Dp>[m[K’
   80 |       if (received_data >= [01;36m[K12[m[K) { // At least 3 floats (12 bytes)
      |                            [01;36m[K^~[m[K
In file included from [01m[K/usr/include/c++/11/memory:76[m[K,
                 from [01m[K/opt/ros/humble/include/rclcpp/rclcpp/rclcpp.hpp:153[m[K,
                 from [01m[K/home/steffens/KITrain/src/ki_train/sensors/gnss/src/gnss_udp_to_topic.cpp:1[m[K:
[01m[K/usr/include/c++/11/bits/unique_ptr.h:885:5:[m[K [01;36m[Knote: [m[Kcandidate: ‘[01m[Ktemplate<class _Tp, class _Dp> bool std::operator>=(std::nullptr_t, const std::unique_ptr<_Tp, _Dp>&)[m[K’
  885 |     [01;36m[Koperator[m[K>=(nullptr_t, const unique_ptr<_Tp, _Dp>& __x)
      |     [01;36m[K^~~~~~~~[m[K
[01m[K/usr/include/c++/11/bits/unique_ptr.h:885:5:[m[K [01;36m[Knote: [m[K  template argument deduction/substitution failed:
[01m[K/home/steffens/KITrain/src/ki_train/sensors/gnss/src/gnss_udp_to_topic.cpp:80:28:[m[K [01;36m[Knote: [m[K  mismatched types ‘[01m[Kconst std::unique_ptr<_Tp, _Dp>[m[K’ and ‘[01m[Kint[m[K’
   80 |       if (received_data >= [01;36m[K12[m[K) { // At least 3 floats (12 bytes)
      |                            [01;36m[K^~[m[K
In file included from [01m[K/usr/include/c++/11/bits/shared_ptr.h:53[m[K,
                 from [01m[K/usr/include/c++/11/memory:77[m[K,
                 from [01m[K/opt/ros/humble/include/rclcpp/rclcpp/rclcpp.hpp:153[m[K,
                 from [01m[K/home/steffens/KITrain/src/ki_train/sensors/gnss/src/gnss_udp_to_topic.cpp:1[m[K:
[01m[K/usr/include/c++/11/bits/shared_ptr_base.h:1516:5:[m[K [01;36m[Knote: [m[Kcandidate: ‘[01m[Ktemplate<class _Tp1, class _Tp2, __gnu_cxx::_Lock_policy _Lp> bool std::operator>=(const std::__shared_ptr<_Tp1, _Lp>&, const std::__shared_ptr<_Tp2, _Lp>&)[m[K’
 1516 |     [01;36m[Koperator[m[K>=(const __shared_ptr<_Tp1, _Lp>& __a,
      |     [01;36m[K^~~~~~~~[m[K
[01m[K/usr/include/c++/11/bits/shared_ptr_base.h:1516:5:[m[K [01;36m[Knote: [m[K  template argument deduction/substitution failed:
[01m[K/home/steffens/KITrain/src/ki_train/sensors/gnss/src/gnss_udp_to_topic.cpp:80:28:[m[K [01;36m[Knote: [m[K  ‘[01m[Kstd::string[m[K’ {aka ‘[01m[Kstd::__cxx11::basic_string<char>[m[K’} is not derived from ‘[01m[Kconst std::__shared_ptr<_Tp1, _Lp>[m[K’
   80 |       if (received_data >= [01;36m[K12[m[K) { // At least 3 floats (12 bytes)
      |                            [01;36m[K^~[m[K
In file included from [01m[K/usr/include/c++/11/bits/shared_ptr.h:53[m[K,
                 from [01m[K/usr/include/c++/11/memory:77[m[K,
                 from [01m[K/opt/ros/humble/include/rclcpp/rclcpp/rclcpp.hpp:153[m[K,
                 from [01m[K/home/steffens/KITrain/src/ki_train/sensors/gnss/src/gnss_udp_to_topic.cpp:1[m[K:
[01m[K/usr/include/c++/11/bits/shared_ptr_base.h:1522:5:[m[K [01;36m[Knote: [m[Kcandidate: ‘[01m[Ktemplate<class _Tp, __gnu_cxx::_Lock_policy _Lp> bool std::operator>=(const std::__shared_ptr<_Tp, _Lp>&, std::nullptr_t)[m[K’
 1522 |     [01;36m[Koperator[m[K>=(const __shared_ptr<_Tp, _Lp>& __a, nullptr_t) noexcept
      |     [01;36m[K^~~~~~~~[m[K
[01m[K/usr/include/c++/11/bits/shared_ptr_base.h:1522:5:[m[K [01;36m[Knote: [m[K  template argument deduction/substitution failed:
[01m[K/home/steffens/KITrain/src/ki_train/sensors/gnss/src/gnss_udp_to_topic.cpp:80:28:[m[K [01;36m[Knote: [m[K  ‘[01m[Kstd::string[m[K’ {aka ‘[01m[Kstd::__cxx11::basic_string<char>[m[K’} is not derived from ‘[01m[Kconst std::__shared_ptr<_Tp, _Lp>[m[K’
   80 |       if (received_data >= [01;36m[K12[m[K) { // At least 3 floats (12 bytes)
      |                            [01;36m[K^~[m[K
In file included from [01m[K/usr/include/c++/11/bits/shared_ptr.h:53[m[K,
                 from [01m[K/usr/include/c++/11/memory:77[m[K,
                 from [01m[K/opt/ros/humble/include/rclcpp/rclcpp/rclcpp.hpp:153[m[K,
                 from [01m[K/home/steffens/KITrain/src/ki_train/sensors/gnss/src/gnss_udp_to_topic.cpp:1[m[K:
[01m[K/usr/include/c++/11/bits/shared_ptr_base.h:1527:5:[m[K [01;36m[Knote: [m[Kcandidate: ‘[01m[Ktemplate<class _Tp, __gnu_cxx::_Lock_policy _Lp> bool std::operator>=(std::nullptr_t, const std::__shared_ptr<_Tp, _Lp>&)[m[K’
 1527 |     [01;36m[Koperator[m[K>=(nullptr_t, const __shared_ptr<_Tp, _Lp>& __a) noexcept
      |     [01;36m[K^~~~~~~~[m[K
[01m[K/usr/include/c++/11/bits/shared_ptr_base.h:1527:5:[m[K [01;36m[Knote: [m[K  template argument deduction/substitution failed:
[01m[K/home/steffens/KITrain/src/ki_train/sensors/gnss/src/gnss_udp_to_topic.cpp:80:28:[m[K [01;36m[Knote: [m[K  mismatched types ‘[01m[Kconst std::__shared_ptr<_Tp, _Lp>[m[K’ and ‘[01m[Kint[m[K’
   80 |       if (received_data >= [01;36m[K12[m[K) { // At least 3 floats (12 bytes)
      |                            [01;36m[K^~[m[K
In file included from [01m[K/usr/include/c++/11/memory:77[m[K,
                 from [01m[K/opt/ros/humble/include/rclcpp/rclcpp/rclcpp.hpp:153[m[K,
                 from [01m[K/home/steffens/KITrain/src/ki_train/sensors/gnss/src/gnss_udp_to_topic.cpp:1[m[K:
[01m[K/usr/include/c++/11/bits/shared_ptr.h:553:5:[m[K [01;36m[Knote: [m[Kcandidate: ‘[01m[Ktemplate<class _Tp, class _Up> bool std::operator>=(const std::shared_ptr<_Tp>&, const std::shared_ptr<_Tp>&)[m[K’
  553 |     [01;36m[Koperator[m[K>=(const shared_ptr<_Tp>& __a, const shared_ptr<_Up>& __b) noexcept
      |     [01;36m[K^~~~~~~~[m[K
[01m[K/usr/include/c++/11/bits/shared_ptr.h:553:5:[m[K [01;36m[Knote: [m[K  template argument deduction/substitution failed:
[01m[K/home/steffens/KITrain/src/ki_train/sensors/gnss/src/gnss_udp_to_topic.cpp:80:28:[m[K [01;36m[Knote: [m[K  ‘[01m[Kstd::string[m[K’ {aka ‘[01m[Kstd::__cxx11::basic_string<char>[m[K’} is not derived from ‘[01m[Kconst std::shared_ptr<_Tp>[m[K’
   80 |       if (received_data >= [01;36m[K12[m[K) { // At least 3 floats (12 bytes)
      |                            [01;36m[K^~[m[K
In file included from [01m[K/usr/include/c++/11/memory:77[m[K,
                 from [01m[K/opt/ros/humble/include/rclcpp/rclcpp/rclcpp.hpp:153[m[K,
                 from [01m[K/home/steffens/KITrain/src/ki_train/sensors/gnss/src/gnss_udp_to_topic.cpp:1[m[K:
[01m[K/usr/include/c++/11/bits/shared_ptr.h:559:5:[m[K [01;36m[Knote: [m[Kcandidate: ‘[01m[Ktemplate<class _Tp> bool std::operator>=(const std::shared_ptr<_Tp>&, std::nullptr_t)[m[K’
  559 |     [01;36m[Koperator[m[K>=(const shared_ptr<_Tp>& __a, nullptr_t) noexcept
      |     [01;36m[K^~~~~~~~[m[K
[01m[K/usr/include/c++/11/bits/shared_ptr.h:559:5:[m[K [01;36m[Knote: [m[K  template argument deduction/substitution failed:
[01m[K/home/steffens/KITrain/src/ki_train/sensors/gnss/src/gnss_udp_to_topic.cpp:80:28:[m[K [01;36m[Knote: [m[K  ‘[01m[Kstd::string[m[K’ {aka ‘[01m[Kstd::__cxx11::basic_string<char>[m[K’} is not derived from ‘[01m[Kconst std::shared_ptr<_Tp>[m[K’
   80 |       if (received_data >= [01;36m[K12[m[K) { // At least 3 floats (12 bytes)
      |                            [01;36m[K^~[m[K
In file included from [01m[K/usr/include/c++/11/memory:77[m[K,
                 from [01m[K/opt/ros/humble/include/rclcpp/rclcpp/rclcpp.hpp:153[m[K,
                 from [01m[K/home/steffens/KITrain/src/ki_train/sensors/gnss/src/gnss_udp_to_topic.cpp:1[m[K:
[01m[K/usr/include/c++/11/bits/shared_ptr.h:565:5:[m[K [01;36m[Knote: [m[Kcandidate: ‘[01m[Ktemplate<class _Tp> bool std::operator>=(std::nullptr_t, const std::shared_ptr<_Tp>&)[m[K’
  565 |     [01;36m[Koperator[m[K>=(nullptr_t, const shared_ptr<_Tp>& __a) noexcept
      |     [01;36m[K^~~~~~~~[m[K
[01m[K/usr/include/c++/11/bits/shared_ptr.h:565:5:[m[K [01;36m[Knote: [m[K  template argument deduction/substitution failed:
[01m[K/home/steffens/KITrain/src/ki_train/sensors/gnss/src/gnss_udp_to_topic.cpp:80:28:[m[K [01;36m[Knote: [m[K  mismatched types ‘[01m[Kconst std::shared_ptr<_Tp>[m[K’ and ‘[01m[Kint[m[K’
   80 |       if (received_data >= [01;36m[K12[m[K) { // At least 3 floats (12 bytes)
      |                            [01;36m[K^~[m[K
In file included from [01m[K/usr/include/c++/11/bits/basic_string.h:48[m[K,
                 from [01m[K/usr/include/c++/11/string:55[m[K,
                 from [01m[K/usr/include/c++/11/stdexcept:39[m[K,
                 from [01m[K/usr/include/c++/11/system_error:41[m[K,
                 from [01m[K/usr/include/c++/11/mutex:42[m[K,
                 from [01m[K/usr/include/c++/11/future:38[m[K,
                 from [01m[K/opt/ros/humble/include/rclcpp/rclcpp/executors.hpp:18[m[K,
                 from [01m[K/opt/ros/humble/include/rclcpp/rclcpp/rclcpp.hpp:155[m[K,
                 from [01m[K/home/steffens/KITrain/src/ki_train/sensors/gnss/src/gnss_udp_to_topic.cpp:1[m[K:
[01m[K/usr/include/c++/11/string_view:646:5:[m[K [01;36m[Knote: [m[Kcandidate: ‘[01m[Ktemplate<class _CharT, class _Traits> constexpr bool std::operator>=(std::basic_string_view<_CharT, _Traits>, std::basic_string_view<_CharT, _Traits>)[m[K’
  646 |     [01;36m[Koperator[m[K>=(basic_string_view<_CharT, _Traits> __x,
      |     [01;36m[K^~~~~~~~[m[K
[01m[K/usr/include/c++/11/string_view:646:5:[m[K [01;36m[Knote: [m[K  template argument deduction/substitution failed:
[01m[K/home/steffens/KITrain/src/ki_train/sensors/gnss/src/gnss_udp_to_topic.cpp:80:28:[m[K [01;36m[Knote: [m[K  ‘[01m[Kstd::__cxx11::basic_string<char>[m[K’ is not derived from ‘[01m[Kstd::basic_string_view<_CharT, _Traits>[m[K’
   80 |       if (received_data >= [01;36m[K12[m[K) { // At least 3 floats (12 bytes)
      |                            [01;36m[K^~[m[K
In file included from [01m[K/usr/include/c++/11/bits/basic_string.h:48[m[K,
                 from [01m[K/usr/include/c++/11/string:55[m[K,
                 from [01m[K/usr/include/c++/11/stdexcept:39[m[K,
                 from [01m[K/usr/include/c++/11/system_error:41[m[K,
                 from [01m[K/usr/include/c++/11/mutex:42[m[K,
                 from [01m[K/usr/include/c++/11/future:38[m[K,
                 from [01m[K/opt/ros/humble/include/rclcpp/rclcpp/executors.hpp:18[m[K,
                 from [01m[K/opt/ros/humble/include/rclcpp/rclcpp/rclcpp.hpp:155[m[K,
                 from [01m[K/home/steffens/KITrain/src/ki_train/sensors/gnss/src/gnss_udp_to_topic.cpp:1[m[K:
[01m[K/usr/include/c++/11/string_view:652:5:[m[K [01;36m[Knote: [m[Kcandidate: ‘[01m[Ktemplate<class _CharT, class _Traits> constexpr bool std::operator>=(std::basic_string_view<_CharT, _Traits>, std::__type_identity_t<std::basic_string_view<_CharT, _Traits> >)[m[K’
  652 |     [01;36m[Koperator[m[K>=(basic_string_view<_CharT, _Traits> __x,
      |     [01;36m[K^~~~~~~~[m[K
[01m[K/usr/include/c++/11/string_view:652:5:[m[K [01;36m[Knote: [m[K  template argument deduction/substitution failed:
[01m[K/home/steffens/KITrain/src/ki_train/sensors/gnss/src/gnss_udp_to_topic.cpp:80:28:[m[K [01;36m[Knote: [m[K  ‘[01m[Kstd::__cxx11::basic_string<char>[m[K’ is not derived from ‘[01m[Kstd::basic_string_view<_CharT, _Traits>[m[K’
   80 |       if (received_data >= [01;36m[K12[m[K) { // At least 3 floats (12 bytes)
      |                            [01;36m[K^~[m[K
In file included from [01m[K/usr/include/c++/11/bits/basic_string.h:48[m[K,
                 from [01m[K/usr/include/c++/11/string:55[m[K,
                 from [01m[K/usr/include/c++/11/stdexcept:39[m[K,
                 from [01m[K/usr/include/c++/11/system_error:41[m[K,
                 from [01m[K/usr/include/c++/11/mutex:42[m[K,
                 from [01m[K/usr/include/c++/11/future:38[m[K,
                 from [01m[K/opt/ros/humble/include/rclcpp/rclcpp/executors.hpp:18[m[K,
                 from [01m[K/opt/ros/humble/include/rclcpp/rclcpp/rclcpp.hpp:155[m[K,
                 from [01m[K/home/steffens/KITrain/src/ki_train/sensors/gnss/src/gnss_udp_to_topic.cpp:1[m[K:
[01m[K/usr/include/c++/11/string_view:659:5:[m[K [01;36m[Knote: [m[Kcandidate: ‘[01m[Ktemplate<class _CharT, class _Traits> constexpr bool std::operator>=(std::__type_identity_t<std::basic_string_view<_CharT, _Traits> >, std::basic_string_view<_CharT, _Traits>)[m[K’
  659 |     [01;36m[Koperator[m[K>=(__type_identity_t<basic_string_view<_CharT, _Traits>> __x,
      |     [01;36m[K^~~~~~~~[m[K
[01m[K/usr/include/c++/11/string_view:659:5:[m[K [01;36m[Knote: [m[K  template argument deduction/substitution failed:
[01m[K/home/steffens/KITrain/src/ki_train/sensors/gnss/src/gnss_udp_to_topic.cpp:80:28:[m[K [01;36m[Knote: [m[K  mismatched types ‘[01m[Kstd::basic_string_view<_CharT, _Traits>[m[K’ and ‘[01m[Kint[m[K’
   80 |       if (received_data >= [01;36m[K12[m[K) { // At least 3 floats (12 bytes)
      |                            [01;36m[K^~[m[K
In file included from [01m[K/usr/include/c++/11/string:55[m[K,
                 from [01m[K/usr/include/c++/11/stdexcept:39[m[K,
                 from [01m[K/usr/include/c++/11/system_error:41[m[K,
                 from [01m[K/usr/include/c++/11/mutex:42[m[K,
                 from [01m[K/usr/include/c++/11/future:38[m[K,
                 from [01m[K/opt/ros/humble/include/rclcpp/rclcpp/executors.hpp:18[m[K,
                 from [01m[K/opt/ros/humble/include/rclcpp/rclcpp/rclcpp.hpp:155[m[K,
                 from [01m[K/home/steffens/KITrain/src/ki_train/sensors/gnss/src/gnss_udp_to_topic.cpp:1[m[K:
[01m[K/usr/include/c++/11/bits/basic_string.h:6454:5:[m[K [01;36m[Knote: [m[Kcandidate: ‘[01m[Ktemplate<class _CharT, class _Traits, class _Alloc> bool std::operator>=(const std::__cxx11::basic_string<_CharT, _Traits, _Allocator>&, const std::__cxx11::basic_string<_CharT, _Traits, _Allocator>&)[m[K’
 6454 |     [01;36m[Koperator[m[K>=(const basic_string<_CharT, _Traits, _Alloc>& __lhs,
      |     [01;36m[K^~~~~~~~[m[K
[01m[K/usr/include/c++/11/bits/basic_string.h:6454:5:[m[K [01;36m[Knote: [m[K  template argument deduction/substitution failed:
[01m[K/home/steffens/KITrain/src/ki_train/sensors/gnss/src/gnss_udp_to_topic.cpp:80:28:[m[K [01;36m[Knote: [m[K  mismatched types ‘[01m[Kconst std::__cxx11::basic_string<_CharT, _Traits, _Allocator>[m[K’ and ‘[01m[Kint[m[K’
   80 |       if (received_data >= [01;36m[K12[m[K) { // At least 3 floats (12 bytes)
      |                            [01;36m[K^~[m[K
In file included from [01m[K/usr/include/c++/11/string:55[m[K,
                 from [01m[K/usr/include/c++/11/stdexcept:39[m[K,
                 from [01m[K/usr/include/c++/11/system_error:41[m[K,
                 from [01m[K/usr/include/c++/11/mutex:42[m[K,
                 from [01m[K/usr/include/c++/11/future:38[m[K,
                 from [01m[K/opt/ros/humble/include/rclcpp/rclcpp/executors.hpp:18[m[K,
                 from [01m[K/opt/ros/humble/include/rclcpp/rclcpp/rclcpp.hpp:155[m[K,
                 from [01m[K/home/steffens/KITrain/src/ki_train/sensors/gnss/src/gnss_udp_to_topic.cpp:1[m[K:
[01m[K/usr/include/c++/11/bits/basic_string.h:6467:5:[m[K [01;36m[Knote: [m[Kcandidate: ‘[01m[Ktemplate<class _CharT, class _Traits, class _Alloc> bool std::operator>=(const std::__cxx11::basic_string<_CharT, _Traits, _Allocator>&, const _CharT*)[m[K’
 6467 |     [01;36m[Koperator[m[K>=(const basic_string<_CharT, _Traits, _Alloc>& __lhs,
      |     [01;36m[K^~~~~~~~[m[K
[01m[K/usr/include/c++/11/bits/basic_string.h:6467:5:[m[K [01;36m[Knote: [m[K  template argument deduction/substitution failed:
[01m[K/home/steffens/KITrain/src/ki_train/sensors/gnss/src/gnss_udp_to_topic.cpp:80:28:[m[K [01;36m[Knote: [m[K  mismatched types ‘[01m[Kconst _CharT*[m[K’ and ‘[01m[Kint[m[K’
   80 |       if (received_data >= [01;36m[K12[m[K) { // At least 3 floats (12 bytes)
      |                            [01;36m[K^~[m[K
In file included from [01m[K/usr/include/c++/11/string:55[m[K,
                 from [01m[K/usr/include/c++/11/stdexcept:39[m[K,
                 from [01m[K/usr/include/c++/11/system_error:41[m[K,
                 from [01m[K/usr/include/c++/11/mutex:42[m[K,
                 from [01m[K/usr/include/c++/11/future:38[m[K,
                 from [01m[K/opt/ros/humble/include/rclcpp/rclcpp/executors.hpp:18[m[K,
                 from [01m[K/opt/ros/humble/include/rclcpp/rclcpp/rclcpp.hpp:155[m[K,
                 from [01m[K/home/steffens/KITrain/src/ki_train/sensors/gnss/src/gnss_udp_to_topic.cpp:1[m[K:
[01m[K/usr/include/c++/11/bits/basic_string.h:6479:5:[m[K [01;36m[Knote: [m[Kcandidate: ‘[01m[Ktemplate<class _CharT, class _Traits, class _Alloc> bool std::operator>=(const _CharT*, const std::__cxx11::basic_string<_CharT, _Traits, _Allocator>&)[m[K’
 6479 |     [01;36m[Koperator[m[K>=(const _CharT* __lhs,
      |     [01;36m[K^~~~~~~~[m[K
[01m[K/usr/include/c++/11/bits/basic_string.h:6479:5:[m[K [01;36m[Knote: [m[K  template argument deduction/substitution failed:
[01m[K/home/steffens/KITrain/src/ki_train/sensors/gnss/src/gnss_udp_to_topic.cpp:80:28:[m[K [01;36m[Knote: [m[K  mismatched types ‘[01m[Kconst _CharT*[m[K’ and ‘[01m[Kstd::__cxx11::basic_string<char>[m[K’
   80 |       if (received_data >= [01;36m[K12[m[K) { // At least 3 floats (12 bytes)
      |                            [01;36m[K^~[m[K
In file included from [01m[K/usr/include/c++/11/set:61[m[K,
                 from [01m[K/opt/ros/humble/include/rclcpp/rclcpp/executors/multi_threaded_executor.hpp:21[m[K,
                 from [01m[K/opt/ros/humble/include/rclcpp/rclcpp/executors.hpp:21[m[K,
                 from [01m[K/opt/ros/humble/include/rclcpp/rclcpp/rclcpp.hpp:155[m[K,
                 from [01m[K/home/steffens/KITrain/src/ki_train/sensors/gnss/src/gnss_udp_to_topic.cpp:1[m[K:
[01m[K/usr/include/c++/11/bits/stl_set.h:1051:5:[m[K [01;36m[Knote: [m[Kcandidate: ‘[01m[Ktemplate<class _Key, class _Compare, class _Alloc> bool std::operator>=(const std::set<_Key, _Compare, _Allocator>&, const std::set<_Key, _Compare, _Allocator>&)[m[K’
 1051 |     [01;36m[Koperator[m[K>=(const set<_Key, _Compare, _Alloc>& __x,
      |     [01;36m[K^~~~~~~~[m[K
[01m[K/usr/include/c++/11/bits/stl_set.h:1051:5:[m[K [01;36m[Knote: [m[K  template argument deduction/substitution failed:
[01m[K/home/steffens/KITrain/src/ki_train/sensors/gnss/src/gnss_udp_to_topic.cpp:80:28:[m[K [01;36m[Knote: [m[K  ‘[01m[Kstd::string[m[K’ {aka ‘[01m[Kstd::__cxx11::basic_string<char>[m[K’} is not derived from ‘[01m[Kconst std::set<_Key, _Compare, _Allocator>[m[K’
   80 |       if (received_data >= [01;36m[K12[m[K) { // At least 3 floats (12 bytes)
      |                            [01;36m[K^~[m[K
In file included from [01m[K/usr/include/c++/11/set:62[m[K,
                 from [01m[K/opt/ros/humble/include/rclcpp/rclcpp/executors/multi_threaded_executor.hpp:21[m[K,
                 from [01m[K/opt/ros/humble/include/rclcpp/rclcpp/executors.hpp:21[m[K,
                 from [01m[K/opt/ros/humble/include/rclcpp/rclcpp/rclcpp.hpp:155[m[K,
                 from [01m[K/home/steffens/KITrain/src/ki_train/sensors/gnss/src/gnss_udp_to_topic.cpp:1[m[K:
[01m[K/usr/include/c++/11/bits/stl_multiset.h:1037:5:[m[K [01;36m[Knote: [m[Kcandidate: ‘[01m[Ktemplate<class _Key, class _Compare, class _Alloc> bool std::operator>=(const std::multiset<_Key, _Compare, _Allocator>&, const std::multiset<_Key, _Compare, _Allocator>&)[m[K’
 1037 |     [01;36m[Koperator[m[K>=(const multiset<_Key, _Compare, _Alloc>& __x,
      |     [01;36m[K^~~~~~~~[m[K
[01m[K/usr/include/c++/11/bits/stl_multiset.h:1037:5:[m[K [01;36m[Knote: [m[K  template argument deduction/substitution failed:
[01m[K/home/steffens/KITrain/src/ki_train/sensors/gnss/src/gnss_udp_to_topic.cpp:80:28:[m[K [01;36m[Knote: [m[K  ‘[01m[Kstd::string[m[K’ {aka ‘[01m[Kstd::__cxx11::basic_string<char>[m[K’} is not derived from ‘[01m[Kconst std::multiset<_Key, _Compare, _Allocator>[m[K’
   80 |       if (received_data >= [01;36m[K12[m[K) { // At least 3 floats (12 bytes)
      |                            [01;36m[K^~[m[K
In file included from [01m[K/usr/include/c++/11/vector:67[m[K,
                 from [01m[K/usr/include/c++/11/functional:62[m[K,
                 from [01m[K/usr/include/c++/11/pstl/glue_algorithm_defs.h:13[m[K,
                 from [01m[K/usr/include/c++/11/algorithm:74[m[K,
                 from [01m[K/opt/ros/humble/include/rclcpp/rclcpp/executor.hpp:18[m[K,
                 from [01m[K/opt/ros/humble/include/rclcpp/rclcpp/executors/multi_threaded_executor.hpp:25[m[K,
                 from [01m[K/opt/ros/humble/include/rclcpp/rclcpp/executors.hpp:21[m[K,
                 from [01m[K/opt/ros/humble/include/rclcpp/rclcpp/rclcpp.hpp:155[m[K,
                 from [01m[K/home/steffens/KITrain/src/ki_train/sensors/gnss/src/gnss_udp_to_topic.cpp:1[m[K:
[01m[K/usr/include/c++/11/bits/stl_vector.h:1955:5:[m[K [01;36m[Knote: [m[Kcandidate: ‘[01m[Ktemplate<class _Tp, class _Alloc> bool std::operator>=(const std::vector<_Tp, _Alloc>&, const std::vector<_Tp, _Alloc>&)[m[K’
 1955 |     [01;36m[Koperator[m[K>=(const vector<_Tp, _Alloc>& __x, const vector<_Tp, _Alloc>& __y)
      |     [01;36m[K^~~~~~~~[m[K
[01m[K/usr/include/c++/11/bits/stl_vector.h:1955:5:[m[K [01;36m[Knote: [m[K  template argument deduction/substitution failed:
[01m[K/home/steffens/KITrain/src/ki_train/sensors/gnss/src/gnss_udp_to_topic.cpp:80:28:[m[K [01;36m[Knote: [m[K  ‘[01m[Kstd::string[m[K’ {aka ‘[01m[Kstd::__cxx11::basic_string<char>[m[K’} is not derived from ‘[01m[Kconst std::vector<_Tp, _Alloc>[m[K’
   80 |       if (received_data >= [01;36m[K12[m[K) { // At least 3 floats (12 bytes)
      |                            [01;36m[K^~[m[K
In file included from [01m[K/usr/include/c++/11/list:63[m[K,
                 from [01m[K/opt/ros/humble/include/rclcpp/rclcpp/executor.hpp:23[m[K,
                 from [01m[K/opt/ros/humble/include/rclcpp/rclcpp/executors/multi_threaded_executor.hpp:25[m[K,
                 from [01m[K/opt/ros/humble/include/rclcpp/rclcpp/executors.hpp:21[m[K,
                 from [01m[K/opt/ros/humble/include/rclcpp/rclcpp/rclcpp.hpp:155[m[K,
                 from [01m[K/home/steffens/KITrain/src/ki_train/sensors/gnss/src/gnss_udp_to_topic.cpp:1[m[K:
[01m[K/usr/include/c++/11/bits/stl_list.h:2110:5:[m[K [01;36m[Knote: [m[Kcandidate: ‘[01m[Ktemplate<class _Tp, class _Alloc> bool std::operator>=(const std::__cxx11::list<_Tp, _Alloc>&, const std::__cxx11::list<_Tp, _Alloc>&)[m[K’
 2110 |     [01;36m[Koperator[m[K>=(const list<_Tp, _Alloc>& __x, const list<_Tp, _Alloc>& __y)
      |     [01;36m[K^~~~~~~~[m[K
[01m[K/usr/include/c++/11/bits/stl_list.h:2110:5:[m[K [01;36m[Knote: [m[K  template argument deduction/substitution failed:
[01m[K/home/steffens/KITrain/src/ki_train/sensors/gnss/src/gnss_udp_to_topic.cpp:80:28:[m[K [01;36m[Knote: [m[K  ‘[01m[Kstd::string[m[K’ {aka ‘[01m[Kstd::__cxx11::basic_string<char>[m[K’} is not derived from ‘[01m[Kconst std::__cxx11::list<_Tp, _Alloc>[m[K’
   80 |       if (received_data >= [01;36m[K12[m[K) { // At least 3 floats (12 bytes)
      |                            [01;36m[K^~[m[K
In file included from [01m[K/usr/include/c++/11/map:61[m[K,
                 from [01m[K/opt/ros/humble/include/rclcpp/rclcpp/executor.hpp:24[m[K,
                 from [01m[K/opt/ros/humble/include/rclcpp/rclcpp/executors/multi_threaded_executor.hpp:25[m[K,
                 from [01m[K/opt/ros/humble/include/rclcpp/rclcpp/executors.hpp:21[m[K,
                 from [01m[K/opt/ros/humble/include/rclcpp/rclcpp/rclcpp.hpp:155[m[K,
                 from [01m[K/home/steffens/KITrain/src/ki_train/sensors/gnss/src/gnss_udp_to_topic.cpp:1[m[K:
[01m[K/usr/include/c++/11/bits/stl_map.h:1529:5:[m[K [01;36m[Knote: [m[Kcandidate: ‘[01m[Ktemplate<class _Key, class _Tp, class _Compare, class _Alloc> bool std::operator>=(const std::map<_Key, _Tp, _Compare, _Allocator>&, const std::map<_Key, _Tp, _Compare, _Allocator>&)[m[K’
 1529 |     [01;36m[Koperator[m[K>=(const map<_Key, _Tp, _Compare, _Alloc>& __x,
      |     [01;36m[K^~~~~~~~[m[K
[01m[K/usr/include/c++/11/bits/stl_map.h:1529:5:[m[K [01;36m[Knote: [m[K  template argument deduction/substitution failed:
[01m[K/home/steffens/KITrain/src/ki_train/sensors/gnss/src/gnss_udp_to_topic.cpp:80:28:[m[K [01;36m[Knote: [m[K  ‘[01m[Kstd::string[m[K’ {aka ‘[01m[Kstd::__cxx11::basic_string<char>[m[K’} is not derived from ‘[01m[Kconst std::map<_Key, _Tp, _Compare, _Allocator>[m[K’
   80 |       if (received_data >= [01;36m[K12[m[K) { // At least 3 floats (12 bytes)
      |                            [01;36m[K^~[m[K
In file included from [01m[K/usr/include/c++/11/map:62[m[K,
                 from [01m[K/opt/ros/humble/include/rclcpp/rclcpp/executor.hpp:24[m[K,
                 from [01m[K/opt/ros/humble/include/rclcpp/rclcpp/executors/multi_threaded_executor.hpp:25[m[K,
                 from [01m[K/opt/ros/humble/include/rclcpp/rclcpp/executors.hpp:21[m[K,
                 from [01m[K/opt/ros/humble/include/rclcpp/rclcpp/rclcpp.hpp:155[m[K,
                 from [01m[K/home/steffens/KITrain/src/ki_train/sensors/gnss/src/gnss_udp_to_topic.cpp:1[m[K:
[01m[K/usr/include/c++/11/bits/stl_multimap.h:1194:5:[m[K [01;36m[Knote: [m[Kcandidate: ‘[01m[Ktemplate<class _Key, class _Tp, class _Compare, class _Alloc> bool std::operator>=(const std::multimap<_Key, _Tp, _Compare, _Allocator>&, const std::multimap<_Key, _Tp, _Compare, _Allocator>&)[m[K’
 1194 |     [01;36m[Koperator[m[K>=(const multimap<_Key, _Tp, _Compare, _Alloc>& __x,
      |     [01;36m[K^~~~~~~~[m[K
[01m[K/usr/include/c++/11/bits/stl_multimap.h:1194:5:[m[K [01;36m[Knote: [m[K  template argument deduction/substitution failed:
[01m[K/home/steffens/KITrain/src/ki_train/sensors/gnss/src/gnss_udp_to_topic.cpp:80:28:[m[K [01;36m[Knote: [m[K  ‘[01m[Kstd::string[m[K’ {aka ‘[01m[Kstd::__cxx11::basic_string<char>[m[K’} is not derived from ‘[01m[Kconst std::multimap<_Key, _Tp, _Compare, _Allocator>[m[K’
   80 |       if (received_data >= [01;36m[K12[m[K) { // At least 3 floats (12 bytes)
      |                            [01;36m[K^~[m[K
In file included from [01m[K/opt/ros/humble/include/rclcpp/rclcpp/client.hpp:23[m[K,
                 from [01m[K/opt/ros/humble/include/rclcpp/rclcpp/callback_group.hpp:24[m[K,
                 from [01m[K/opt/ros/humble/include/rclcpp/rclcpp/any_executable.hpp:20[m[K,
                 from [01m[K/opt/ros/humble/include/rclcpp/rclcpp/memory_strategy.hpp:25[m[K,
                 from [01m[K/opt/ros/humble/include/rclcpp/rclcpp/memory_strategies.hpp:18[m[K,
                 from [01m[K/opt/ros/humble/include/rclcpp/rclcpp/executor_options.hpp:20[m[K,
                 from [01m[K/opt/ros/humble/include/rclcpp/rclcpp/executor.hpp:37[m[K,
                 from [01m[K/opt/ros/humble/include/rclcpp/rclcpp/executors/multi_threaded_executor.hpp:25[m[K,
                 from [01m[K/opt/ros/humble/include/rclcpp/rclcpp/executors.hpp:21[m[K,
                 from [01m[K/opt/ros/humble/include/rclcpp/rclcpp/rclcpp.hpp:155[m[K,
                 from [01m[K/home/steffens/KITrain/src/ki_train/sensors/gnss/src/gnss_udp_to_topic.cpp:1[m[K:
[01m[K/usr/include/c++/11/optional:1087:5:[m[K [01;36m[Knote: [m[Kcandidate: ‘[01m[Ktemplate<class _Tp, class _Up> constexpr std::__optional_ge_t<_Tp, _Up> std::operator>=(const std::optional<_Tp>&, const std::optional<_Up>&)[m[K’
 1087 |     [01;36m[Koperator[m[K>=(const optional<_Tp>& __lhs, const optional<_Up>& __rhs)
      |     [01;36m[K^~~~~~~~[m[K
[01m[K/usr/include/c++/11/optional:1087:5:[m[K [01;36m[Knote: [m[K  template argument deduction/substitution failed:
[01m[K/home/steffens/KITrain/src/ki_train/sensors/gnss/src/gnss_udp_to_topic.cpp:80:28:[m[K [01;36m[Knote: [m[K  ‘[01m[Kstd::string[m[K’ {aka ‘[01m[Kstd::__cxx11::basic_string<char>[m[K’} is not derived from ‘[01m[Kconst std::optional<_Tp>[m[K’
   80 |       if (received_data >= [01;36m[K12[m[K) { // At least 3 floats (12 bytes)
      |                            [01;36m[K^~[m[K
In file included from [01m[K/opt/ros/humble/include/rclcpp/rclcpp/client.hpp:23[m[K,
                 from [01m[K/opt/ros/humble/include/rclcpp/rclcpp/callback_group.hpp:24[m[K,
                 from [01m[K/opt/ros/humble/include/rclcpp/rclcpp/any_executable.hpp:20[m[K,
                 from [01m[K/opt/ros/humble/include/rclcpp/rclcpp/memory_strategy.hpp:25[m[K,
                 from [01m[K/opt/ros/humble/include/rclcpp/rclcpp/memory_strategies.hpp:18[m[K,
                 from [01m[K/opt/ros/humble/include/rclcpp/rclcpp/executor_options.hpp:20[m[K,
                 from [01m[K/opt/ros/humble/include/rclcpp/rclcpp/executor.hpp:37[m[K,
                 from [01m[K/opt/ros/humble/include/rclcpp/rclcpp/executors/multi_threaded_executor.hpp:25[m[K,
                 from [01m[K/opt/ros/humble/include/rclcpp/rclcpp/executors.hpp:21[m[K,
                 from [01m[K/opt/ros/humble/include/rclcpp/rclcpp/rclcpp.hpp:155[m[K,
                 from [01m[K/home/steffens/KITrain/src/ki_train/sensors/gnss/src/gnss_udp_to_topic.cpp:1[m[K:
[01m[K/usr/include/c++/11/optional:1161:5:[m[K [01;36m[Knote: [m[Kcandidate: ‘[01m[Ktemplate<class _Tp> constexpr bool std::operator>=(const std::optional<_Tp>&, std::nullopt_t)[m[K’
 1161 |     [01;36m[Koperator[m[K>=(const optional<_Tp>& /* __lhs */, nullopt_t) noexcept
      |     [01;36m[K^~~~~~~~[m[K
[01m[K/usr/include/c++/11/optional:1161:5:[m[K [01;36m[Knote: [m[K  template argument deduction/substitution failed:
[01m[K/home/steffens/KITrain/src/ki_train/sensors/gnss/src/gnss_udp_to_topic.cpp:80:28:[m[K [01;36m[Knote: [m[K  ‘[01m[Kstd::string[m[K’ {aka ‘[01m[Kstd::__cxx11::basic_string<char>[m[K’} is not derived from ‘[01m[Kconst std::optional<_Tp>[m[K’
   80 |       if (received_data >= [01;36m[K12[m[K) { // At least 3 floats (12 bytes)
      |                            [01;36m[K^~[m[K
In file included from [01m[K/opt/ros/humble/include/rclcpp/rclcpp/client.hpp:23[m[K,
                 from [01m[K/opt/ros/humble/include/rclcpp/rclcpp/callback_group.hpp:24[m[K,
                 from [01m[K/opt/ros/humble/include/rclcpp/rclcpp/any_executable.hpp:20[m[K,
                 from [01m[K/opt/ros/humble/include/rclcpp/rclcpp/memory_strategy.hpp:25[m[K,
                 from [01m[K/opt/ros/humble/include/rclcpp/rclcpp/memory_strategies.hpp:18[m[K,
                 from [01m[K/opt/ros/humble/include/rclcpp/rclcpp/executor_options.hpp:20[m[K,
                 from [01m[K/opt/ros/humble/include/rclcpp/rclcpp/executor.hpp:37[m[K,
                 from [01m[K/opt/ros/humble/include/rclcpp/rclcpp/executors/multi_threaded_executor.hpp:25[m[K,
                 from [01m[K/opt/ros/humble/include/rclcpp/rclcpp/executors.hpp:21[m[K,
                 from [01m[K/opt/ros/humble/include/rclcpp/rclcpp/rclcpp.hpp:155[m[K,
                 from [01m[K/home/steffens/KITrain/src/ki_train/sensors/gnss/src/gnss_udp_to_topic.cpp:1[m[K:
[01m[K/usr/include/c++/11/optional:1166:5:[m[K [01;36m[Knote: [m[Kcandidate: ‘[01m[Ktemplate<class _Tp> constexpr bool std::operator>=(std::nullopt_t, const std::optional<_Tp>&)[m[K’
 1166 |     [01;36m[Koperator[m[K>=(nullopt_t, const optional<_Tp>& __rhs) noexcept
      |     [01;36m[K^~~~~~~~[m[K
[01m[K/usr/include/c++/11/optional:1166:5:[m[K [01;36m[Knote: [m[K  template argument deduction/substitution failed:
[01m[K/home/steffens/KITrain/src/ki_train/sensors/gnss/src/gnss_udp_to_topic.cpp:80:28:[m[K [01;36m[Knote: [m[K  mismatched types ‘[01m[Kconst std::optional<_Tp>[m[K’ and ‘[01m[Kint[m[K’
   80 |       if (received_data >= [01;36m[K12[m[K) { // At least 3 floats (12 bytes)
      |                            [01;36m[K^~[m[K
In file included from [01m[K/opt/ros/humble/include/rclcpp/rclcpp/client.hpp:23[m[K,
                 from [01m[K/opt/ros/humble/include/rclcpp/rclcpp/callback_group.hpp:24[m[K,
                 from [01m[K/opt/ros/humble/include/rclcpp/rclcpp/any_executable.hpp:20[m[K,
                 from [01m[K/opt/ros/humble/include/rclcpp/rclcpp/memory_strategy.hpp:25[m[K,
                 from [01m[K/opt/ros/humble/include/rclcpp/rclcpp/memory_strategies.hpp:18[m[K,
                 from [01m[K/opt/ros/humble/include/rclcpp/rclcpp/executor_options.hpp:20[m[K,
                 from [01m[K/opt/ros/humble/include/rclcpp/rclcpp/executor.hpp:37[m[K,
                 from [01m[K/opt/ros/humble/include/rclcpp/rclcpp/executors/multi_threaded_executor.hpp:25[m[K,
                 from [01m[K/opt/ros/humble/include/rclcpp/rclcpp/executors.hpp:21[m[K,
                 from [01m[K/opt/ros/humble/include/rclcpp/rclcpp/rclcpp.hpp:155[m[K,
                 from [01m[K/home/steffens/KITrain/src/ki_train/sensors/gnss/src/gnss_udp_to_topic.cpp:1[m[K:
[01m[K/usr/include/c++/11/optional:1233:5:[m[K [01;36m[Knote: [m[Kcandidate: ‘[01m[Ktemplate<class _Tp, class _Up> constexpr std::__optional_ge_t<_Tp, _Up> std::operator>=(const std::optional<_Tp>&, const _Up&)[m[K’
 1233 |     [01;36m[Koperator[m[K>=(const optional<_Tp>& __lhs, const _Up& __rhs)
      |     [01;36m[K^~~~~~~~[m[K
[01m[K/usr/include/c++/11/optional:1233:5:[m[K [01;36m[Knote: [m[K  template argument deduction/substitution failed:
[01m[K/home/steffens/KITrain/src/ki_train/sensors/gnss/src/gnss_udp_to_topic.cpp:80:28:[m[K [01;36m[Knote: [m[K  ‘[01m[Kstd::string[m[K’ {aka ‘[01m[Kstd::__cxx11::basic_string<char>[m[K’} is not derived from ‘[01m[Kconst std::optional<_Tp>[m[K’
   80 |       if (received_data >= [01;36m[K12[m[K) { // At least 3 floats (12 bytes)
      |                            [01;36m[K^~[m[K
In file included from [01m[K/opt/ros/humble/include/rclcpp/rclcpp/client.hpp:23[m[K,
                 from [01m[K/opt/ros/humble/include/rclcpp/rclcpp/callback_group.hpp:24[m[K,
                 from [01m[K/opt/ros/humble/include/rclcpp/rclcpp/any_executable.hpp:20[m[K,
                 from [01m[K/opt/ros/humble/include/rclcpp/rclcpp/memory_strategy.hpp:25[m[K,
                 from [01m[K/opt/ros/humble/include/rclcpp/rclcpp/memory_strategies.hpp:18[m[K,
                 from [01m[K/opt/ros/humble/include/rclcpp/rclcpp/executor_options.hpp:20[m[K,
                 from [01m[K/opt/ros/humble/include/rclcpp/rclcpp/executor.hpp:37[m[K,
                 from [01m[K/opt/ros/humble/include/rclcpp/rclcpp/executors/multi_threaded_executor.hpp:25[m[K,
                 from [01m[K/opt/ros/humble/include/rclcpp/rclcpp/executors.hpp:21[m[K,
                 from [01m[K/opt/ros/humble/include/rclcpp/rclcpp/rclcpp.hpp:155[m[K,
                 from [01m[K/home/steffens/KITrain/src/ki_train/sensors/gnss/src/gnss_udp_to_topic.cpp:1[m[K:
[01m[K/usr/include/c++/11/optional:1239:5:[m[K [01;36m[Knote: [m[Kcandidate: ‘[01m[Ktemplate<class _Tp, class _Up> constexpr std::__optional_ge_t<_Up, _Tp> std::operator>=(const _Up&, const std::optional<_Tp>&)[m[K’
 1239 |     [01;36m[Koperator[m[K>=(const _Up& __lhs, const optional<_Tp>& __rhs)
      |     [01;36m[K^~~~~~~~[m[K
[01m[K/usr/include/c++/11/optional:1239:5:[m[K [01;36m[Knote: [m[K  template argument deduction/substitution failed:
[01m[K/home/steffens/KITrain/src/ki_train/sensors/gnss/src/gnss_udp_to_topic.cpp:80:28:[m[K [01;36m[Knote: [m[K  mismatched types ‘[01m[Kconst std::optional<_Tp>[m[K’ and ‘[01m[Kint[m[K’
   80 |       if (received_data >= [01;36m[K12[m[K) { // At least 3 floats (12 bytes)
      |                            [01;36m[K^~[m[K
In file included from [01m[K/opt/ros/humble/include/rclcpp/rclcpp/client.hpp:28[m[K,
                 from [01m[K/opt/ros/humble/include/rclcpp/rclcpp/callback_group.hpp:24[m[K,
                 from [01m[K/opt/ros/humble/include/rclcpp/rclcpp/any_executable.hpp:20[m[K,
                 from [01m[K/opt/ros/humble/include/rclcpp/rclcpp/memory_strategy.hpp:25[m[K,
                 from [01m[K/opt/ros/humble/include/rclcpp/rclcpp/memory_strategies.hpp:18[m[K,
                 from [01m[K/opt/ros/humble/include/rclcpp/rclcpp/executor_options.hpp:20[m[K,
                 from [01m[K/opt/ros/humble/include/rclcpp/rclcpp/executor.hpp:37[m[K,
                 from [01m[K/opt/ros/humble/include/rclcpp/rclcpp/executors/multi_threaded_executor.hpp:25[m[K,
                 from [01m[K/opt/ros/humble/include/rclcpp/rclcpp/executors.hpp:21[m[K,
                 from [01m[K/opt/ros/humble/include/rclcpp/rclcpp/rclcpp.hpp:155[m[K,
                 from [01m[K/home/steffens/KITrain/src/ki_train/sensors/gnss/src/gnss_udp_to_topic.cpp:1[m[K:
[01m[K/usr/include/c++/11/variant:1234:3:[m[K [01;36m[Knote: [m[Kcandidate: ‘[01m[Ktemplate<class ... _Types> constexpr bool std::operator>=(const std::variant<_Types ...>&, const std::variant<_Types ...>&)[m[K’
 1234 |   [01;36m[K_VARIANT_RELATION_FUNCTION_TEMPLATE[m[K(>=, greater_equal)
      |   [01;36m[K^~~~~~~~~~~~~~~~~~~~~~~~~~~~~~~~~~~[m[K
[01m[K/usr/include/c++/11/variant:1234:3:[m[K [01;36m[Knote: [m[K  template argument deduction/substitution failed:
[01m[K/home/steffens/KITrain/src/ki_train/sensors/gnss/src/gnss_udp_to_topic.cpp:80:28:[m[K [01;36m[Knote: [m[K  ‘[01m[Kstd::string[m[K’ {aka ‘[01m[Kstd::__cxx11::basic_string<char>[m[K’} is not derived from ‘[01m[Kconst std::variant<_Types ...>[m[K’
   80 |       if (received_data >= [01;36m[K12[m[K) { // At least 3 floats (12 bytes)
      |                            [01;36m[K^~[m[K
In file included from [01m[K/opt/ros/humble/include/rclcpp/rclcpp/executors/multi_threaded_executor.hpp:22[m[K,
                 from [01m[K/opt/ros/humble/include/rclcpp/rclcpp/executors.hpp:21[m[K,
                 from [01m[K/opt/ros/humble/include/rclcpp/rclcpp/rclcpp.hpp:155[m[K,
                 from [01m[K/home/steffens/KITrain/src/ki_train/sensors/gnss/src/gnss_udp_to_topic.cpp:1[m[K:
[01m[K/usr/include/c++/11/thread:86:3:[m[K [01;36m[Knote: [m[Kcandidate: ‘[01m[Kbool std::operator>=(std::thread::id, std::thread::id)[m[K’
   86 |   [01;36m[Koperator[m[K>=(thread::id __x, thread::id __y) noexcept
      |   [01;36m[K^~~~~~~~[m[K
[01m[K/usr/include/c++/11/thread:86:25:[m[K [01;36m[Knote: [m[K  no known conversion for argument 1 from ‘[01m[Kstd::string[m[K’ {aka ‘[01m[Kstd::__cxx11::basic_string<char>[m[K’} to ‘[01m[Kstd::thread::id[m[K’
   86 |   operator>=([01;36m[Kthread::id __x[m[K, thread::id __y) noexcept
      |              [01;36m[K~~~~~~~~~~~^~~[m[K
In file included from [01m[K/opt/ros/humble/include/rclcpp/rclcpp/client.hpp:28[m[K,
                 from [01m[K/opt/ros/humble/include/rclcpp/rclcpp/callback_group.hpp:24[m[K,
                 from [01m[K/opt/ros/humble/include/rclcpp/rclcpp/any_executable.hpp:20[m[K,
                 from [01m[K/opt/ros/humble/include/rclcpp/rclcpp/memory_strategy.hpp:25[m[K,
                 from [01m[K/opt/ros/humble/include/rclcpp/rclcpp/memory_strategies.hpp:18[m[K,
                 from [01m[K/opt/ros/humble/include/rclcpp/rclcpp/executor_options.hpp:20[m[K,
                 from [01m[K/opt/ros/humble/include/rclcpp/rclcpp/executor.hpp:37[m[K,
                 from [01m[K/opt/ros/humble/include/rclcpp/rclcpp/executors/multi_threaded_executor.hpp:25[m[K,
                 from [01m[K/opt/ros/humble/include/rclcpp/rclcpp/executors.hpp:21[m[K,
                 from [01m[K/opt/ros/humble/include/rclcpp/rclcpp/rclcpp.hpp:155[m[K,
                 from [01m[K/home/steffens/KITrain/src/ki_train/sensors/gnss/src/gnss_udp_to_topic.cpp:1[m[K:
[01m[K/usr/include/c++/11/variant:1275:18:[m[K [01;36m[Knote: [m[Kcandidate: ‘[01m[Kconstexpr bool std::operator>=(std::monostate, std::monostate)[m[K’
 1275 |   constexpr bool [01;36m[Koperator[m[K>=(monostate, monostate) noexcept { return true; }
      |                  [01;36m[K^~~~~~~~[m[K
[01m[K/usr/include/c++/11/variant:1275:29:[m[K [01;36m[Knote: [m[K  no known conversion for argument 1 from ‘[01m[Kstd::string[m[K’ {aka ‘[01m[Kstd::__cxx11::basic_string<char>[m[K’} to ‘[01m[Kstd::monostate[m[K’
 1275 |   constexpr bool operator>=([01;36m[Kmonostate[m[K, monostate) noexcept { return true; }
      |                             [01;36m[K^~~~~~~~~[m[K
[01m[K/home/steffens/KITrain/src/ki_train/sensors/gnss/src/gnss_udp_to_topic.cpp:82:34:[m[K [01;31m[Kerror: [m[K‘[01m[Kbuffer[m[K’ was not declared in this scope; did you mean ‘[01m[Ksetbuffer[m[K’?
   82 |         std::memcpy(&longitude, &[01;31m[Kbuffer[m[K[0], sizeof(float));
      |                                  [01;31m[K^~~~~~[m[K
      |                                  [32m[Ksetbuffer[m[K
[01m[K/home/steffens/KITrain/src/ki_train/sensors/gnss/src/gnss_udp_to_topic.cpp:108:5:[m[K [01;35m[Kwarning: [m[Kno return statement in function returning non-void [[01;35m[K]8;;https://gcc.gnu.org/onlinedocs/gcc/Warning-Options.html#index-Wreturn-type-Wreturn-type]8;;[m[K]
  108 |     [01;35m[K}[m[K
      |     [01;35m[K^[m[K
gmake[2]: *** [CMakeFiles/gnss_udp_publisher.dir/build.make:76: CMakeFiles/gnss_udp_publisher.dir/src/gnss_udp_to_topic.cpp.o] Error 1
gmake[1]: *** [CMakeFiles/Makefile2:137: CMakeFiles/gnss_udp_publisher.dir/all] Error 2
gmake: *** [Makefile:146: all] Error 2
