[0.014s] Invoking command in '/home/steffens/KITrain/build/lidar': AMENT_PREFIX_PATH=/home/steffens/KITrain/install/lidar_msgs:${AMENT_PREFIX_PATH} CMAKE_PREFIX_PATH=/home/steffens/KITrain/install/lidar_msgs:/home/steffens/KITrain/install/track_detector:/home/steffens/KITrain/install/target_velocity_estimator:/home/steffens/KITrain/install/target_distance_estimator:/home/steffens/KITrain/install/signal_detector:/home/steffens/KITrain/install/signal_detection_verificator:/home/steffens/KITrain/install/rgb_detector:/home/steffens/KITrain/install/rgb_camera:/home/steffens/KITrain/install/position_corrector:/home/steffens/KITrain/install/odometry:/home/steffens/KITrain/install/object_fuser:/home/steffens/KITrain/install/localizer:/home/steffens/KITrain/install/lidar_detector:/home/steffens/KITrain/install/lidar:/home/steffens/KITrain/install/gnss:/home/steffens/KITrain/install/clearance_profile_setter:/home/steffens/KITrain/install/clearance_profile_observer:/home/steffens/KITrain/install/camera_simulator:/opt/ros/humble LD_LIBRARY_PATH=/home/steffens/KITrain/install/lidar_msgs/lib:${LD_LIBRARY_PATH} PYTHONPATH=/home/steffens/KITrain/install/lidar_msgs/local/lib/python3.10/dist-packages:${PYTHONPATH} /usr/bin/cmake --build /home/steffens/KITrain/build/lidar -- -j16 -l16
[0.059s] [35m[1mConsolidate compiler generated dependencies of target lidar_udp_publisher[0m
[0.083s] [ 50%] [32mBuilding CXX object CMakeFiles/lidar_udp_publisher.dir/src/lidar_udp_to_topic.cpp.o[0m
[2.085s] [01m[K/home/steffens/KITrain/src/ki_train/sensors/lidar/src/lidar_udp_to_topic.cpp:[m[K In member function ‘[01m[Kbool LidarUDPPublisher::convertToPointCloud(const char*, size_t)[m[K’:
[2.086s] [01m[K/home/steffens/KITrain/src/ki_train/sensors/lidar/src/lidar_udp_to_topic.cpp:168:37:[m[K [01;31m[Kerror: [m[K‘[01m[Kclass std::vector<double, std::allocator<double> >[m[K’ has no member named ‘[01m[Kpushback[m[K’; did you mean ‘[01m[Kpush_back[m[K’?
[2.086s]   168 |                 groundTruth_buffer_.[01;31m[Kpushback[m[K(yaw);
[2.086s]       |                                     [01;31m[K^~~~~~~~[m[K
[2.086s]       |                                     [32m[Kpush_back[m[K
[2.086s] [01m[K/home/steffens/KITrain/src/ki_train/sensors/lidar/src/lidar_udp_to_topic.cpp:170:46:[m[K [01;31m[Kerror: [m[Kconversion from ‘[01m[Kdouble[m[K’ to non-scalar type ‘[01m[Kstd::string[m[K’ {aka ‘[01m[Kstd::__cxx11::basic_string<char>[m[K’} requested
[2.086s]   170 |                 std::string label = [01;31m[Kstd::stod(tokens[i + 7])[m[K;
[2.086s]       |                                     [01;31m[K~~~~~~~~~^~~~~~~~~~~~~~~[m[K
[2.086s] [01m[K/home/steffens/KITrain/src/ki_train/sensors/lidar/src/lidar_udp_to_topic.cpp:171:46:[m[K [01;31m[Kerror: [m[Kno matching function for call to ‘[01m[Kstd::vector<double, std::allocator<double> >::push_back(std::string&)[m[K’
[2.086s]   171 |                 [01;31m[KgroundTruth_buffer_.push_back(label)[m[K;
[2.086s]       |                 [01;31m[K~~~~~~~~~~~~~~~~~~~~~~~~~~~~~^~~~~~~[m[K
[2.086s] In file included from [01m[K/usr/include/c++/11/vector:67[m[K,
[2.086s]                  from [01m[K/usr/include/c++/11/functional:62[m[K,
[2.086s]                  from [01m[K/usr/include/c++/11/pstl/glue_algorithm_defs.h:13[m[K,
[2.086s]                  from [01m[K/usr/include/c++/11/algorithm:74[m[K,
[2.086s]                  from [01m[K/opt/ros/humble/include/rclcpp/rclcpp/executor.hpp:18[m[K,
[2.086s]                  from [01m[K/opt/ros/humble/include/rclcpp/rclcpp/executors/multi_threaded_executor.hpp:25[m[K,
[2.087s]                  from [01m[K/opt/ros/humble/include/rclcpp/rclcpp/executors.hpp:21[m[K,
[2.087s]                  from [01m[K/opt/ros/humble/include/rclcpp/rclcpp/rclcpp.hpp:155[m[K,
[2.087s]                  from [01m[K/home/steffens/KITrain/src/ki_train/sensors/lidar/src/lidar_udp_to_topic.cpp:1[m[K:
[2.087s] [01m[K/usr/include/c++/11/bits/stl_vector.h:1187:7:[m[K [01;36m[Knote: [m[Kcandidate: ‘[01m[Kvoid std::vector<_Tp, _Alloc>::push_back(const value_type&) [with _Tp = double; _Alloc = std::allocator<double>; std::vector<_Tp, _Alloc>::value_type = double][m[K’
[2.087s]  1187 |       [01;36m[Kpush_back[m[K(const value_type& __x)
[2.087s]       |       [01;36m[K^~~~~~~~~[m[K
[2.087s] [01m[K/usr/include/c++/11/bits/stl_vector.h:1187:35:[m[K [01;36m[Knote: [m[K  no known conversion for argument 1 from ‘[01m[Kstd::string[m[K’ {aka ‘[01m[Kstd::__cxx11::basic_string<char>[m[K’} to ‘[01m[Kconst value_type&[m[K’ {aka ‘[01m[Kconst double&[m[K’}
[2.087s]  1187 |       push_back([01;36m[Kconst value_type& __x[m[K)
[2.087s]       |                 [01;36m[K~~~~~~~~~~~~~~~~~~^~~[m[K
[2.087s] [01m[K/usr/include/c++/11/bits/stl_vector.h:1203:7:[m[K [01;36m[Knote: [m[Kcandidate: ‘[01m[Kvoid std::vector<_Tp, _Alloc>::push_back(std::vector<_Tp, _Alloc>::value_type&&) [with _Tp = double; _Alloc = std::allocator<double>; std::vector<_Tp, _Alloc>::value_type = double][m[K’
[2.087s]  1203 |       [01;36m[Kpush_back[m[K(value_type&& __x)
[2.087s]       |       [01;36m[K^~~~~~~~~[m[K
[2.087s] [01m[K/usr/include/c++/11/bits/stl_vector.h:1203:30:[m[K [01;36m[Knote: [m[K  no known conversion for argument 1 from ‘[01m[Kstd::string[m[K’ {aka ‘[01m[Kstd::__cxx11::basic_string<char>[m[K’} to ‘[01m[Kstd::vector<double, std::allocator<double> >::value_type&&[m[K’ {aka ‘[01m[Kdouble&&[m[K’}
[2.087s]  1203 |       push_back([01;36m[Kvalue_type&& __x[m[K)
[2.087s]       |                 [01;36m[K~~~~~~~~~~~~~^~~[m[K
[2.089s] [01m[K/home/steffens/KITrain/src/ki_train/sensors/lidar/src/lidar_udp_to_topic.cpp:[m[K In member function ‘[01m[Kvoid LidarUDPPublisher::publishGroundTruth(const std::vector<double, std::allocator<double> >&)[m[K’:
[2.089s] [01m[K/home/steffens/KITrain/src/ki_train/sensors/lidar/src/lidar_udp_to_topic.cpp:240:6:[m[K [01;31m[Kerror: [m[K‘[01m[Klidar[m[K’ has not been declared
[2.089s]   240 |      [01;31m[Klidar[m[K::msg::GroundTruth labels;
[2.089s]       |      [01;31m[K^~~~~[m[K
[2.089s] [01m[K/home/steffens/KITrain/src/ki_train/sensors/lidar/src/lidar_udp_to_topic.cpp:242:6:[m[K [01;31m[Kerror: [m[K‘[01m[KGroundTruth[m[K’ was not declared in this scope; did you mean ‘[01m[Klidar_msgs::msg::GroundTruth[m[K’?
[2.089s]   242 |      [01;31m[KGroundTruth[m[K.id      = groundTruth_data[i];
[2.090s]       |      [01;31m[K^~~~~~~~~~~[m[K
[2.090s]       |      [32m[Klidar_msgs::msg::GroundTruth[m[K
[2.090s] In file included from [01m[K/home/steffens/KITrain/install/lidar_msgs/include/lidar_msgs/lidar_msgs/msg/ground_truth.hpp:7[m[K,
[2.090s]                  from [01m[K/home/steffens/KITrain/src/ki_train/sensors/lidar/src/lidar_udp_to_topic.cpp:6[m[K:
[2.090s] [01m[K/home/steffens/KITrain/install/lidar_msgs/include/lidar_msgs/lidar_msgs/msg/detail/ground_truth__struct.hpp:242:7:[m[K [01;36m[Knote: [m[K‘[01m[Klidar_msgs::msg::GroundTruth[m[K’ declared here
[2.090s]   242 | using [01;36m[KGroundTruth[m[K =
[2.090s]       |       [01;36m[K^~~~~~~~~~~[m[K
[2.094s] [01m[K/home/steffens/KITrain/src/ki_train/sensors/lidar/src/lidar_udp_to_topic.cpp:253:6:[m[K [01;31m[Kerror: [m[K‘[01m[KgroundTruthPublisher[m[K’ was not declared in this scope; did you mean ‘[01m[KgroundTruthPublisher_[m[K’?
[2.094s]   253 |      [01;31m[KgroundTruthPublisher[m[K->publish(GroundTruth);
[2.094s]       |      [01;31m[K^~~~~~~~~~~~~~~~~~~~[m[K
[2.094s]       |      [32m[KgroundTruthPublisher_[m[K
[2.094s] [01m[K/home/steffens/KITrain/src/ki_train/sensors/lidar/src/lidar_udp_to_topic.cpp:253:36:[m[K [01;31m[Kerror: [m[K‘[01m[KGroundTruth[m[K’ was not declared in this scope; did you mean ‘[01m[Klidar_msgs::msg::GroundTruth[m[K’?
[2.094s]   253 |      groundTruthPublisher->publish([01;31m[KGroundTruth[m[K);
[2.094s]       |                                    [01;31m[K^~~~~~~~~~~[m[K
[2.094s]       |                                    [32m[Klidar_msgs::msg::GroundTruth[m[K
[2.095s] In file included from [01m[K/home/steffens/KITrain/install/lidar_msgs/include/lidar_msgs/lidar_msgs/msg/ground_truth.hpp:7[m[K,
[2.095s]                  from [01m[K/home/steffens/KITrain/src/ki_train/sensors/lidar/src/lidar_udp_to_topic.cpp:6[m[K:
[2.095s] [01m[K/home/steffens/KITrain/install/lidar_msgs/include/lidar_msgs/lidar_msgs/msg/detail/ground_truth__struct.hpp:242:7:[m[K [01;36m[Knote: [m[K‘[01m[Klidar_msgs::msg::GroundTruth[m[K’ declared here
[2.095s]   242 | using [01;36m[KGroundTruth[m[K =
[2.095s]       |       [01;36m[K^~~~~~~~~~~[m[K
[2.821s] gmake[2]: *** [CMakeFiles/lidar_udp_publisher.dir/build.make:76: CMakeFiles/lidar_udp_publisher.dir/src/lidar_udp_to_topic.cpp.o] Error 1
[2.821s] gmake[1]: *** [CMakeFiles/Makefile2:137: CMakeFiles/lidar_udp_publisher.dir/all] Error 2
[2.822s] gmake: *** [Makefile:146: all] Error 2
[2.824s] Invoked command in '/home/steffens/KITrain/build/lidar' returned '2': AMENT_PREFIX_PATH=/home/steffens/KITrain/install/lidar_msgs:${AMENT_PREFIX_PATH} CMAKE_PREFIX_PATH=/home/steffens/KITrain/install/lidar_msgs:/home/steffens/KITrain/install/track_detector:/home/steffens/KITrain/install/target_velocity_estimator:/home/steffens/KITrain/install/target_distance_estimator:/home/steffens/KITrain/install/signal_detector:/home/steffens/KITrain/install/signal_detection_verificator:/home/steffens/KITrain/install/rgb_detector:/home/steffens/KITrain/install/rgb_camera:/home/steffens/KITrain/install/position_corrector:/home/steffens/KITrain/install/odometry:/home/steffens/KITrain/install/object_fuser:/home/steffens/KITrain/install/localizer:/home/steffens/KITrain/install/lidar_detector:/home/steffens/KITrain/install/lidar:/home/steffens/KITrain/install/gnss:/home/steffens/KITrain/install/clearance_profile_setter:/home/steffens/KITrain/install/clearance_profile_observer:/home/steffens/KITrain/install/camera_simulator:/opt/ros/humble LD_LIBRARY_PATH=/home/steffens/KITrain/install/lidar_msgs/lib:${LD_LIBRARY_PATH} PYTHONPATH=/home/steffens/KITrain/install/lidar_msgs/local/lib/python3.10/dist-packages:${PYTHONPATH} /usr/bin/cmake --build /home/steffens/KITrain/build/lidar -- -j16 -l16
