[0.343s] Invoking command in '/home/steffens/KITrain/build/gnss': CMAKE_PREFIX_PATH=${CMAKE_PREFIX_PATH}:/home/steffens/KITrain/install/camera_simulator:/opt/ros/humble /usr/bin/cmake --build /home/steffens/KITrain/build/gnss -- -j16 -l16
[0.417s] [35m[1mConsolidate compiler generated dependencies of target gnss_udp_publisher[0m
[0.443s] [ 50%] [32mBuilding CXX object CMakeFiles/gnss_udp_publisher.dir/src/gnss_udp_to_topic.cpp.o[0m
[4.607s] [100%] [32m[1mLinking CXX executable gnss_udp_publisher[0m
[4.805s] [100%] Built target gnss_udp_publisher
[4.825s] Invoked command in '/home/steffens/KITrain/build/gnss' returned '0': CMAKE_PREFIX_PATH=${CMAKE_PREFIX_PATH}:/home/steffens/KITrain/install/camera_simulator:/opt/ros/humble /usr/bin/cmake --build /home/steffens/KITrain/build/gnss -- -j16 -l16
[4.863s] Invoking command in '/home/steffens/KITrain/build/gnss': CMAKE_PREFIX_PATH=${CMAKE_PREFIX_PATH}:/home/steffens/KITrain/install/camera_simulator:/opt/ros/humble /usr/bin/cmake --install /home/steffens/KITrain/build/gnss
[4.875s] -- Install configuration: ""
[4.875s] -- Installing: /home/steffens/KITrain/install/gnss/lib/gnss/gnss_udp_publisher
[4.878s] -- Set runtime path of "/home/steffens/KITrain/install/gnss/lib/gnss/gnss_udp_publisher" to ""
[4.878s] -- Up-to-date: /home/steffens/KITrain/install/gnss/share/ament_index/resource_index/package_run_dependencies/gnss
[4.878s] -- Up-to-date: /home/steffens/KITrain/install/gnss/share/ament_index/resource_index/parent_prefix_path/gnss
[4.878s] -- Up-to-date: /home/steffens/KITrain/install/gnss/share/gnss/environment/ament_prefix_path.sh
[4.878s] -- Up-to-date: /home/steffens/KITrain/install/gnss/share/gnss/environment/ament_prefix_path.dsv
[4.878s] -- Up-to-date: /home/steffens/KITrain/install/gnss/share/gnss/environment/path.sh
[4.879s] -- Up-to-date: /home/steffens/KITrain/install/gnss/share/gnss/environment/path.dsv
[4.879s] -- Up-to-date: /home/steffens/KITrain/install/gnss/share/gnss/local_setup.bash
[4.879s] -- Up-to-date: /home/steffens/KITrain/install/gnss/share/gnss/local_setup.sh
[4.879s] -- Up-to-date: /home/steffens/KITrain/install/gnss/share/gnss/local_setup.zsh
[4.879s] -- Up-to-date: /home/steffens/KITrain/install/gnss/share/gnss/local_setup.dsv
[4.879s] -- Installing: /home/steffens/KITrain/install/gnss/share/gnss/package.dsv
[4.879s] -- Up-to-date: /home/steffens/KITrain/install/gnss/share/ament_index/resource_index/packages/gnss
[4.879s] -- Up-to-date: /home/steffens/KITrain/install/gnss/share/gnss/cmake/gnssConfig.cmake
[4.879s] -- Up-to-date: /home/steffens/KITrain/install/gnss/share/gnss/cmake/gnssConfig-version.cmake
[4.879s] -- Up-to-date: /home/steffens/KITrain/install/gnss/share/gnss/package.xml
[4.882s] Invoked command in '/home/steffens/KITrain/build/gnss' returned '0': CMAKE_PREFIX_PATH=${CMAKE_PREFIX_PATH}:/home/steffens/KITrain/install/camera_simulator:/opt/ros/humble /usr/bin/cmake --install /home/steffens/KITrain/build/gnss
