[0.338s] Invoking command in '/home/steffens/KITrain/build/rgb_camera': CMAKE_PREFIX_PATH=${CMAKE_PREFIX_PATH}:/home/steffens/KITrain/install/camera_simulator:/opt/ros/humble /usr/bin/cmake --build /home/steffens/KITrain/build/rgb_camera -- -j16 -l16
[0.412s] [35m[1mConsolidate compiler generated dependencies of target rgb_camera_receiver_main[0m
[0.443s] [ 50%] [32mBuilding CXX object CMakeFiles/rgb_camera_receiver_main.dir/src/rgb_camera_receiver_main.cpp.o[0m
[2.719s] [01m[K/home/steffens/KITrain/src/ki_train/sensors/rgb_camera/src/rgb_camera_receiver_main.cpp:[m[K In member function ‘[01m[Kvoid RgbCameraReceiver::receiveData()[m[K’:
[2.719s] [01m[K/home/steffens/KITrain/src/ki_train/sensors/rgb_camera/src/rgb_camera_receiver_main.cpp:214:17:[m[K [01;35m[Kwarning: [m[Kcomparison of integer expressions of different signedness: ‘[01m[Kssize_t[m[K’ {aka ‘[01m[Klong int[m[K’} and ‘[01m[Klong unsigned int[m[K’ [[01;35m[K]8;;https://gcc.gnu.org/onlinedocs/gcc/Warning-Options.html#index-Wsign-compare-Wsign-compare]8;;[m[K]
[2.719s]   214 |         if ([01;35m[Klen < sizeof(PacketHeader)[m[K) {
[2.719s]       |             [01;35m[K~~~~^~~~~~~~~~~~~~~~~~~~~~[m[K
[2.721s] [01m[K/home/steffens/KITrain/src/ki_train/sensors/rgb_camera/src/rgb_camera_receiver_main.cpp:[m[K In member function ‘[01m[Kvoid RgbCameraReceiver::publishImage(int32_t, int32_t)[m[K’:
[2.721s] [01m[K/home/steffens/KITrain/src/ki_train/sensors/rgb_camera/src/rgb_camera_receiver_main.cpp:253:38:[m[K [01;35m[Kwarning: [m[Kcomparison of integer expressions of different signedness: ‘[01m[Kstd::vector<unsigned char, std::allocator<unsigned char> >::size_type[m[K’ {aka ‘[01m[Klong unsigned int[m[K’} and ‘[01m[Kint32_t[m[K’ {aka ‘[01m[Kint[m[K’} [[01;35m[K]8;;https://gcc.gnu.org/onlinedocs/gcc/Warning-Options.html#index-Wsign-compare-Wsign-compare]8;;[m[K]
[2.721s]   253 |         if ([01;35m[Kimage_buffer.data.size() != total_size[m[K) {
[2.721s]       |             [01;35m[K~~~~~~~~~~~~~~~~~~~~~~~~~^~~~~~~~~~~~~[m[K
[4.597s] [100%] [32m[1mLinking CXX executable rgb_camera_receiver_main[0m
[5.219s] [100%] Built target rgb_camera_receiver_main
[5.232s] Invoked command in '/home/steffens/KITrain/build/rgb_camera' returned '0': CMAKE_PREFIX_PATH=${CMAKE_PREFIX_PATH}:/home/steffens/KITrain/install/camera_simulator:/opt/ros/humble /usr/bin/cmake --build /home/steffens/KITrain/build/rgb_camera -- -j16 -l16
[5.262s] Invoking command in '/home/steffens/KITrain/build/rgb_camera': CMAKE_PREFIX_PATH=${CMAKE_PREFIX_PATH}:/home/steffens/KITrain/install/camera_simulator:/opt/ros/humble /usr/bin/cmake --install /home/steffens/KITrain/build/rgb_camera
[5.269s] -- Install configuration: ""
[5.270s] -- Installing: /home/steffens/KITrain/install/rgb_camera/lib/rgb_camera/rgb_camera_receiver_main
[5.272s] -- Set runtime path of "/home/steffens/KITrain/install/rgb_camera/lib/rgb_camera/rgb_camera_receiver_main" to ""
[5.273s] -- Up-to-date: /home/steffens/KITrain/install/rgb_camera/share/rgb_camera/launch
[5.273s] -- Up-to-date: /home/steffens/KITrain/install/rgb_camera/share/rgb_camera/launch/execute.launch.py
[5.273s] -- Up-to-date: /home/steffens/KITrain/install/rgb_camera/share/ament_index/resource_index/package_run_dependencies/rgb_camera
[5.273s] -- Up-to-date: /home/steffens/KITrain/install/rgb_camera/share/ament_index/resource_index/parent_prefix_path/rgb_camera
[5.273s] -- Up-to-date: /home/steffens/KITrain/install/rgb_camera/share/rgb_camera/environment/ament_prefix_path.sh
[5.273s] -- Up-to-date: /home/steffens/KITrain/install/rgb_camera/share/rgb_camera/environment/ament_prefix_path.dsv
[5.273s] -- Up-to-date: /home/steffens/KITrain/install/rgb_camera/share/rgb_camera/environment/path.sh
[5.273s] -- Up-to-date: /home/steffens/KITrain/install/rgb_camera/share/rgb_camera/environment/path.dsv
[5.273s] -- Up-to-date: /home/steffens/KITrain/install/rgb_camera/share/rgb_camera/local_setup.bash
[5.274s] -- Up-to-date: /home/steffens/KITrain/install/rgb_camera/share/rgb_camera/local_setup.sh
[5.274s] -- Up-to-date: /home/steffens/KITrain/install/rgb_camera/share/rgb_camera/local_setup.zsh
[5.274s] -- Up-to-date: /home/steffens/KITrain/install/rgb_camera/share/rgb_camera/local_setup.dsv
[5.274s] -- Installing: /home/steffens/KITrain/install/rgb_camera/share/rgb_camera/package.dsv
[5.274s] -- Up-to-date: /home/steffens/KITrain/install/rgb_camera/share/ament_index/resource_index/packages/rgb_camera
[5.274s] -- Up-to-date: /home/steffens/KITrain/install/rgb_camera/share/rgb_camera/cmake/rgb_cameraConfig.cmake
[5.274s] -- Up-to-date: /home/steffens/KITrain/install/rgb_camera/share/rgb_camera/cmake/rgb_cameraConfig-version.cmake
[5.274s] -- Up-to-date: /home/steffens/KITrain/install/rgb_camera/share/rgb_camera/package.xml
[5.276s] Invoked command in '/home/steffens/KITrain/build/rgb_camera' returned '0': CMAKE_PREFIX_PATH=${CMAKE_PREFIX_PATH}:/home/steffens/KITrain/install/camera_simulator:/opt/ros/humble /usr/bin/cmake --install /home/steffens/KITrain/build/rgb_camera
