[0.278s] Invoking command in '/home/steffens/KITrain/build/lidar': CMAKE_PREFIX_PATH=${CMAKE_PREFIX_PATH}:/home/steffens/KITrain/install/camera_simulator:/opt/ros/humble /usr/bin/cmake /home/steffens/KITrain/src/ki_train/sensors/lidar -DCMAKE_INSTALL_PREFIX=/home/steffens/KITrain/install/lidar
[0.334s] -- The C compiler identification is GNU 11.4.0
[0.403s] -- The CXX compiler identification is GNU 11.4.0
[0.412s] -- Detecting C compiler ABI info
[0.494s] -- Detecting C compiler ABI info - done
[0.500s] -- Check for working C compiler: /usr/bin/cc - skipped
[0.501s] -- Detecting C compile features
[0.501s] -- Detecting C compile features - done
[0.504s] -- Detecting CXX compiler ABI info
[0.587s] -- Detecting CXX compiler ABI info - done
[0.594s] -- Check for working CXX compiler: /usr/bin/c++ - skipped
[0.594s] -- Detecting CXX compile features
[0.595s] -- Detecting CXX compile features - done
[0.598s] -- Found ament_cmake: 1.3.9 (/opt/ros/humble/share/ament_cmake/cmake)
[0.743s] -- Found Python3: /usr/bin/python3 (found version "3.10.12") found components: Interpreter 
[0.854s] -- Found rclcpp: 16.0.9 (/opt/ros/humble/share/rclcpp/cmake)
[0.916s] -- Found rosidl_generator_c: 3.1.5 (/opt/ros/humble/share/rosidl_generator_c/cmake)
[0.922s] -- Found rosidl_adapter: 3.1.5 (/opt/ros/humble/share/rosidl_adapter/cmake)
[0.930s] -- Found rosidl_generator_cpp: 3.1.5 (/opt/ros/humble/share/rosidl_generator_cpp/cmake)
[0.944s] -- Using all available rosidl_typesupport_c: rosidl_typesupport_fastrtps_c;rosidl_typesupport_introspection_c
[0.963s] -- Using all available rosidl_typesupport_cpp: rosidl_typesupport_fastrtps_cpp;rosidl_typesupport_introspection_cpp
[1.031s] -- Found rmw_implementation_cmake: 6.1.2 (/opt/ros/humble/share/rmw_implementation_cmake/cmake)
[1.034s] -- Found rmw_fastrtps_cpp: 6.2.6 (/opt/ros/humble/share/rmw_fastrtps_cpp/cmake)
[1.150s] -- Found OpenSSL: /usr/lib/x86_64-linux-gnu/libcrypto.so (found version "3.0.2")  
[1.180s] -- Found FastRTPS: /opt/ros/humble/include  
[1.234s] -- Using RMW implementation 'rmw_fastrtps_cpp' as default
[1.248s] -- Looking for pthread.h
[1.323s] -- Looking for pthread.h - found
[1.324s] -- Performing Test CMAKE_HAVE_LIBC_PTHREAD
[1.402s] -- Performing Test CMAKE_HAVE_LIBC_PTHREAD - Success
[1.403s] -- Found Threads: TRUE  
[1.552s] -- Found sensor_msgs: 4.2.3 (/opt/ros/humble/share/sensor_msgs/cmake)
[1.727s] -- Configuring done
[1.736s] -- Generating done
[1.739s] -- Build files have been written to: /home/steffens/KITrain/build/lidar
[1.748s] Invoked command in '/home/steffens/KITrain/build/lidar' returned '0': CMAKE_PREFIX_PATH=${CMAKE_PREFIX_PATH}:/home/steffens/KITrain/install/camera_simulator:/opt/ros/humble /usr/bin/cmake /home/steffens/KITrain/src/ki_train/sensors/lidar -DCMAKE_INSTALL_PREFIX=/home/steffens/KITrain/install/lidar
[1.750s] Invoking command in '/home/steffens/KITrain/build/lidar': CMAKE_PREFIX_PATH=${CMAKE_PREFIX_PATH}:/home/steffens/KITrain/install/camera_simulator:/opt/ros/humble /usr/bin/cmake --build /home/steffens/KITrain/build/lidar -- -j16 -l16
[1.804s] [ 50%] [32mBuilding CXX object CMakeFiles/lidar_udp_publisher.dir/src/lidar_udp_to_topic.cpp.o[0m
[5.552s] [100%] [32m[1mLinking CXX executable lidar_udp_publisher[0m
[5.718s] [100%] Built target lidar_udp_publisher
[5.730s] Invoked command in '/home/steffens/KITrain/build/lidar' returned '0': CMAKE_PREFIX_PATH=${CMAKE_PREFIX_PATH}:/home/steffens/KITrain/install/camera_simulator:/opt/ros/humble /usr/bin/cmake --build /home/steffens/KITrain/build/lidar -- -j16 -l16
[5.760s] Invoking command in '/home/steffens/KITrain/build/lidar': CMAKE_PREFIX_PATH=${CMAKE_PREFIX_PATH}:/home/steffens/KITrain/install/camera_simulator:/opt/ros/humble /usr/bin/cmake --install /home/steffens/KITrain/build/lidar
[5.767s] -- Install configuration: ""
[5.767s] -- Installing: /home/steffens/KITrain/install/lidar/lib/lidar/lidar_udp_publisher
[5.769s] -- Set runtime path of "/home/steffens/KITrain/install/lidar/lib/lidar/lidar_udp_publisher" to ""
[5.769s] -- Installing: /home/steffens/KITrain/install/lidar/share/ament_index/resource_index/package_run_dependencies/lidar
[5.769s] -- Installing: /home/steffens/KITrain/install/lidar/share/ament_index/resource_index/parent_prefix_path/lidar
[5.770s] -- Installing: /home/steffens/KITrain/install/lidar/share/lidar/environment/ament_prefix_path.sh
[5.770s] -- Installing: /home/steffens/KITrain/install/lidar/share/lidar/environment/ament_prefix_path.dsv
[5.770s] -- Installing: /home/steffens/KITrain/install/lidar/share/lidar/environment/path.sh
[5.770s] -- Installing: /home/steffens/KITrain/install/lidar/share/lidar/environment/path.dsv
[5.771s] -- Installing: /home/steffens/KITrain/install/lidar/share/lidar/local_setup.bash
[5.771s] -- Installing: /home/steffens/KITrain/install/lidar/share/lidar/local_setup.sh
[5.771s] -- Installing: /home/steffens/KITrain/install/lidar/share/lidar/local_setup.zsh
[5.771s] -- Installing: /home/steffens/KITrain/install/lidar/share/lidar/local_setup.dsv
[5.771s] -- Installing: /home/steffens/KITrain/install/lidar/share/lidar/package.dsv
[5.772s] -- Installing: /home/steffens/KITrain/install/lidar/share/ament_index/resource_index/packages/lidar
[5.772s] -- Installing: /home/steffens/KITrain/install/lidar/share/lidar/cmake/ament_cmake_export_dependencies-extras.cmake
[5.772s] -- Installing: /home/steffens/KITrain/install/lidar/share/lidar/cmake/lidarConfig.cmake
[5.772s] -- Installing: /home/steffens/KITrain/install/lidar/share/lidar/cmake/lidarConfig-version.cmake
[5.772s] -- Installing: /home/steffens/KITrain/install/lidar/share/lidar/package.xml
[5.774s] Invoked command in '/home/steffens/KITrain/build/lidar' returned '0': CMAKE_PREFIX_PATH=${CMAKE_PREFIX_PATH}:/home/steffens/KITrain/install/camera_simulator:/opt/ros/humble /usr/bin/cmake --install /home/steffens/KITrain/build/lidar
