[0.360s] Invoking command in '/home/steffens/KITrain/build/clearance_profile_setter': CMAKE_PREFIX_PATH=${CMAKE_PREFIX_PATH}:/home/steffens/KITrain/install/camera_simulator:/opt/ros/humble /usr/bin/cmake --build /home/steffens/KITrain/build/clearance_profile_setter -- -j16 -l16
[0.449s] Invoked command in '/home/steffens/KITrain/build/clearance_profile_setter' returned '0': CMAKE_PREFIX_PATH=${CMAKE_PREFIX_PATH}:/home/steffens/KITrain/install/camera_simulator:/opt/ros/humble /usr/bin/cmake --build /home/steffens/KITrain/build/clearance_profile_setter -- -j16 -l16
[0.516s] Invoking command in '/home/steffens/KITrain/build/clearance_profile_setter': CMAKE_PREFIX_PATH=${CMAKE_PREFIX_PATH}:/home/steffens/KITrain/install/camera_simulator:/opt/ros/humble /usr/bin/cmake --install /home/steffens/KITrain/build/clearance_profile_setter
[0.539s] -- Install configuration: ""
[0.539s] -- Up-to-date: /home/steffens/KITrain/install/clearance_profile_setter/share/ament_index/resource_index/package_run_dependencies/clearance_profile_setter
[0.539s] -- Up-to-date: /home/steffens/KITrain/install/clearance_profile_setter/share/ament_index/resource_index/parent_prefix_path/clearance_profile_setter
[0.539s] -- Up-to-date: /home/steffens/KITrain/install/clearance_profile_setter/share/clearance_profile_setter/environment/ament_prefix_path.sh
[0.539s] -- Up-to-date: /home/steffens/KITrain/install/clearance_profile_setter/share/clearance_profile_setter/environment/ament_prefix_path.dsv
[0.539s] -- Up-to-date: /home/steffens/KITrain/install/clearance_profile_setter/share/clearance_profile_setter/environment/path.sh
[0.541s] -- Up-to-date: /home/steffens/KITrain/install/clearance_profile_setter/share/clearance_profile_setter/environment/path.dsv
[0.541s] -- Up-to-date: /home/steffens/KITrain/install/clearance_profile_setter/share/clearance_profile_setter/local_setup.bash
[0.541s] -- Up-to-date: /home/steffens/KITrain/install/clearance_profile_setter/share/clearance_profile_setter/local_setup.sh
[0.543s] -- Up-to-date: /home/steffens/KITrain/install/clearance_profile_setter/share/clearance_profile_setter/local_setup.zsh
[0.543s] -- Up-to-date: /home/steffens/KITrain/install/clearance_profile_setter/share/clearance_profile_setter/local_setup.dsv
[0.543s] -- Installing: /home/steffens/KITrain/install/clearance_profile_setter/share/clearance_profile_setter/package.dsv
[0.544s] -- Up-to-date: /home/steffens/KITrain/install/clearance_profile_setter/share/ament_index/resource_index/packages/clearance_profile_setter
[0.547s] -- Up-to-date: /home/steffens/KITrain/install/clearance_profile_setter/share/clearance_profile_setter/cmake/clearance_profile_setterConfig.cmake
[0.547s] -- Up-to-date: /home/steffens/KITrain/install/clearance_profile_setter/share/clearance_profile_setter/cmake/clearance_profile_setterConfig-version.cmake
[0.547s] -- Up-to-date: /home/steffens/KITrain/install/clearance_profile_setter/share/clearance_profile_setter/package.xml
[0.603s] Invoked command in '/home/steffens/KITrain/build/clearance_profile_setter' returned '0': CMAKE_PREFIX_PATH=${CMAKE_PREFIX_PATH}:/home/steffens/KITrain/install/camera_simulator:/opt/ros/humble /usr/bin/cmake --install /home/steffens/KITrain/build/clearance_profile_setter
