[0.013s] Invoking command in '/home/steffens/KITrain/build/lidar': CMAKE_PREFIX_PATH=/home/steffens/KITrain/install/lidar_msgs:/home/steffens/KITrain/install/track_detector:/home/steffens/KITrain/install/target_velocity_estimator:/home/steffens/KITrain/install/target_distance_estimator:/home/steffens/KITrain/install/signal_detector:/home/steffens/KITrain/install/signal_detection_verificator:/home/steffens/KITrain/install/rgb_detector:/home/steffens/KITrain/install/rgb_camera:/home/steffens/KITrain/install/position_corrector:/home/steffens/KITrain/install/odometry:/home/steffens/KITrain/install/object_fuser:/home/steffens/KITrain/install/localizer:/home/steffens/KITrain/install/lidar:/home/steffens/KITrain/install/lidar_detector:/home/steffens/KITrain/install/gnss:/home/steffens/KITrain/install/clearance_profile_setter:/home/steffens/KITrain/install/clearance_profile_observer:/home/steffens/KITrain/install/camera_simulator:/opt/ros/humble /usr/bin/cmake --build /home/steffens/KITrain/build/lidar -- -j16 -l16
[0.063s] [35m[1mConsolidate compiler generated dependencies of target lidar_udp_publisher[0m
[0.089s] [ 50%] [32mBuilding CXX object CMakeFiles/lidar_udp_publisher.dir/src/lidar_udp_to_topic.cpp.o[0m
[2.133s] [01m[K/home/steffens/KITrain/src/ki_train/sensors/lidar/src/lidar_udp_to_topic.cpp:[m[K In member function ‘[01m[Kbool LidarUDPPublisher::convertToPointCloud(const char*, size_t)[m[K’:
[2.134s] [01m[K/home/steffens/KITrain/src/ki_train/sensors/lidar/src/lidar_udp_to_topic.cpp:142:40:[m[K [01;31m[Kerror: [m[Kcannot convert ‘[01m[Kstd::vector<lidar_msgs::msg::GroundTruth_<std::allocator<void> >, std::allocator<lidar_msgs::msg::GroundTruth_<std::allocator<void> > > >[m[K’ to ‘[01m[Kconst std::vector<lidar_msgs::msg::GroundTruthArray_<std::allocator<void> > >&[m[K’
[2.134s]   142 |                     publishGroundTruth([01;31m[KgroundTruth_buffer_[m[K);
[2.134s]       |                                        [01;31m[K^~~~~~~~~~~~~~~~~~~[m[K
[2.134s]       |                                        [01;31m[K|[m[K
[2.134s]       |                                        [01;31m[Kstd::vector<lidar_msgs::msg::GroundTruth_<std::allocator<void> >, std::allocator<lidar_msgs::msg::GroundTruth_<std::allocator<void> > > >[m[K
[2.134s] [01m[K/home/steffens/KITrain/src/ki_train/sensors/lidar/src/lidar_udp_to_topic.cpp:275:83:[m[K [01;36m[Knote: [m[K  initializing argument 1 of ‘[01m[Kvoid LidarUDPPublisher::publishGroundTruth(const std::vector<lidar_msgs::msg::GroundTruthArray_<std::allocator<void> > >&)[m[K’
[2.134s]   275 |     void publishGroundTruth([01;36m[Kconst std::vector<lidar_msgs::msg::GroundTruthArray>& buffer[m[K) {
[2.134s]       |                             [01;36m[K~~~~~~~~~~~~~~~~~~~~~~~~~~~~~~~~~~~~~~~~~~~~~~~~~~~~~~^~~~~~[m[K
[2.135s] [01m[K/home/steffens/KITrain/src/ki_train/sensors/lidar/src/lidar_udp_to_topic.cpp:[m[K In member function ‘[01m[Kvoid LidarUDPPublisher::publishGroundTruth(const std::vector<lidar_msgs::msg::GroundTruthArray_<std::allocator<void> > >&)[m[K’:
[2.135s] [01m[K/home/steffens/KITrain/src/ki_train/sensors/lidar/src/lidar_udp_to_topic.cpp:279:19:[m[K [01;31m[Kerror: [m[K‘[01m[Kusing GroundTruthArray = struct lidar_msgs::msg::GroundTruthArray_<std::allocator<void> >[m[K’ {aka ‘[01m[Kstruct lidar_msgs::msg::GroundTruthArray_<std::allocator<void> >[m[K’} has no member named ‘[01m[Kboxes[m[K’
[2.135s]   279 |         array_msg.[01;31m[Kboxes[m[K = buffer;
[2.136s]       |                   [01;31m[K^~~~~[m[K
[2.914s] gmake[2]: *** [CMakeFiles/lidar_udp_publisher.dir/build.make:76: CMakeFiles/lidar_udp_publisher.dir/src/lidar_udp_to_topic.cpp.o] Error 1
[2.914s] gmake[1]: *** [CMakeFiles/Makefile2:137: CMakeFiles/lidar_udp_publisher.dir/all] Error 2
[2.915s] gmake: *** [Makefile:146: all] Error 2
[2.918s] Invoked command in '/home/steffens/KITrain/build/lidar' returned '2': CMAKE_PREFIX_PATH=/home/steffens/KITrain/install/lidar_msgs:/home/steffens/KITrain/install/track_detector:/home/steffens/KITrain/install/target_velocity_estimator:/home/steffens/KITrain/install/target_distance_estimator:/home/steffens/KITrain/install/signal_detector:/home/steffens/KITrain/install/signal_detection_verificator:/home/steffens/KITrain/install/rgb_detector:/home/steffens/KITrain/install/rgb_camera:/home/steffens/KITrain/install/position_corrector:/home/steffens/KITrain/install/odometry:/home/steffens/KITrain/install/object_fuser:/home/steffens/KITrain/install/localizer:/home/steffens/KITrain/install/lidar:/home/steffens/KITrain/install/lidar_detector:/home/steffens/KITrain/install/gnss:/home/steffens/KITrain/install/clearance_profile_setter:/home/steffens/KITrain/install/clearance_profile_observer:/home/steffens/KITrain/install/camera_simulator:/opt/ros/humble /usr/bin/cmake --build /home/steffens/KITrain/build/lidar -- -j16 -l16
