-- The C compiler identification is GNU 11.4.0
-- The CXX compiler identification is GNU 11.4.0
-- Detecting C compiler ABI info
-- Detecting C compiler ABI info - done
-- Check for working C compiler: /usr/bin/cc - skipped
-- Detecting C compile features
-- Detecting C compile features - done
-- Detecting CXX compiler ABI info
-- Detecting CXX compiler ABI info - done
-- Check for working CXX compiler: /usr/bin/c++ - skipped
-- Detecting CXX compile features
-- Detecting CXX compile features - done
-- Found ament_cmake: 1.3.9 (/opt/ros/humble/share/ament_cmake/cmake)
-- Found Python3: /usr/bin/python3 (found version "3.10.12") found components: Interpreter 
-- Found cv_bridge: 3.2.1 (/opt/ros/humble/share/cv_bridge/cmake)
-- Found rosidl_generator_c: 3.1.5 (/opt/ros/humble/share/rosidl_generator_c/cmake)
-- Found rosidl_adapter: 3.1.5 (/opt/ros/humble/share/rosidl_adapter/cmake)
-- Found rosidl_generator_cpp: 3.1.5 (/opt/ros/humble/share/rosidl_generator_cpp/cmake)
-- Using all available rosidl_typesupport_c: rosidl_typesupport_fastrtps_c;rosidl_typesupport_introspection_c
-- Using all available rosidl_typesupport_cpp: rosidl_typesupport_fastrtps_cpp;rosidl_typesupport_introspection_cpp
-- Found rclcpp: 16.0.9 (/opt/ros/humble/share/rclcpp/cmake)
-- Found rmw_implementation_cmake: 6.1.2 (/opt/ros/humble/share/rmw_implementation_cmake/cmake)
-- Found rmw_fastrtps_cpp: 6.2.6 (/opt/ros/humble/share/rmw_fastrtps_cpp/cmake)
-- Found OpenSSL: /usr/lib/x86_64-linux-gnu/libcrypto.so (found version "3.0.2")  
-- Found FastRTPS: /opt/ros/humble/include  
-- Using RMW implementation 'rmw_fastrtps_cpp' as default
-- Looking for pthread.h
-- Looking for pthread.h - found
-- Performing Test CMAKE_HAVE_LIBC_PTHREAD
-- Performing Test CMAKE_HAVE_LIBC_PTHREAD - Success
-- Found Threads: TRUE  
-- Found OpenCV: /usr (found version "4.5.4") 
-- Found image_transport: 3.1.9 (/opt/ros/humble/share/image_transport/cmake)
-- Configuring done
-- Generating done
-- Build files have been written to: /home/steffens/KITrain/build/rgb_camera
[ 50%] [32mBuilding CXX object CMakeFiles/rgb_camera_receiver_main.dir/src/rgb_camera_receiver_main.cpp.o[0m
[01m[K/home/steffens/KITrain/src/ki_train/sensors/rgb_camera/src/rgb_camera_receiver_main.cpp:[m[K In member function ‘[01m[Kvoid RgbCameraReceiver::receiveData()[m[K’:
[01m[K/home/steffens/KITrain/src/ki_train/sensors/rgb_camera/src/rgb_camera_receiver_main.cpp:98:25:[m[K [01;35m[Kwarning: [m[Kunused variable ‘[01m[Kpacket_id[m[K’ [[01;35m[K]8;;https://gcc.gnu.org/onlinedocs/gcc/Warning-Options.html#index-Wunused-variable-Wunused-variable]8;;[m[K]
   98 |                 int32_t [01;35m[Kpacket_id[m[K = toInt32(header.packet_id);
      |                         [01;35m[K^~~~~~~~~[m[K
[01m[K/home/steffens/KITrain/src/ki_train/sensors/rgb_camera/src/rgb_camera_receiver_main.cpp:[m[K In member function ‘[01m[Kvoid RgbCameraReceiver::publishImage(int32_t)[m[K’:
[01m[K/home/steffens/KITrain/src/ki_train/sensors/rgb_camera/src/rgb_camera_receiver_main.cpp:125:46:[m[K [01;35m[Kwarning: [m[Kcomparison of integer expressions of different signedness: ‘[01m[Kstd::vector<unsigned char, std::allocator<unsigned char> >::size_type[m[K’ {aka ‘[01m[Klong unsigned int[m[K’} and ‘[01m[Kint[m[K’ [[01;35m[K]8;;https://gcc.gnu.org/onlinedocs/gcc/Warning-Options.html#index-Wsign-compare-Wsign-compare]8;;[m[K]
  125 |                 if ([01;35m[Kimage_buffer.data.size() != width * height * channels[m[K){
      |                     [01;35m[K~~~~~~~~~~~~~~~~~~~~~~~~~^~~~~~~~~~~~~~~~~~~~~~~~~~~~[m[K
[100%] [32m[1mLinking CXX executable rgb_camera_receiver_main[0m
[100%] Built target rgb_camera_receiver_main
-- Install configuration: ""
-- Installing: /home/steffens/KITrain/install/rgb_camera/lib/rgb_camera/rgb_camera_receiver_main
-- Set runtime path of "/home/steffens/KITrain/install/rgb_camera/lib/rgb_camera/rgb_camera_receiver_main" to ""
-- Installing: /home/steffens/KITrain/install/rgb_camera/share/rgb_camera/launch
-- Installing: /home/steffens/KITrain/install/rgb_camera/share/rgb_camera/launch/execute.launch.py
-- Installing: /home/steffens/KITrain/install/rgb_camera/share/ament_index/resource_index/package_run_dependencies/rgb_camera
-- Installing: /home/steffens/KITrain/install/rgb_camera/share/ament_index/resource_index/parent_prefix_path/rgb_camera
-- Installing: /home/steffens/KITrain/install/rgb_camera/share/rgb_camera/environment/ament_prefix_path.sh
-- Installing: /home/steffens/KITrain/install/rgb_camera/share/rgb_camera/environment/ament_prefix_path.dsv
-- Installing: /home/steffens/KITrain/install/rgb_camera/share/rgb_camera/environment/path.sh
-- Installing: /home/steffens/KITrain/install/rgb_camera/share/rgb_camera/environment/path.dsv
-- Installing: /home/steffens/KITrain/install/rgb_camera/share/rgb_camera/local_setup.bash
-- Installing: /home/steffens/KITrain/install/rgb_camera/share/rgb_camera/local_setup.sh
-- Installing: /home/steffens/KITrain/install/rgb_camera/share/rgb_camera/local_setup.zsh
-- Installing: /home/steffens/KITrain/install/rgb_camera/share/rgb_camera/local_setup.dsv
-- Installing: /home/steffens/KITrain/install/rgb_camera/share/rgb_camera/package.dsv
-- Installing: /home/steffens/KITrain/install/rgb_camera/share/ament_index/resource_index/packages/rgb_camera
-- Installing: /home/steffens/KITrain/install/rgb_camera/share/rgb_camera/cmake/rgb_cameraConfig.cmake
-- Installing: /home/steffens/KITrain/install/rgb_camera/share/rgb_camera/cmake/rgb_cameraConfig-version.cmake
-- Installing: /home/steffens/KITrain/install/rgb_camera/share/rgb_camera/package.xml
