[0.272s] Invoking command in '/home/steffens/KITrain/build/rgb_camera': CMAKE_PREFIX_PATH=${CMAKE_PREFIX_PATH}:/home/steffens/KITrain/install/camera_simulator:/opt/ros/humble /usr/bin/cmake /home/steffens/KITrain/src/ki_train/sensors/rgb_camera -DCMAKE_INSTALL_PREFIX=/home/steffens/KITrain/install/rgb_camera
[0.940s] -- The C compiler identification is GNU 11.4.0
[0.940s] -- The CXX compiler identification is GNU 11.4.0
[0.940s] -- Detecting C compiler ABI info
[0.941s] -- Detecting C compiler ABI info - done
[0.941s] -- Check for working C compiler: /usr/bin/cc - skipped
[0.941s] -- Detecting C compile features
[0.941s] -- Detecting C compile features - done
[0.941s] -- Detecting CXX compiler ABI info
[0.941s] -- Detecting CXX compiler ABI info - done
[0.941s] -- Check for working CXX compiler: /usr/bin/c++ - skipped
[0.941s] -- Detecting CXX compile features
[0.941s] -- Detecting CXX compile features - done
[0.941s] -- Found ament_cmake: 1.3.9 (/opt/ros/humble/share/ament_cmake/cmake)
[0.941s] -- Found Python3: /usr/bin/python3 (found version "3.10.12") found components: Interpreter 
[0.943s] -- Found cv_bridge: 3.2.1 (/opt/ros/humble/share/cv_bridge/cmake)
[0.944s] -- Found rosidl_generator_c: 3.1.5 (/opt/ros/humble/share/rosidl_generator_c/cmake)
[0.944s] -- Found rosidl_adapter: 3.1.5 (/opt/ros/humble/share/rosidl_adapter/cmake)
[0.944s] -- Found rosidl_generator_cpp: 3.1.5 (/opt/ros/humble/share/rosidl_generator_cpp/cmake)
[0.944s] -- Using all available rosidl_typesupport_c: rosidl_typesupport_fastrtps_c;rosidl_typesupport_introspection_c
[0.944s] -- Using all available rosidl_typesupport_cpp: rosidl_typesupport_fastrtps_cpp;rosidl_typesupport_introspection_cpp
[1.139s] -- Found rclcpp: 16.0.9 (/opt/ros/humble/share/rclcpp/cmake)
[1.212s] -- Found rmw_implementation_cmake: 6.1.2 (/opt/ros/humble/share/rmw_implementation_cmake/cmake)
[1.217s] -- Found rmw_fastrtps_cpp: 6.2.6 (/opt/ros/humble/share/rmw_fastrtps_cpp/cmake)
[1.339s] -- Found OpenSSL: /usr/lib/x86_64-linux-gnu/libcrypto.so (found version "3.0.2")  
[1.369s] -- Found FastRTPS: /opt/ros/humble/include  
[1.422s] -- Using RMW implementation 'rmw_fastrtps_cpp' as default
[1.436s] -- Looking for pthread.h
[1.511s] -- Looking for pthread.h - found
[1.511s] -- Performing Test CMAKE_HAVE_LIBC_PTHREAD
[1.589s] -- Performing Test CMAKE_HAVE_LIBC_PTHREAD - Success
[1.590s] -- Found Threads: TRUE  
[1.711s] -- Found OpenCV: /usr (found version "4.5.4") 
[1.714s] -- Found image_transport: 3.1.9 (/opt/ros/humble/share/image_transport/cmake)
[1.835s] -- Configuring done
[1.849s] -- Generating done
[1.850s] -- Build files have been written to: /home/steffens/KITrain/build/rgb_camera
[1.861s] Invoked command in '/home/steffens/KITrain/build/rgb_camera' returned '0': CMAKE_PREFIX_PATH=${CMAKE_PREFIX_PATH}:/home/steffens/KITrain/install/camera_simulator:/opt/ros/humble /usr/bin/cmake /home/steffens/KITrain/src/ki_train/sensors/rgb_camera -DCMAKE_INSTALL_PREFIX=/home/steffens/KITrain/install/rgb_camera
[1.863s] Invoking command in '/home/steffens/KITrain/build/rgb_camera': CMAKE_PREFIX_PATH=${CMAKE_PREFIX_PATH}:/home/steffens/KITrain/install/camera_simulator:/opt/ros/humble /usr/bin/cmake --build /home/steffens/KITrain/build/rgb_camera -- -j16 -l16
[1.920s] [ 50%] [32mBuilding CXX object CMakeFiles/rgb_camera_receiver_main.dir/src/rgb_camera_receiver_main.cpp.o[0m
[3.979s] [01m[K/home/steffens/KITrain/src/ki_train/sensors/rgb_camera/src/rgb_camera_receiver_main.cpp:[m[K In member function ‘[01m[Kvoid RgbCameraReceiver::receiveData()[m[K’:
[3.979s] [01m[K/home/steffens/KITrain/src/ki_train/sensors/rgb_camera/src/rgb_camera_receiver_main.cpp:98:25:[m[K [01;35m[Kwarning: [m[Kunused variable ‘[01m[Kpacket_id[m[K’ [[01;35m[K]8;;https://gcc.gnu.org/onlinedocs/gcc/Warning-Options.html#index-Wunused-variable-Wunused-variable]8;;[m[K]
[3.979s]    98 |                 int32_t [01;35m[Kpacket_id[m[K = toInt32(header.packet_id);
[3.979s]       |                         [01;35m[K^~~~~~~~~[m[K
[3.980s] [01m[K/home/steffens/KITrain/src/ki_train/sensors/rgb_camera/src/rgb_camera_receiver_main.cpp:[m[K In member function ‘[01m[Kvoid RgbCameraReceiver::publishImage(int32_t)[m[K’:
[3.980s] [01m[K/home/steffens/KITrain/src/ki_train/sensors/rgb_camera/src/rgb_camera_receiver_main.cpp:125:46:[m[K [01;35m[Kwarning: [m[Kcomparison of integer expressions of different signedness: ‘[01m[Kstd::vector<unsigned char, std::allocator<unsigned char> >::size_type[m[K’ {aka ‘[01m[Klong unsigned int[m[K’} and ‘[01m[Kint[m[K’ [[01;35m[K]8;;https://gcc.gnu.org/onlinedocs/gcc/Warning-Options.html#index-Wsign-compare-Wsign-compare]8;;[m[K]
[3.980s]   125 |                 if ([01;35m[Kimage_buffer.data.size() != width * height * channels[m[K){
[3.980s]       |                     [01;35m[K~~~~~~~~~~~~~~~~~~~~~~~~~^~~~~~~~~~~~~~~~~~~~~~~~~~~~[m[K
[5.731s] [100%] [32m[1mLinking CXX executable rgb_camera_receiver_main[0m
[5.925s] [100%] Built target rgb_camera_receiver_main
[5.938s] Invoked command in '/home/steffens/KITrain/build/rgb_camera' returned '0': CMAKE_PREFIX_PATH=${CMAKE_PREFIX_PATH}:/home/steffens/KITrain/install/camera_simulator:/opt/ros/humble /usr/bin/cmake --build /home/steffens/KITrain/build/rgb_camera -- -j16 -l16
[5.966s] Invoking command in '/home/steffens/KITrain/build/rgb_camera': CMAKE_PREFIX_PATH=${CMAKE_PREFIX_PATH}:/home/steffens/KITrain/install/camera_simulator:/opt/ros/humble /usr/bin/cmake --install /home/steffens/KITrain/build/rgb_camera
[5.974s] -- Install configuration: ""
[5.974s] -- Installing: /home/steffens/KITrain/install/rgb_camera/lib/rgb_camera/rgb_camera_receiver_main
[5.976s] -- Set runtime path of "/home/steffens/KITrain/install/rgb_camera/lib/rgb_camera/rgb_camera_receiver_main" to ""
[5.976s] -- Installing: /home/steffens/KITrain/install/rgb_camera/share/rgb_camera/launch
[5.976s] -- Installing: /home/steffens/KITrain/install/rgb_camera/share/rgb_camera/launch/execute.launch.py
[5.976s] -- Installing: /home/steffens/KITrain/install/rgb_camera/share/ament_index/resource_index/package_run_dependencies/rgb_camera
[5.977s] -- Installing: /home/steffens/KITrain/install/rgb_camera/share/ament_index/resource_index/parent_prefix_path/rgb_camera
[5.977s] -- Installing: /home/steffens/KITrain/install/rgb_camera/share/rgb_camera/environment/ament_prefix_path.sh
[5.977s] -- Installing: /home/steffens/KITrain/install/rgb_camera/share/rgb_camera/environment/ament_prefix_path.dsv
[5.977s] -- Installing: /home/steffens/KITrain/install/rgb_camera/share/rgb_camera/environment/path.sh
[5.977s] -- Installing: /home/steffens/KITrain/install/rgb_camera/share/rgb_camera/environment/path.dsv
[5.978s] -- Installing: /home/steffens/KITrain/install/rgb_camera/share/rgb_camera/local_setup.bash
[5.978s] -- Installing: /home/steffens/KITrain/install/rgb_camera/share/rgb_camera/local_setup.sh
[5.978s] -- Installing: /home/steffens/KITrain/install/rgb_camera/share/rgb_camera/local_setup.zsh
[5.978s] -- Installing: /home/steffens/KITrain/install/rgb_camera/share/rgb_camera/local_setup.dsv
[5.978s] -- Installing: /home/steffens/KITrain/install/rgb_camera/share/rgb_camera/package.dsv
[5.978s] -- Installing: /home/steffens/KITrain/install/rgb_camera/share/ament_index/resource_index/packages/rgb_camera
[5.979s] -- Installing: /home/steffens/KITrain/install/rgb_camera/share/rgb_camera/cmake/rgb_cameraConfig.cmake
[5.979s] -- Installing: /home/steffens/KITrain/install/rgb_camera/share/rgb_camera/cmake/rgb_cameraConfig-version.cmake
[5.979s] -- Installing: /home/steffens/KITrain/install/rgb_camera/share/rgb_camera/package.xml
[5.981s] Invoked command in '/home/steffens/KITrain/build/rgb_camera' returned '0': CMAKE_PREFIX_PATH=${CMAKE_PREFIX_PATH}:/home/steffens/KITrain/install/camera_simulator:/opt/ros/humble /usr/bin/cmake --install /home/steffens/KITrain/build/rgb_camera
