[0.304s] Invoking command in '/home/steffens/KITrain/build/gnss': CMAKE_PREFIX_PATH=${CMAKE_PREFIX_PATH}:/home/steffens/KITrain/install/camera_simulator:/opt/ros/humble /usr/bin/cmake --build /home/steffens/KITrain/build/gnss -- -j16 -l16
[0.360s] Invoked command in '/home/steffens/KITrain/build/gnss' returned '0': CMAKE_PREFIX_PATH=${CMAKE_PREFIX_PATH}:/home/steffens/KITrain/install/camera_simulator:/opt/ros/humble /usr/bin/cmake --build /home/steffens/KITrain/build/gnss -- -j16 -l16
[0.420s] Invoking command in '/home/steffens/KITrain/build/gnss': CMAKE_PREFIX_PATH=${CMAKE_PREFIX_PATH}:/home/steffens/KITrain/install/camera_simulator:/opt/ros/humble /usr/bin/cmake --install /home/steffens/KITrain/build/gnss
[0.441s] -- Install configuration: ""
[0.441s] -- Up-to-date: /home/steffens/KITrain/install/gnss/share/ament_index/resource_index/package_run_dependencies/gnss
[0.441s] -- Up-to-date: /home/steffens/KITrain/install/gnss/share/ament_index/resource_index/parent_prefix_path/gnss
[0.441s] -- Up-to-date: /home/steffens/KITrain/install/gnss/share/gnss/environment/ament_prefix_path.sh
[0.442s] -- Up-to-date: /home/steffens/KITrain/install/gnss/share/gnss/environment/ament_prefix_path.dsv
[0.442s] -- Up-to-date: /home/steffens/KITrain/install/gnss/share/gnss/environment/path.sh
[0.442s] -- Up-to-date: /home/steffens/KITrain/install/gnss/share/gnss/environment/path.dsv
[0.442s] -- Up-to-date: /home/steffens/KITrain/install/gnss/share/gnss/local_setup.bash
[0.442s] -- Up-to-date: /home/steffens/KITrain/install/gnss/share/gnss/local_setup.sh
[0.442s] -- Up-to-date: /home/steffens/KITrain/install/gnss/share/gnss/local_setup.zsh
[0.442s] -- Up-to-date: /home/steffens/KITrain/install/gnss/share/gnss/local_setup.dsv
[0.442s] -- Installing: /home/steffens/KITrain/install/gnss/share/gnss/package.dsv
[0.442s] -- Up-to-date: /home/steffens/KITrain/install/gnss/share/ament_index/resource_index/packages/gnss
[0.442s] -- Up-to-date: /home/steffens/KITrain/install/gnss/share/gnss/cmake/gnssConfig.cmake
[0.443s] -- Up-to-date: /home/steffens/KITrain/install/gnss/share/gnss/cmake/gnssConfig-version.cmake
[0.443s] -- Up-to-date: /home/steffens/KITrain/install/gnss/share/gnss/package.xml
[0.495s] Invoked command in '/home/steffens/KITrain/build/gnss' returned '0': CMAKE_PREFIX_PATH=${CMAKE_PREFIX_PATH}:/home/steffens/KITrain/install/camera_simulator:/opt/ros/humble /usr/bin/cmake --install /home/steffens/KITrain/build/gnss
