[01m[K/home/steffens/KITrain/src/ki_train/sensors/gnss/src/gnss_udp_to_topic.cpp:[m[K In constructor ‘[01m[KGNSSUDPPublisher::GNSSUDPPublisher()[m[K’:
[01m[K/home/steffens/KITrain/src/ki_train/sensors/gnss/src/gnss_udp_to_topic.cpp:23:13:[m[K [01;31m[Kerror: [m[K‘[01m[Ksockaddr_in[m[K’ was not declared in this scope; did you mean ‘[01m[Ksockaddr[m[K’?
   23 |             [01;31m[Ksockaddr_in[m[K servaddr;
      |             [01;31m[K^~~~~~~~~~~[m[K
      |             [32m[Ksockaddr[m[K
[01m[K/home/steffens/KITrain/src/ki_train/sensors/gnss/src/gnss_udp_to_topic.cpp:24:13:[m[K [01;31m[Kerror: [m[K‘[01m[Kservaddr[m[K’ was not declared in this scope
   24 |             [01;31m[Kservaddr[m[K.sin_family = AF_INET;
      |             [01;31m[K^~~~~~~~[m[K
[01m[K/home/steffens/KITrain/src/ki_train/sensors/gnss/src/gnss_udp_to_topic.cpp:25:46:[m[K [01;31m[Kerror: [m[K‘[01m[KINADDR_ANY[m[K’ was not declared in this scope
   25 |             servaddr.sin_addr.s_addr = htonl([01;31m[KINADDR_ANY[m[K); //to any available interface
      |                                              [01;31m[K^~~~~~~~~~[m[K
[01m[K/home/steffens/KITrain/src/ki_train/sensors/gnss/src/gnss_udp_to_topic.cpp:25:40:[m[K [01;31m[Kerror: [m[K‘[01m[Khtonl[m[K’ was not declared in this scope
   25 |             servaddr.sin_addr.s_addr = [01;31m[Khtonl[m[K(INADDR_ANY); //to any available interface
      |                                        [01;31m[K^~~~~[m[K
[01m[K/home/steffens/KITrain/src/ki_train/sensors/gnss/src/gnss_udp_to_topic.cpp:26:33:[m[K [01;31m[Kerror: [m[K‘[01m[Khtons[m[K’ was not declared in this scope
   26 |             servaddr.sin_port = [01;31m[Khtons[m[K(25002);             //PORT for GNSS stream
      |                                 [01;31m[K^~~~~[m[K
[01m[K/home/steffens/KITrain/src/ki_train/sensors/gnss/src/gnss_udp_to_topic.cpp:[m[K In member function ‘[01m[Kvoid GNSSUDPPublisher::receiveLoop()[m[K’:
[01m[K/home/steffens/KITrain/src/ki_train/sensors/gnss/src/gnss_udp_to_topic.cpp:48:13:[m[K [01;31m[Kerror: [m[K‘[01m[Ksockaddr_in[m[K’ was not declared in this scope; did you mean ‘[01m[Ksockaddr[m[K’?
   48 |             [01;31m[Ksockaddr_in[m[K client_addr;
      |             [01;31m[K^~~~~~~~~~~[m[K
      |             [32m[Ksockaddr[m[K
[01m[K/home/steffens/KITrain/src/ki_train/sensors/gnss/src/gnss_udp_to_topic.cpp:49:41:[m[K [01;31m[Kerror: [m[K‘[01m[Kclient_addr[m[K’ was not declared in this scope
   49 |             socklen_t addr_len = sizeof([01;31m[Kclient_addr[m[K);
      |                                         [01;31m[K^~~~~~~~~~~[m[K
[01m[K/home/steffens/KITrain/src/ki_train/sensors/gnss/src/gnss_udp_to_topic.cpp:[m[K In member function ‘[01m[Kbool GNSSUDPPublisher::convertToNavSatFix(const char*, size_t)[m[K’:
[01m[K/home/steffens/KITrain/src/ki_train/sensors/gnss/src/gnss_udp_to_topic.cpp:68:1:[m[K [01;35m[Kwarning: [m[Kno return statement in function returning non-void [[01;35m[K]8;;https://gcc.gnu.org/onlinedocs/gcc/Warning-Options.html#index-Wreturn-type-Wreturn-type]8;;[m[K]
   68 | [01;35m[K}[m[K
      | [01;35m[K^[m[K
gmake[2]: *** [CMakeFiles/gnss_udp_publisher.dir/build.make:76: CMakeFiles/gnss_udp_publisher.dir/src/gnss_udp_to_topic.cpp.o] Error 1
gmake[1]: *** [CMakeFiles/Makefile2:137: CMakeFiles/gnss_udp_publisher.dir/all] Error 2
gmake: *** [Makefile:146: all] Error 2
