[01m[K/home/steffens/KITrain/src/ki_train/sensors/lidar/src/lidar_udp_to_topic.cpp:[m[K In member function ‘[01m[Kbool LidarUDPPublisher::convertToPointCloud(const char*, size_t)[m[K’:
[01m[K/home/steffens/KITrain/src/ki_train/sensors/lidar/src/lidar_udp_to_topic.cpp:142:40:[m[K [01;31m[Kerror: [m[Kcannot convert ‘[01m[Kstd::vector<lidar_msgs::msg::GroundTruth_<std::allocator<void> >, std::allocator<lidar_msgs::msg::GroundTruth_<std::allocator<void> > > >[m[K’ to ‘[01m[Kconst std::vector<lidar_msgs::msg::GroundTruthArray_<std::allocator<void> > >&[m[K’
  142 |                     publishGroundTruth([01;31m[KgroundTruth_buffer_[m[K);
      |                                        [01;31m[K^~~~~~~~~~~~~~~~~~~[m[K
      |                                        [01;31m[K|[m[K
      |                                        [01;31m[Kstd::vector<lidar_msgs::msg::GroundTruth_<std::allocator<void> >, std::allocator<lidar_msgs::msg::GroundTruth_<std::allocator<void> > > >[m[K
[01m[K/home/steffens/KITrain/src/ki_train/sensors/lidar/src/lidar_udp_to_topic.cpp:275:83:[m[K [01;36m[Knote: [m[K  initializing argument 1 of ‘[01m[Kvoid LidarUDPPublisher::publishGroundTruth(const std::vector<lidar_msgs::msg::GroundTruthArray_<std::allocator<void> > >&)[m[K’
  275 |     void publishGroundTruth([01;36m[Kconst std::vector<lidar_msgs::msg::GroundTruthArray>& buffer[m[K) {
      |                             [01;36m[K~~~~~~~~~~~~~~~~~~~~~~~~~~~~~~~~~~~~~~~~~~~~~~~~~~~~~~^~~~~~[m[K
[01m[K/home/steffens/KITrain/src/ki_train/sensors/lidar/src/lidar_udp_to_topic.cpp:[m[K In member function ‘[01m[Kvoid LidarUDPPublisher::publishGroundTruth(const std::vector<lidar_msgs::msg::GroundTruthArray_<std::allocator<void> > >&)[m[K’:
[01m[K/home/steffens/KITrain/src/ki_train/sensors/lidar/src/lidar_udp_to_topic.cpp:279:28:[m[K [01;31m[Kerror: [m[Kno match for ‘[01m[Koperator=[m[K’ (operand types are ‘[01m[Klidar_msgs::msg::GroundTruthArray_<std::allocator<void> >::_labels_type[m[K’ {aka ‘[01m[Kstd::vector<lidar_msgs::msg::GroundTruth_<std::allocator<void> >, std::allocator<lidar_msgs::msg::GroundTruth_<std::allocator<void> > > >[m[K’} and ‘[01m[Kconst std::vector<lidar_msgs::msg::GroundTruthArray_<std::allocator<void> > >[m[K’)
  279 |         array_msg.labels = [01;31m[Kbuffer[m[K;
      |                            [01;31m[K^~~~~~[m[K
In file included from [01m[K/usr/include/c++/11/vector:72[m[K,
                 from [01m[K/usr/include/c++/11/functional:62[m[K,
                 from [01m[K/usr/include/c++/11/pstl/glue_algorithm_defs.h:13[m[K,
                 from [01m[K/usr/include/c++/11/algorithm:74[m[K,
                 from [01m[K/opt/ros/humble/include/rclcpp/rclcpp/executor.hpp:18[m[K,
                 from [01m[K/opt/ros/humble/include/rclcpp/rclcpp/executors/multi_threaded_executor.hpp:25[m[K,
                 from [01m[K/opt/ros/humble/include/rclcpp/rclcpp/executors.hpp:21[m[K,
                 from [01m[K/opt/ros/humble/include/rclcpp/rclcpp/rclcpp.hpp:155[m[K,
                 from [01m[K/home/steffens/KITrain/src/ki_train/sensors/lidar/src/lidar_udp_to_topic.cpp:1[m[K:
[01m[K/usr/include/c++/11/bits/vector.tcc:198:5:[m[K [01;36m[Knote: [m[Kcandidate: ‘[01m[Kstd::vector<_Tp, _Alloc>& std::vector<_Tp, _Alloc>::operator=(const std::vector<_Tp, _Alloc>&) [with _Tp = lidar_msgs::msg::GroundTruth_<std::allocator<void> >; _Alloc = std::allocator<lidar_msgs::msg::GroundTruth_<std::allocator<void> > >][m[K’
  198 |     [01;36m[Kvector<_Tp, _Alloc>[m[K::
      |     [01;36m[K^~~~~~~~~~~~~~~~~~~[m[K
[01m[K/usr/include/c++/11/bits/vector.tcc:199:42:[m[K [01;36m[Knote: [m[K  no known conversion for argument 1 from ‘[01m[Kconst std::vector<lidar_msgs::msg::GroundTruthArray_<std::allocator<void> > >[m[K’ to ‘[01m[Kconst std::vector<lidar_msgs::msg::GroundTruth_<std::allocator<void> >, std::allocator<lidar_msgs::msg::GroundTruth_<std::allocator<void> > > >&[m[K’
  199 |     operator=([01;36m[Kconst vector<_Tp, _Alloc>& __x[m[K)
      |               [01;36m[K~~~~~~~~~~~~~~~~~~~~~~~~~~~^~~[m[K
In file included from [01m[K/usr/include/c++/11/vector:67[m[K,
                 from [01m[K/usr/include/c++/11/functional:62[m[K,
                 from [01m[K/usr/include/c++/11/pstl/glue_algorithm_defs.h:13[m[K,
                 from [01m[K/usr/include/c++/11/algorithm:74[m[K,
                 from [01m[K/opt/ros/humble/include/rclcpp/rclcpp/executor.hpp:18[m[K,
                 from [01m[K/opt/ros/humble/include/rclcpp/rclcpp/executors/multi_threaded_executor.hpp:25[m[K,
                 from [01m[K/opt/ros/humble/include/rclcpp/rclcpp/executors.hpp:21[m[K,
                 from [01m[K/opt/ros/humble/include/rclcpp/rclcpp/rclcpp.hpp:155[m[K,
                 from [01m[K/home/steffens/KITrain/src/ki_train/sensors/lidar/src/lidar_udp_to_topic.cpp:1[m[K:
[01m[K/usr/include/c++/11/bits/stl_vector.h:709:7:[m[K [01;36m[Knote: [m[Kcandidate: ‘[01m[Kstd::vector<_Tp, _Alloc>& std::vector<_Tp, _Alloc>::operator=(std::vector<_Tp, _Alloc>&&) [with _Tp = lidar_msgs::msg::GroundTruth_<std::allocator<void> >; _Alloc = std::allocator<lidar_msgs::msg::GroundTruth_<std::allocator<void> > >][m[K’
  709 |       [01;36m[Koperator[m[K=(vector&& __x) noexcept(_Alloc_traits::_S_nothrow_move())
      |       [01;36m[K^~~~~~~~[m[K
[01m[K/usr/include/c++/11/bits/stl_vector.h:709:26:[m[K [01;36m[Knote: [m[K  no known conversion for argument 1 from ‘[01m[Kconst std::vector<lidar_msgs::msg::GroundTruthArray_<std::allocator<void> > >[m[K’ to ‘[01m[Kstd::vector<lidar_msgs::msg::GroundTruth_<std::allocator<void> >, std::allocator<lidar_msgs::msg::GroundTruth_<std::allocator<void> > > >&&[m[K’
  709 |       operator=([01;36m[Kvector&& __x[m[K) noexcept(_Alloc_traits::_S_nothrow_move())
      |                 [01;36m[K~~~~~~~~~^~~[m[K
[01m[K/usr/include/c++/11/bits/stl_vector.h:730:7:[m[K [01;36m[Knote: [m[Kcandidate: ‘[01m[Kstd::vector<_Tp, _Alloc>& std::vector<_Tp, _Alloc>::operator=(std::initializer_list<_Tp>) [with _Tp = lidar_msgs::msg::GroundTruth_<std::allocator<void> >; _Alloc = std::allocator<lidar_msgs::msg::GroundTruth_<std::allocator<void> > >][m[K’
  730 |       [01;36m[Koperator[m[K=(initializer_list<value_type> __l)
      |       [01;36m[K^~~~~~~~[m[K
[01m[K/usr/include/c++/11/bits/stl_vector.h:730:46:[m[K [01;36m[Knote: [m[K  no known conversion for argument 1 from ‘[01m[Kconst std::vector<lidar_msgs::msg::GroundTruthArray_<std::allocator<void> > >[m[K’ to ‘[01m[Kstd::initializer_list<lidar_msgs::msg::GroundTruth_<std::allocator<void> > >[m[K’
  730 |       operator=([01;36m[Kinitializer_list<value_type> __l[m[K)
      |                 [01;36m[K~~~~~~~~~~~~~~~~~~~~~~~~~~~~~^~~[m[K
gmake[2]: *** [CMakeFiles/lidar_udp_publisher.dir/build.make:76: CMakeFiles/lidar_udp_publisher.dir/src/lidar_udp_to_topic.cpp.o] Error 1
gmake[1]: *** [CMakeFiles/Makefile2:137: CMakeFiles/lidar_udp_publisher.dir/all] Error 2
gmake: *** [Makefile:146: all] Error 2
