[0.013s] Invoking command in '/home/steffens/KITrain/build/lidar': CMAKE_PREFIX_PATH=/home/steffens/KITrain/install/lidar_msgs:/home/steffens/KITrain/install/track_detector:/home/steffens/KITrain/install/target_velocity_estimator:/home/steffens/KITrain/install/target_distance_estimator:/home/steffens/KITrain/install/signal_detector:/home/steffens/KITrain/install/signal_detection_verificator:/home/steffens/KITrain/install/rgb_detector:/home/steffens/KITrain/install/rgb_camera:/home/steffens/KITrain/install/position_corrector:/home/steffens/KITrain/install/odometry:/home/steffens/KITrain/install/object_fuser:/home/steffens/KITrain/install/localizer:/home/steffens/KITrain/install/lidar:/home/steffens/KITrain/install/lidar_detector:/home/steffens/KITrain/install/gnss:/home/steffens/KITrain/install/clearance_profile_setter:/home/steffens/KITrain/install/clearance_profile_observer:/home/steffens/KITrain/install/camera_simulator:/opt/ros/humble /usr/bin/cmake --build /home/steffens/KITrain/build/lidar -- -j16 -l16
[0.062s] [35m[1mConsolidate compiler generated dependencies of target lidar_udp_publisher[0m
[0.088s] [ 50%] [32mBuilding CXX object CMakeFiles/lidar_udp_publisher.dir/src/lidar_udp_to_topic.cpp.o[0m
[2.121s] [01m[K/home/steffens/KITrain/src/ki_train/sensors/lidar/src/lidar_udp_to_topic.cpp:[m[K In member function ‘[01m[Kbool LidarUDPPublisher::convertToPointCloud(const char*, size_t)[m[K’:
[2.121s] [01m[K/home/steffens/KITrain/src/ki_train/sensors/lidar/src/lidar_udp_to_topic.cpp:142:40:[m[K [01;31m[Kerror: [m[Kcannot convert ‘[01m[Kstd::vector<lidar_msgs::msg::GroundTruth_<std::allocator<void> >, std::allocator<lidar_msgs::msg::GroundTruth_<std::allocator<void> > > >[m[K’ to ‘[01m[Kconst std::vector<lidar_msgs::msg::GroundTruthArray_<std::allocator<void> > >&[m[K’
[2.121s]   142 |                     publishGroundTruth([01;31m[KgroundTruth_buffer_[m[K);
[2.121s]       |                                        [01;31m[K^~~~~~~~~~~~~~~~~~~[m[K
[2.122s]       |                                        [01;31m[K|[m[K
[2.122s]       |                                        [01;31m[Kstd::vector<lidar_msgs::msg::GroundTruth_<std::allocator<void> >, std::allocator<lidar_msgs::msg::GroundTruth_<std::allocator<void> > > >[m[K
[2.122s] [01m[K/home/steffens/KITrain/src/ki_train/sensors/lidar/src/lidar_udp_to_topic.cpp:275:83:[m[K [01;36m[Knote: [m[K  initializing argument 1 of ‘[01m[Kvoid LidarUDPPublisher::publishGroundTruth(const std::vector<lidar_msgs::msg::GroundTruthArray_<std::allocator<void> > >&)[m[K’
[2.122s]   275 |     void publishGroundTruth([01;36m[Kconst std::vector<lidar_msgs::msg::GroundTruthArray>& buffer[m[K) {
[2.122s]       |                             [01;36m[K~~~~~~~~~~~~~~~~~~~~~~~~~~~~~~~~~~~~~~~~~~~~~~~~~~~~~~^~~~~~[m[K
[2.123s] [01m[K/home/steffens/KITrain/src/ki_train/sensors/lidar/src/lidar_udp_to_topic.cpp:[m[K In member function ‘[01m[Kvoid LidarUDPPublisher::publishGroundTruth(const std::vector<lidar_msgs::msg::GroundTruthArray_<std::allocator<void> > >&)[m[K’:
[2.123s] [01m[K/home/steffens/KITrain/src/ki_train/sensors/lidar/src/lidar_udp_to_topic.cpp:279:28:[m[K [01;31m[Kerror: [m[Kno match for ‘[01m[Koperator=[m[K’ (operand types are ‘[01m[Klidar_msgs::msg::GroundTruthArray_<std::allocator<void> >::_labels_type[m[K’ {aka ‘[01m[Kstd::vector<lidar_msgs::msg::GroundTruth_<std::allocator<void> >, std::allocator<lidar_msgs::msg::GroundTruth_<std::allocator<void> > > >[m[K’} and ‘[01m[Kconst std::vector<lidar_msgs::msg::GroundTruthArray_<std::allocator<void> > >[m[K’)
[2.123s]   279 |         array_msg.labels = [01;31m[Kbuffer[m[K;
[2.123s]       |                            [01;31m[K^~~~~~[m[K
[2.123s] In file included from [01m[K/usr/include/c++/11/vector:72[m[K,
[2.124s]                  from [01m[K/usr/include/c++/11/functional:62[m[K,
[2.124s]                  from [01m[K/usr/include/c++/11/pstl/glue_algorithm_defs.h:13[m[K,
[2.124s]                  from [01m[K/usr/include/c++/11/algorithm:74[m[K,
[2.124s]                  from [01m[K/opt/ros/humble/include/rclcpp/rclcpp/executor.hpp:18[m[K,
[2.124s]                  from [01m[K/opt/ros/humble/include/rclcpp/rclcpp/executors/multi_threaded_executor.hpp:25[m[K,
[2.124s]                  from [01m[K/opt/ros/humble/include/rclcpp/rclcpp/executors.hpp:21[m[K,
[2.124s]                  from [01m[K/opt/ros/humble/include/rclcpp/rclcpp/rclcpp.hpp:155[m[K,
[2.124s]                  from [01m[K/home/steffens/KITrain/src/ki_train/sensors/lidar/src/lidar_udp_to_topic.cpp:1[m[K:
[2.124s] [01m[K/usr/include/c++/11/bits/vector.tcc:198:5:[m[K [01;36m[Knote: [m[Kcandidate: ‘[01m[Kstd::vector<_Tp, _Alloc>& std::vector<_Tp, _Alloc>::operator=(const std::vector<_Tp, _Alloc>&) [with _Tp = lidar_msgs::msg::GroundTruth_<std::allocator<void> >; _Alloc = std::allocator<lidar_msgs::msg::GroundTruth_<std::allocator<void> > >][m[K’
[2.124s]   198 |     [01;36m[Kvector<_Tp, _Alloc>[m[K::
[2.124s]       |     [01;36m[K^~~~~~~~~~~~~~~~~~~[m[K
[2.124s] [01m[K/usr/include/c++/11/bits/vector.tcc:199:42:[m[K [01;36m[Knote: [m[K  no known conversion for argument 1 from ‘[01m[Kconst std::vector<lidar_msgs::msg::GroundTruthArray_<std::allocator<void> > >[m[K’ to ‘[01m[Kconst std::vector<lidar_msgs::msg::GroundTruth_<std::allocator<void> >, std::allocator<lidar_msgs::msg::GroundTruth_<std::allocator<void> > > >&[m[K’
[2.124s]   199 |     operator=([01;36m[Kconst vector<_Tp, _Alloc>& __x[m[K)
[2.124s]       |               [01;36m[K~~~~~~~~~~~~~~~~~~~~~~~~~~~^~~[m[K
[2.124s] In file included from [01m[K/usr/include/c++/11/vector:67[m[K,
[2.124s]                  from [01m[K/usr/include/c++/11/functional:62[m[K,
[2.124s]                  from [01m[K/usr/include/c++/11/pstl/glue_algorithm_defs.h:13[m[K,
[2.124s]                  from [01m[K/usr/include/c++/11/algorithm:74[m[K,
[2.125s]                  from [01m[K/opt/ros/humble/include/rclcpp/rclcpp/executor.hpp:18[m[K,
[2.125s]                  from [01m[K/opt/ros/humble/include/rclcpp/rclcpp/executors/multi_threaded_executor.hpp:25[m[K,
[2.125s]                  from [01m[K/opt/ros/humble/include/rclcpp/rclcpp/executors.hpp:21[m[K,
[2.125s]                  from [01m[K/opt/ros/humble/include/rclcpp/rclcpp/rclcpp.hpp:155[m[K,
[2.125s]                  from [01m[K/home/steffens/KITrain/src/ki_train/sensors/lidar/src/lidar_udp_to_topic.cpp:1[m[K:
[2.125s] [01m[K/usr/include/c++/11/bits/stl_vector.h:709:7:[m[K [01;36m[Knote: [m[Kcandidate: ‘[01m[Kstd::vector<_Tp, _Alloc>& std::vector<_Tp, _Alloc>::operator=(std::vector<_Tp, _Alloc>&&) [with _Tp = lidar_msgs::msg::GroundTruth_<std::allocator<void> >; _Alloc = std::allocator<lidar_msgs::msg::GroundTruth_<std::allocator<void> > >][m[K’
[2.125s]   709 |       [01;36m[Koperator[m[K=(vector&& __x) noexcept(_Alloc_traits::_S_nothrow_move())
[2.125s]       |       [01;36m[K^~~~~~~~[m[K
[2.125s] [01m[K/usr/include/c++/11/bits/stl_vector.h:709:26:[m[K [01;36m[Knote: [m[K  no known conversion for argument 1 from ‘[01m[Kconst std::vector<lidar_msgs::msg::GroundTruthArray_<std::allocator<void> > >[m[K’ to ‘[01m[Kstd::vector<lidar_msgs::msg::GroundTruth_<std::allocator<void> >, std::allocator<lidar_msgs::msg::GroundTruth_<std::allocator<void> > > >&&[m[K’
[2.125s]   709 |       operator=([01;36m[Kvector&& __x[m[K) noexcept(_Alloc_traits::_S_nothrow_move())
[2.125s]       |                 [01;36m[K~~~~~~~~~^~~[m[K
[2.125s] [01m[K/usr/include/c++/11/bits/stl_vector.h:730:7:[m[K [01;36m[Knote: [m[Kcandidate: ‘[01m[Kstd::vector<_Tp, _Alloc>& std::vector<_Tp, _Alloc>::operator=(std::initializer_list<_Tp>) [with _Tp = lidar_msgs::msg::GroundTruth_<std::allocator<void> >; _Alloc = std::allocator<lidar_msgs::msg::GroundTruth_<std::allocator<void> > >][m[K’
[2.125s]   730 |       [01;36m[Koperator[m[K=(initializer_list<value_type> __l)
[2.125s]       |       [01;36m[K^~~~~~~~[m[K
[2.125s] [01m[K/usr/include/c++/11/bits/stl_vector.h:730:46:[m[K [01;36m[Knote: [m[K  no known conversion for argument 1 from ‘[01m[Kconst std::vector<lidar_msgs::msg::GroundTruthArray_<std::allocator<void> > >[m[K’ to ‘[01m[Kstd::initializer_list<lidar_msgs::msg::GroundTruth_<std::allocator<void> > >[m[K’
[2.125s]   730 |       operator=([01;36m[Kinitializer_list<value_type> __l[m[K)
[2.125s]       |                 [01;36m[K~~~~~~~~~~~~~~~~~~~~~~~~~~~~~^~~[m[K
[2.919s] gmake[2]: *** [CMakeFiles/lidar_udp_publisher.dir/build.make:76: CMakeFiles/lidar_udp_publisher.dir/src/lidar_udp_to_topic.cpp.o] Error 1
[2.919s] gmake[1]: *** [CMakeFiles/Makefile2:137: CMakeFiles/lidar_udp_publisher.dir/all] Error 2
[2.919s] gmake: *** [Makefile:146: all] Error 2
[2.922s] Invoked command in '/home/steffens/KITrain/build/lidar' returned '2': CMAKE_PREFIX_PATH=/home/steffens/KITrain/install/lidar_msgs:/home/steffens/KITrain/install/track_detector:/home/steffens/KITrain/install/target_velocity_estimator:/home/steffens/KITrain/install/target_distance_estimator:/home/steffens/KITrain/install/signal_detector:/home/steffens/KITrain/install/signal_detection_verificator:/home/steffens/KITrain/install/rgb_detector:/home/steffens/KITrain/install/rgb_camera:/home/steffens/KITrain/install/position_corrector:/home/steffens/KITrain/install/odometry:/home/steffens/KITrain/install/object_fuser:/home/steffens/KITrain/install/localizer:/home/steffens/KITrain/install/lidar:/home/steffens/KITrain/install/lidar_detector:/home/steffens/KITrain/install/gnss:/home/steffens/KITrain/install/clearance_profile_setter:/home/steffens/KITrain/install/clearance_profile_observer:/home/steffens/KITrain/install/camera_simulator:/opt/ros/humble /usr/bin/cmake --build /home/steffens/KITrain/build/lidar -- -j16 -l16
