[0.290s] Invoking command in '/home/steffens/KITrain/build/odometry': CMAKE_PREFIX_PATH=${CMAKE_PREFIX_PATH}:/home/steffens/KITrain/install/camera_simulator:/opt/ros/humble /usr/bin/cmake /home/steffens/KITrain/src/ki_train/sensors/odometry -DCMAKE_INSTALL_PREFIX=/home/steffens/KITrain/install/odometry
[0.352s] -- The C compiler identification is GNU 11.4.0
[0.416s] -- The CXX compiler identification is GNU 11.4.0
[0.424s] -- Detecting C compiler ABI info
[0.517s] -- Detecting C compiler ABI info - done
[0.526s] -- Check for working C compiler: /usr/bin/cc - skipped
[0.527s] -- Detecting C compile features
[0.527s] -- Detecting C compile features - done
[0.531s] -- Detecting CXX compiler ABI info
[0.664s] -- Detecting CXX compiler ABI info - done
[0.689s] -- Check for working CXX compiler: /usr/bin/c++ - skipped
[0.689s] -- Detecting CXX compile features
[0.690s] -- Detecting CXX compile features - done
[0.697s] -- Found ament_cmake: 1.3.9 (/opt/ros/humble/share/ament_cmake/cmake)
[0.902s] -- Found Python3: /usr/bin/python3 (found version "3.10.12") found components: Interpreter 
[0.994s] -- Found ament_lint_auto: 0.12.11 (/opt/ros/humble/share/ament_lint_auto/cmake)
[1.080s] -- Added test 'lint_cmake' to check CMake code style
[1.080s] -- Added test 'xmllint' to check XML markup files
[1.089s] -- Configuring done
[1.093s] -- Generating done
[1.093s] -- Build files have been written to: /home/steffens/KITrain/build/odometry
[1.115s] Invoked command in '/home/steffens/KITrain/build/odometry' returned '0': CMAKE_PREFIX_PATH=${CMAKE_PREFIX_PATH}:/home/steffens/KITrain/install/camera_simulator:/opt/ros/humble /usr/bin/cmake /home/steffens/KITrain/src/ki_train/sensors/odometry -DCMAKE_INSTALL_PREFIX=/home/steffens/KITrain/install/odometry
[1.117s] Invoking command in '/home/steffens/KITrain/build/odometry': CMAKE_PREFIX_PATH=${CMAKE_PREFIX_PATH}:/home/steffens/KITrain/install/camera_simulator:/opt/ros/humble /usr/bin/cmake --build /home/steffens/KITrain/build/odometry -- -j16 -l16
[1.193s] Invoked command in '/home/steffens/KITrain/build/odometry' returned '0': CMAKE_PREFIX_PATH=${CMAKE_PREFIX_PATH}:/home/steffens/KITrain/install/camera_simulator:/opt/ros/humble /usr/bin/cmake --build /home/steffens/KITrain/build/odometry -- -j16 -l16
[1.239s] Invoking command in '/home/steffens/KITrain/build/odometry': CMAKE_PREFIX_PATH=${CMAKE_PREFIX_PATH}:/home/steffens/KITrain/install/camera_simulator:/opt/ros/humble /usr/bin/cmake --install /home/steffens/KITrain/build/odometry
[1.252s] -- Install configuration: ""
[1.252s] -- Installing: /home/steffens/KITrain/install/odometry/share/ament_index/resource_index/package_run_dependencies/odometry
[1.252s] -- Installing: /home/steffens/KITrain/install/odometry/share/ament_index/resource_index/parent_prefix_path/odometry
[1.252s] -- Installing: /home/steffens/KITrain/install/odometry/share/odometry/environment/ament_prefix_path.sh
[1.253s] -- Installing: /home/steffens/KITrain/install/odometry/share/odometry/environment/ament_prefix_path.dsv
[1.253s] -- Installing: /home/steffens/KITrain/install/odometry/share/odometry/environment/path.sh
[1.253s] -- Installing: /home/steffens/KITrain/install/odometry/share/odometry/environment/path.dsv
[1.253s] -- Installing: /home/steffens/KITrain/install/odometry/share/odometry/local_setup.bash
[1.253s] -- Installing: /home/steffens/KITrain/install/odometry/share/odometry/local_setup.sh
[1.253s] -- Installing: /home/steffens/KITrain/install/odometry/share/odometry/local_setup.zsh
[1.253s] -- Installing: /home/steffens/KITrain/install/odometry/share/odometry/local_setup.dsv
[1.253s] -- Installing: /home/steffens/KITrain/install/odometry/share/odometry/package.dsv
[1.253s] -- Installing: /home/steffens/KITrain/install/odometry/share/ament_index/resource_index/packages/odometry
[1.253s] -- Installing: /home/steffens/KITrain/install/odometry/share/odometry/cmake/odometryConfig.cmake
[1.254s] -- Installing: /home/steffens/KITrain/install/odometry/share/odometry/cmake/odometryConfig-version.cmake
[1.254s] -- Installing: /home/steffens/KITrain/install/odometry/share/odometry/package.xml
[1.299s] Invoked command in '/home/steffens/KITrain/build/odometry' returned '0': CMAKE_PREFIX_PATH=${CMAKE_PREFIX_PATH}:/home/steffens/KITrain/install/camera_simulator:/opt/ros/humble /usr/bin/cmake --install /home/steffens/KITrain/build/odometry
