[0.274s] Invoking command in '/home/steffens/KITrain/build/object_fuser': CMAKE_PREFIX_PATH=${CMAKE_PREFIX_PATH}:/home/steffens/KITrain/install/camera_simulator:/opt/ros/humble /usr/bin/cmake /home/steffens/KITrain/src/ki_train/object_localizer/object_fuser -DCMAKE_INSTALL_PREFIX=/home/steffens/KITrain/install/object_fuser
[0.332s] -- The C compiler identification is GNU 11.4.0
[0.391s] -- The CXX compiler identification is GNU 11.4.0
[0.399s] -- Detecting C compiler ABI info
[0.490s] -- Detecting C compiler ABI info - done
[0.497s] -- Check for working C compiler: /usr/bin/cc - skipped
[0.497s] -- Detecting C compile features
[0.498s] -- Detecting C compile features - done
[0.501s] -- Detecting CXX compiler ABI info
[0.588s] -- Detecting CXX compiler ABI info - done
[0.596s] -- Check for working CXX compiler: /usr/bin/c++ - skipped
[0.596s] -- Detecting CXX compile features
[0.606s] -- Detecting CXX compile features - done
[0.607s] -- Found ament_cmake: 1.3.9 (/opt/ros/humble/share/ament_cmake/cmake)
[0.765s] -- Found Python3: /usr/bin/python3 (found version "3.10.12") found components: Interpreter 
[0.859s] -- Found ament_lint_auto: 0.12.11 (/opt/ros/humble/share/ament_lint_auto/cmake)
[0.940s] -- Added test 'lint_cmake' to check CMake code style
[0.942s] -- Added test 'xmllint' to check XML markup files
[0.944s] -- Configuring done
[0.948s] -- Generating done
[0.949s] -- Build files have been written to: /home/steffens/KITrain/build/object_fuser
[0.968s] Invoked command in '/home/steffens/KITrain/build/object_fuser' returned '0': CMAKE_PREFIX_PATH=${CMAKE_PREFIX_PATH}:/home/steffens/KITrain/install/camera_simulator:/opt/ros/humble /usr/bin/cmake /home/steffens/KITrain/src/ki_train/object_localizer/object_fuser -DCMAKE_INSTALL_PREFIX=/home/steffens/KITrain/install/object_fuser
[0.969s] Invoking command in '/home/steffens/KITrain/build/object_fuser': CMAKE_PREFIX_PATH=${CMAKE_PREFIX_PATH}:/home/steffens/KITrain/install/camera_simulator:/opt/ros/humble /usr/bin/cmake --build /home/steffens/KITrain/build/object_fuser -- -j16 -l16
[1.027s] Invoked command in '/home/steffens/KITrain/build/object_fuser' returned '0': CMAKE_PREFIX_PATH=${CMAKE_PREFIX_PATH}:/home/steffens/KITrain/install/camera_simulator:/opt/ros/humble /usr/bin/cmake --build /home/steffens/KITrain/build/object_fuser -- -j16 -l16
[1.101s] Invoking command in '/home/steffens/KITrain/build/object_fuser': CMAKE_PREFIX_PATH=${CMAKE_PREFIX_PATH}:/home/steffens/KITrain/install/camera_simulator:/opt/ros/humble /usr/bin/cmake --install /home/steffens/KITrain/build/object_fuser
[1.109s] -- Install configuration: ""
[1.109s] -- Installing: /home/steffens/KITrain/install/object_fuser/share/ament_index/resource_index/package_run_dependencies/object_fuser
[1.111s] -- Installing: /home/steffens/KITrain/install/object_fuser/share/ament_index/resource_index/parent_prefix_path/object_fuser
[1.111s] -- Installing: /home/steffens/KITrain/install/object_fuser/share/object_fuser/environment/ament_prefix_path.sh
[1.111s] -- Installing: /home/steffens/KITrain/install/object_fuser/share/object_fuser/environment/ament_prefix_path.dsv
[1.111s] -- Installing: /home/steffens/KITrain/install/object_fuser/share/object_fuser/environment/path.sh
[1.111s] -- Installing: /home/steffens/KITrain/install/object_fuser/share/object_fuser/environment/path.dsv
[1.112s] -- Installing: /home/steffens/KITrain/install/object_fuser/share/object_fuser/local_setup.bash
[1.112s] -- Installing: /home/steffens/KITrain/install/object_fuser/share/object_fuser/local_setup.sh
[1.113s] -- Installing: /home/steffens/KITrain/install/object_fuser/share/object_fuser/local_setup.zsh
[1.113s] -- Installing: /home/steffens/KITrain/install/object_fuser/share/object_fuser/local_setup.dsv
[1.114s] -- Installing: /home/steffens/KITrain/install/object_fuser/share/object_fuser/package.dsv
[1.114s] -- Installing: /home/steffens/KITrain/install/object_fuser/share/ament_index/resource_index/packages/object_fuser
[1.114s] -- Installing: /home/steffens/KITrain/install/object_fuser/share/object_fuser/cmake/object_fuserConfig.cmake
[1.114s] -- Installing: /home/steffens/KITrain/install/object_fuser/share/object_fuser/cmake/object_fuserConfig-version.cmake
[1.114s] -- Installing: /home/steffens/KITrain/install/object_fuser/share/object_fuser/package.xml
[1.147s] Invoked command in '/home/steffens/KITrain/build/object_fuser' returned '0': CMAKE_PREFIX_PATH=${CMAKE_PREFIX_PATH}:/home/steffens/KITrain/install/camera_simulator:/opt/ros/humble /usr/bin/cmake --install /home/steffens/KITrain/build/object_fuser
