[01m[K/home/steffens/KITrain/src/ki_train/sensors/gnss/src/gnss_udp_to_topic.cpp:[m[K In constructor ‘[01m[KGNSSUDPPublisher::GNSSUDPPublisher()[m[K’:
[01m[K/home/steffens/KITrain/src/ki_train/sensors/gnss/src/gnss_udp_to_topic.cpp:14:9:[m[K [01;31m[Kerror: [m[K‘[01m[KgnssPublisher_[m[K’ was not declared in this scope
   14 |         [01;31m[KgnssPublisher_[m[K = this ->create_publisher<sensor_msgs::msg::NavSatFix>("gnss", 10);
      |         [01;31m[K^~~~~~~~~~~~~~[m[K
[01m[K/home/steffens/KITrain/src/ki_train/sensors/gnss/src/gnss_udp_to_topic.cpp:17:9:[m[K [01;31m[Kerror: [m[K‘[01m[Ksockfd2_[m[K’ was not declared in this scope
   17 |         [01;31m[Ksockfd2_[m[K = socket(AF_INET, SOCK_DGRAM, 0);
      |         [01;31m[K^~~~~~~~[m[K
[01m[K/home/steffens/KITrain/src/ki_train/sensors/gnss/src/gnss_udp_to_topic.cpp:33:13:[m[K [01;31m[Kerror: [m[K‘[01m[Kreceive_gnss_thread_[m[K’ was not declared in this scope
   33 |             [01;31m[Kreceive_gnss_thread_[m[K = std::thread(&GNSSUDPPublisher::receiveLoop, this);
      |             [01;31m[K^~~~~~~~~~~~~~~~~~~~[m[K
[01m[K/home/steffens/KITrain/src/ki_train/sensors/gnss/src/gnss_udp_to_topic.cpp:[m[K In destructor ‘[01m[Kvirtual GNSSUDPPublisher::~GNSSUDPPublisher()[m[K’:
[01m[K/home/steffens/KITrain/src/ki_train/sensors/gnss/src/gnss_udp_to_topic.cpp:37:15:[m[K [01;31m[Kerror: [m[K‘[01m[Ksockfd2_[m[K’ was not declared in this scope
   37 |         close([01;31m[Ksockfd2_[m[K);
      |               [01;31m[K^~~~~~~~[m[K
[01m[K/home/steffens/KITrain/src/ki_train/sensors/gnss/src/gnss_udp_to_topic.cpp:[m[K In member function ‘[01m[Kvoid GNSSUDPPublisher::receiveLoop()[m[K’:
[01m[K/home/steffens/KITrain/src/ki_train/sensors/gnss/src/gnss_udp_to_topic.cpp:52:46:[m[K [01;31m[Kerror: [m[K‘[01m[Ksockfd2_[m[K’ was not declared in this scope
   52 |             size_t bytes_received = recvfrom([01;31m[Ksockfd2_[m[K, buffer, MAX_UDP_PACKET_SIZE,0 , (struct sockaddr *)&client_addr, &addr_len);
      |                                              [01;31m[K^~~~~~~~[m[K
[01m[K/home/steffens/KITrain/src/ki_train/sensors/gnss/src/gnss_udp_to_topic.cpp:[m[K In member function ‘[01m[Kbool GNSSUDPPublisher::convertToNavSatFix(const char*, size_t)[m[K’:
[01m[K/home/steffens/KITrain/src/ki_train/sensors/gnss/src/gnss_udp_to_topic.cpp:78:1:[m[K [01;35m[Kwarning: [m[Kno return statement in function returning non-void [[01;35m[K]8;;https://gcc.gnu.org/onlinedocs/gcc/Warning-Options.html#index-Wreturn-type-Wreturn-type]8;;[m[K]
   78 | [01;35m[K}[m[K
      | [01;35m[K^[m[K
[01m[K/home/steffens/KITrain/src/ki_train/sensors/gnss/src/gnss_udp_to_topic.cpp:[m[K At global scope:
[01m[K/home/steffens/KITrain/src/ki_train/sensors/gnss/src/gnss_udp_to_topic.cpp:104:5:[m[K [01;31m[Kerror: [m[Kspecializing member ‘[01m[Krclcpp::Publisher<sensor_msgs::msg::NavSatFix_<std::allocator<void> >, std::allocator<void> >::SharedPtr[m[K’ requires ‘[01m[Ktemplate<>[m[K’ syntax
  104 |     [01;31m[Krclcpp[m[K::Publisher<sensor_msgs::msg::NavSatFix>::SharedPtr gnssPublisher_;
      |     [01;31m[K^~~~~~[m[K
[01m[K/home/steffens/KITrain/src/ki_train/sensors/gnss/src/gnss_udp_to_topic.cpp:109:1:[m[K [01;31m[Kerror: [m[Kexpected declaration before ‘[01m[K}[m[K’ token
  109 | [01;31m[K}[m[K;
      | [01;31m[K^[m[K
gmake[2]: *** [CMakeFiles/gnss_udp_publisher.dir/build.make:76: CMakeFiles/gnss_udp_publisher.dir/src/gnss_udp_to_topic.cpp.o] Error 1
gmake[1]: *** [CMakeFiles/Makefile2:137: CMakeFiles/gnss_udp_publisher.dir/all] Error 2
gmake: *** [Makefile:146: all] Error 2
