[01m[K/home/steffens/KITrain/src/ki_train/sensors/lidar/src/lidar_udp_to_topic.cpp:[m[K In member function ‘[01m[Kbool LidarUDPPublisher::convertToPointCloud(const char*, size_t)[m[K’:
[01m[K/home/steffens/KITrain/src/ki_train/sensors/lidar/src/lidar_udp_to_topic.cpp:170:46:[m[K [01;31m[Kerror: [m[Kconversion from ‘[01m[Kdouble[m[K’ to non-scalar type ‘[01m[Kstd::string[m[K’ {aka ‘[01m[Kstd::__cxx11::basic_string<char>[m[K’} requested
  170 |                 std::string label = [01;31m[Kstd::stod(tokens[i + 7])[m[K;
      |                                     [01;31m[K~~~~~~~~~^~~~~~~~~~~~~~~[m[K
[01m[K/home/steffens/KITrain/src/ki_train/sensors/lidar/src/lidar_udp_to_topic.cpp:171:46:[m[K [01;31m[Kerror: [m[Kno matching function for call to ‘[01m[Kstd::vector<double, std::allocator<double> >::push_back(std::string&)[m[K’
  171 |                 [01;31m[KgroundTruth_buffer_.push_back(label)[m[K;
      |                 [01;31m[K~~~~~~~~~~~~~~~~~~~~~~~~~~~~~^~~~~~~[m[K
In file included from [01m[K/usr/include/c++/11/vector:67[m[K,
                 from [01m[K/usr/include/c++/11/functional:62[m[K,
                 from [01m[K/usr/include/c++/11/pstl/glue_algorithm_defs.h:13[m[K,
                 from [01m[K/usr/include/c++/11/algorithm:74[m[K,
                 from [01m[K/opt/ros/humble/include/rclcpp/rclcpp/executor.hpp:18[m[K,
                 from [01m[K/opt/ros/humble/include/rclcpp/rclcpp/executors/multi_threaded_executor.hpp:25[m[K,
                 from [01m[K/opt/ros/humble/include/rclcpp/rclcpp/executors.hpp:21[m[K,
                 from [01m[K/opt/ros/humble/include/rclcpp/rclcpp/rclcpp.hpp:155[m[K,
                 from [01m[K/home/steffens/KITrain/src/ki_train/sensors/lidar/src/lidar_udp_to_topic.cpp:1[m[K:
[01m[K/usr/include/c++/11/bits/stl_vector.h:1187:7:[m[K [01;36m[Knote: [m[Kcandidate: ‘[01m[Kvoid std::vector<_Tp, _Alloc>::push_back(const value_type&) [with _Tp = double; _Alloc = std::allocator<double>; std::vector<_Tp, _Alloc>::value_type = double][m[K’
 1187 |       [01;36m[Kpush_back[m[K(const value_type& __x)
      |       [01;36m[K^~~~~~~~~[m[K
[01m[K/usr/include/c++/11/bits/stl_vector.h:1187:35:[m[K [01;36m[Knote: [m[K  no known conversion for argument 1 from ‘[01m[Kstd::string[m[K’ {aka ‘[01m[Kstd::__cxx11::basic_string<char>[m[K’} to ‘[01m[Kconst value_type&[m[K’ {aka ‘[01m[Kconst double&[m[K’}
 1187 |       push_back([01;36m[Kconst value_type& __x[m[K)
      |                 [01;36m[K~~~~~~~~~~~~~~~~~~^~~[m[K
[01m[K/usr/include/c++/11/bits/stl_vector.h:1203:7:[m[K [01;36m[Knote: [m[Kcandidate: ‘[01m[Kvoid std::vector<_Tp, _Alloc>::push_back(std::vector<_Tp, _Alloc>::value_type&&) [with _Tp = double; _Alloc = std::allocator<double>; std::vector<_Tp, _Alloc>::value_type = double][m[K’
 1203 |       [01;36m[Kpush_back[m[K(value_type&& __x)
      |       [01;36m[K^~~~~~~~~[m[K
[01m[K/usr/include/c++/11/bits/stl_vector.h:1203:30:[m[K [01;36m[Knote: [m[K  no known conversion for argument 1 from ‘[01m[Kstd::string[m[K’ {aka ‘[01m[Kstd::__cxx11::basic_string<char>[m[K’} to ‘[01m[Kstd::vector<double, std::allocator<double> >::value_type&&[m[K’ {aka ‘[01m[Kdouble&&[m[K’}
 1203 |       push_back([01;36m[Kvalue_type&& __x[m[K)
      |                 [01;36m[K~~~~~~~~~~~~~^~~[m[K
[01m[K/home/steffens/KITrain/src/ki_train/sensors/lidar/src/lidar_udp_to_topic.cpp:[m[K In member function ‘[01m[Kvoid LidarUDPPublisher::publishGroundTruth(const std::vector<double, std::allocator<double> >&)[m[K’:
[01m[K/home/steffens/KITrain/src/ki_train/sensors/lidar/src/lidar_udp_to_topic.cpp:242:13:[m[K [01;31m[Kerror: [m[K‘[01m[Kusing GroundTruthArray = struct lidar_msgs::msg::GroundTruthArray_<std::allocator<void> >[m[K’ {aka ‘[01m[Kstruct lidar_msgs::msg::GroundTruthArray_<std::allocator<void> >[m[K’} has no member named ‘[01m[Kid[m[K’
  242 |      labels.[01;31m[Kid[m[K      = groundTruth_data[i];
      |             [01;31m[K^~[m[K
[01m[K/home/steffens/KITrain/src/ki_train/sensors/lidar/src/lidar_udp_to_topic.cpp:243:13:[m[K [01;31m[Kerror: [m[K‘[01m[Kusing GroundTruthArray = struct lidar_msgs::msg::GroundTruthArray_<std::allocator<void> >[m[K’ {aka ‘[01m[Kstruct lidar_msgs::msg::GroundTruthArray_<std::allocator<void> >[m[K’} has no member named ‘[01m[KcenterX[m[K’
  243 |      labels.[01;31m[KcenterX[m[K = groundTruth_data[i + 1];
      |             [01;31m[K^~~~~~~[m[K
[01m[K/home/steffens/KITrain/src/ki_train/sensors/lidar/src/lidar_udp_to_topic.cpp:244:13:[m[K [01;31m[Kerror: [m[K‘[01m[Kusing GroundTruthArray = struct lidar_msgs::msg::GroundTruthArray_<std::allocator<void> >[m[K’ {aka ‘[01m[Kstruct lidar_msgs::msg::GroundTruthArray_<std::allocator<void> >[m[K’} has no member named ‘[01m[KcenterY[m[K’
  244 |      labels.[01;31m[KcenterY[m[K = groundTruth_data[i + 2];
      |             [01;31m[K^~~~~~~[m[K
[01m[K/home/steffens/KITrain/src/ki_train/sensors/lidar/src/lidar_udp_to_topic.cpp:245:13:[m[K [01;31m[Kerror: [m[K‘[01m[Kusing GroundTruthArray = struct lidar_msgs::msg::GroundTruthArray_<std::allocator<void> >[m[K’ {aka ‘[01m[Kstruct lidar_msgs::msg::GroundTruthArray_<std::allocator<void> >[m[K’} has no member named ‘[01m[KcenterZ[m[K’
  245 |      labels.[01;31m[KcenterZ[m[K = groundTruth_data[i + 3];
      |             [01;31m[K^~~~~~~[m[K
[01m[K/home/steffens/KITrain/src/ki_train/sensors/lidar/src/lidar_udp_to_topic.cpp:246:13:[m[K [01;31m[Kerror: [m[K‘[01m[Kusing GroundTruthArray = struct lidar_msgs::msg::GroundTruthArray_<std::allocator<void> >[m[K’ {aka ‘[01m[Kstruct lidar_msgs::msg::GroundTruthArray_<std::allocator<void> >[m[K’} has no member named ‘[01m[KexpandX[m[K’
  246 |      labels.[01;31m[KexpandX[m[K = groundTruth_data[i + 4];
      |             [01;31m[K^~~~~~~[m[K
[01m[K/home/steffens/KITrain/src/ki_train/sensors/lidar/src/lidar_udp_to_topic.cpp:247:13:[m[K [01;31m[Kerror: [m[K‘[01m[Kusing GroundTruthArray = struct lidar_msgs::msg::GroundTruthArray_<std::allocator<void> >[m[K’ {aka ‘[01m[Kstruct lidar_msgs::msg::GroundTruthArray_<std::allocator<void> >[m[K’} has no member named ‘[01m[KexpandY[m[K’
  247 |      labels.[01;31m[KexpandY[m[K = groundTruth_data[i + 5];
      |             [01;31m[K^~~~~~~[m[K
[01m[K/home/steffens/KITrain/src/ki_train/sensors/lidar/src/lidar_udp_to_topic.cpp:248:13:[m[K [01;31m[Kerror: [m[K‘[01m[Kusing GroundTruthArray = struct lidar_msgs::msg::GroundTruthArray_<std::allocator<void> >[m[K’ {aka ‘[01m[Kstruct lidar_msgs::msg::GroundTruthArray_<std::allocator<void> >[m[K’} has no member named ‘[01m[KexpandZ[m[K’
  248 |      labels.[01;31m[KexpandZ[m[K = groundTruth_data[i + 6];
      |             [01;31m[K^~~~~~~[m[K
[01m[K/home/steffens/KITrain/src/ki_train/sensors/lidar/src/lidar_udp_to_topic.cpp:249:13:[m[K [01;31m[Kerror: [m[K‘[01m[Kusing GroundTruthArray = struct lidar_msgs::msg::GroundTruthArray_<std::allocator<void> >[m[K’ {aka ‘[01m[Kstruct lidar_msgs::msg::GroundTruthArray_<std::allocator<void> >[m[K’} has no member named ‘[01m[Kyaw[m[K’
  249 |      labels.[01;31m[Kyaw[m[K     = groundTruth_data[i + 7];
      |             [01;31m[K^~~[m[K
[01m[K/home/steffens/KITrain/src/ki_train/sensors/lidar/src/lidar_udp_to_topic.cpp:250:13:[m[K [01;31m[Kerror: [m[K‘[01m[Kusing GroundTruthArray = struct lidar_msgs::msg::GroundTruthArray_<std::allocator<void> >[m[K’ {aka ‘[01m[Kstruct lidar_msgs::msg::GroundTruthArray_<std::allocator<void> >[m[K’} has no member named ‘[01m[Ktag[m[K’
  250 |      labels.[01;31m[Ktag[m[K     = groundTruth_data[i + 8];
      |             [01;31m[K^~~[m[K
gmake[2]: *** [CMakeFiles/lidar_udp_publisher.dir/build.make:76: CMakeFiles/lidar_udp_publisher.dir/src/lidar_udp_to_topic.cpp.o] Error 1
gmake[1]: *** [CMakeFiles/Makefile2:137: CMakeFiles/lidar_udp_publisher.dir/all] Error 2
gmake: *** [Makefile:146: all] Error 2
