[0.060s] Invoking command in '/home/steffens/KITrain/build/track_detector': CMAKE_PREFIX_PATH=${CMAKE_PREFIX_PATH}:/home/steffens/KITrain/install/camera_simulator:/opt/ros/humble /usr/bin/cmake /home/steffens/KITrain/src/ki_train/positioner/track_detector -DCMAKE_INSTALL_PREFIX=/home/steffens/KITrain/install/track_detector
[0.117s] -- The C compiler identification is GNU 11.4.0
[0.176s] -- The CXX compiler identification is GNU 11.4.0
[0.183s] -- Detecting C compiler ABI info
[0.254s] -- Detecting C compiler ABI info - done
[0.260s] -- Check for working C compiler: /usr/bin/cc - skipped
[0.261s] -- Detecting C compile features
[0.261s] -- Detecting C compile features - done
[0.264s] -- Detecting CXX compiler ABI info
[0.342s] -- Detecting CXX compiler ABI info - done
[0.348s] -- Check for working CXX compiler: /usr/bin/c++ - skipped
[0.349s] -- Detecting CXX compile features
[0.349s] -- Detecting CXX compile features - done
[0.353s] -- Found ament_cmake: 1.3.9 (/opt/ros/humble/share/ament_cmake/cmake)
[0.499s] -- Found Python3: /usr/bin/python3 (found version "3.10.12") found components: Interpreter 
[0.608s] -- Found rclcpp: 16.0.9 (/opt/ros/humble/share/rclcpp/cmake)
[0.672s] -- Found rosidl_generator_c: 3.1.5 (/opt/ros/humble/share/rosidl_generator_c/cmake)
[0.682s] -- Found rosidl_adapter: 3.1.5 (/opt/ros/humble/share/rosidl_adapter/cmake)
[0.692s] -- Found rosidl_generator_cpp: 3.1.5 (/opt/ros/humble/share/rosidl_generator_cpp/cmake)
[0.710s] -- Using all available rosidl_typesupport_c: rosidl_typesupport_fastrtps_c;rosidl_typesupport_introspection_c
[0.734s] -- Using all available rosidl_typesupport_cpp: rosidl_typesupport_fastrtps_cpp;rosidl_typesupport_introspection_cpp
[0.819s] -- Found rmw_implementation_cmake: 6.1.2 (/opt/ros/humble/share/rmw_implementation_cmake/cmake)
[0.823s] -- Found rmw_fastrtps_cpp: 6.2.6 (/opt/ros/humble/share/rmw_fastrtps_cpp/cmake)
[0.939s] -- Found OpenSSL: /usr/lib/x86_64-linux-gnu/libcrypto.so (found version "3.0.2")  
[0.969s] -- Found FastRTPS: /opt/ros/humble/include  
[1.020s] -- Using RMW implementation 'rmw_fastrtps_cpp' as default
[1.035s] -- Looking for pthread.h
[1.111s] -- Looking for pthread.h - found
[1.112s] -- Performing Test CMAKE_HAVE_LIBC_PTHREAD
[1.186s] -- Performing Test CMAKE_HAVE_LIBC_PTHREAD - Success
[1.187s] -- Found Threads: TRUE  
[1.337s] -- Found sensor_msgs: 4.2.3 (/opt/ros/humble/share/sensor_msgs/cmake)
[1.459s] -- Found OpenCV: /usr (found version "4.5.4") 
[1.463s] -- Found cv_bridge: 3.2.1 (/opt/ros/humble/share/cv_bridge/cmake)
[1.531s] -- Configuring done
[1.544s] -- Generating done
[1.546s] -- Build files have been written to: /home/steffens/KITrain/build/track_detector
[1.557s] Invoked command in '/home/steffens/KITrain/build/track_detector' returned '0': CMAKE_PREFIX_PATH=${CMAKE_PREFIX_PATH}:/home/steffens/KITrain/install/camera_simulator:/opt/ros/humble /usr/bin/cmake /home/steffens/KITrain/src/ki_train/positioner/track_detector -DCMAKE_INSTALL_PREFIX=/home/steffens/KITrain/install/track_detector
[1.559s] Invoking command in '/home/steffens/KITrain/build/track_detector': CMAKE_PREFIX_PATH=${CMAKE_PREFIX_PATH}:/home/steffens/KITrain/install/camera_simulator:/opt/ros/humble /usr/bin/cmake --build /home/steffens/KITrain/build/track_detector -- -j16 -l16
[1.617s] [ 50%] [32mBuilding CXX object CMakeFiles/track_detect_main.dir/src/track_detect.cpp.o[0m
[9.448s] [100%] [32m[1mLinking CXX executable track_detect_main[0m
[9.996s] [100%] Built target track_detect_main
[10.007s] Invoked command in '/home/steffens/KITrain/build/track_detector' returned '0': CMAKE_PREFIX_PATH=${CMAKE_PREFIX_PATH}:/home/steffens/KITrain/install/camera_simulator:/opt/ros/humble /usr/bin/cmake --build /home/steffens/KITrain/build/track_detector -- -j16 -l16
[10.037s] Invoking command in '/home/steffens/KITrain/build/track_detector': CMAKE_PREFIX_PATH=${CMAKE_PREFIX_PATH}:/home/steffens/KITrain/install/camera_simulator:/opt/ros/humble /usr/bin/cmake --install /home/steffens/KITrain/build/track_detector
[10.045s] -- Install configuration: ""
[10.045s] -- Installing: /home/steffens/KITrain/install/track_detector/lib/track_detector/track_detect_main
[10.051s] -- Set runtime path of "/home/steffens/KITrain/install/track_detector/lib/track_detector/track_detect_main" to ""
[10.051s] -- Installing: /home/steffens/KITrain/install/track_detector/share/ament_index/resource_index/package_run_dependencies/track_detector
[10.051s] -- Installing: /home/steffens/KITrain/install/track_detector/share/ament_index/resource_index/parent_prefix_path/track_detector
[10.052s] -- Installing: /home/steffens/KITrain/install/track_detector/share/track_detector/environment/ament_prefix_path.sh
[10.052s] -- Installing: /home/steffens/KITrain/install/track_detector/share/track_detector/environment/ament_prefix_path.dsv
[10.052s] -- Installing: /home/steffens/KITrain/install/track_detector/share/track_detector/environment/path.sh
[10.052s] -- Installing: /home/steffens/KITrain/install/track_detector/share/track_detector/environment/path.dsv
[10.052s] -- Installing: /home/steffens/KITrain/install/track_detector/share/track_detector/local_setup.bash
[10.052s] -- Installing: /home/steffens/KITrain/install/track_detector/share/track_detector/local_setup.sh
[10.053s] -- Installing: /home/steffens/KITrain/install/track_detector/share/track_detector/local_setup.zsh
[10.053s] -- Installing: /home/steffens/KITrain/install/track_detector/share/track_detector/local_setup.dsv
[10.053s] -- Installing: /home/steffens/KITrain/install/track_detector/share/track_detector/package.dsv
[10.053s] -- Installing: /home/steffens/KITrain/install/track_detector/share/ament_index/resource_index/packages/track_detector
[10.054s] -- Installing: /home/steffens/KITrain/install/track_detector/share/track_detector/cmake/ament_cmake_export_dependencies-extras.cmake
[10.054s] -- Installing: /home/steffens/KITrain/install/track_detector/share/track_detector/cmake/track_detectorConfig.cmake
[10.054s] -- Installing: /home/steffens/KITrain/install/track_detector/share/track_detector/cmake/track_detectorConfig-version.cmake
[10.054s] -- Installing: /home/steffens/KITrain/install/track_detector/share/track_detector/package.xml
[10.057s] Invoked command in '/home/steffens/KITrain/build/track_detector' returned '0': CMAKE_PREFIX_PATH=${CMAKE_PREFIX_PATH}:/home/steffens/KITrain/install/camera_simulator:/opt/ros/humble /usr/bin/cmake --install /home/steffens/KITrain/build/track_detector
