[35m[1mConsolidate compiler generated dependencies of target lidar_udp_publisher[0m
[ 50%] [32mBuilding CXX object CMakeFiles/lidar_udp_publisher.dir/src/lidar_udp_to_topic.cpp.o[0m
[01m[K/home/steffens/KITrain/src/ki_train/sensors/lidar/src/lidar_udp_to_topic.cpp:[m[K In member function ‘[01m[Kvoid LidarUDPPublisher::exportGroundTruthToFile(const std::vector<lidar_msgs::msg::GroundTruth_<std::allocator<void> >, std::allocator<lidar_msgs::msg::GroundTruth_<std::allocator<void> > > >&)[m[K’:
[01m[K/home/steffens/KITrain/src/ki_train/sensors/lidar/src/lidar_udp_to_topic.cpp:233:23:[m[K [01;31m[Kerror: [m[Kvariable ‘[01m[Kstd::ofstream file[m[K’ has initializer but incomplete type
  233 |     std::ofstream file[01;31m[K([m[K"LiDAR_ground_truth.txt", std::ios::app);
      |                       [01;31m[K^[m[K
[01m[K/home/steffens/KITrain/src/ki_train/sensors/lidar/src/lidar_udp_to_topic.cpp:243:29:[m[K [01;31m[Kerror: [m[K‘[01m[Kconst struct lidar_msgs::msg::GroundTruth_<std::allocator<void> >[m[K’ has no member named ‘[01m[Kx[m[K’
  243 |         file << groundtruth.[01;31m[Kx[m[K << ", "
      |                             [01;31m[K^[m[K
[01m[K/home/steffens/KITrain/src/ki_train/sensors/lidar/src/lidar_udp_to_topic.cpp:244:29:[m[K [01;31m[Kerror: [m[K‘[01m[Kconst struct lidar_msgs::msg::GroundTruth_<std::allocator<void> >[m[K’ has no member named ‘[01m[Ky[m[K’
  244 |              << groundtruth.[01;31m[Ky[m[K << ", "
      |                             [01;31m[K^[m[K
[01m[K/home/steffens/KITrain/src/ki_train/sensors/lidar/src/lidar_udp_to_topic.cpp:245:29:[m[K [01;31m[Kerror: [m[K‘[01m[Kconst struct lidar_msgs::msg::GroundTruth_<std::allocator<void> >[m[K’ has no member named ‘[01m[Kz[m[K’
  245 |              << groundtruth.[01;31m[Kz[m[K << ", "
      |                             [01;31m[K^[m[K
[01m[K/home/steffens/KITrain/src/ki_train/sensors/lidar/src/lidar_udp_to_topic.cpp:250:29:[m[K [01;31m[Kerror: [m[K‘[01m[Kconst struct lidar_msgs::msg::GroundTruth_<std::allocator<void> >[m[K’ has no member named ‘[01m[Klabel[m[K’
  250 |              << groundtruth.[01;31m[Klabel[m[K << "\n";
      |                             [01;31m[K^~~~~[m[K
gmake[2]: *** [CMakeFiles/lidar_udp_publisher.dir/build.make:76: CMakeFiles/lidar_udp_publisher.dir/src/lidar_udp_to_topic.cpp.o] Error 1
gmake[1]: *** [CMakeFiles/Makefile2:137: CMakeFiles/lidar_udp_publisher.dir/all] Error 2
gmake: *** [Makefile:146: all] Error 2
