[0.021s] Invoking command in '/home/steffens/KITrain/build/lidar': CMAKE_PREFIX_PATH=/home/steffens/KITrain/install/lidar_msgs:/home/steffens/KITrain/install/track_detector:/home/steffens/KITrain/install/target_velocity_estimator:/home/steffens/KITrain/install/target_distance_estimator:/home/steffens/KITrain/install/signal_detector:/home/steffens/KITrain/install/signal_detection_verificator:/home/steffens/KITrain/install/rgb_detector:/home/steffens/KITrain/install/rgb_camera:/home/steffens/KITrain/install/position_corrector:/home/steffens/KITrain/install/odometry:/home/steffens/KITrain/install/object_fuser:/home/steffens/KITrain/install/localizer:/home/steffens/KITrain/install/lidar:/home/steffens/KITrain/install/lidar_detector:/home/steffens/KITrain/install/gnss:/home/steffens/KITrain/install/clearance_profile_setter:/home/steffens/KITrain/install/clearance_profile_observer:/home/steffens/KITrain/install/camera_simulator:/opt/ros/humble /usr/bin/cmake --build /home/steffens/KITrain/build/lidar -- -j16 -l16
[0.084s] [35m[1mConsolidate compiler generated dependencies of target lidar_udp_publisher[0m
[0.113s] [ 50%] [32mBuilding CXX object CMakeFiles/lidar_udp_publisher.dir/src/lidar_udp_to_topic.cpp.o[0m
[2.599s] [01m[K/home/steffens/KITrain/src/ki_train/sensors/lidar/src/lidar_udp_to_topic.cpp:[m[K In member function ‘[01m[Kvoid LidarUDPPublisher::exportGroundTruthToFile(const std::vector<lidar_msgs::msg::GroundTruth_<std::allocator<void> >, std::allocator<lidar_msgs::msg::GroundTruth_<std::allocator<void> > > >&)[m[K’:
[2.599s] [01m[K/home/steffens/KITrain/src/ki_train/sensors/lidar/src/lidar_udp_to_topic.cpp:233:23:[m[K [01;31m[Kerror: [m[Kvariable ‘[01m[Kstd::ofstream file[m[K’ has initializer but incomplete type
[2.599s]   233 |     std::ofstream file[01;31m[K([m[K"LiDAR_ground_truth.txt", std::ios::app);
[2.599s]       |                       [01;31m[K^[m[K
[2.600s] [01m[K/home/steffens/KITrain/src/ki_train/sensors/lidar/src/lidar_udp_to_topic.cpp:243:29:[m[K [01;31m[Kerror: [m[K‘[01m[Kconst struct lidar_msgs::msg::GroundTruth_<std::allocator<void> >[m[K’ has no member named ‘[01m[Kx[m[K’
[2.600s]   243 |         file << groundtruth.[01;31m[Kx[m[K << ", "
[2.600s]       |                             [01;31m[K^[m[K
[2.600s] [01m[K/home/steffens/KITrain/src/ki_train/sensors/lidar/src/lidar_udp_to_topic.cpp:244:29:[m[K [01;31m[Kerror: [m[K‘[01m[Kconst struct lidar_msgs::msg::GroundTruth_<std::allocator<void> >[m[K’ has no member named ‘[01m[Ky[m[K’
[2.600s]   244 |              << groundtruth.[01;31m[Ky[m[K << ", "
[2.600s]       |                             [01;31m[K^[m[K
[2.600s] [01m[K/home/steffens/KITrain/src/ki_train/sensors/lidar/src/lidar_udp_to_topic.cpp:245:29:[m[K [01;31m[Kerror: [m[K‘[01m[Kconst struct lidar_msgs::msg::GroundTruth_<std::allocator<void> >[m[K’ has no member named ‘[01m[Kz[m[K’
[2.600s]   245 |              << groundtruth.[01;31m[Kz[m[K << ", "
[2.600s]       |                             [01;31m[K^[m[K
[2.600s] [01m[K/home/steffens/KITrain/src/ki_train/sensors/lidar/src/lidar_udp_to_topic.cpp:250:29:[m[K [01;31m[Kerror: [m[K‘[01m[Kconst struct lidar_msgs::msg::GroundTruth_<std::allocator<void> >[m[K’ has no member named ‘[01m[Klabel[m[K’
[2.600s]   250 |              << groundtruth.[01;31m[Klabel[m[K << "\n";
[2.600s]       |                             [01;31m[K^~~~~[m[K
[3.565s] gmake[2]: *** [CMakeFiles/lidar_udp_publisher.dir/build.make:76: CMakeFiles/lidar_udp_publisher.dir/src/lidar_udp_to_topic.cpp.o] Error 1
[3.565s] gmake[1]: *** [CMakeFiles/Makefile2:137: CMakeFiles/lidar_udp_publisher.dir/all] Error 2
[3.566s] gmake: *** [Makefile:146: all] Error 2
[3.570s] Invoked command in '/home/steffens/KITrain/build/lidar' returned '2': CMAKE_PREFIX_PATH=/home/steffens/KITrain/install/lidar_msgs:/home/steffens/KITrain/install/track_detector:/home/steffens/KITrain/install/target_velocity_estimator:/home/steffens/KITrain/install/target_distance_estimator:/home/steffens/KITrain/install/signal_detector:/home/steffens/KITrain/install/signal_detection_verificator:/home/steffens/KITrain/install/rgb_detector:/home/steffens/KITrain/install/rgb_camera:/home/steffens/KITrain/install/position_corrector:/home/steffens/KITrain/install/odometry:/home/steffens/KITrain/install/object_fuser:/home/steffens/KITrain/install/localizer:/home/steffens/KITrain/install/lidar:/home/steffens/KITrain/install/lidar_detector:/home/steffens/KITrain/install/gnss:/home/steffens/KITrain/install/clearance_profile_setter:/home/steffens/KITrain/install/clearance_profile_observer:/home/steffens/KITrain/install/camera_simulator:/opt/ros/humble /usr/bin/cmake --build /home/steffens/KITrain/build/lidar -- -j16 -l16
