[0.760s] Invoking command in '/home/steffens/KITrain/src/ki_train/ros2_video_streamer': PYTHONPATH=/home/steffens/KITrain/build/camera_simulator/prefix_override:/home/steffens/KITrain/install/camera_simulator/lib/python3.10/site-packages:${PYTHONPATH} /usr/bin/python3 -W ignore:setup.py install is deprecated setup.py egg_info --egg-base ../../../build/camera_simulator build --build-base /home/steffens/KITrain/build/camera_simulator/build install --record /home/steffens/KITrain/build/camera_simulator/install.log --install-scripts $base/lib/camera_simulator --single-version-externally-managed install_data
[0.988s] /usr/lib/python3/dist-packages/setuptools/dist.py:723: UserWarning: Usage of dash-separated 'script-dir' will not be supported in future versions. Please use the underscore name 'script_dir' instead
[0.988s]   warnings.warn(
[0.995s] running egg_info
[0.996s] writing ../../../build/camera_simulator/camera_simulator.egg-info/PKG-INFO
[0.996s] writing dependency_links to ../../../build/camera_simulator/camera_simulator.egg-info/dependency_links.txt
[0.996s] writing entry points to ../../../build/camera_simulator/camera_simulator.egg-info/entry_points.txt
[0.996s] writing requirements to ../../../build/camera_simulator/camera_simulator.egg-info/requires.txt
[0.997s] writing top-level names to ../../../build/camera_simulator/camera_simulator.egg-info/top_level.txt
[0.998s] reading manifest file '../../../build/camera_simulator/camera_simulator.egg-info/SOURCES.txt'
[0.998s] adding license file 'LICENSE'
[0.999s] writing manifest file '../../../build/camera_simulator/camera_simulator.egg-info/SOURCES.txt'
[0.999s] running build
[0.999s] running build_py
[0.999s] running install
[0.999s] running install_lib
[1.000s] running install_data
[1.001s] running install_egg_info
[1.002s] removing '/home/steffens/KITrain/install/camera_simulator/lib/python3.10/site-packages/camera_simulator-0.1.0-py3.10.egg-info' (and everything under it)
[1.002s] Copying ../../../build/camera_simulator/camera_simulator.egg-info to /home/steffens/KITrain/install/camera_simulator/lib/python3.10/site-packages/camera_simulator-0.1.0-py3.10.egg-info
[1.003s] running install_scripts
[1.021s] Installing camera_simulator script to /home/steffens/KITrain/install/camera_simulator/lib/camera_simulator
[1.022s] writing list of installed files to '/home/steffens/KITrain/build/camera_simulator/install.log'
[1.040s] Invoked command in '/home/steffens/KITrain/src/ki_train/ros2_video_streamer' returned '0': PYTHONPATH=/home/steffens/KITrain/build/camera_simulator/prefix_override:/home/steffens/KITrain/install/camera_simulator/lib/python3.10/site-packages:${PYTHONPATH} /usr/bin/python3 -W ignore:setup.py install is deprecated setup.py egg_info --egg-base ../../../build/camera_simulator build --build-base /home/steffens/KITrain/build/camera_simulator/build install --record /home/steffens/KITrain/build/camera_simulator/install.log --install-scripts $base/lib/camera_simulator --single-version-externally-managed install_data
