[0.046s] Invoking command in '/home/steffens/KITrain/build/track_detector': CMAKE_PREFIX_PATH=${CMAKE_PREFIX_PATH}:/home/steffens/KITrain/install/camera_simulator:/opt/ros/humble /usr/bin/cmake /home/steffens/KITrain/src/ki_train/positioner/track_detector -DCMAKE_INSTALL_PREFIX=/home/steffens/KITrain/install/track_detector
[0.103s] -- The C compiler identification is GNU 11.4.0
[0.164s] -- The CXX compiler identification is GNU 11.4.0
[0.172s] -- Detecting C compiler ABI info
[0.251s] -- Detecting C compiler ABI info - done
[0.258s] -- Check for working C compiler: /usr/bin/cc - skipped
[0.258s] -- Detecting C compile features
[0.258s] -- Detecting C compile features - done
[0.261s] -- Detecting CXX compiler ABI info
[0.353s] -- Detecting CXX compiler ABI info - done
[0.360s] -- Check for working CXX compiler: /usr/bin/c++ - skipped
[0.361s] -- Detecting CXX compile features
[0.361s] -- Detecting CXX compile features - done
[0.365s] -- Found ament_cmake: 1.3.9 (/opt/ros/humble/share/ament_cmake/cmake)
[0.526s] -- Found Python3: /usr/bin/python3 (found version "3.10.12") found components: Interpreter 
[0.642s] -- Found rclcpp: 16.0.9 (/opt/ros/humble/share/rclcpp/cmake)
[0.707s] -- Found rosidl_generator_c: 3.1.5 (/opt/ros/humble/share/rosidl_generator_c/cmake)
[0.717s] -- Found rosidl_adapter: 3.1.5 (/opt/ros/humble/share/rosidl_adapter/cmake)
[0.730s] -- Found rosidl_generator_cpp: 3.1.5 (/opt/ros/humble/share/rosidl_generator_cpp/cmake)
[0.749s] -- Using all available rosidl_typesupport_c: rosidl_typesupport_fastrtps_c;rosidl_typesupport_introspection_c
[0.775s] -- Using all available rosidl_typesupport_cpp: rosidl_typesupport_fastrtps_cpp;rosidl_typesupport_introspection_cpp
[0.867s] -- Found rmw_implementation_cmake: 6.1.2 (/opt/ros/humble/share/rmw_implementation_cmake/cmake)
[0.872s] -- Found rmw_fastrtps_cpp: 6.2.6 (/opt/ros/humble/share/rmw_fastrtps_cpp/cmake)
[1.003s] -- Found OpenSSL: /usr/lib/x86_64-linux-gnu/libcrypto.so (found version "3.0.2")  
[1.036s] -- Found FastRTPS: /opt/ros/humble/include  
[1.093s] -- Using RMW implementation 'rmw_fastrtps_cpp' as default
[1.107s] -- Looking for pthread.h
[1.189s] -- Looking for pthread.h - found
[1.189s] -- Performing Test CMAKE_HAVE_LIBC_PTHREAD
[1.271s] -- Performing Test CMAKE_HAVE_LIBC_PTHREAD - Success
[1.272s] -- Found Threads: TRUE  
[1.446s] -- Found sensor_msgs: 4.2.3 (/opt/ros/humble/share/sensor_msgs/cmake)
[1.571s] -- Found OpenCV: /usr (found version "4.5.4") 
[1.574s] -- Found cv_bridge: 3.2.1 (/opt/ros/humble/share/cv_bridge/cmake)
[1.651s] -- Configuring done
[1.667s] -- Generating done
[1.669s] -- Build files have been written to: /home/steffens/KITrain/build/track_detector
[1.680s] Invoked command in '/home/steffens/KITrain/build/track_detector' returned '0': CMAKE_PREFIX_PATH=${CMAKE_PREFIX_PATH}:/home/steffens/KITrain/install/camera_simulator:/opt/ros/humble /usr/bin/cmake /home/steffens/KITrain/src/ki_train/positioner/track_detector -DCMAKE_INSTALL_PREFIX=/home/steffens/KITrain/install/track_detector
[1.681s] Invoking command in '/home/steffens/KITrain/build/track_detector': CMAKE_PREFIX_PATH=${CMAKE_PREFIX_PATH}:/home/steffens/KITrain/install/camera_simulator:/opt/ros/humble /usr/bin/cmake --build /home/steffens/KITrain/build/track_detector -- -j16 -l16
[1.743s] [ 50%] [32mBuilding CXX object CMakeFiles/track_detect_main.dir/src/track_detect.cpp.o[0m
[10.239s] [100%] [32m[1mLinking CXX executable track_detect_main[0m
[10.976s] [100%] Built target track_detect_main
[10.991s] Invoked command in '/home/steffens/KITrain/build/track_detector' returned '0': CMAKE_PREFIX_PATH=${CMAKE_PREFIX_PATH}:/home/steffens/KITrain/install/camera_simulator:/opt/ros/humble /usr/bin/cmake --build /home/steffens/KITrain/build/track_detector -- -j16 -l16
[11.027s] Invoking command in '/home/steffens/KITrain/build/track_detector': CMAKE_PREFIX_PATH=${CMAKE_PREFIX_PATH}:/home/steffens/KITrain/install/camera_simulator:/opt/ros/humble /usr/bin/cmake --install /home/steffens/KITrain/build/track_detector
[11.034s] -- Install configuration: ""
[11.034s] -- Installing: /home/steffens/KITrain/install/track_detector/lib/track_detector/track_detect_main
[11.040s] -- Set runtime path of "/home/steffens/KITrain/install/track_detector/lib/track_detector/track_detect_main" to ""
[11.040s] -- Installing: /home/steffens/KITrain/install/track_detector/share/ament_index/resource_index/package_run_dependencies/track_detector
[11.040s] -- Installing: /home/steffens/KITrain/install/track_detector/share/ament_index/resource_index/parent_prefix_path/track_detector
[11.040s] -- Installing: /home/steffens/KITrain/install/track_detector/share/track_detector/environment/ament_prefix_path.sh
[11.040s] -- Installing: /home/steffens/KITrain/install/track_detector/share/track_detector/environment/ament_prefix_path.dsv
[11.041s] -- Installing: /home/steffens/KITrain/install/track_detector/share/track_detector/environment/path.sh
[11.041s] -- Installing: /home/steffens/KITrain/install/track_detector/share/track_detector/environment/path.dsv
[11.041s] -- Installing: /home/steffens/KITrain/install/track_detector/share/track_detector/local_setup.bash
[11.041s] -- Installing: /home/steffens/KITrain/install/track_detector/share/track_detector/local_setup.sh
[11.042s] -- Installing: /home/steffens/KITrain/install/track_detector/share/track_detector/local_setup.zsh
[11.042s] -- Installing: /home/steffens/KITrain/install/track_detector/share/track_detector/local_setup.dsv
[11.042s] -- Installing: /home/steffens/KITrain/install/track_detector/share/track_detector/package.dsv
[11.042s] -- Installing: /home/steffens/KITrain/install/track_detector/share/ament_index/resource_index/packages/track_detector
[11.042s] -- Installing: /home/steffens/KITrain/install/track_detector/share/track_detector/cmake/ament_cmake_export_dependencies-extras.cmake
[11.043s] -- Installing: /home/steffens/KITrain/install/track_detector/share/track_detector/cmake/track_detectorConfig.cmake
[11.043s] -- Installing: /home/steffens/KITrain/install/track_detector/share/track_detector/cmake/track_detectorConfig-version.cmake
[11.043s] -- Installing: /home/steffens/KITrain/install/track_detector/share/track_detector/package.xml
[11.045s] Invoked command in '/home/steffens/KITrain/build/track_detector' returned '0': CMAKE_PREFIX_PATH=${CMAKE_PREFIX_PATH}:/home/steffens/KITrain/install/camera_simulator:/opt/ros/humble /usr/bin/cmake --install /home/steffens/KITrain/build/track_detector
