[0.763s] Invoking command in '/home/steffens/KITrain/src/ki_train/ros2_video_streamer': PYTHONPATH=/home/steffens/KITrain/build/camera_simulator/prefix_override:/home/steffens/KITrain/install/camera_simulator/lib/python3.10/site-packages:${PYTHONPATH} /usr/bin/python3 -W ignore:setup.py install is deprecated setup.py egg_info --egg-base ../../../build/camera_simulator build --build-base /home/steffens/KITrain/build/camera_simulator/build install --record /home/steffens/KITrain/build/camera_simulator/install.log --install-scripts $base/lib/camera_simulator --single-version-externally-managed install_data
[0.993s] /usr/lib/python3/dist-packages/setuptools/dist.py:723: UserWarning: Usage of dash-separated 'script-dir' will not be supported in future versions. Please use the underscore name 'script_dir' instead
[0.993s]   warnings.warn(
[0.995s] running egg_info
[0.995s] writing ../../../build/camera_simulator/camera_simulator.egg-info/PKG-INFO
[0.995s] writing dependency_links to ../../../build/camera_simulator/camera_simulator.egg-info/dependency_links.txt
[0.996s] writing entry points to ../../../build/camera_simulator/camera_simulator.egg-info/entry_points.txt
[0.996s] writing requirements to ../../../build/camera_simulator/camera_simulator.egg-info/requires.txt
[0.996s] writing top-level names to ../../../build/camera_simulator/camera_simulator.egg-info/top_level.txt
[0.999s] reading manifest file '../../../build/camera_simulator/camera_simulator.egg-info/SOURCES.txt'
[1.001s] adding license file 'LICENSE'
[1.001s] writing manifest file '../../../build/camera_simulator/camera_simulator.egg-info/SOURCES.txt'
[1.001s] running build
[1.002s] running build_py
[1.002s] running install
[1.003s] running install_lib
[1.003s] running install_data
[1.003s] running install_egg_info
[1.004s] removing '/home/steffens/KITrain/install/camera_simulator/lib/python3.10/site-packages/camera_simulator-0.1.0-py3.10.egg-info' (and everything under it)
[1.004s] Copying ../../../build/camera_simulator/camera_simulator.egg-info to /home/steffens/KITrain/install/camera_simulator/lib/python3.10/site-packages/camera_simulator-0.1.0-py3.10.egg-info
[1.004s] running install_scripts
[1.029s] Installing camera_simulator script to /home/steffens/KITrain/install/camera_simulator/lib/camera_simulator
[1.030s] writing list of installed files to '/home/steffens/KITrain/build/camera_simulator/install.log'
[1.050s] Invoked command in '/home/steffens/KITrain/src/ki_train/ros2_video_streamer' returned '0': PYTHONPATH=/home/steffens/KITrain/build/camera_simulator/prefix_override:/home/steffens/KITrain/install/camera_simulator/lib/python3.10/site-packages:${PYTHONPATH} /usr/bin/python3 -W ignore:setup.py install is deprecated setup.py egg_info --egg-base ../../../build/camera_simulator build --build-base /home/steffens/KITrain/build/camera_simulator/build install --record /home/steffens/KITrain/build/camera_simulator/install.log --install-scripts $base/lib/camera_simulator --single-version-externally-managed install_data
