[0.383s] Invoking command in '/home/steffens/KITrain/build/clearance_profile_setter': CMAKE_PREFIX_PATH=${CMAKE_PREFIX_PATH}:/home/steffens/KITrain/install/camera_simulator:/opt/ros/humble /usr/bin/cmake --build /home/steffens/KITrain/build/clearance_profile_setter -- -j16 -l16
[0.452s] Invoked command in '/home/steffens/KITrain/build/clearance_profile_setter' returned '0': CMAKE_PREFIX_PATH=${CMAKE_PREFIX_PATH}:/home/steffens/KITrain/install/camera_simulator:/opt/ros/humble /usr/bin/cmake --build /home/steffens/KITrain/build/clearance_profile_setter -- -j16 -l16
[0.505s] Invoking command in '/home/steffens/KITrain/build/clearance_profile_setter': CMAKE_PREFIX_PATH=${CMAKE_PREFIX_PATH}:/home/steffens/KITrain/install/camera_simulator:/opt/ros/humble /usr/bin/cmake --install /home/steffens/KITrain/build/clearance_profile_setter
[0.519s] -- Install configuration: ""
[0.522s] -- Up-to-date: /home/steffens/KITrain/install/clearance_profile_setter/share/ament_index/resource_index/package_run_dependencies/clearance_profile_setter
[0.524s] -- Up-to-date: /home/steffens/KITrain/install/clearance_profile_setter/share/ament_index/resource_index/parent_prefix_path/clearance_profile_setter
[0.526s] -- Up-to-date: /home/steffens/KITrain/install/clearance_profile_setter/share/clearance_profile_setter/environment/ament_prefix_path.sh
[0.527s] -- Up-to-date: /home/steffens/KITrain/install/clearance_profile_setter/share/clearance_profile_setter/environment/ament_prefix_path.dsv
[0.527s] -- Up-to-date: /home/steffens/KITrain/install/clearance_profile_setter/share/clearance_profile_setter/environment/path.sh
[0.527s] -- Up-to-date: /home/steffens/KITrain/install/clearance_profile_setter/share/clearance_profile_setter/environment/path.dsv
[0.527s] -- Up-to-date: /home/steffens/KITrain/install/clearance_profile_setter/share/clearance_profile_setter/local_setup.bash
[0.527s] -- Up-to-date: /home/steffens/KITrain/install/clearance_profile_setter/share/clearance_profile_setter/local_setup.sh
[0.528s] -- Up-to-date: /home/steffens/KITrain/install/clearance_profile_setter/share/clearance_profile_setter/local_setup.zsh
[0.529s] -- Up-to-date: /home/steffens/KITrain/install/clearance_profile_setter/share/clearance_profile_setter/local_setup.dsv
[0.529s] -- Installing: /home/steffens/KITrain/install/clearance_profile_setter/share/clearance_profile_setter/package.dsv
[0.529s] -- Up-to-date: /home/steffens/KITrain/install/clearance_profile_setter/share/ament_index/resource_index/packages/clearance_profile_setter
[0.530s] -- Up-to-date: /home/steffens/KITrain/install/clearance_profile_setter/share/clearance_profile_setter/cmake/clearance_profile_setterConfig.cmake
[0.530s] -- Up-to-date: /home/steffens/KITrain/install/clearance_profile_setter/share/clearance_profile_setter/cmake/clearance_profile_setterConfig-version.cmake
[0.530s] -- Up-to-date: /home/steffens/KITrain/install/clearance_profile_setter/share/clearance_profile_setter/package.xml
[0.546s] Invoked command in '/home/steffens/KITrain/build/clearance_profile_setter' returned '0': CMAKE_PREFIX_PATH=${CMAKE_PREFIX_PATH}:/home/steffens/KITrain/install/camera_simulator:/opt/ros/humble /usr/bin/cmake --install /home/steffens/KITrain/build/clearance_profile_setter
