[0.276s] Invoking command in '/home/steffens/KITrain/build/lidar_msgs': CMAKE_PREFIX_PATH=${CMAKE_PREFIX_PATH}:/home/steffens/KITrain/install/camera_simulator:/opt/ros/humble /usr/bin/cmake /home/steffens/KITrain/src/lidar_msgs -DCMAKE_INSTALL_PREFIX=/home/steffens/KITrain/install/lidar_msgs
[0.338s] -- The C compiler identification is GNU 11.4.0
[0.399s] -- The CXX compiler identification is GNU 11.4.0
[0.405s] -- Detecting C compiler ABI info
[0.478s] -- Detecting C compiler ABI info - done
[0.489s] -- Check for working C compiler: /usr/bin/cc - skipped
[0.490s] -- Detecting C compile features
[0.490s] -- Detecting C compile features - done
[0.506s] -- Detecting CXX compiler ABI info
[0.620s] -- Detecting CXX compiler ABI info - done
[0.628s] -- Check for working CXX compiler: /usr/bin/c++ - skipped
[0.628s] -- Detecting CXX compile features
[0.630s] -- Detecting CXX compile features - done
[0.631s] -- Found ament_cmake: 1.3.9 (/opt/ros/humble/share/ament_cmake/cmake)
[0.791s] -- Found Python3: /usr/bin/python3 (found version "3.10.12") found components: Interpreter 
[0.907s] -- Found rclcpp: 16.0.9 (/opt/ros/humble/share/rclcpp/cmake)
[0.953s] -- Found rosidl_generator_c: 3.1.5 (/opt/ros/humble/share/rosidl_generator_c/cmake)
[0.962s] -- Found rosidl_adapter: 3.1.5 (/opt/ros/humble/share/rosidl_adapter/cmake)
[0.976s] -- Found rosidl_generator_cpp: 3.1.5 (/opt/ros/humble/share/rosidl_generator_cpp/cmake)
[0.980s] -- Using all available rosidl_typesupport_c: rosidl_typesupport_fastrtps_c;rosidl_typesupport_introspection_c
[1.002s] -- Using all available rosidl_typesupport_cpp: rosidl_typesupport_fastrtps_cpp;rosidl_typesupport_introspection_cpp
[1.066s] -- Found rmw_implementation_cmake: 6.1.2 (/opt/ros/humble/share/rmw_implementation_cmake/cmake)
[1.069s] -- Found rmw_fastrtps_cpp: 6.2.6 (/opt/ros/humble/share/rmw_fastrtps_cpp/cmake)
[1.183s] -- Found OpenSSL: /usr/lib/x86_64-linux-gnu/libcrypto.so (found version "3.0.2")  
[1.214s] -- Found FastRTPS: /opt/ros/humble/include  
[1.268s] -- Using RMW implementation 'rmw_fastrtps_cpp' as default
[1.282s] -- Looking for pthread.h
[1.358s] -- Looking for pthread.h - found
[1.359s] -- Performing Test CMAKE_HAVE_LIBC_PTHREAD
[1.434s] -- Performing Test CMAKE_HAVE_LIBC_PTHREAD - Success
[1.435s] -- Found Threads: TRUE  
[1.584s] -- Found rosidl_default_generators: 1.2.0 (/opt/ros/humble/share/rosidl_default_generators/cmake)
[1.844s] -- Found ament_cmake_ros: 0.10.0 (/opt/ros/humble/share/ament_cmake_ros/cmake)
[2.184s] -- Using all available rosidl_typesupport_c: rosidl_typesupport_fastrtps_c;rosidl_typesupport_introspection_c
[2.315s] -- Using all available rosidl_typesupport_cpp: rosidl_typesupport_fastrtps_cpp;rosidl_typesupport_introspection_cpp
[2.337s] -- Found PythonInterp: /usr/bin/python3 (found suitable version "3.10.12", minimum required is "3.6") 
[2.341s] -- Found python_cmake_module: 0.10.0 (/opt/ros/humble/share/python_cmake_module/cmake)
[2.367s] -- Found PythonLibs: /usr/lib/x86_64-linux-gnu/libpython3.10.so (found suitable version "3.10.12", minimum required is "3.5") 
[2.367s] -- Using PYTHON_EXECUTABLE: /usr/bin/python3
[2.367s] -- Using PYTHON_INCLUDE_DIRS: /usr/include/python3.10
[2.367s] -- Using PYTHON_LIBRARIES: /usr/lib/x86_64-linux-gnu/libpython3.10.so
[2.387s] -- Found PythonExtra: .so  
[2.442s] -- Found ament_lint_auto: 0.12.11 (/opt/ros/humble/share/ament_lint_auto/cmake)
[2.481s] -- Added test 'copyright' to check source files copyright and LICENSE
[2.483s] -- Added test 'lint_cmake' to check CMake code style
[2.484s] -- Added test 'xmllint' to check XML markup files
[2.488s] -- Configuring done
[2.523s] -- Generating done
[2.526s] -- Build files have been written to: /home/steffens/KITrain/build/lidar_msgs
[2.538s] Invoked command in '/home/steffens/KITrain/build/lidar_msgs' returned '0': CMAKE_PREFIX_PATH=${CMAKE_PREFIX_PATH}:/home/steffens/KITrain/install/camera_simulator:/opt/ros/humble /usr/bin/cmake /home/steffens/KITrain/src/lidar_msgs -DCMAKE_INSTALL_PREFIX=/home/steffens/KITrain/install/lidar_msgs
[2.540s] Invoking command in '/home/steffens/KITrain/build/lidar_msgs': CMAKE_PREFIX_PATH=${CMAKE_PREFIX_PATH}:/home/steffens/KITrain/install/camera_simulator:/opt/ros/humble /usr/bin/cmake --build /home/steffens/KITrain/build/lidar_msgs -- -j16 -l16
[2.588s] [  2%] [34m[1mGenerating C code for ROS interfaces[0m
[2.599s] [  5%] [34m[1mGenerating C++ code for ROS interfaces[0m
[2.609s] [  5%] Built target ament_cmake_python_copy_lidar_msgs
[2.829s] running egg_info
[2.830s] creating lidar_msgs.egg-info
[2.830s] writing lidar_msgs.egg-info/PKG-INFO
[2.831s] writing dependency_links to lidar_msgs.egg-info/dependency_links.txt
[2.831s] writing top-level names to lidar_msgs.egg-info/top_level.txt
[2.831s] writing manifest file 'lidar_msgs.egg-info/SOURCES.txt'
[2.832s] reading manifest file 'lidar_msgs.egg-info/SOURCES.txt'
[2.833s] writing manifest file 'lidar_msgs.egg-info/SOURCES.txt'
[2.848s] [  5%] Built target lidar_msgs__cpp
[2.852s] [  7%] [32mBuilding C object CMakeFiles/lidar_msgs__rosidl_generator_c.dir/rosidl_generator_c/lidar_msgs/msg/detail/ground_truth__functions.c.o[0m
[2.853s] [ 10%] [32mBuilding C object CMakeFiles/lidar_msgs__rosidl_generator_c.dir/rosidl_generator_c/lidar_msgs/msg/detail/ground_truth_array__functions.c.o[0m
[2.856s] [ 10%] Built target ament_cmake_python_build_lidar_msgs_egg
[2.859s] [ 12%] [34m[1mGenerating C++ type support for eProsima Fast-RTPS[0m
[2.860s] [ 17%] [34m[1mGenerating C++ introspection for ROS interfaces[0m
[2.860s] [ 17%] [34m[1mGenerating C++ type support dispatch for ROS interfaces[0m
[2.899s] [ 20%] [32m[1mLinking C shared library liblidar_msgs__rosidl_generator_c.so[0m
[2.936s] [ 20%] Built target lidar_msgs__rosidl_generator_c
[2.948s] [ 23%] [34m[1mGenerating C type support for eProsima Fast-RTPS[0m
[2.948s] [ 28%] [34m[1mGenerating C type support dispatch for ROS interfaces[0m
[2.948s] [ 28%] [34m[1mGenerating C introspection for ROS interfaces[0m
[3.079s] [ 30%] [32mBuilding CXX object CMakeFiles/lidar_msgs__rosidl_typesupport_cpp.dir/rosidl_typesupport_cpp/lidar_msgs/msg/ground_truth_array__type_support.cpp.o[0m
[3.079s] [ 33%] [32mBuilding CXX object CMakeFiles/lidar_msgs__rosidl_typesupport_cpp.dir/rosidl_typesupport_cpp/lidar_msgs/msg/ground_truth__type_support.cpp.o[0m
[3.091s] [ 38%] [32mBuilding CXX object CMakeFiles/lidar_msgs__rosidl_typesupport_introspection_cpp.dir/rosidl_typesupport_introspection_cpp/lidar_msgs/msg/detail/ground_truth__type_support.cpp.o[0m
[3.091s] [ 38%] [32mBuilding CXX object CMakeFiles/lidar_msgs__rosidl_typesupport_introspection_cpp.dir/rosidl_typesupport_introspection_cpp/lidar_msgs/msg/detail/ground_truth_array__type_support.cpp.o[0m
[3.101s] [ 41%] [32mBuilding CXX object CMakeFiles/lidar_msgs__rosidl_typesupport_fastrtps_cpp.dir/rosidl_typesupport_fastrtps_cpp/lidar_msgs/msg/detail/dds_fastrtps/ground_truth__type_support.cpp.o[0m
[3.101s] [ 43%] [32mBuilding CXX object CMakeFiles/lidar_msgs__rosidl_typesupport_fastrtps_cpp.dir/rosidl_typesupport_fastrtps_cpp/lidar_msgs/msg/detail/dds_fastrtps/ground_truth_array__type_support.cpp.o[0m
[3.160s] [ 46%] [32mBuilding CXX object CMakeFiles/lidar_msgs__rosidl_typesupport_c.dir/rosidl_typesupport_c/lidar_msgs/msg/ground_truth__type_support.cpp.o[0m
[3.161s] [ 48%] [32mBuilding CXX object CMakeFiles/lidar_msgs__rosidl_typesupport_c.dir/rosidl_typesupport_c/lidar_msgs/msg/ground_truth_array__type_support.cpp.o[0m
[3.187s] [ 53%] [32mBuilding C object CMakeFiles/lidar_msgs__rosidl_typesupport_introspection_c.dir/rosidl_typesupport_introspection_c/lidar_msgs/msg/detail/ground_truth__type_support.c.o[0m
[3.187s] [ 53%] [32mBuilding C object CMakeFiles/lidar_msgs__rosidl_typesupport_introspection_c.dir/rosidl_typesupport_introspection_c/lidar_msgs/msg/detail/ground_truth_array__type_support.c.o[0m
[3.195s] [ 56%] [32m[1mLinking CXX shared library liblidar_msgs__rosidl_typesupport_c.so[0m
[3.197s] [ 58%] [32mBuilding CXX object CMakeFiles/lidar_msgs__rosidl_typesupport_fastrtps_c.dir/rosidl_typesupport_fastrtps_c/lidar_msgs/msg/detail/ground_truth__type_support_c.cpp.o[0m
[3.198s] [ 61%] [32mBuilding CXX object CMakeFiles/lidar_msgs__rosidl_typesupport_fastrtps_c.dir/rosidl_typesupport_fastrtps_c/lidar_msgs/msg/detail/ground_truth_array__type_support_c.cpp.o[0m
[3.226s] [ 64%] [32m[1mLinking C shared library liblidar_msgs__rosidl_typesupport_introspection_c.so[0m
[3.245s] [ 64%] Built target lidar_msgs__rosidl_typesupport_c
[3.263s] [ 64%] Built target lidar_msgs__rosidl_typesupport_introspection_c
[3.307s] [ 66%] [32m[1mLinking CXX shared library liblidar_msgs__rosidl_typesupport_cpp.so[0m
[3.350s] [ 66%] Built target lidar_msgs__rosidl_typesupport_cpp
[3.460s] [ 69%] [32m[1mLinking CXX shared library liblidar_msgs__rosidl_typesupport_introspection_cpp.so[0m
[3.473s] [ 71%] [32m[1mLinking CXX shared library liblidar_msgs__rosidl_typesupport_fastrtps_cpp.so[0m
[3.518s] [ 74%] [32m[1mLinking CXX shared library liblidar_msgs__rosidl_typesupport_fastrtps_c.so[0m
[3.532s] [ 74%] Built target lidar_msgs__rosidl_typesupport_introspection_cpp
[3.545s] [ 74%] Built target lidar_msgs__rosidl_typesupport_fastrtps_cpp
[3.586s] [ 74%] Built target lidar_msgs__rosidl_typesupport_fastrtps_c
[3.608s] [ 74%] Built target lidar_msgs
[3.630s] [ 76%] [34m[1mGenerating Python code for ROS interfaces[0m
[3.954s] [ 76%] Built target lidar_msgs__py
[3.975s] [ 79%] [32mBuilding C object CMakeFiles/lidar_msgs__rosidl_generator_py.dir/rosidl_generator_py/lidar_msgs/msg/_ground_truth_s.c.o[0m
[3.976s] [ 82%] [32mBuilding C object CMakeFiles/lidar_msgs__rosidl_generator_py.dir/rosidl_generator_py/lidar_msgs/msg/_ground_truth_array_s.c.o[0m
[4.073s] [ 84%] [32m[1mLinking C shared library rosidl_generator_py/lidar_msgs/liblidar_msgs__rosidl_generator_py.so[0m
[4.115s] [ 84%] Built target lidar_msgs__rosidl_generator_py
[4.137s] [ 87%] [32mBuilding C object CMakeFiles/lidar_msgs__rosidl_typesupport_fastrtps_c__pyext.dir/rosidl_generator_py/lidar_msgs/_lidar_msgs_s.ep.rosidl_typesupport_fastrtps_c.c.o[0m
[4.138s] [ 89%] [32mBuilding C object CMakeFiles/lidar_msgs__rosidl_typesupport_c__pyext.dir/rosidl_generator_py/lidar_msgs/_lidar_msgs_s.ep.rosidl_typesupport_c.c.o[0m
[4.139s] [ 92%] [32mBuilding C object CMakeFiles/lidar_msgs__rosidl_typesupport_introspection_c__pyext.dir/rosidl_generator_py/lidar_msgs/_lidar_msgs_s.ep.rosidl_typesupport_introspection_c.c.o[0m
[4.235s] [ 97%] [32m[1mLinking C shared library rosidl_generator_py/lidar_msgs/lidar_msgs_s__rosidl_typesupport_c.cpython-310-x86_64-linux-gnu.so[0m
[4.235s] [ 97%] [32m[1mLinking C shared library rosidl_generator_py/lidar_msgs/lidar_msgs_s__rosidl_typesupport_fastrtps_c.cpython-310-x86_64-linux-gnu.so[0m
[4.235s] [100%] [32m[1mLinking C shared library rosidl_generator_py/lidar_msgs/lidar_msgs_s__rosidl_typesupport_introspection_c.cpython-310-x86_64-linux-gnu.so[0m
[4.275s] [100%] Built target lidar_msgs__rosidl_typesupport_c__pyext
[4.276s] [100%] Built target lidar_msgs__rosidl_typesupport_introspection_c__pyext
[4.277s] [100%] Built target lidar_msgs__rosidl_typesupport_fastrtps_c__pyext
[4.290s] Invoked command in '/home/steffens/KITrain/build/lidar_msgs' returned '0': CMAKE_PREFIX_PATH=${CMAKE_PREFIX_PATH}:/home/steffens/KITrain/install/camera_simulator:/opt/ros/humble /usr/bin/cmake --build /home/steffens/KITrain/build/lidar_msgs -- -j16 -l16
[4.377s] Invoking command in '/home/steffens/KITrain/build/lidar_msgs': CMAKE_PREFIX_PATH=${CMAKE_PREFIX_PATH}:/home/steffens/KITrain/install/camera_simulator:/opt/ros/humble /usr/bin/cmake --install /home/steffens/KITrain/build/lidar_msgs
[4.384s] -- Install configuration: ""
[4.385s] -- Installing: /home/steffens/KITrain/install/lidar_msgs/share/ament_index/resource_index/rosidl_interfaces/lidar_msgs
[4.385s] -- Installing: /home/steffens/KITrain/install/lidar_msgs/include/lidar_msgs/lidar_msgs
[4.385s] -- Installing: /home/steffens/KITrain/install/lidar_msgs/include/lidar_msgs/lidar_msgs/msg
[4.385s] -- Installing: /home/steffens/KITrain/install/lidar_msgs/include/lidar_msgs/lidar_msgs/msg/detail
[4.385s] -- Installing: /home/steffens/KITrain/install/lidar_msgs/include/lidar_msgs/lidar_msgs/msg/detail/ground_truth__type_support.h
[4.385s] -- Installing: /home/steffens/KITrain/install/lidar_msgs/include/lidar_msgs/lidar_msgs/msg/detail/ground_truth_array__functions.h
[4.386s] -- Installing: /home/steffens/KITrain/install/lidar_msgs/include/lidar_msgs/lidar_msgs/msg/detail/ground_truth__struct.h
[4.386s] -- Installing: /home/steffens/KITrain/install/lidar_msgs/include/lidar_msgs/lidar_msgs/msg/detail/ground_truth_array__functions.c
[4.386s] -- Installing: /home/steffens/KITrain/install/lidar_msgs/include/lidar_msgs/lidar_msgs/msg/detail/ground_truth__functions.c
[4.386s] -- Installing: /home/steffens/KITrain/install/lidar_msgs/include/lidar_msgs/lidar_msgs/msg/detail/ground_truth_array__type_support.h
[4.386s] -- Installing: /home/steffens/KITrain/install/lidar_msgs/include/lidar_msgs/lidar_msgs/msg/detail/ground_truth__functions.h
[4.387s] -- Installing: /home/steffens/KITrain/install/lidar_msgs/include/lidar_msgs/lidar_msgs/msg/detail/ground_truth_array__struct.h
[4.387s] -- Installing: /home/steffens/KITrain/install/lidar_msgs/include/lidar_msgs/lidar_msgs/msg/ground_truth_array.h
[4.387s] -- Installing: /home/steffens/KITrain/install/lidar_msgs/include/lidar_msgs/lidar_msgs/msg/rosidl_generator_c__visibility_control.h
[4.387s] -- Installing: /home/steffens/KITrain/install/lidar_msgs/include/lidar_msgs/lidar_msgs/msg/ground_truth.h
[4.387s] -- Installing: /home/steffens/KITrain/install/lidar_msgs/share/lidar_msgs/environment/library_path.sh
[4.387s] -- Installing: /home/steffens/KITrain/install/lidar_msgs/share/lidar_msgs/environment/library_path.dsv
[4.388s] -- Installing: /home/steffens/KITrain/install/lidar_msgs/lib/liblidar_msgs__rosidl_generator_c.so
[4.388s] -- Set runtime path of "/home/steffens/KITrain/install/lidar_msgs/lib/liblidar_msgs__rosidl_generator_c.so" to ""
[4.388s] -- Up-to-date: /home/steffens/KITrain/install/lidar_msgs/include/lidar_msgs/lidar_msgs
[4.388s] -- Up-to-date: /home/steffens/KITrain/install/lidar_msgs/include/lidar_msgs/lidar_msgs/msg
[4.389s] -- Up-to-date: /home/steffens/KITrain/install/lidar_msgs/include/lidar_msgs/lidar_msgs/msg/detail
[4.389s] -- Installing: /home/steffens/KITrain/install/lidar_msgs/include/lidar_msgs/lidar_msgs/msg/detail/ground_truth__rosidl_typesupport_fastrtps_c.h
[4.389s] -- Installing: /home/steffens/KITrain/install/lidar_msgs/include/lidar_msgs/lidar_msgs/msg/detail/ground_truth_array__rosidl_typesupport_fastrtps_c.h
[4.389s] -- Installing: /home/steffens/KITrain/install/lidar_msgs/include/lidar_msgs/lidar_msgs/msg/rosidl_typesupport_fastrtps_c__visibility_control.h
[4.389s] -- Installing: /home/steffens/KITrain/install/lidar_msgs/lib/liblidar_msgs__rosidl_typesupport_fastrtps_c.so
[4.390s] -- Set runtime path of "/home/steffens/KITrain/install/lidar_msgs/lib/liblidar_msgs__rosidl_typesupport_fastrtps_c.so" to ""
[4.390s] -- Up-to-date: /home/steffens/KITrain/install/lidar_msgs/include/lidar_msgs/lidar_msgs
[4.390s] -- Up-to-date: /home/steffens/KITrain/install/lidar_msgs/include/lidar_msgs/lidar_msgs/msg
[4.390s] -- Installing: /home/steffens/KITrain/install/lidar_msgs/include/lidar_msgs/lidar_msgs/msg/ground_truth_array.hpp
[4.390s] -- Up-to-date: /home/steffens/KITrain/install/lidar_msgs/include/lidar_msgs/lidar_msgs/msg/detail
[4.390s] -- Installing: /home/steffens/KITrain/install/lidar_msgs/include/lidar_msgs/lidar_msgs/msg/detail/ground_truth_array__struct.hpp
[4.390s] -- Installing: /home/steffens/KITrain/install/lidar_msgs/include/lidar_msgs/lidar_msgs/msg/detail/ground_truth__builder.hpp
[4.390s] -- Installing: /home/steffens/KITrain/install/lidar_msgs/include/lidar_msgs/lidar_msgs/msg/detail/ground_truth__traits.hpp
[4.390s] -- Installing: /home/steffens/KITrain/install/lidar_msgs/include/lidar_msgs/lidar_msgs/msg/detail/ground_truth_array__builder.hpp
[4.391s] -- Installing: /home/steffens/KITrain/install/lidar_msgs/include/lidar_msgs/lidar_msgs/msg/detail/ground_truth__struct.hpp
[4.391s] -- Installing: /home/steffens/KITrain/install/lidar_msgs/include/lidar_msgs/lidar_msgs/msg/detail/ground_truth_array__traits.hpp
[4.391s] -- Installing: /home/steffens/KITrain/install/lidar_msgs/include/lidar_msgs/lidar_msgs/msg/ground_truth.hpp
[4.391s] -- Up-to-date: /home/steffens/KITrain/install/lidar_msgs/include/lidar_msgs/lidar_msgs
[4.391s] -- Up-to-date: /home/steffens/KITrain/install/lidar_msgs/include/lidar_msgs/lidar_msgs/msg
[4.391s] -- Installing: /home/steffens/KITrain/install/lidar_msgs/include/lidar_msgs/lidar_msgs/msg/rosidl_typesupport_fastrtps_cpp__visibility_control.h
[4.392s] -- Up-to-date: /home/steffens/KITrain/install/lidar_msgs/include/lidar_msgs/lidar_msgs/msg/detail
[4.392s] -- Installing: /home/steffens/KITrain/install/lidar_msgs/include/lidar_msgs/lidar_msgs/msg/detail/ground_truth_array__rosidl_typesupport_fastrtps_cpp.hpp
[4.392s] -- Installing: /home/steffens/KITrain/install/lidar_msgs/include/lidar_msgs/lidar_msgs/msg/detail/dds_fastrtps
[4.392s] -- Installing: /home/steffens/KITrain/install/lidar_msgs/include/lidar_msgs/lidar_msgs/msg/detail/ground_truth__rosidl_typesupport_fastrtps_cpp.hpp
[4.392s] -- Installing: /home/steffens/KITrain/install/lidar_msgs/lib/liblidar_msgs__rosidl_typesupport_fastrtps_cpp.so
[4.393s] -- Set runtime path of "/home/steffens/KITrain/install/lidar_msgs/lib/liblidar_msgs__rosidl_typesupport_fastrtps_cpp.so" to ""
[4.393s] -- Up-to-date: /home/steffens/KITrain/install/lidar_msgs/include/lidar_msgs/lidar_msgs
[4.393s] -- Up-to-date: /home/steffens/KITrain/install/lidar_msgs/include/lidar_msgs/lidar_msgs/msg
[4.393s] -- Installing: /home/steffens/KITrain/install/lidar_msgs/include/lidar_msgs/lidar_msgs/msg/rosidl_typesupport_introspection_c__visibility_control.h
[4.393s] -- Up-to-date: /home/steffens/KITrain/install/lidar_msgs/include/lidar_msgs/lidar_msgs/msg/detail
[4.394s] -- Installing: /home/steffens/KITrain/install/lidar_msgs/include/lidar_msgs/lidar_msgs/msg/detail/ground_truth_array__rosidl_typesupport_introspection_c.h
[4.394s] -- Installing: /home/steffens/KITrain/install/lidar_msgs/include/lidar_msgs/lidar_msgs/msg/detail/ground_truth_array__type_support.c
[4.394s] -- Installing: /home/steffens/KITrain/install/lidar_msgs/include/lidar_msgs/lidar_msgs/msg/detail/ground_truth__type_support.c
[4.394s] -- Installing: /home/steffens/KITrain/install/lidar_msgs/include/lidar_msgs/lidar_msgs/msg/detail/ground_truth__rosidl_typesupport_introspection_c.h
[4.394s] -- Installing: /home/steffens/KITrain/install/lidar_msgs/lib/liblidar_msgs__rosidl_typesupport_introspection_c.so
[4.395s] -- Set runtime path of "/home/steffens/KITrain/install/lidar_msgs/lib/liblidar_msgs__rosidl_typesupport_introspection_c.so" to ""
[4.395s] -- Installing: /home/steffens/KITrain/install/lidar_msgs/lib/liblidar_msgs__rosidl_typesupport_c.so
[4.395s] -- Set runtime path of "/home/steffens/KITrain/install/lidar_msgs/lib/liblidar_msgs__rosidl_typesupport_c.so" to ""
[4.395s] -- Up-to-date: /home/steffens/KITrain/install/lidar_msgs/include/lidar_msgs/lidar_msgs
[4.395s] -- Up-to-date: /home/steffens/KITrain/install/lidar_msgs/include/lidar_msgs/lidar_msgs/msg
[4.395s] -- Up-to-date: /home/steffens/KITrain/install/lidar_msgs/include/lidar_msgs/lidar_msgs/msg/detail
[4.395s] -- Installing: /home/steffens/KITrain/install/lidar_msgs/include/lidar_msgs/lidar_msgs/msg/detail/ground_truth_array__type_support.cpp
[4.396s] -- Installing: /home/steffens/KITrain/install/lidar_msgs/include/lidar_msgs/lidar_msgs/msg/detail/ground_truth__type_support.cpp
[4.396s] -- Installing: /home/steffens/KITrain/install/lidar_msgs/include/lidar_msgs/lidar_msgs/msg/detail/ground_truth__rosidl_typesupport_introspection_cpp.hpp
[4.396s] -- Installing: /home/steffens/KITrain/install/lidar_msgs/include/lidar_msgs/lidar_msgs/msg/detail/ground_truth_array__rosidl_typesupport_introspection_cpp.hpp
[4.396s] -- Installing: /home/steffens/KITrain/install/lidar_msgs/lib/liblidar_msgs__rosidl_typesupport_introspection_cpp.so
[4.397s] -- Set runtime path of "/home/steffens/KITrain/install/lidar_msgs/lib/liblidar_msgs__rosidl_typesupport_introspection_cpp.so" to ""
[4.397s] -- Installing: /home/steffens/KITrain/install/lidar_msgs/lib/liblidar_msgs__rosidl_typesupport_cpp.so
[4.397s] -- Set runtime path of "/home/steffens/KITrain/install/lidar_msgs/lib/liblidar_msgs__rosidl_typesupport_cpp.so" to ""
[4.397s] -- Installing: /home/steffens/KITrain/install/lidar_msgs/share/lidar_msgs/environment/pythonpath.sh
[4.397s] -- Installing: /home/steffens/KITrain/install/lidar_msgs/share/lidar_msgs/environment/pythonpath.dsv
[4.398s] -- Installing: /home/steffens/KITrain/install/lidar_msgs/local/lib/python3.10/dist-packages/lidar_msgs-0.0.0-py3.10.egg-info
[4.398s] -- Installing: /home/steffens/KITrain/install/lidar_msgs/local/lib/python3.10/dist-packages/lidar_msgs-0.0.0-py3.10.egg-info/SOURCES.txt
[4.398s] -- Installing: /home/steffens/KITrain/install/lidar_msgs/local/lib/python3.10/dist-packages/lidar_msgs-0.0.0-py3.10.egg-info/dependency_links.txt
[4.398s] -- Installing: /home/steffens/KITrain/install/lidar_msgs/local/lib/python3.10/dist-packages/lidar_msgs-0.0.0-py3.10.egg-info/PKG-INFO
[4.398s] -- Installing: /home/steffens/KITrain/install/lidar_msgs/local/lib/python3.10/dist-packages/lidar_msgs-0.0.0-py3.10.egg-info/top_level.txt
[4.398s] -- Installing: /home/steffens/KITrain/install/lidar_msgs/local/lib/python3.10/dist-packages/lidar_msgs
[4.399s] -- Installing: /home/steffens/KITrain/install/lidar_msgs/local/lib/python3.10/dist-packages/lidar_msgs/__init__.py
[4.399s] -- Installing: /home/steffens/KITrain/install/lidar_msgs/local/lib/python3.10/dist-packages/lidar_msgs/lidar_msgs_s__rosidl_typesupport_fastrtps_c.cpython-310-x86_64-linux-gnu.so
[4.399s] -- Installing: /home/steffens/KITrain/install/lidar_msgs/local/lib/python3.10/dist-packages/lidar_msgs/_lidar_msgs_s.ep.rosidl_typesupport_c.c
[4.399s] -- Installing: /home/steffens/KITrain/install/lidar_msgs/local/lib/python3.10/dist-packages/lidar_msgs/_lidar_msgs_s.ep.rosidl_typesupport_introspection_c.c
[4.399s] -- Installing: /home/steffens/KITrain/install/lidar_msgs/local/lib/python3.10/dist-packages/lidar_msgs/lidar_msgs_s__rosidl_typesupport_introspection_c.cpython-310-x86_64-linux-gnu.so
[4.399s] -- Installing: /home/steffens/KITrain/install/lidar_msgs/local/lib/python3.10/dist-packages/lidar_msgs/_lidar_msgs_s.ep.rosidl_typesupport_fastrtps_c.c
[4.400s] -- Installing: /home/steffens/KITrain/install/lidar_msgs/local/lib/python3.10/dist-packages/lidar_msgs/lidar_msgs_s__rosidl_typesupport_c.cpython-310-x86_64-linux-gnu.so
[4.400s] -- Installing: /home/steffens/KITrain/install/lidar_msgs/local/lib/python3.10/dist-packages/lidar_msgs/liblidar_msgs__rosidl_generator_py.so
[4.400s] -- Installing: /home/steffens/KITrain/install/lidar_msgs/local/lib/python3.10/dist-packages/lidar_msgs/msg
[4.400s] -- Installing: /home/steffens/KITrain/install/lidar_msgs/local/lib/python3.10/dist-packages/lidar_msgs/msg/__init__.py
[4.400s] -- Installing: /home/steffens/KITrain/install/lidar_msgs/local/lib/python3.10/dist-packages/lidar_msgs/msg/_ground_truth_array_s.c
[4.400s] -- Installing: /home/steffens/KITrain/install/lidar_msgs/local/lib/python3.10/dist-packages/lidar_msgs/msg/_ground_truth_array.py
[4.401s] -- Installing: /home/steffens/KITrain/install/lidar_msgs/local/lib/python3.10/dist-packages/lidar_msgs/msg/_ground_truth.py
[4.401s] -- Installing: /home/steffens/KITrain/install/lidar_msgs/local/lib/python3.10/dist-packages/lidar_msgs/msg/_ground_truth_s.c
[4.432s] Listing '/home/steffens/KITrain/install/lidar_msgs/local/lib/python3.10/dist-packages/lidar_msgs'...
[4.432s] Compiling '/home/steffens/KITrain/install/lidar_msgs/local/lib/python3.10/dist-packages/lidar_msgs/__init__.py'...
[4.432s] Listing '/home/steffens/KITrain/install/lidar_msgs/local/lib/python3.10/dist-packages/lidar_msgs/msg'...
[4.432s] Compiling '/home/steffens/KITrain/install/lidar_msgs/local/lib/python3.10/dist-packages/lidar_msgs/msg/__init__.py'...
[4.432s] Compiling '/home/steffens/KITrain/install/lidar_msgs/local/lib/python3.10/dist-packages/lidar_msgs/msg/_ground_truth.py'...
[4.432s] Compiling '/home/steffens/KITrain/install/lidar_msgs/local/lib/python3.10/dist-packages/lidar_msgs/msg/_ground_truth_array.py'...
[4.435s] -- Installing: /home/steffens/KITrain/install/lidar_msgs/local/lib/python3.10/dist-packages/lidar_msgs/lidar_msgs_s__rosidl_typesupport_fastrtps_c.cpython-310-x86_64-linux-gnu.so
[4.436s] -- Set runtime path of "/home/steffens/KITrain/install/lidar_msgs/local/lib/python3.10/dist-packages/lidar_msgs/lidar_msgs_s__rosidl_typesupport_fastrtps_c.cpython-310-x86_64-linux-gnu.so" to ""
[4.436s] -- Installing: /home/steffens/KITrain/install/lidar_msgs/local/lib/python3.10/dist-packages/lidar_msgs/lidar_msgs_s__rosidl_typesupport_introspection_c.cpython-310-x86_64-linux-gnu.so
[4.437s] -- Set runtime path of "/home/steffens/KITrain/install/lidar_msgs/local/lib/python3.10/dist-packages/lidar_msgs/lidar_msgs_s__rosidl_typesupport_introspection_c.cpython-310-x86_64-linux-gnu.so" to ""
[4.437s] -- Installing: /home/steffens/KITrain/install/lidar_msgs/local/lib/python3.10/dist-packages/lidar_msgs/lidar_msgs_s__rosidl_typesupport_c.cpython-310-x86_64-linux-gnu.so
[4.437s] -- Set runtime path of "/home/steffens/KITrain/install/lidar_msgs/local/lib/python3.10/dist-packages/lidar_msgs/lidar_msgs_s__rosidl_typesupport_c.cpython-310-x86_64-linux-gnu.so" to ""
[4.438s] -- Installing: /home/steffens/KITrain/install/lidar_msgs/lib/liblidar_msgs__rosidl_generator_py.so
[4.438s] -- Set runtime path of "/home/steffens/KITrain/install/lidar_msgs/lib/liblidar_msgs__rosidl_generator_py.so" to ""
[4.438s] -- Installing: /home/steffens/KITrain/install/lidar_msgs/share/lidar_msgs/msg/GroundTruth.idl
[4.438s] -- Installing: /home/steffens/KITrain/install/lidar_msgs/share/lidar_msgs/msg/GroundTruthArray.idl
[4.439s] -- Installing: /home/steffens/KITrain/install/lidar_msgs/share/lidar_msgs/msg/GroundTruth.msg
[4.439s] -- Installing: /home/steffens/KITrain/install/lidar_msgs/share/lidar_msgs/msg/GroundTruthArray.msg
[4.439s] -- Installing: /home/steffens/KITrain/install/lidar_msgs/share/ament_index/resource_index/package_run_dependencies/lidar_msgs
[4.440s] -- Installing: /home/steffens/KITrain/install/lidar_msgs/share/ament_index/resource_index/parent_prefix_path/lidar_msgs
[4.440s] -- Installing: /home/steffens/KITrain/install/lidar_msgs/share/lidar_msgs/environment/ament_prefix_path.sh
[4.440s] -- Installing: /home/steffens/KITrain/install/lidar_msgs/share/lidar_msgs/environment/ament_prefix_path.dsv
[4.440s] -- Installing: /home/steffens/KITrain/install/lidar_msgs/share/lidar_msgs/environment/path.sh
[4.440s] -- Installing: /home/steffens/KITrain/install/lidar_msgs/share/lidar_msgs/environment/path.dsv
[4.441s] -- Installing: /home/steffens/KITrain/install/lidar_msgs/share/lidar_msgs/local_setup.bash
[4.441s] -- Installing: /home/steffens/KITrain/install/lidar_msgs/share/lidar_msgs/local_setup.sh
[4.441s] -- Installing: /home/steffens/KITrain/install/lidar_msgs/share/lidar_msgs/local_setup.zsh
[4.441s] -- Installing: /home/steffens/KITrain/install/lidar_msgs/share/lidar_msgs/local_setup.dsv
[4.441s] -- Installing: /home/steffens/KITrain/install/lidar_msgs/share/lidar_msgs/package.dsv
[4.442s] -- Installing: /home/steffens/KITrain/install/lidar_msgs/share/ament_index/resource_index/packages/lidar_msgs
[4.442s] -- Installing: /home/steffens/KITrain/install/lidar_msgs/share/lidar_msgs/cmake/export_lidar_msgs__rosidl_generator_cExport.cmake
[4.442s] -- Installing: /home/steffens/KITrain/install/lidar_msgs/share/lidar_msgs/cmake/export_lidar_msgs__rosidl_generator_cExport-noconfig.cmake
[4.442s] -- Installing: /home/steffens/KITrain/install/lidar_msgs/share/lidar_msgs/cmake/export_lidar_msgs__rosidl_typesupport_fastrtps_cExport.cmake
[4.442s] -- Installing: /home/steffens/KITrain/install/lidar_msgs/share/lidar_msgs/cmake/export_lidar_msgs__rosidl_typesupport_fastrtps_cExport-noconfig.cmake
[4.443s] -- Installing: /home/steffens/KITrain/install/lidar_msgs/share/lidar_msgs/cmake/export_lidar_msgs__rosidl_generator_cppExport.cmake
[4.443s] -- Installing: /home/steffens/KITrain/install/lidar_msgs/share/lidar_msgs/cmake/export_lidar_msgs__rosidl_typesupport_fastrtps_cppExport.cmake
[4.443s] -- Installing: /home/steffens/KITrain/install/lidar_msgs/share/lidar_msgs/cmake/export_lidar_msgs__rosidl_typesupport_fastrtps_cppExport-noconfig.cmake
[4.443s] -- Installing: /home/steffens/KITrain/install/lidar_msgs/share/lidar_msgs/cmake/lidar_msgs__rosidl_typesupport_introspection_cExport.cmake
[4.444s] -- Installing: /home/steffens/KITrain/install/lidar_msgs/share/lidar_msgs/cmake/lidar_msgs__rosidl_typesupport_introspection_cExport-noconfig.cmake
[4.444s] -- Installing: /home/steffens/KITrain/install/lidar_msgs/share/lidar_msgs/cmake/lidar_msgs__rosidl_typesupport_cExport.cmake
[4.444s] -- Installing: /home/steffens/KITrain/install/lidar_msgs/share/lidar_msgs/cmake/lidar_msgs__rosidl_typesupport_cExport-noconfig.cmake
[4.444s] -- Installing: /home/steffens/KITrain/install/lidar_msgs/share/lidar_msgs/cmake/lidar_msgs__rosidl_typesupport_introspection_cppExport.cmake
[4.444s] -- Installing: /home/steffens/KITrain/install/lidar_msgs/share/lidar_msgs/cmake/lidar_msgs__rosidl_typesupport_introspection_cppExport-noconfig.cmake
[4.445s] -- Installing: /home/steffens/KITrain/install/lidar_msgs/share/lidar_msgs/cmake/lidar_msgs__rosidl_typesupport_cppExport.cmake
[4.445s] -- Installing: /home/steffens/KITrain/install/lidar_msgs/share/lidar_msgs/cmake/lidar_msgs__rosidl_typesupport_cppExport-noconfig.cmake
[4.445s] -- Installing: /home/steffens/KITrain/install/lidar_msgs/share/lidar_msgs/cmake/export_lidar_msgs__rosidl_generator_pyExport.cmake
[4.445s] -- Installing: /home/steffens/KITrain/install/lidar_msgs/share/lidar_msgs/cmake/export_lidar_msgs__rosidl_generator_pyExport-noconfig.cmake
[4.445s] -- Installing: /home/steffens/KITrain/install/lidar_msgs/share/lidar_msgs/cmake/rosidl_cmake-extras.cmake
[4.446s] -- Installing: /home/steffens/KITrain/install/lidar_msgs/share/lidar_msgs/cmake/ament_cmake_export_dependencies-extras.cmake
[4.446s] -- Installing: /home/steffens/KITrain/install/lidar_msgs/share/lidar_msgs/cmake/ament_cmake_export_include_directories-extras.cmake
[4.446s] -- Installing: /home/steffens/KITrain/install/lidar_msgs/share/lidar_msgs/cmake/ament_cmake_export_libraries-extras.cmake
[4.446s] -- Installing: /home/steffens/KITrain/install/lidar_msgs/share/lidar_msgs/cmake/ament_cmake_export_targets-extras.cmake
[4.446s] -- Installing: /home/steffens/KITrain/install/lidar_msgs/share/lidar_msgs/cmake/rosidl_cmake_export_typesupport_targets-extras.cmake
[4.446s] -- Installing: /home/steffens/KITrain/install/lidar_msgs/share/lidar_msgs/cmake/rosidl_cmake_export_typesupport_libraries-extras.cmake
[4.447s] -- Installing: /home/steffens/KITrain/install/lidar_msgs/share/lidar_msgs/cmake/lidar_msgsConfig.cmake
[4.447s] -- Installing: /home/steffens/KITrain/install/lidar_msgs/share/lidar_msgs/cmake/lidar_msgsConfig-version.cmake
[4.447s] -- Installing: /home/steffens/KITrain/install/lidar_msgs/share/lidar_msgs/package.xml
[4.450s] Invoked command in '/home/steffens/KITrain/build/lidar_msgs' returned '0': CMAKE_PREFIX_PATH=${CMAKE_PREFIX_PATH}:/home/steffens/KITrain/install/camera_simulator:/opt/ros/humble /usr/bin/cmake --install /home/steffens/KITrain/build/lidar_msgs
