[0.014s] Invoking command in '/home/steffens/KITrain/build/lidar': CMAKE_PREFIX_PATH=/home/steffens/KITrain/install/lidar_msgs:/home/steffens/KITrain/install/track_detector:/home/steffens/KITrain/install/target_velocity_estimator:/home/steffens/KITrain/install/target_distance_estimator:/home/steffens/KITrain/install/signal_detector:/home/steffens/KITrain/install/signal_detection_verificator:/home/steffens/KITrain/install/rgb_detector:/home/steffens/KITrain/install/rgb_camera:/home/steffens/KITrain/install/position_corrector:/home/steffens/KITrain/install/odometry:/home/steffens/KITrain/install/object_fuser:/home/steffens/KITrain/install/localizer:/home/steffens/KITrain/install/lidar:/home/steffens/KITrain/install/lidar_detector:/home/steffens/KITrain/install/gnss:/home/steffens/KITrain/install/clearance_profile_setter:/home/steffens/KITrain/install/clearance_profile_observer:/home/steffens/KITrain/install/camera_simulator:/opt/ros/humble /usr/bin/cmake --build /home/steffens/KITrain/build/lidar -- -j16 -l16
[0.080s] [ 50%] [32mBuilding CXX object CMakeFiles/lidar_udp_publisher.dir/src/lidar_udp_to_topic.cpp.o[0m
[2.176s] [01m[K/home/steffens/KITrain/src/ki_train/sensors/lidar/src/lidar_udp_to_topic.cpp:[m[K In member function ‘[01m[Kvoid LidarUDPPublisher::publishBoundingBoxes(const std::vector<lidar_msgs::msg::GroundTruth_<std::allocator<void> >, std::allocator<lidar_msgs::msg::GroundTruth_<std::allocator<void> > > >&)[m[K’:
[2.176s] [01m[K/home/steffens/KITrain/src/ki_train/sensors/lidar/src/lidar_udp_to_topic.cpp:247:45:[m[K [01;31m[Kerror: [m[K‘[01m[KtoMsg[m[K’ is not a member of ‘[01m[Ktf2[m[K’
[2.176s]   247 |         boundingbox.pose.orientation = tf2::[01;31m[KtoMsg[m[K(tf2::Quaternion(0, 0, groundTruth.yaw));
[2.176s]       |                                             [01;31m[K^~~~~[m[K
[2.176s] [01m[K/home/steffens/KITrain/src/ki_train/sensors/lidar/src/lidar_udp_to_topic.cpp:247:88:[m[K [01;31m[Kerror: [m[Kno matching function for call to ‘[01m[Ktf2::Quaternion::Quaternion(int, int, const _yaw_type&)[m[K’
[2.176s]   247 |         boundingbox.pose.orientation = tf2::toMsg(tf2::Quaternion(0, 0, groundTruth.yaw[01;31m[K)[m[K);
[2.176s]       |                                                                                        [01;31m[K^[m[K
[2.177s] In file included from [01m[K/home/steffens/KITrain/src/ki_train/sensors/lidar/src/lidar_udp_to_topic.cpp:11[m[K:
[2.177s] [01m[K/opt/ros/humble/include/tf2/tf2/LinearMath/Quaternion.h:46:9:[m[K [01;36m[Knote: [m[Kcandidate: ‘[01m[Ktf2::Quaternion::Quaternion(const tf2::Vector3&, const tf2Scalar&)[m[K’
[2.177s]    46 |         [01;36m[KQuaternion[m[K(const Vector3& axis, const tf2Scalar& angle)
[2.177s]       |         [01;36m[K^~~~~~~~~~[m[K
[2.179s] [01m[K/opt/ros/humble/include/tf2/tf2/LinearMath/Quaternion.h:46:9:[m[K [01;36m[Knote: [m[K  candidate expects 2 arguments, 3 provided
[2.179s] [01m[K/opt/ros/humble/include/tf2/tf2/LinearMath/Quaternion.h:39:9:[m[K [01;36m[Knote: [m[Kcandidate: ‘[01m[Ktf2::Quaternion::Quaternion(const tf2Scalar&, const tf2Scalar&, const tf2Scalar&, const tf2Scalar&)[m[K’
[2.180s]    39 |         [01;36m[KQuaternion[m[K(const tf2Scalar& x, const tf2Scalar& y, const tf2Scalar& z, const tf2Scalar& w)
[2.180s]       |         [01;36m[K^~~~~~~~~~[m[K
[2.180s] [01m[K/opt/ros/humble/include/tf2/tf2/LinearMath/Quaternion.h:39:9:[m[K [01;36m[Knote: [m[K  candidate expects 4 arguments, 3 provided
[2.180s] [01m[K/opt/ros/humble/include/tf2/tf2/LinearMath/Quaternion.h:33:9:[m[K [01;36m[Knote: [m[Kcandidate: ‘[01m[Ktf2::Quaternion::Quaternion()[m[K’
[2.180s]    33 |         [01;36m[KQuaternion[m[K() {}
[2.180s]       |         [01;36m[K^~~~~~~~~~[m[K
[2.180s] [01m[K/opt/ros/humble/include/tf2/tf2/LinearMath/Quaternion.h:33:9:[m[K [01;36m[Knote: [m[K  candidate expects 0 arguments, 3 provided
[2.181s] [01m[K/opt/ros/humble/include/tf2/tf2/LinearMath/Quaternion.h:29:7:[m[K [01;36m[Knote: [m[Kcandidate: ‘[01m[Kconstexpr tf2::Quaternion::Quaternion(const tf2::Quaternion&)[m[K’
[2.181s]    29 | class [01;36m[KQuaternion[m[K : public QuadWord {
[2.181s]       |       [01;36m[K^~~~~~~~~~[m[K
[2.181s] [01m[K/opt/ros/humble/include/tf2/tf2/LinearMath/Quaternion.h:29:7:[m[K [01;36m[Knote: [m[K  candidate expects 1 argument, 3 provided
[2.181s] [01m[K/opt/ros/humble/include/tf2/tf2/LinearMath/Quaternion.h:29:7:[m[K [01;36m[Knote: [m[Kcandidate: ‘[01m[Kconstexpr tf2::Quaternion::Quaternion(tf2::Quaternion&&)[m[K’
[2.181s] [01m[K/opt/ros/humble/include/tf2/tf2/LinearMath/Quaternion.h:29:7:[m[K [01;36m[Knote: [m[K  candidate expects 1 argument, 3 provided
[3.105s] gmake[2]: *** [CMakeFiles/lidar_udp_publisher.dir/build.make:76: CMakeFiles/lidar_udp_publisher.dir/src/lidar_udp_to_topic.cpp.o] Error 1
[3.106s] gmake[1]: *** [CMakeFiles/Makefile2:137: CMakeFiles/lidar_udp_publisher.dir/all] Error 2
[3.107s] gmake: *** [Makefile:146: all] Error 2
[3.110s] Invoked command in '/home/steffens/KITrain/build/lidar' returned '2': CMAKE_PREFIX_PATH=/home/steffens/KITrain/install/lidar_msgs:/home/steffens/KITrain/install/track_detector:/home/steffens/KITrain/install/target_velocity_estimator:/home/steffens/KITrain/install/target_distance_estimator:/home/steffens/KITrain/install/signal_detector:/home/steffens/KITrain/install/signal_detection_verificator:/home/steffens/KITrain/install/rgb_detector:/home/steffens/KITrain/install/rgb_camera:/home/steffens/KITrain/install/position_corrector:/home/steffens/KITrain/install/odometry:/home/steffens/KITrain/install/object_fuser:/home/steffens/KITrain/install/localizer:/home/steffens/KITrain/install/lidar:/home/steffens/KITrain/install/lidar_detector:/home/steffens/KITrain/install/gnss:/home/steffens/KITrain/install/clearance_profile_setter:/home/steffens/KITrain/install/clearance_profile_observer:/home/steffens/KITrain/install/camera_simulator:/opt/ros/humble /usr/bin/cmake --build /home/steffens/KITrain/build/lidar -- -j16 -l16
