[0.307s] Invoking command in '/home/steffens/KITrain/build/target_velocity_estimator': CMAKE_PREFIX_PATH=${CMAKE_PREFIX_PATH}:/home/steffens/KITrain/install/camera_simulator:/opt/ros/humble /usr/bin/cmake /home/steffens/KITrain/src/ki_train/driving_decision_maker/target_velocity_estimator -DCMAKE_INSTALL_PREFIX=/home/steffens/KITrain/install/target_velocity_estimator
[1.052s] -- The C compiler identification is GNU 11.4.0
[1.053s] -- The CXX compiler identification is GNU 11.4.0
[1.053s] -- Detecting C compiler ABI info
[1.053s] -- Detecting C compiler ABI info - done
[1.053s] -- Check for working C compiler: /usr/bin/cc - skipped
[1.053s] -- Detecting C compile features
[1.053s] -- Detecting C compile features - done
[1.053s] -- Detecting CXX compiler ABI info
[1.053s] -- Detecting CXX compiler ABI info - done
[1.053s] -- Check for working CXX compiler: /usr/bin/c++ - skipped
[1.053s] -- Detecting CXX compile features
[1.053s] -- Detecting CXX compile features - done
[1.053s] -- Found ament_cmake: 1.3.9 (/opt/ros/humble/share/ament_cmake/cmake)
[1.054s] -- Found Python3: /usr/bin/python3 (found version "3.10.12") found components: Interpreter 
[1.054s] -- Found ament_lint_auto: 0.12.11 (/opt/ros/humble/share/ament_lint_auto/cmake)
[1.069s] -- Added test 'lint_cmake' to check CMake code style
[1.069s] -- Added test 'xmllint' to check XML markup files
[1.069s] -- Configuring done
[1.070s] -- Generating done
[1.071s] -- Build files have been written to: /home/steffens/KITrain/build/target_velocity_estimator
[1.107s] Invoked command in '/home/steffens/KITrain/build/target_velocity_estimator' returned '0': CMAKE_PREFIX_PATH=${CMAKE_PREFIX_PATH}:/home/steffens/KITrain/install/camera_simulator:/opt/ros/humble /usr/bin/cmake /home/steffens/KITrain/src/ki_train/driving_decision_maker/target_velocity_estimator -DCMAKE_INSTALL_PREFIX=/home/steffens/KITrain/install/target_velocity_estimator
[1.109s] Invoking command in '/home/steffens/KITrain/build/target_velocity_estimator': CMAKE_PREFIX_PATH=${CMAKE_PREFIX_PATH}:/home/steffens/KITrain/install/camera_simulator:/opt/ros/humble /usr/bin/cmake --build /home/steffens/KITrain/build/target_velocity_estimator -- -j16 -l16
[1.189s] Invoked command in '/home/steffens/KITrain/build/target_velocity_estimator' returned '0': CMAKE_PREFIX_PATH=${CMAKE_PREFIX_PATH}:/home/steffens/KITrain/install/camera_simulator:/opt/ros/humble /usr/bin/cmake --build /home/steffens/KITrain/build/target_velocity_estimator -- -j16 -l16
[1.240s] Invoking command in '/home/steffens/KITrain/build/target_velocity_estimator': CMAKE_PREFIX_PATH=${CMAKE_PREFIX_PATH}:/home/steffens/KITrain/install/camera_simulator:/opt/ros/humble /usr/bin/cmake --install /home/steffens/KITrain/build/target_velocity_estimator
[1.260s] -- Install configuration: ""
[1.260s] -- Installing: /home/steffens/KITrain/install/target_velocity_estimator/share/ament_index/resource_index/package_run_dependencies/target_velocity_estimator
[1.260s] -- Installing: /home/steffens/KITrain/install/target_velocity_estimator/share/ament_index/resource_index/parent_prefix_path/target_velocity_estimator
[1.260s] -- Installing: /home/steffens/KITrain/install/target_velocity_estimator/share/target_velocity_estimator/environment/ament_prefix_path.sh
[1.260s] -- Installing: /home/steffens/KITrain/install/target_velocity_estimator/share/target_velocity_estimator/environment/ament_prefix_path.dsv
[1.260s] -- Installing: /home/steffens/KITrain/install/target_velocity_estimator/share/target_velocity_estimator/environment/path.sh
[1.260s] -- Installing: /home/steffens/KITrain/install/target_velocity_estimator/share/target_velocity_estimator/environment/path.dsv
[1.260s] -- Installing: /home/steffens/KITrain/install/target_velocity_estimator/share/target_velocity_estimator/local_setup.bash
[1.260s] -- Installing: /home/steffens/KITrain/install/target_velocity_estimator/share/target_velocity_estimator/local_setup.sh
[1.261s] -- Installing: /home/steffens/KITrain/install/target_velocity_estimator/share/target_velocity_estimator/local_setup.zsh
[1.261s] -- Installing: /home/steffens/KITrain/install/target_velocity_estimator/share/target_velocity_estimator/local_setup.dsv
[1.261s] -- Installing: /home/steffens/KITrain/install/target_velocity_estimator/share/target_velocity_estimator/package.dsv
[1.261s] -- Installing: /home/steffens/KITrain/install/target_velocity_estimator/share/ament_index/resource_index/packages/target_velocity_estimator
[1.261s] -- Installing: /home/steffens/KITrain/install/target_velocity_estimator/share/target_velocity_estimator/cmake/target_velocity_estimatorConfig.cmake
[1.261s] -- Installing: /home/steffens/KITrain/install/target_velocity_estimator/share/target_velocity_estimator/cmake/target_velocity_estimatorConfig-version.cmake
[1.261s] -- Installing: /home/steffens/KITrain/install/target_velocity_estimator/share/target_velocity_estimator/package.xml
[1.293s] Invoked command in '/home/steffens/KITrain/build/target_velocity_estimator' returned '0': CMAKE_PREFIX_PATH=${CMAKE_PREFIX_PATH}:/home/steffens/KITrain/install/camera_simulator:/opt/ros/humble /usr/bin/cmake --install /home/steffens/KITrain/build/target_velocity_estimator
