[ 50%] [32mBuilding CXX object CMakeFiles/lidar_udp_publisher.dir/src/lidar_udp_to_topic.cpp.o[0m
[100%] [32m[1mLinking CXX executable lidar_udp_publisher[0m
[100%] Built target lidar_udp_publisher
-- Install configuration: ""
-- Installing: /home/steffens/KITrain/install/lidar/lib/lidar/lidar_udp_publisher
-- Set runtime path of "/home/steffens/KITrain/install/lidar/lib/lidar/lidar_udp_publisher" to ""
-- Installing: /home/steffens/KITrain/install/lidar/share/ament_index/resource_index/package_run_dependencies/lidar
-- Installing: /home/steffens/KITrain/install/lidar/share/ament_index/resource_index/parent_prefix_path/lidar
-- Up-to-date: /home/steffens/KITrain/install/lidar/share/lidar/environment/ament_prefix_path.sh
-- Installing: /home/steffens/KITrain/install/lidar/share/lidar/environment/ament_prefix_path.dsv
-- Up-to-date: /home/steffens/KITrain/install/lidar/share/lidar/environment/path.sh
-- Installing: /home/steffens/KITrain/install/lidar/share/lidar/environment/path.dsv
-- Up-to-date: /home/steffens/KITrain/install/lidar/share/lidar/local_setup.bash
-- Up-to-date: /home/steffens/KITrain/install/lidar/share/lidar/local_setup.sh
-- Up-to-date: /home/steffens/KITrain/install/lidar/share/lidar/local_setup.zsh
-- Installing: /home/steffens/KITrain/install/lidar/share/lidar/local_setup.dsv
-- Installing: /home/steffens/KITrain/install/lidar/share/lidar/package.dsv
-- Up-to-date: /home/steffens/KITrain/install/lidar/share/ament_index/resource_index/packages/lidar
-- Installing: /home/steffens/KITrain/install/lidar/share/lidar/cmake/ament_cmake_export_dependencies-extras.cmake
-- Up-to-date: /home/steffens/KITrain/install/lidar/share/lidar/cmake/lidarConfig.cmake
-- Up-to-date: /home/steffens/KITrain/install/lidar/share/lidar/cmake/lidarConfig-version.cmake
-- Installing: /home/steffens/KITrain/install/lidar/share/lidar/package.xml
