[35m[1mConsolidate compiler generated dependencies of target lidar_udp_publisher[0m
[ 50%] [32mBuilding CXX object CMakeFiles/lidar_udp_publisher.dir/src/lidar_udp_to_topic.cpp.o[0m
[01m[K/home/steffens/KITrain/src/ki_train/sensors/lidar/src/lidar_udp_to_topic.cpp:[m[K In member function ‘[01m[Kbool LidarUDPPublisher::convertToPointCloud(const char*, size_t)[m[K’:
[01m[K/home/steffens/KITrain/src/ki_train/sensors/lidar/src/lidar_udp_to_topic.cpp:170:46:[m[K [01;31m[Kerror: [m[Kconversion from ‘[01m[Kdouble[m[K’ to non-scalar type ‘[01m[Kstd::string[m[K’ {aka ‘[01m[Kstd::__cxx11::basic_string<char>[m[K’} requested
  170 |                 std::string label = [01;31m[Kstd::stod(tokens[i + 7])[m[K;
      |                                     [01;31m[K~~~~~~~~~^~~~~~~~~~~~~~~[m[K
[01m[K/home/steffens/KITrain/src/ki_train/sensors/lidar/src/lidar_udp_to_topic.cpp:171:46:[m[K [01;31m[Kerror: [m[Kno matching function for call to ‘[01m[Kstd::vector<double, std::allocator<double> >::push_back(std::string&)[m[K’
  171 |                 [01;31m[KgroundTruth_buffer_.push_back(label)[m[K;
      |                 [01;31m[K~~~~~~~~~~~~~~~~~~~~~~~~~~~~~^~~~~~~[m[K
In file included from [01m[K/usr/include/c++/11/vector:67[m[K,
                 from [01m[K/usr/include/c++/11/functional:62[m[K,
                 from [01m[K/usr/include/c++/11/pstl/glue_algorithm_defs.h:13[m[K,
                 from [01m[K/usr/include/c++/11/algorithm:74[m[K,
                 from [01m[K/opt/ros/humble/include/rclcpp/rclcpp/executor.hpp:18[m[K,
                 from [01m[K/opt/ros/humble/include/rclcpp/rclcpp/executors/multi_threaded_executor.hpp:25[m[K,
                 from [01m[K/opt/ros/humble/include/rclcpp/rclcpp/executors.hpp:21[m[K,
                 from [01m[K/opt/ros/humble/include/rclcpp/rclcpp/rclcpp.hpp:155[m[K,
                 from [01m[K/home/steffens/KITrain/src/ki_train/sensors/lidar/src/lidar_udp_to_topic.cpp:1[m[K:
[01m[K/usr/include/c++/11/bits/stl_vector.h:1187:7:[m[K [01;36m[Knote: [m[Kcandidate: ‘[01m[Kvoid std::vector<_Tp, _Alloc>::push_back(const value_type&) [with _Tp = double; _Alloc = std::allocator<double>; std::vector<_Tp, _Alloc>::value_type = double][m[K’
 1187 |       [01;36m[Kpush_back[m[K(const value_type& __x)
      |       [01;36m[K^~~~~~~~~[m[K
[01m[K/usr/include/c++/11/bits/stl_vector.h:1187:35:[m[K [01;36m[Knote: [m[K  no known conversion for argument 1 from ‘[01m[Kstd::string[m[K’ {aka ‘[01m[Kstd::__cxx11::basic_string<char>[m[K’} to ‘[01m[Kconst value_type&[m[K’ {aka ‘[01m[Kconst double&[m[K’}
 1187 |       push_back([01;36m[Kconst value_type& __x[m[K)
      |                 [01;36m[K~~~~~~~~~~~~~~~~~~^~~[m[K
[01m[K/usr/include/c++/11/bits/stl_vector.h:1203:7:[m[K [01;36m[Knote: [m[Kcandidate: ‘[01m[Kvoid std::vector<_Tp, _Alloc>::push_back(std::vector<_Tp, _Alloc>::value_type&&) [with _Tp = double; _Alloc = std::allocator<double>; std::vector<_Tp, _Alloc>::value_type = double][m[K’
 1203 |       [01;36m[Kpush_back[m[K(value_type&& __x)
      |       [01;36m[K^~~~~~~~~[m[K
[01m[K/usr/include/c++/11/bits/stl_vector.h:1203:30:[m[K [01;36m[Knote: [m[K  no known conversion for argument 1 from ‘[01m[Kstd::string[m[K’ {aka ‘[01m[Kstd::__cxx11::basic_string<char>[m[K’} to ‘[01m[Kstd::vector<double, std::allocator<double> >::value_type&&[m[K’ {aka ‘[01m[Kdouble&&[m[K’}
 1203 |       push_back([01;36m[Kvalue_type&& __x[m[K)
      |                 [01;36m[K~~~~~~~~~~~~~^~~[m[K
[01m[K/home/steffens/KITrain/src/ki_train/sensors/lidar/src/lidar_udp_to_topic.cpp:[m[K In member function ‘[01m[Kvoid LidarUDPPublisher::publishGroundTruth(const std::vector<double, std::allocator<double> >&)[m[K’:
[01m[K/home/steffens/KITrain/src/ki_train/sensors/lidar/src/lidar_udp_to_topic.cpp:243:13:[m[K [01;31m[Kerror: [m[K‘[01m[Kusing GroundTruth = struct lidar_msgs::msg::GroundTruth_<std::allocator<void> >[m[K’ {aka ‘[01m[Kstruct lidar_msgs::msg::GroundTruth_<std::allocator<void> >[m[K’} has no member named ‘[01m[KcenterX[m[K’; did you mean ‘[01m[Kcenterx[m[K’?
  243 |      labels.[01;31m[KcenterX[m[K = groundTruth_data[i + 1];
      |             [01;31m[K^~~~~~~[m[K
      |             [32m[Kcenterx[m[K
[01m[K/home/steffens/KITrain/src/ki_train/sensors/lidar/src/lidar_udp_to_topic.cpp:244:13:[m[K [01;31m[Kerror: [m[K‘[01m[Kusing GroundTruth = struct lidar_msgs::msg::GroundTruth_<std::allocator<void> >[m[K’ {aka ‘[01m[Kstruct lidar_msgs::msg::GroundTruth_<std::allocator<void> >[m[K’} has no member named ‘[01m[KcenterY[m[K’; did you mean ‘[01m[Kcentery[m[K’?
  244 |      labels.[01;31m[KcenterY[m[K = groundTruth_data[i + 2];
      |             [01;31m[K^~~~~~~[m[K
      |             [32m[Kcentery[m[K
[01m[K/home/steffens/KITrain/src/ki_train/sensors/lidar/src/lidar_udp_to_topic.cpp:245:13:[m[K [01;31m[Kerror: [m[K‘[01m[Kusing GroundTruth = struct lidar_msgs::msg::GroundTruth_<std::allocator<void> >[m[K’ {aka ‘[01m[Kstruct lidar_msgs::msg::GroundTruth_<std::allocator<void> >[m[K’} has no member named ‘[01m[KcenterZ[m[K’; did you mean ‘[01m[Kcenterz[m[K’?
  245 |      labels.[01;31m[KcenterZ[m[K = groundTruth_data[i + 3];
      |             [01;31m[K^~~~~~~[m[K
      |             [32m[Kcenterz[m[K
[01m[K/home/steffens/KITrain/src/ki_train/sensors/lidar/src/lidar_udp_to_topic.cpp:246:13:[m[K [01;31m[Kerror: [m[K‘[01m[Kusing GroundTruth = struct lidar_msgs::msg::GroundTruth_<std::allocator<void> >[m[K’ {aka ‘[01m[Kstruct lidar_msgs::msg::GroundTruth_<std::allocator<void> >[m[K’} has no member named ‘[01m[KexpandX[m[K’
  246 |      labels.[01;31m[KexpandX[m[K = groundTruth_data[i + 4];
      |             [01;31m[K^~~~~~~[m[K
[01m[K/home/steffens/KITrain/src/ki_train/sensors/lidar/src/lidar_udp_to_topic.cpp:247:13:[m[K [01;31m[Kerror: [m[K‘[01m[Kusing GroundTruth = struct lidar_msgs::msg::GroundTruth_<std::allocator<void> >[m[K’ {aka ‘[01m[Kstruct lidar_msgs::msg::GroundTruth_<std::allocator<void> >[m[K’} has no member named ‘[01m[KexpandY[m[K’
  247 |      labels.[01;31m[KexpandY[m[K = groundTruth_data[i + 5];
      |             [01;31m[K^~~~~~~[m[K
[01m[K/home/steffens/KITrain/src/ki_train/sensors/lidar/src/lidar_udp_to_topic.cpp:248:13:[m[K [01;31m[Kerror: [m[K‘[01m[Kusing GroundTruth = struct lidar_msgs::msg::GroundTruth_<std::allocator<void> >[m[K’ {aka ‘[01m[Kstruct lidar_msgs::msg::GroundTruth_<std::allocator<void> >[m[K’} has no member named ‘[01m[KexpandZ[m[K’
  248 |      labels.[01;31m[KexpandZ[m[K = groundTruth_data[i + 6];
      |             [01;31m[K^~~~~~~[m[K
[01m[K/home/steffens/KITrain/src/ki_train/sensors/lidar/src/lidar_udp_to_topic.cpp:253:36:[m[K [01;31m[Kerror: [m[Kno matching function for call to ‘[01m[Krclcpp::Publisher<lidar_msgs::msg::GroundTruthArray_<std::allocator<void> > >::publish(lidar_msgs::msg::GroundTruth&)[m[K’
  253 |      [01;31m[KgroundTruthPublisher_->publish(labels)[m[K;
      |      [01;31m[K~~~~~~~~~~~~~~~~~~~~~~~~~~~~~~^~~~~~~~[m[K
In file included from [01m[K/opt/ros/humble/include/rclcpp/rclcpp/topic_statistics/subscription_topic_statistics.hpp:31[m[K,
                 from [01m[K/opt/ros/humble/include/rclcpp/rclcpp/subscription.hpp:50[m[K,
                 from [01m[K/opt/ros/humble/include/rclcpp/rclcpp/any_executable.hpp:25[m[K,
                 from [01m[K/opt/ros/humble/include/rclcpp/rclcpp/memory_strategy.hpp:25[m[K,
                 from [01m[K/opt/ros/humble/include/rclcpp/rclcpp/memory_strategies.hpp:18[m[K,
                 from [01m[K/opt/ros/humble/include/rclcpp/rclcpp/executor_options.hpp:20[m[K,
                 from [01m[K/opt/ros/humble/include/rclcpp/rclcpp/executor.hpp:37[m[K,
                 from [01m[K/opt/ros/humble/include/rclcpp/rclcpp/executors/multi_threaded_executor.hpp:25[m[K,
                 from [01m[K/opt/ros/humble/include/rclcpp/rclcpp/executors.hpp:21[m[K,
                 from [01m[K/opt/ros/humble/include/rclcpp/rclcpp/rclcpp.hpp:155[m[K,
                 from [01m[K/home/steffens/KITrain/src/ki_train/sensors/lidar/src/lidar_udp_to_topic.cpp:1[m[K:
[01m[K/opt/ros/humble/include/rclcpp/rclcpp/publisher.hpp:251:3:[m[K [01;36m[Knote: [m[Kcandidate: ‘[01m[Ktemplate<class T> std::enable_if_t<(rosidl_generator_traits::is_message<T>::value && std::is_same<T, typename rclcpp::TypeAdapter<MessageT>::ros_message_type>::value)> rclcpp::Publisher<MessageT, AllocatorT>::publish(std::unique_ptr<T, typename std::conditional<std::is_same<typename std::allocator_traits<typename std::allocator_traits<_Allocator>::rebind_traits<typename rclcpp::TypeAdapter<MessageT, void, void>::ros_message_type>::allocator_type>::rebind_alloc<typename rclcpp::TypeAdapter<MessageT, void, void>::ros_message_type>, std::allocator<typename rclcpp::TypeAdapter<MessageT>::ros_message_type> >::value, std::default_delete<typename rclcpp::TypeAdapter<MessageT>::ros_message_type>, rclcpp::allocator::AllocatorDeleter<typename std::allocator_traits<_Allocator>::rebind_traits<typename rclcpp::TypeAdapter<MessageT, void, void>::ros_message_type>::allocator_type> >::type>) [with T = T; MessageT = lidar_msgs::msg::GroundTruthArray_<std::allocator<void> >; AllocatorT = std::allocator<void>][m[K’
  251 |   [01;36m[Kpublish[m[K(std::unique_ptr<T, ROSMessageTypeDeleter> msg)
      |   [01;36m[K^~~~~~~[m[K
[01m[K/opt/ros/humble/include/rclcpp/rclcpp/publisher.hpp:251:3:[m[K [01;36m[Knote: [m[K  template argument deduction/substitution failed:
[01m[K/home/steffens/KITrain/src/ki_train/sensors/lidar/src/lidar_udp_to_topic.cpp:253:36:[m[K [01;36m[Knote: [m[K  ‘[01m[Klidar_msgs::msg::GroundTruth_<std::allocator<void> >[m[K’ is not derived from ‘[01m[Kstd::unique_ptr<T, std::default_delete<lidar_msgs::msg::GroundTruthArray_<std::allocator<void> > > >[m[K’
  253 |      [01;36m[KgroundTruthPublisher_->publish(labels)[m[K;
      |      [01;36m[K~~~~~~~~~~~~~~~~~~~~~~~~~~~~~~^~~~~~~~[m[K
In file included from [01m[K/opt/ros/humble/include/rclcpp/rclcpp/topic_statistics/subscription_topic_statistics.hpp:31[m[K,
                 from [01m[K/opt/ros/humble/include/rclcpp/rclcpp/subscription.hpp:50[m[K,
                 from [01m[K/opt/ros/humble/include/rclcpp/rclcpp/any_executable.hpp:25[m[K,
                 from [01m[K/opt/ros/humble/include/rclcpp/rclcpp/memory_strategy.hpp:25[m[K,
                 from [01m[K/opt/ros/humble/include/rclcpp/rclcpp/memory_strategies.hpp:18[m[K,
                 from [01m[K/opt/ros/humble/include/rclcpp/rclcpp/executor_options.hpp:20[m[K,
                 from [01m[K/opt/ros/humble/include/rclcpp/rclcpp/executor.hpp:37[m[K,
                 from [01m[K/opt/ros/humble/include/rclcpp/rclcpp/executors/multi_threaded_executor.hpp:25[m[K,
                 from [01m[K/opt/ros/humble/include/rclcpp/rclcpp/executors.hpp:21[m[K,
                 from [01m[K/opt/ros/humble/include/rclcpp/rclcpp/rclcpp.hpp:155[m[K,
                 from [01m[K/home/steffens/KITrain/src/ki_train/sensors/lidar/src/lidar_udp_to_topic.cpp:1[m[K:
[01m[K/opt/ros/humble/include/rclcpp/rclcpp/publisher.hpp:292:3:[m[K [01;36m[Knote: [m[Kcandidate: ‘[01m[Ktemplate<class T> std::enable_if_t<(rosidl_generator_traits::is_message<T>::value && std::is_same<T, typename rclcpp::TypeAdapter<MessageT>::ros_message_type>::value)> rclcpp::Publisher<MessageT, AllocatorT>::publish(const T&) [with T = T; MessageT = lidar_msgs::msg::GroundTruthArray_<std::allocator<void> >; AllocatorT = std::allocator<void>][m[K’
  292 |   [01;36m[Kpublish[m[K(const T & msg)
      |   [01;36m[K^~~~~~~[m[K
[01m[K/opt/ros/humble/include/rclcpp/rclcpp/publisher.hpp:292:3:[m[K [01;36m[Knote: [m[K  template argument deduction/substitution failed:
In file included from [01m[K/usr/include/c++/11/bits/move.h:57[m[K,
                 from [01m[K/usr/include/c++/11/bits/stl_pair.h:59[m[K,
                 from [01m[K/usr/include/c++/11/bits/stl_algobase.h:64[m[K,
                 from [01m[K/usr/include/c++/11/memory:63[m[K,
                 from [01m[K/opt/ros/humble/include/rclcpp/rclcpp/rclcpp.hpp:153[m[K,
                 from [01m[K/home/steffens/KITrain/src/ki_train/sensors/lidar/src/lidar_udp_to_topic.cpp:1[m[K:
/usr/include/c++/11/type_traits: In substitution of ‘[01m[Ktemplate<bool _Cond, class _Tp> using enable_if_t = typename std::enable_if::type [with bool _Cond = false; _Tp = void][m[K’:
[01m[K/opt/ros/humble/include/rclcpp/rclcpp/publisher.hpp:292:3:[m[K   required by substitution of ‘[01m[Ktemplate<class T> std::enable_if_t<(rosidl_generator_traits::is_message<T>::value && std::is_same<T, lidar_msgs::msg::GroundTruthArray_<std::allocator<void> > >::value), void> rclcpp::Publisher<lidar_msgs::msg::GroundTruthArray_<std::allocator<void> > >::publish<T>(const T&) [with T = lidar_msgs::msg::GroundTruth_<std::allocator<void> >][m[K’
[01m[K/home/steffens/KITrain/src/ki_train/sensors/lidar/src/lidar_udp_to_topic.cpp:253:36:[m[K   required from here
[01m[K/usr/include/c++/11/type_traits:2579:11:[m[K [01;31m[Kerror: [m[Kno type named ‘[01m[Ktype[m[K’ in ‘[01m[Kstruct std::enable_if<false, void>[m[K’
 2579 |     using [01;31m[Kenable_if_t[m[K = typename enable_if<_Cond, _Tp>::type;
      |           [01;31m[K^~~~~~~~~~~[m[K
In file included from [01m[K/opt/ros/humble/include/rclcpp/rclcpp/topic_statistics/subscription_topic_statistics.hpp:31[m[K,
                 from [01m[K/opt/ros/humble/include/rclcpp/rclcpp/subscription.hpp:50[m[K,
                 from [01m[K/opt/ros/humble/include/rclcpp/rclcpp/any_executable.hpp:25[m[K,
                 from [01m[K/opt/ros/humble/include/rclcpp/rclcpp/memory_strategy.hpp:25[m[K,
                 from [01m[K/opt/ros/humble/include/rclcpp/rclcpp/memory_strategies.hpp:18[m[K,
                 from [01m[K/opt/ros/humble/include/rclcpp/rclcpp/executor_options.hpp:20[m[K,
                 from [01m[K/opt/ros/humble/include/rclcpp/rclcpp/executor.hpp:37[m[K,
                 from [01m[K/opt/ros/humble/include/rclcpp/rclcpp/executors/multi_threaded_executor.hpp:25[m[K,
                 from [01m[K/opt/ros/humble/include/rclcpp/rclcpp/executors.hpp:21[m[K,
                 from [01m[K/opt/ros/humble/include/rclcpp/rclcpp/rclcpp.hpp:155[m[K,
                 from [01m[K/home/steffens/KITrain/src/ki_train/sensors/lidar/src/lidar_udp_to_topic.cpp:1[m[K:
[01m[K/opt/ros/humble/include/rclcpp/rclcpp/publisher.hpp:322:3:[m[K [01;36m[Knote: [m[Kcandidate: ‘[01m[Ktemplate<class T> std::enable_if_t<(typename rclcpp::TypeAdapter<MessageT>::is_specialized::value && std::is_same<T, typename rclcpp::TypeAdapter<MessageT>::custom_type>::value)> rclcpp::Publisher<MessageT, AllocatorT>::publish(std::unique_ptr<T, typename std::conditional<std::is_same<typename std::allocator_traits<typename std::allocator_traits<_Allocator>::rebind_traits<typename rclcpp::TypeAdapter<MessageT, void, void>::custom_type>::allocator_type>::rebind_alloc<typename rclcpp::TypeAdapter<MessageT, void, void>::custom_type>, std::allocator<typename rclcpp::TypeAdapter<MessageT>::custom_type> >::value, std::default_delete<typename rclcpp::TypeAdapter<MessageT>::custom_type>, rclcpp::allocator::AllocatorDeleter<typename std::allocator_traits<_Allocator>::rebind_traits<typename rclcpp::TypeAdapter<MessageT, void, void>::custom_type>::allocator_type> >::type>) [with T = T; MessageT = lidar_msgs::msg::GroundTruthArray_<std::allocator<void> >; AllocatorT = std::allocator<void>][m[K’
  322 |   [01;36m[Kpublish[m[K(std::unique_ptr<T, PublishedTypeDeleter> msg)
      |   [01;36m[K^~~~~~~[m[K
[01m[K/opt/ros/humble/include/rclcpp/rclcpp/publisher.hpp:322:3:[m[K [01;36m[Knote: [m[K  template argument deduction/substitution failed:
[01m[K/home/steffens/KITrain/src/ki_train/sensors/lidar/src/lidar_udp_to_topic.cpp:253:36:[m[K [01;36m[Knote: [m[K  ‘[01m[Klidar_msgs::msg::GroundTruth_<std::allocator<void> >[m[K’ is not derived from ‘[01m[Kstd::unique_ptr<T, std::default_delete<lidar_msgs::msg::GroundTruthArray_<std::allocator<void> > > >[m[K’
  253 |      [01;36m[KgroundTruthPublisher_->publish(labels)[m[K;
      |      [01;36m[K~~~~~~~~~~~~~~~~~~~~~~~~~~~~~~^~~~~~~~[m[K
In file included from [01m[K/opt/ros/humble/include/rclcpp/rclcpp/topic_statistics/subscription_topic_statistics.hpp:31[m[K,
                 from [01m[K/opt/ros/humble/include/rclcpp/rclcpp/subscription.hpp:50[m[K,
                 from [01m[K/opt/ros/humble/include/rclcpp/rclcpp/any_executable.hpp:25[m[K,
                 from [01m[K/opt/ros/humble/include/rclcpp/rclcpp/memory_strategy.hpp:25[m[K,
                 from [01m[K/opt/ros/humble/include/rclcpp/rclcpp/memory_strategies.hpp:18[m[K,
                 from [01m[K/opt/ros/humble/include/rclcpp/rclcpp/executor_options.hpp:20[m[K,
                 from [01m[K/opt/ros/humble/include/rclcpp/rclcpp/executor.hpp:37[m[K,
                 from [01m[K/opt/ros/humble/include/rclcpp/rclcpp/executors/multi_threaded_executor.hpp:25[m[K,
                 from [01m[K/opt/ros/humble/include/rclcpp/rclcpp/executors.hpp:21[m[K,
                 from [01m[K/opt/ros/humble/include/rclcpp/rclcpp/rclcpp.hpp:155[m[K,
                 from [01m[K/home/steffens/KITrain/src/ki_train/sensors/lidar/src/lidar_udp_to_topic.cpp:1[m[K:
[01m[K/opt/ros/humble/include/rclcpp/rclcpp/publisher.hpp:364:3:[m[K [01;36m[Knote: [m[Kcandidate: ‘[01m[Ktemplate<class T> std::enable_if_t<(typename rclcpp::TypeAdapter<MessageT>::is_specialized::value && std::is_same<T, typename rclcpp::TypeAdapter<MessageT>::custom_type>::value)> rclcpp::Publisher<MessageT, AllocatorT>::publish(const T&) [with T = T; MessageT = lidar_msgs::msg::GroundTruthArray_<std::allocator<void> >; AllocatorT = std::allocator<void>][m[K’
  364 |   [01;36m[Kpublish[m[K(const T & msg)
      |   [01;36m[K^~~~~~~[m[K
[01m[K/opt/ros/humble/include/rclcpp/rclcpp/publisher.hpp:364:3:[m[K [01;36m[Knote: [m[K  template argument deduction/substitution failed:
[01m[K/opt/ros/humble/include/rclcpp/rclcpp/publisher.hpp:383:3:[m[K [01;36m[Knote: [m[Kcandidate: ‘[01m[Kvoid rclcpp::Publisher<MessageT, AllocatorT>::publish(const rcl_serialized_message_t&) [with MessageT = lidar_msgs::msg::GroundTruthArray_<std::allocator<void> >; AllocatorT = std::allocator<void>; rcl_serialized_message_t = rcutils_uint8_array_s][m[K’
  383 |   [01;36m[Kpublish[m[K(const rcl_serialized_message_t & serialized_msg)
      |   [01;36m[K^~~~~~~[m[K
[01m[K/opt/ros/humble/include/rclcpp/rclcpp/publisher.hpp:383:44:[m[K [01;36m[Knote: [m[K  no known conversion for argument 1 from ‘[01m[Klidar_msgs::msg::GroundTruth[m[K’ {aka ‘[01m[Klidar_msgs::msg::GroundTruth_<std::allocator<void> >[m[K’} to ‘[01m[Kconst rcl_serialized_message_t&[m[K’ {aka ‘[01m[Kconst rcutils_uint8_array_s&[m[K’}
  383 |   publish([01;36m[Kconst rcl_serialized_message_t & serialized_msg[m[K)
      |           [01;36m[K~~~~~~~~~~~~~~~~~~~~~~~~~~~~~~~~~^~~~~~~~~~~~~~[m[K
[01m[K/opt/ros/humble/include/rclcpp/rclcpp/publisher.hpp:389:3:[m[K [01;36m[Knote: [m[Kcandidate: ‘[01m[Kvoid rclcpp::Publisher<MessageT, AllocatorT>::publish(const rclcpp::SerializedMessage&) [with MessageT = lidar_msgs::msg::GroundTruthArray_<std::allocator<void> >; AllocatorT = std::allocator<void>][m[K’
  389 |   [01;36m[Kpublish[m[K(const SerializedMessage & serialized_msg)
      |   [01;36m[K^~~~~~~[m[K
[01m[K/opt/ros/humble/include/rclcpp/rclcpp/publisher.hpp:389:37:[m[K [01;36m[Knote: [m[K  no known conversion for argument 1 from ‘[01m[Klidar_msgs::msg::GroundTruth[m[K’ {aka ‘[01m[Klidar_msgs::msg::GroundTruth_<std::allocator<void> >[m[K’} to ‘[01m[Kconst rclcpp::SerializedMessage&[m[K’
  389 |   publish([01;36m[Kconst SerializedMessage & serialized_msg[m[K)
      |           [01;36m[K~~~~~~~~~~~~~~~~~~~~~~~~~~^~~~~~~~~~~~~~[m[K
[01m[K/opt/ros/humble/include/rclcpp/rclcpp/publisher.hpp:403:3:[m[K [01;36m[Knote: [m[Kcandidate: ‘[01m[Kvoid rclcpp::Publisher<MessageT, AllocatorT>::publish(rclcpp::LoanedMessage<typename rclcpp::TypeAdapter<MessageT>::ros_message_type, AllocatorT>&&) [with MessageT = lidar_msgs::msg::GroundTruthArray_<std::allocator<void> >; AllocatorT = std::allocator<void>; typename rclcpp::TypeAdapter<MessageT>::ros_message_type = lidar_msgs::msg::GroundTruthArray_<std::allocator<void> >][m[K’
  403 |   [01;36m[Kpublish[m[K(rclcpp::LoanedMessage<ROSMessageType, AllocatorT> && loaned_msg)
      |   [01;36m[K^~~~~~~[m[K
[01m[K/opt/ros/humble/include/rclcpp/rclcpp/publisher.hpp:403:64:[m[K [01;36m[Knote: [m[K  no known conversion for argument 1 from ‘[01m[Klidar_msgs::msg::GroundTruth[m[K’ {aka ‘[01m[Klidar_msgs::msg::GroundTruth_<std::allocator<void> >[m[K’} to ‘[01m[Krclcpp::LoanedMessage<lidar_msgs::msg::GroundTruthArray_<std::allocator<void> >, std::allocator<void> >&&[m[K’
  403 |   publish([01;36m[Krclcpp::LoanedMessage<ROSMessageType, AllocatorT> && loaned_msg[m[K)
      |           [01;36m[K~~~~~~~~~~~~~~~~~~~~~~~~~~~~~~~~~~~~~~~~~~~~~~~~~~~~~^~~~~~~~~~[m[K
gmake[2]: *** [CMakeFiles/lidar_udp_publisher.dir/build.make:76: CMakeFiles/lidar_udp_publisher.dir/src/lidar_udp_to_topic.cpp.o] Error 1
gmake[1]: *** [CMakeFiles/Makefile2:137: CMakeFiles/lidar_udp_publisher.dir/all] Error 2
gmake: *** [Makefile:146: all] Error 2
