[0.360s] Invoking command in '/home/steffens/KITrain/build/signal_detection_verificator': CMAKE_PREFIX_PATH=${CMAKE_PREFIX_PATH}:/home/steffens/KITrain/install/camera_simulator:/opt/ros/humble /usr/bin/cmake --build /home/steffens/KITrain/build/signal_detection_verificator -- -j16 -l16
[0.429s] Invoked command in '/home/steffens/KITrain/build/signal_detection_verificator' returned '0': CMAKE_PREFIX_PATH=${CMAKE_PREFIX_PATH}:/home/steffens/KITrain/install/camera_simulator:/opt/ros/humble /usr/bin/cmake --build /home/steffens/KITrain/build/signal_detection_verificator -- -j16 -l16
[0.507s] Invoking command in '/home/steffens/KITrain/build/signal_detection_verificator': CMAKE_PREFIX_PATH=${CMAKE_PREFIX_PATH}:/home/steffens/KITrain/install/camera_simulator:/opt/ros/humble /usr/bin/cmake --install /home/steffens/KITrain/build/signal_detection_verificator
[0.509s] -- Install configuration: ""
[0.509s] -- Up-to-date: /home/steffens/KITrain/install/signal_detection_verificator/share/ament_index/resource_index/package_run_dependencies/signal_detection_verificator
[0.510s] -- Up-to-date: /home/steffens/KITrain/install/signal_detection_verificator/share/ament_index/resource_index/parent_prefix_path/signal_detection_verificator
[0.510s] -- Up-to-date: /home/steffens/KITrain/install/signal_detection_verificator/share/signal_detection_verificator/environment/ament_prefix_path.sh
[0.510s] -- Up-to-date: /home/steffens/KITrain/install/signal_detection_verificator/share/signal_detection_verificator/environment/ament_prefix_path.dsv
[0.510s] -- Up-to-date: /home/steffens/KITrain/install/signal_detection_verificator/share/signal_detection_verificator/environment/path.sh
[0.510s] -- Up-to-date: /home/steffens/KITrain/install/signal_detection_verificator/share/signal_detection_verificator/environment/path.dsv
[0.510s] -- Up-to-date: /home/steffens/KITrain/install/signal_detection_verificator/share/signal_detection_verificator/local_setup.bash
[0.510s] -- Up-to-date: /home/steffens/KITrain/install/signal_detection_verificator/share/signal_detection_verificator/local_setup.sh
[0.510s] -- Up-to-date: /home/steffens/KITrain/install/signal_detection_verificator/share/signal_detection_verificator/local_setup.zsh
[0.510s] -- Up-to-date: /home/steffens/KITrain/install/signal_detection_verificator/share/signal_detection_verificator/local_setup.dsv
[0.510s] -- Installing: /home/steffens/KITrain/install/signal_detection_verificator/share/signal_detection_verificator/package.dsv
[0.511s] -- Up-to-date: /home/steffens/KITrain/install/signal_detection_verificator/share/ament_index/resource_index/packages/signal_detection_verificator
[0.511s] -- Up-to-date: /home/steffens/KITrain/install/signal_detection_verificator/share/signal_detection_verificator/cmake/signal_detection_verificatorConfig.cmake
[0.511s] -- Up-to-date: /home/steffens/KITrain/install/signal_detection_verificator/share/signal_detection_verificator/cmake/signal_detection_verificatorConfig-version.cmake
[0.511s] -- Up-to-date: /home/steffens/KITrain/install/signal_detection_verificator/share/signal_detection_verificator/package.xml
[0.602s] Invoked command in '/home/steffens/KITrain/build/signal_detection_verificator' returned '0': CMAKE_PREFIX_PATH=${CMAKE_PREFIX_PATH}:/home/steffens/KITrain/install/camera_simulator:/opt/ros/humble /usr/bin/cmake --install /home/steffens/KITrain/build/signal_detection_verificator
