[0.125s] Invoking command in '/home/steffens/KITrain/build/lidar_msgs': CMAKE_PREFIX_PATH=${CMAKE_PREFIX_PATH}:/home/steffens/KITrain/install/camera_simulator:/opt/ros/humble /usr/bin/cmake --build /home/steffens/KITrain/build/lidar_msgs -- -j16 -l16
[0.583s] [  2%] Built target lidar_msgs__cpp
[0.583s] [ 12%] Built target lidar_msgs__rosidl_generator_c
[0.583s] [ 12%] Built target ament_cmake_python_copy_lidar_msgs
[0.583s] [ 23%] Built target lidar_msgs__rosidl_typesupport_introspection_c
[0.583s] [ 51%] Built target lidar_msgs__rosidl_typesupport_cpp
[0.583s] [ 48%] Built target lidar_msgs__rosidl_typesupport_introspection_cpp
[0.583s] [ 53%] Built target lidar_msgs__rosidl_typesupport_c
[0.583s] [ 64%] Built target lidar_msgs__rosidl_typesupport_fastrtps_c
[0.583s] [ 74%] Built target lidar_msgs__rosidl_typesupport_fastrtps_cpp
[0.583s] [ 74%] Built target lidar_msgs
[0.583s] [ 76%] Built target lidar_msgs__py
[0.583s] [ 84%] Built target lidar_msgs__rosidl_generator_py
[0.586s] [ 89%] Built target lidar_msgs__rosidl_typesupport_introspection_c__pyext
[0.589s] [ 94%] Built target lidar_msgs__rosidl_typesupport_fastrtps_c__pyext
[0.590s] [100%] Built target lidar_msgs__rosidl_typesupport_c__pyext
[0.693s] running egg_info
[0.693s] writing lidar_msgs.egg-info/PKG-INFO
[0.694s] writing dependency_links to lidar_msgs.egg-info/dependency_links.txt
[0.694s] writing top-level names to lidar_msgs.egg-info/top_level.txt
[0.698s] reading manifest file 'lidar_msgs.egg-info/SOURCES.txt'
[0.699s] writing manifest file 'lidar_msgs.egg-info/SOURCES.txt'
[0.730s] [100%] Built target ament_cmake_python_build_lidar_msgs_egg
[0.838s] Invoked command in '/home/steffens/KITrain/build/lidar_msgs' returned '0': CMAKE_PREFIX_PATH=${CMAKE_PREFIX_PATH}:/home/steffens/KITrain/install/camera_simulator:/opt/ros/humble /usr/bin/cmake --build /home/steffens/KITrain/build/lidar_msgs -- -j16 -l16
[0.962s] Invoking command in '/home/steffens/KITrain/build/lidar_msgs': CMAKE_PREFIX_PATH=${CMAKE_PREFIX_PATH}:/home/steffens/KITrain/install/camera_simulator:/opt/ros/humble /usr/bin/cmake --install /home/steffens/KITrain/build/lidar_msgs
[0.971s] -- Install configuration: ""
[0.971s] -- Up-to-date: /home/steffens/KITrain/install/lidar_msgs/share/ament_index/resource_index/rosidl_interfaces/lidar_msgs
[0.971s] -- Up-to-date: /home/steffens/KITrain/install/lidar_msgs/include/lidar_msgs/lidar_msgs
[0.972s] -- Up-to-date: /home/steffens/KITrain/install/lidar_msgs/include/lidar_msgs/lidar_msgs/msg
[0.972s] -- Up-to-date: /home/steffens/KITrain/install/lidar_msgs/include/lidar_msgs/lidar_msgs/msg/detail
[0.973s] -- Up-to-date: /home/steffens/KITrain/install/lidar_msgs/include/lidar_msgs/lidar_msgs/msg/detail/ground_truth__type_support.h
[0.973s] -- Up-to-date: /home/steffens/KITrain/install/lidar_msgs/include/lidar_msgs/lidar_msgs/msg/detail/ground_truth_array__functions.h
[0.973s] -- Up-to-date: /home/steffens/KITrain/install/lidar_msgs/include/lidar_msgs/lidar_msgs/msg/detail/ground_truth__struct.h
[0.973s] -- Up-to-date: /home/steffens/KITrain/install/lidar_msgs/include/lidar_msgs/lidar_msgs/msg/detail/ground_truth_array__functions.c
[0.973s] -- Up-to-date: /home/steffens/KITrain/install/lidar_msgs/include/lidar_msgs/lidar_msgs/msg/detail/ground_truth__functions.c
[0.973s] -- Up-to-date: /home/steffens/KITrain/install/lidar_msgs/include/lidar_msgs/lidar_msgs/msg/detail/ground_truth_array__type_support.h
[0.973s] -- Up-to-date: /home/steffens/KITrain/install/lidar_msgs/include/lidar_msgs/lidar_msgs/msg/detail/ground_truth__functions.h
[0.973s] -- Up-to-date: /home/steffens/KITrain/install/lidar_msgs/include/lidar_msgs/lidar_msgs/msg/detail/ground_truth_array__struct.h
[0.973s] -- Up-to-date: /home/steffens/KITrain/install/lidar_msgs/include/lidar_msgs/lidar_msgs/msg/ground_truth_array.h
[0.973s] -- Up-to-date: /home/steffens/KITrain/install/lidar_msgs/include/lidar_msgs/lidar_msgs/msg/rosidl_generator_c__visibility_control.h
[0.974s] -- Up-to-date: /home/steffens/KITrain/install/lidar_msgs/include/lidar_msgs/lidar_msgs/msg/ground_truth.h
[0.974s] -- Up-to-date: /home/steffens/KITrain/install/lidar_msgs/share/lidar_msgs/environment/library_path.sh
[0.974s] -- Up-to-date: /home/steffens/KITrain/install/lidar_msgs/share/lidar_msgs/environment/library_path.dsv
[0.976s] -- Up-to-date: /home/steffens/KITrain/install/lidar_msgs/lib/liblidar_msgs__rosidl_generator_c.so
[0.976s] -- Up-to-date: /home/steffens/KITrain/install/lidar_msgs/include/lidar_msgs/lidar_msgs
[0.976s] -- Up-to-date: /home/steffens/KITrain/install/lidar_msgs/include/lidar_msgs/lidar_msgs/msg
[0.977s] -- Up-to-date: /home/steffens/KITrain/install/lidar_msgs/include/lidar_msgs/lidar_msgs/msg/detail
[0.977s] -- Up-to-date: /home/steffens/KITrain/install/lidar_msgs/include/lidar_msgs/lidar_msgs/msg/detail/ground_truth__rosidl_typesupport_fastrtps_c.h
[0.977s] -- Up-to-date: /home/steffens/KITrain/install/lidar_msgs/include/lidar_msgs/lidar_msgs/msg/detail/ground_truth_array__rosidl_typesupport_fastrtps_c.h
[0.978s] -- Up-to-date: /home/steffens/KITrain/install/lidar_msgs/include/lidar_msgs/lidar_msgs/msg/rosidl_typesupport_fastrtps_c__visibility_control.h
[0.980s] -- Up-to-date: /home/steffens/KITrain/install/lidar_msgs/lib/liblidar_msgs__rosidl_typesupport_fastrtps_c.so
[0.980s] -- Up-to-date: /home/steffens/KITrain/install/lidar_msgs/include/lidar_msgs/lidar_msgs
[0.980s] -- Up-to-date: /home/steffens/KITrain/install/lidar_msgs/include/lidar_msgs/lidar_msgs/msg
[0.981s] -- Up-to-date: /home/steffens/KITrain/install/lidar_msgs/include/lidar_msgs/lidar_msgs/msg/ground_truth_array.hpp
[0.981s] -- Up-to-date: /home/steffens/KITrain/install/lidar_msgs/include/lidar_msgs/lidar_msgs/msg/detail
[0.981s] -- Up-to-date: /home/steffens/KITrain/install/lidar_msgs/include/lidar_msgs/lidar_msgs/msg/detail/ground_truth_array__struct.hpp
[0.981s] -- Up-to-date: /home/steffens/KITrain/install/lidar_msgs/include/lidar_msgs/lidar_msgs/msg/detail/ground_truth__builder.hpp
[0.981s] -- Up-to-date: /home/steffens/KITrain/install/lidar_msgs/include/lidar_msgs/lidar_msgs/msg/detail/ground_truth__traits.hpp
[0.981s] -- Up-to-date: /home/steffens/KITrain/install/lidar_msgs/include/lidar_msgs/lidar_msgs/msg/detail/ground_truth_array__builder.hpp
[0.982s] -- Up-to-date: /home/steffens/KITrain/install/lidar_msgs/include/lidar_msgs/lidar_msgs/msg/detail/ground_truth__struct.hpp
[0.982s] -- Up-to-date: /home/steffens/KITrain/install/lidar_msgs/include/lidar_msgs/lidar_msgs/msg/detail/ground_truth_array__traits.hpp
[0.982s] -- Up-to-date: /home/steffens/KITrain/install/lidar_msgs/include/lidar_msgs/lidar_msgs/msg/ground_truth.hpp
[0.982s] -- Up-to-date: /home/steffens/KITrain/install/lidar_msgs/include/lidar_msgs/lidar_msgs
[0.982s] -- Up-to-date: /home/steffens/KITrain/install/lidar_msgs/include/lidar_msgs/lidar_msgs/msg
[0.982s] -- Up-to-date: /home/steffens/KITrain/install/lidar_msgs/include/lidar_msgs/lidar_msgs/msg/rosidl_typesupport_fastrtps_cpp__visibility_control.h
[0.982s] -- Up-to-date: /home/steffens/KITrain/install/lidar_msgs/include/lidar_msgs/lidar_msgs/msg/detail
[0.984s] -- Up-to-date: /home/steffens/KITrain/install/lidar_msgs/include/lidar_msgs/lidar_msgs/msg/detail/ground_truth_array__rosidl_typesupport_fastrtps_cpp.hpp
[0.984s] -- Up-to-date: /home/steffens/KITrain/install/lidar_msgs/include/lidar_msgs/lidar_msgs/msg/detail/dds_fastrtps
[0.985s] -- Up-to-date: /home/steffens/KITrain/install/lidar_msgs/include/lidar_msgs/lidar_msgs/msg/detail/ground_truth__rosidl_typesupport_fastrtps_cpp.hpp
[0.987s] -- Up-to-date: /home/steffens/KITrain/install/lidar_msgs/lib/liblidar_msgs__rosidl_typesupport_fastrtps_cpp.so
[0.987s] -- Up-to-date: /home/steffens/KITrain/install/lidar_msgs/include/lidar_msgs/lidar_msgs
[0.988s] -- Up-to-date: /home/steffens/KITrain/install/lidar_msgs/include/lidar_msgs/lidar_msgs/msg
[0.988s] -- Up-to-date: /home/steffens/KITrain/install/lidar_msgs/include/lidar_msgs/lidar_msgs/msg/rosidl_typesupport_introspection_c__visibility_control.h
[0.989s] -- Up-to-date: /home/steffens/KITrain/install/lidar_msgs/include/lidar_msgs/lidar_msgs/msg/detail
[0.989s] -- Up-to-date: /home/steffens/KITrain/install/lidar_msgs/include/lidar_msgs/lidar_msgs/msg/detail/ground_truth_array__rosidl_typesupport_introspection_c.h
[0.989s] -- Up-to-date: /home/steffens/KITrain/install/lidar_msgs/include/lidar_msgs/lidar_msgs/msg/detail/ground_truth_array__type_support.c
[0.989s] -- Up-to-date: /home/steffens/KITrain/install/lidar_msgs/include/lidar_msgs/lidar_msgs/msg/detail/ground_truth__type_support.c
[0.989s] -- Up-to-date: /home/steffens/KITrain/install/lidar_msgs/include/lidar_msgs/lidar_msgs/msg/detail/ground_truth__rosidl_typesupport_introspection_c.h
[0.991s] -- Up-to-date: /home/steffens/KITrain/install/lidar_msgs/lib/liblidar_msgs__rosidl_typesupport_introspection_c.so
[0.993s] -- Up-to-date: /home/steffens/KITrain/install/lidar_msgs/lib/liblidar_msgs__rosidl_typesupport_c.so
[0.993s] -- Up-to-date: /home/steffens/KITrain/install/lidar_msgs/include/lidar_msgs/lidar_msgs
[0.993s] -- Up-to-date: /home/steffens/KITrain/install/lidar_msgs/include/lidar_msgs/lidar_msgs/msg
[0.994s] -- Up-to-date: /home/steffens/KITrain/install/lidar_msgs/include/lidar_msgs/lidar_msgs/msg/detail
[0.994s] -- Up-to-date: /home/steffens/KITrain/install/lidar_msgs/include/lidar_msgs/lidar_msgs/msg/detail/ground_truth_array__type_support.cpp
[0.995s] -- Up-to-date: /home/steffens/KITrain/install/lidar_msgs/include/lidar_msgs/lidar_msgs/msg/detail/ground_truth__type_support.cpp
[0.995s] -- Up-to-date: /home/steffens/KITrain/install/lidar_msgs/include/lidar_msgs/lidar_msgs/msg/detail/ground_truth__rosidl_typesupport_introspection_cpp.hpp
[0.995s] -- Up-to-date: /home/steffens/KITrain/install/lidar_msgs/include/lidar_msgs/lidar_msgs/msg/detail/ground_truth_array__rosidl_typesupport_introspection_cpp.hpp
[0.996s] -- Up-to-date: /home/steffens/KITrain/install/lidar_msgs/lib/liblidar_msgs__rosidl_typesupport_introspection_cpp.so
[0.997s] -- Up-to-date: /home/steffens/KITrain/install/lidar_msgs/lib/liblidar_msgs__rosidl_typesupport_cpp.so
[0.997s] -- Up-to-date: /home/steffens/KITrain/install/lidar_msgs/share/lidar_msgs/environment/pythonpath.sh
[0.997s] -- Up-to-date: /home/steffens/KITrain/install/lidar_msgs/share/lidar_msgs/environment/pythonpath.dsv
[0.997s] -- Up-to-date: /home/steffens/KITrain/install/lidar_msgs/local/lib/python3.10/dist-packages/lidar_msgs-0.0.0-py3.10.egg-info
[0.997s] -- Installing: /home/steffens/KITrain/install/lidar_msgs/local/lib/python3.10/dist-packages/lidar_msgs-0.0.0-py3.10.egg-info/SOURCES.txt
[0.998s] -- Installing: /home/steffens/KITrain/install/lidar_msgs/local/lib/python3.10/dist-packages/lidar_msgs-0.0.0-py3.10.egg-info/dependency_links.txt
[0.998s] -- Installing: /home/steffens/KITrain/install/lidar_msgs/local/lib/python3.10/dist-packages/lidar_msgs-0.0.0-py3.10.egg-info/PKG-INFO
[0.998s] -- Installing: /home/steffens/KITrain/install/lidar_msgs/local/lib/python3.10/dist-packages/lidar_msgs-0.0.0-py3.10.egg-info/top_level.txt
[0.998s] -- Up-to-date: /home/steffens/KITrain/install/lidar_msgs/local/lib/python3.10/dist-packages/lidar_msgs
[0.998s] -- Up-to-date: /home/steffens/KITrain/install/lidar_msgs/local/lib/python3.10/dist-packages/lidar_msgs/__init__.py
[0.999s] -- Up-to-date: /home/steffens/KITrain/install/lidar_msgs/local/lib/python3.10/dist-packages/lidar_msgs/lidar_msgs_s__rosidl_typesupport_fastrtps_c.cpython-310-x86_64-linux-gnu.so
[0.999s] -- Up-to-date: /home/steffens/KITrain/install/lidar_msgs/local/lib/python3.10/dist-packages/lidar_msgs/_lidar_msgs_s.ep.rosidl_typesupport_c.c
[0.999s] -- Up-to-date: /home/steffens/KITrain/install/lidar_msgs/local/lib/python3.10/dist-packages/lidar_msgs/_lidar_msgs_s.ep.rosidl_typesupport_introspection_c.c
[0.999s] -- Up-to-date: /home/steffens/KITrain/install/lidar_msgs/local/lib/python3.10/dist-packages/lidar_msgs/lidar_msgs_s__rosidl_typesupport_introspection_c.cpython-310-x86_64-linux-gnu.so
[0.999s] -- Up-to-date: /home/steffens/KITrain/install/lidar_msgs/local/lib/python3.10/dist-packages/lidar_msgs/_lidar_msgs_s.ep.rosidl_typesupport_fastrtps_c.c
[0.999s] -- Up-to-date: /home/steffens/KITrain/install/lidar_msgs/local/lib/python3.10/dist-packages/lidar_msgs/lidar_msgs_s__rosidl_typesupport_c.cpython-310-x86_64-linux-gnu.so
[1.000s] -- Up-to-date: /home/steffens/KITrain/install/lidar_msgs/local/lib/python3.10/dist-packages/lidar_msgs/liblidar_msgs__rosidl_generator_py.so
[1.000s] -- Up-to-date: /home/steffens/KITrain/install/lidar_msgs/local/lib/python3.10/dist-packages/lidar_msgs/msg
[1.000s] -- Up-to-date: /home/steffens/KITrain/install/lidar_msgs/local/lib/python3.10/dist-packages/lidar_msgs/msg/__init__.py
[1.000s] -- Up-to-date: /home/steffens/KITrain/install/lidar_msgs/local/lib/python3.10/dist-packages/lidar_msgs/msg/_ground_truth_array_s.c
[1.000s] -- Up-to-date: /home/steffens/KITrain/install/lidar_msgs/local/lib/python3.10/dist-packages/lidar_msgs/msg/_ground_truth_array.py
[1.000s] -- Up-to-date: /home/steffens/KITrain/install/lidar_msgs/local/lib/python3.10/dist-packages/lidar_msgs/msg/_ground_truth.py
[1.000s] -- Up-to-date: /home/steffens/KITrain/install/lidar_msgs/local/lib/python3.10/dist-packages/lidar_msgs/msg/_ground_truth_s.c
[1.039s] Listing '/home/steffens/KITrain/install/lidar_msgs/local/lib/python3.10/dist-packages/lidar_msgs'...
[1.039s] Listing '/home/steffens/KITrain/install/lidar_msgs/local/lib/python3.10/dist-packages/lidar_msgs/msg'...
[1.044s] -- Up-to-date: /home/steffens/KITrain/install/lidar_msgs/local/lib/python3.10/dist-packages/lidar_msgs/lidar_msgs_s__rosidl_typesupport_fastrtps_c.cpython-310-x86_64-linux-gnu.so
[1.046s] -- Up-to-date: /home/steffens/KITrain/install/lidar_msgs/local/lib/python3.10/dist-packages/lidar_msgs/lidar_msgs_s__rosidl_typesupport_introspection_c.cpython-310-x86_64-linux-gnu.so
[1.047s] -- Up-to-date: /home/steffens/KITrain/install/lidar_msgs/local/lib/python3.10/dist-packages/lidar_msgs/lidar_msgs_s__rosidl_typesupport_c.cpython-310-x86_64-linux-gnu.so
[1.049s] -- Up-to-date: /home/steffens/KITrain/install/lidar_msgs/lib/liblidar_msgs__rosidl_generator_py.so
[1.050s] -- Up-to-date: /home/steffens/KITrain/install/lidar_msgs/share/lidar_msgs/msg/GroundTruth.idl
[1.050s] -- Up-to-date: /home/steffens/KITrain/install/lidar_msgs/share/lidar_msgs/msg/GroundTruthArray.idl
[1.050s] -- Up-to-date: /home/steffens/KITrain/install/lidar_msgs/share/lidar_msgs/msg/GroundTruth.msg
[1.050s] -- Up-to-date: /home/steffens/KITrain/install/lidar_msgs/share/lidar_msgs/msg/GroundTruthArray.msg
[1.050s] -- Up-to-date: /home/steffens/KITrain/install/lidar_msgs/share/ament_index/resource_index/package_run_dependencies/lidar_msgs
[1.050s] -- Up-to-date: /home/steffens/KITrain/install/lidar_msgs/share/ament_index/resource_index/parent_prefix_path/lidar_msgs
[1.050s] -- Up-to-date: /home/steffens/KITrain/install/lidar_msgs/share/lidar_msgs/environment/ament_prefix_path.sh
[1.051s] -- Up-to-date: /home/steffens/KITrain/install/lidar_msgs/share/lidar_msgs/environment/ament_prefix_path.dsv
[1.051s] -- Up-to-date: /home/steffens/KITrain/install/lidar_msgs/share/lidar_msgs/environment/path.sh
[1.051s] -- Up-to-date: /home/steffens/KITrain/install/lidar_msgs/share/lidar_msgs/environment/path.dsv
[1.051s] -- Up-to-date: /home/steffens/KITrain/install/lidar_msgs/share/lidar_msgs/local_setup.bash
[1.051s] -- Up-to-date: /home/steffens/KITrain/install/lidar_msgs/share/lidar_msgs/local_setup.sh
[1.051s] -- Up-to-date: /home/steffens/KITrain/install/lidar_msgs/share/lidar_msgs/local_setup.zsh
[1.051s] -- Up-to-date: /home/steffens/KITrain/install/lidar_msgs/share/lidar_msgs/local_setup.dsv
[1.051s] -- Installing: /home/steffens/KITrain/install/lidar_msgs/share/lidar_msgs/package.dsv
[1.053s] -- Up-to-date: /home/steffens/KITrain/install/lidar_msgs/share/ament_index/resource_index/packages/lidar_msgs
[1.055s] -- Up-to-date: /home/steffens/KITrain/install/lidar_msgs/share/lidar_msgs/cmake/export_lidar_msgs__rosidl_generator_cExport.cmake
[1.055s] -- Up-to-date: /home/steffens/KITrain/install/lidar_msgs/share/lidar_msgs/cmake/export_lidar_msgs__rosidl_generator_cExport-noconfig.cmake
[1.056s] -- Up-to-date: /home/steffens/KITrain/install/lidar_msgs/share/lidar_msgs/cmake/export_lidar_msgs__rosidl_typesupport_fastrtps_cExport.cmake
[1.057s] -- Up-to-date: /home/steffens/KITrain/install/lidar_msgs/share/lidar_msgs/cmake/export_lidar_msgs__rosidl_typesupport_fastrtps_cExport-noconfig.cmake
[1.058s] -- Up-to-date: /home/steffens/KITrain/install/lidar_msgs/share/lidar_msgs/cmake/export_lidar_msgs__rosidl_generator_cppExport.cmake
[1.060s] -- Up-to-date: /home/steffens/KITrain/install/lidar_msgs/share/lidar_msgs/cmake/export_lidar_msgs__rosidl_typesupport_fastrtps_cppExport.cmake
[1.060s] -- Up-to-date: /home/steffens/KITrain/install/lidar_msgs/share/lidar_msgs/cmake/export_lidar_msgs__rosidl_typesupport_fastrtps_cppExport-noconfig.cmake
[1.061s] -- Up-to-date: /home/steffens/KITrain/install/lidar_msgs/share/lidar_msgs/cmake/lidar_msgs__rosidl_typesupport_introspection_cExport.cmake
[1.061s] -- Up-to-date: /home/steffens/KITrain/install/lidar_msgs/share/lidar_msgs/cmake/lidar_msgs__rosidl_typesupport_introspection_cExport-noconfig.cmake
[1.063s] -- Up-to-date: /home/steffens/KITrain/install/lidar_msgs/share/lidar_msgs/cmake/lidar_msgs__rosidl_typesupport_cExport.cmake
[1.063s] -- Up-to-date: /home/steffens/KITrain/install/lidar_msgs/share/lidar_msgs/cmake/lidar_msgs__rosidl_typesupport_cExport-noconfig.cmake
[1.065s] -- Up-to-date: /home/steffens/KITrain/install/lidar_msgs/share/lidar_msgs/cmake/lidar_msgs__rosidl_typesupport_introspection_cppExport.cmake
[1.065s] -- Up-to-date: /home/steffens/KITrain/install/lidar_msgs/share/lidar_msgs/cmake/lidar_msgs__rosidl_typesupport_introspection_cppExport-noconfig.cmake
[1.067s] -- Up-to-date: /home/steffens/KITrain/install/lidar_msgs/share/lidar_msgs/cmake/lidar_msgs__rosidl_typesupport_cppExport.cmake
[1.067s] -- Up-to-date: /home/steffens/KITrain/install/lidar_msgs/share/lidar_msgs/cmake/lidar_msgs__rosidl_typesupport_cppExport-noconfig.cmake
[1.069s] -- Up-to-date: /home/steffens/KITrain/install/lidar_msgs/share/lidar_msgs/cmake/export_lidar_msgs__rosidl_generator_pyExport.cmake
[1.069s] -- Up-to-date: /home/steffens/KITrain/install/lidar_msgs/share/lidar_msgs/cmake/export_lidar_msgs__rosidl_generator_pyExport-noconfig.cmake
[1.069s] -- Up-to-date: /home/steffens/KITrain/install/lidar_msgs/share/lidar_msgs/cmake/rosidl_cmake-extras.cmake
[1.069s] -- Up-to-date: /home/steffens/KITrain/install/lidar_msgs/share/lidar_msgs/cmake/ament_cmake_export_dependencies-extras.cmake
[1.069s] -- Up-to-date: /home/steffens/KITrain/install/lidar_msgs/share/lidar_msgs/cmake/ament_cmake_export_include_directories-extras.cmake
[1.069s] -- Up-to-date: /home/steffens/KITrain/install/lidar_msgs/share/lidar_msgs/cmake/ament_cmake_export_libraries-extras.cmake
[1.070s] -- Up-to-date: /home/steffens/KITrain/install/lidar_msgs/share/lidar_msgs/cmake/ament_cmake_export_targets-extras.cmake
[1.070s] -- Up-to-date: /home/steffens/KITrain/install/lidar_msgs/share/lidar_msgs/cmake/rosidl_cmake_export_typesupport_targets-extras.cmake
[1.070s] -- Up-to-date: /home/steffens/KITrain/install/lidar_msgs/share/lidar_msgs/cmake/rosidl_cmake_export_typesupport_libraries-extras.cmake
[1.070s] -- Up-to-date: /home/steffens/KITrain/install/lidar_msgs/share/lidar_msgs/cmake/lidar_msgsConfig.cmake
[1.070s] -- Up-to-date: /home/steffens/KITrain/install/lidar_msgs/share/lidar_msgs/cmake/lidar_msgsConfig-version.cmake
[1.070s] -- Up-to-date: /home/steffens/KITrain/install/lidar_msgs/share/lidar_msgs/package.xml
[1.075s] Invoked command in '/home/steffens/KITrain/build/lidar_msgs' returned '0': CMAKE_PREFIX_PATH=${CMAKE_PREFIX_PATH}:/home/steffens/KITrain/install/camera_simulator:/opt/ros/humble /usr/bin/cmake --install /home/steffens/KITrain/build/lidar_msgs
