[35m[1mConsolidate compiler generated dependencies of target gnss_udp_publisher[0m
[ 50%] [32mBuilding CXX object CMakeFiles/gnss_udp_publisher.dir/src/gnss_udp_to_topic.cpp.o[0m
In file included from [01m[K/opt/ros/humble/include/rclcpp/rclcpp/logging.hpp:24[m[K,
                 from [01m[K/opt/ros/humble/include/rclcpp/rclcpp/client.hpp:40[m[K,
                 from [01m[K/opt/ros/humble/include/rclcpp/rclcpp/callback_group.hpp:24[m[K,
                 from [01m[K/opt/ros/humble/include/rclcpp/rclcpp/any_executable.hpp:20[m[K,
                 from [01m[K/opt/ros/humble/include/rclcpp/rclcpp/memory_strategy.hpp:25[m[K,
                 from [01m[K/opt/ros/humble/include/rclcpp/rclcpp/memory_strategies.hpp:18[m[K,
                 from [01m[K/opt/ros/humble/include/rclcpp/rclcpp/executor_options.hpp:20[m[K,
                 from [01m[K/opt/ros/humble/include/rclcpp/rclcpp/executor.hpp:37[m[K,
                 from [01m[K/opt/ros/humble/include/rclcpp/rclcpp/executors/multi_threaded_executor.hpp:25[m[K,
                 from [01m[K/opt/ros/humble/include/rclcpp/rclcpp/executors.hpp:21[m[K,
                 from [01m[K/opt/ros/humble/include/rclcpp/rclcpp/rclcpp.hpp:155[m[K,
                 from [01m[K/home/steffens/KITrain/src/ki_train/sensors/gnss/src/gnss_udp_to_topic.cpp:1[m[K:
[01m[K/home/steffens/KITrain/src/ki_train/sensors/gnss/src/gnss_udp_to_topic.cpp:[m[K In member function ‘[01m[Kvoid GNSSUDPPublisher::receiveLoop()[m[K’:
[01m[K/home/steffens/KITrain/src/ki_train/sensors/gnss/src/gnss_udp_to_topic.cpp:80:25:[m[K [01;31m[Kerror: [m[K‘[01m[Kbytes_received[m[K’ was not declared in this scope
   80 |                         [01;31m[Kbytes_received[m[K, inet_ntoa(client_addr.sin_addr), ntohs(client_addr.sin_port));
      |                         [01;31m[K^~~~~~~~~~~~~~[m[K
[01m[K/home/steffens/KITrain/src/ki_train/sensors/gnss/src/gnss_udp_to_topic.cpp:82:37:[m[K [01;31m[Kerror: [m[Kcannot convert ‘[01m[Kstd::vector<unsigned char, std::allocator<unsigned char> >[m[K’ to ‘[01m[Kconst char*[m[K’
   82 |             if (!convertToNavSatFix([01;31m[Kbuffer[m[K, len)) {
      |                                     [01;31m[K^~~~~~[m[K
      |                                     [01;31m[K|[m[K
      |                                     [01;31m[Kstd::vector<unsigned char, std::allocator<unsigned char> >[m[K
[01m[K/home/steffens/KITrain/src/ki_train/sensors/gnss/src/gnss_udp_to_topic.cpp:89:41:[m[K [01;36m[Knote: [m[K  initializing argument 1 of ‘[01m[Kbool GNSSUDPPublisher::convertToNavSatFix(const char*, size_t)[m[K’
   89 |     bool convertToNavSatFix([01;36m[Kconst char *data[m[K, size_t size) {
      |                             [01;36m[K~~~~~~~~~~~~^~~~[m[K
gmake[2]: *** [CMakeFiles/gnss_udp_publisher.dir/build.make:76: CMakeFiles/gnss_udp_publisher.dir/src/gnss_udp_to_topic.cpp.o] Error 1
gmake[1]: *** [CMakeFiles/Makefile2:137: CMakeFiles/gnss_udp_publisher.dir/all] Error 2
gmake: *** [Makefile:146: all] Error 2
