[0.285s] Invoking command in '/home/steffens/KITrain/build/target_distance_estimator': CMAKE_PREFIX_PATH=${CMAKE_PREFIX_PATH}:/home/steffens/KITrain/install/camera_simulator:/opt/ros/humble /usr/bin/cmake --build /home/steffens/KITrain/build/target_distance_estimator -- -j16 -l16
[0.329s] Invoked command in '/home/steffens/KITrain/build/target_distance_estimator' returned '0': CMAKE_PREFIX_PATH=${CMAKE_PREFIX_PATH}:/home/steffens/KITrain/install/camera_simulator:/opt/ros/humble /usr/bin/cmake --build /home/steffens/KITrain/build/target_distance_estimator -- -j16 -l16
[0.399s] Invoking command in '/home/steffens/KITrain/build/target_distance_estimator': CMAKE_PREFIX_PATH=${CMAKE_PREFIX_PATH}:/home/steffens/KITrain/install/camera_simulator:/opt/ros/humble /usr/bin/cmake --install /home/steffens/KITrain/build/target_distance_estimator
[0.414s] -- Install configuration: ""
[0.414s] -- Up-to-date: /home/steffens/KITrain/install/target_distance_estimator/share/ament_index/resource_index/package_run_dependencies/target_distance_estimator
[0.415s] -- Up-to-date: /home/steffens/KITrain/install/target_distance_estimator/share/ament_index/resource_index/parent_prefix_path/target_distance_estimator
[0.415s] -- Up-to-date: /home/steffens/KITrain/install/target_distance_estimator/share/target_distance_estimator/environment/ament_prefix_path.sh
[0.415s] -- Up-to-date: /home/steffens/KITrain/install/target_distance_estimator/share/target_distance_estimator/environment/ament_prefix_path.dsv
[0.415s] -- Up-to-date: /home/steffens/KITrain/install/target_distance_estimator/share/target_distance_estimator/environment/path.sh
[0.415s] -- Up-to-date: /home/steffens/KITrain/install/target_distance_estimator/share/target_distance_estimator/environment/path.dsv
[0.415s] -- Up-to-date: /home/steffens/KITrain/install/target_distance_estimator/share/target_distance_estimator/local_setup.bash
[0.415s] -- Up-to-date: /home/steffens/KITrain/install/target_distance_estimator/share/target_distance_estimator/local_setup.sh
[0.415s] -- Up-to-date: /home/steffens/KITrain/install/target_distance_estimator/share/target_distance_estimator/local_setup.zsh
[0.415s] -- Up-to-date: /home/steffens/KITrain/install/target_distance_estimator/share/target_distance_estimator/local_setup.dsv
[0.415s] -- Installing: /home/steffens/KITrain/install/target_distance_estimator/share/target_distance_estimator/package.dsv
[0.416s] -- Up-to-date: /home/steffens/KITrain/install/target_distance_estimator/share/ament_index/resource_index/packages/target_distance_estimator
[0.416s] -- Up-to-date: /home/steffens/KITrain/install/target_distance_estimator/share/target_distance_estimator/cmake/target_distance_estimatorConfig.cmake
[0.416s] -- Up-to-date: /home/steffens/KITrain/install/target_distance_estimator/share/target_distance_estimator/cmake/target_distance_estimatorConfig-version.cmake
[0.416s] -- Up-to-date: /home/steffens/KITrain/install/target_distance_estimator/share/target_distance_estimator/package.xml
[0.474s] Invoked command in '/home/steffens/KITrain/build/target_distance_estimator' returned '0': CMAKE_PREFIX_PATH=${CMAKE_PREFIX_PATH}:/home/steffens/KITrain/install/camera_simulator:/opt/ros/humble /usr/bin/cmake --install /home/steffens/KITrain/build/target_distance_estimator
