[0.292s] Invoking command in '/home/steffens/KITrain/build/position_corrector': CMAKE_PREFIX_PATH=${CMAKE_PREFIX_PATH}:/home/steffens/KITrain/install/camera_simulator:/opt/ros/humble /usr/bin/cmake /home/steffens/KITrain/src/ki_train/positioner/position_corrector -DCMAKE_INSTALL_PREFIX=/home/steffens/KITrain/install/position_corrector
[0.356s] -- The C compiler identification is GNU 11.4.0
[0.431s] -- The CXX compiler identification is GNU 11.4.0
[0.439s] -- Detecting C compiler ABI info
[0.530s] -- Detecting C compiler ABI info - done
[0.538s] -- Check for working C compiler: /usr/bin/cc - skipped
[0.538s] -- Detecting C compile features
[0.539s] -- Detecting C compile features - done
[0.542s] -- Detecting CXX compiler ABI info
[0.640s] -- Detecting CXX compiler ABI info - done
[0.647s] -- Check for working CXX compiler: /usr/bin/c++ - skipped
[0.647s] -- Detecting CXX compile features
[0.648s] -- Detecting CXX compile features - done
[0.650s] -- Found ament_cmake: 1.3.9 (/opt/ros/humble/share/ament_cmake/cmake)
[0.812s] -- Found Python3: /usr/bin/python3 (found version "3.10.12") found components: Interpreter 
[0.907s] -- Found ament_lint_auto: 0.12.11 (/opt/ros/humble/share/ament_lint_auto/cmake)
[1.013s] -- Added test 'lint_cmake' to check CMake code style
[1.016s] -- Added test 'xmllint' to check XML markup files
[1.018s] -- Configuring done
[1.026s] -- Generating done
[1.027s] -- Build files have been written to: /home/steffens/KITrain/build/position_corrector
[1.043s] Invoked command in '/home/steffens/KITrain/build/position_corrector' returned '0': CMAKE_PREFIX_PATH=${CMAKE_PREFIX_PATH}:/home/steffens/KITrain/install/camera_simulator:/opt/ros/humble /usr/bin/cmake /home/steffens/KITrain/src/ki_train/positioner/position_corrector -DCMAKE_INSTALL_PREFIX=/home/steffens/KITrain/install/position_corrector
[1.045s] Invoking command in '/home/steffens/KITrain/build/position_corrector': CMAKE_PREFIX_PATH=${CMAKE_PREFIX_PATH}:/home/steffens/KITrain/install/camera_simulator:/opt/ros/humble /usr/bin/cmake --build /home/steffens/KITrain/build/position_corrector -- -j16 -l16
[1.118s] Invoked command in '/home/steffens/KITrain/build/position_corrector' returned '0': CMAKE_PREFIX_PATH=${CMAKE_PREFIX_PATH}:/home/steffens/KITrain/install/camera_simulator:/opt/ros/humble /usr/bin/cmake --build /home/steffens/KITrain/build/position_corrector -- -j16 -l16
[1.163s] Invoking command in '/home/steffens/KITrain/build/position_corrector': CMAKE_PREFIX_PATH=${CMAKE_PREFIX_PATH}:/home/steffens/KITrain/install/camera_simulator:/opt/ros/humble /usr/bin/cmake --install /home/steffens/KITrain/build/position_corrector
[1.172s] -- Install configuration: ""
[1.174s] -- Installing: /home/steffens/KITrain/install/position_corrector/share/ament_index/resource_index/package_run_dependencies/position_corrector
[1.174s] -- Installing: /home/steffens/KITrain/install/position_corrector/share/ament_index/resource_index/parent_prefix_path/position_corrector
[1.175s] -- Installing: /home/steffens/KITrain/install/position_corrector/share/position_corrector/environment/ament_prefix_path.sh
[1.176s] -- Installing: /home/steffens/KITrain/install/position_corrector/share/position_corrector/environment/ament_prefix_path.dsv
[1.177s] -- Installing: /home/steffens/KITrain/install/position_corrector/share/position_corrector/environment/path.sh
[1.178s] -- Installing: /home/steffens/KITrain/install/position_corrector/share/position_corrector/environment/path.dsv
[1.178s] -- Installing: /home/steffens/KITrain/install/position_corrector/share/position_corrector/local_setup.bash
[1.178s] -- Installing: /home/steffens/KITrain/install/position_corrector/share/position_corrector/local_setup.sh
[1.178s] -- Installing: /home/steffens/KITrain/install/position_corrector/share/position_corrector/local_setup.zsh
[1.178s] -- Installing: /home/steffens/KITrain/install/position_corrector/share/position_corrector/local_setup.dsv
[1.180s] -- Installing: /home/steffens/KITrain/install/position_corrector/share/position_corrector/package.dsv
[1.180s] -- Installing: /home/steffens/KITrain/install/position_corrector/share/ament_index/resource_index/packages/position_corrector
[1.181s] -- Installing: /home/steffens/KITrain/install/position_corrector/share/position_corrector/cmake/position_correctorConfig.cmake
[1.181s] -- Installing: /home/steffens/KITrain/install/position_corrector/share/position_corrector/cmake/position_correctorConfig-version.cmake
[1.181s] -- Installing: /home/steffens/KITrain/install/position_corrector/share/position_corrector/package.xml
[1.197s] Invoked command in '/home/steffens/KITrain/build/position_corrector' returned '0': CMAKE_PREFIX_PATH=${CMAKE_PREFIX_PATH}:/home/steffens/KITrain/install/camera_simulator:/opt/ros/humble /usr/bin/cmake --install /home/steffens/KITrain/build/position_corrector
