[0.285s] Invoking command in '/home/steffens/KITrain/build/signal_detection_verificator': CMAKE_PREFIX_PATH=${CMAKE_PREFIX_PATH}:/home/steffens/KITrain/install/camera_simulator:/opt/ros/humble /usr/bin/cmake /home/steffens/KITrain/src/ki_train/driving_route_unlocker/signal_detection_verificator -DCMAKE_INSTALL_PREFIX=/home/steffens/KITrain/install/signal_detection_verificator
[1.021s] -- The C compiler identification is GNU 11.4.0
[1.021s] -- The CXX compiler identification is GNU 11.4.0
[1.024s] -- Detecting C compiler ABI info
[1.024s] -- Detecting C compiler ABI info - done
[1.024s] -- Check for working C compiler: /usr/bin/cc - skipped
[1.024s] -- Detecting C compile features
[1.024s] -- Detecting C compile features - done
[1.025s] -- Detecting CXX compiler ABI info
[1.025s] -- Detecting CXX compiler ABI info - done
[1.026s] -- Check for working CXX compiler: /usr/bin/c++ - skipped
[1.026s] -- Detecting CXX compile features
[1.026s] -- Detecting CXX compile features - done
[1.027s] -- Found ament_cmake: 1.3.9 (/opt/ros/humble/share/ament_cmake/cmake)
[1.027s] -- Found Python3: /usr/bin/python3 (found version "3.10.12") found components: Interpreter 
[1.049s] -- Found ament_lint_auto: 0.12.11 (/opt/ros/humble/share/ament_lint_auto/cmake)
[1.131s] -- Added test 'lint_cmake' to check CMake code style
[1.138s] -- Added test 'xmllint' to check XML markup files
[1.138s] -- Configuring done
[1.141s] -- Generating done
[1.142s] -- Build files have been written to: /home/steffens/KITrain/build/signal_detection_verificator
[1.175s] Invoked command in '/home/steffens/KITrain/build/signal_detection_verificator' returned '0': CMAKE_PREFIX_PATH=${CMAKE_PREFIX_PATH}:/home/steffens/KITrain/install/camera_simulator:/opt/ros/humble /usr/bin/cmake /home/steffens/KITrain/src/ki_train/driving_route_unlocker/signal_detection_verificator -DCMAKE_INSTALL_PREFIX=/home/steffens/KITrain/install/signal_detection_verificator
[1.176s] Invoking command in '/home/steffens/KITrain/build/signal_detection_verificator': CMAKE_PREFIX_PATH=${CMAKE_PREFIX_PATH}:/home/steffens/KITrain/install/camera_simulator:/opt/ros/humble /usr/bin/cmake --build /home/steffens/KITrain/build/signal_detection_verificator -- -j16 -l16
[1.261s] Invoked command in '/home/steffens/KITrain/build/signal_detection_verificator' returned '0': CMAKE_PREFIX_PATH=${CMAKE_PREFIX_PATH}:/home/steffens/KITrain/install/camera_simulator:/opt/ros/humble /usr/bin/cmake --build /home/steffens/KITrain/build/signal_detection_verificator -- -j16 -l16
[1.316s] Invoking command in '/home/steffens/KITrain/build/signal_detection_verificator': CMAKE_PREFIX_PATH=${CMAKE_PREFIX_PATH}:/home/steffens/KITrain/install/camera_simulator:/opt/ros/humble /usr/bin/cmake --install /home/steffens/KITrain/build/signal_detection_verificator
[1.337s] -- Install configuration: ""
[1.337s] -- Installing: /home/steffens/KITrain/install/signal_detection_verificator/share/ament_index/resource_index/package_run_dependencies/signal_detection_verificator
[1.337s] -- Installing: /home/steffens/KITrain/install/signal_detection_verificator/share/ament_index/resource_index/parent_prefix_path/signal_detection_verificator
[1.337s] -- Installing: /home/steffens/KITrain/install/signal_detection_verificator/share/signal_detection_verificator/environment/ament_prefix_path.sh
[1.337s] -- Installing: /home/steffens/KITrain/install/signal_detection_verificator/share/signal_detection_verificator/environment/ament_prefix_path.dsv
[1.337s] -- Installing: /home/steffens/KITrain/install/signal_detection_verificator/share/signal_detection_verificator/environment/path.sh
[1.338s] -- Installing: /home/steffens/KITrain/install/signal_detection_verificator/share/signal_detection_verificator/environment/path.dsv
[1.338s] -- Installing: /home/steffens/KITrain/install/signal_detection_verificator/share/signal_detection_verificator/local_setup.bash
[1.338s] -- Installing: /home/steffens/KITrain/install/signal_detection_verificator/share/signal_detection_verificator/local_setup.sh
[1.338s] -- Installing: /home/steffens/KITrain/install/signal_detection_verificator/share/signal_detection_verificator/local_setup.zsh
[1.339s] -- Installing: /home/steffens/KITrain/install/signal_detection_verificator/share/signal_detection_verificator/local_setup.dsv
[1.339s] -- Installing: /home/steffens/KITrain/install/signal_detection_verificator/share/signal_detection_verificator/package.dsv
[1.340s] -- Installing: /home/steffens/KITrain/install/signal_detection_verificator/share/ament_index/resource_index/packages/signal_detection_verificator
[1.340s] -- Installing: /home/steffens/KITrain/install/signal_detection_verificator/share/signal_detection_verificator/cmake/signal_detection_verificatorConfig.cmake
[1.340s] -- Installing: /home/steffens/KITrain/install/signal_detection_verificator/share/signal_detection_verificator/cmake/signal_detection_verificatorConfig-version.cmake
[1.340s] -- Installing: /home/steffens/KITrain/install/signal_detection_verificator/share/signal_detection_verificator/package.xml
[1.369s] Invoked command in '/home/steffens/KITrain/build/signal_detection_verificator' returned '0': CMAKE_PREFIX_PATH=${CMAKE_PREFIX_PATH}:/home/steffens/KITrain/install/camera_simulator:/opt/ros/humble /usr/bin/cmake --install /home/steffens/KITrain/build/signal_detection_verificator
