running egg_info
writing ../../../build/camera_simulator/camera_simulator.egg-info/PKG-INFO
writing dependency_links to ../../../build/camera_simulator/camera_simulator.egg-info/dependency_links.txt
writing entry points to ../../../build/camera_simulator/camera_simulator.egg-info/entry_points.txt
writing requirements to ../../../build/camera_simulator/camera_simulator.egg-info/requires.txt
writing top-level names to ../../../build/camera_simulator/camera_simulator.egg-info/top_level.txt
reading manifest file '../../../build/camera_simulator/camera_simulator.egg-info/SOURCES.txt'
adding license file 'LICENSE'
writing manifest file '../../../build/camera_simulator/camera_simulator.egg-info/SOURCES.txt'
running build
running build_py
running install
running install_lib
running install_data
running install_egg_info
removing '/home/steffens/KITrain/install/camera_simulator/lib/python3.10/site-packages/camera_simulator-0.1.0-py3.10.egg-info' (and everything under it)
Copying ../../../build/camera_simulator/camera_simulator.egg-info to /home/steffens/KITrain/install/camera_simulator/lib/python3.10/site-packages/camera_simulator-0.1.0-py3.10.egg-info
running install_scripts
Installing camera_simulator script to /home/steffens/KITrain/install/camera_simulator/lib/camera_simulator
writing list of installed files to '/home/steffens/KITrain/build/camera_simulator/install.log'
