[0.013s] Invoking command in '/home/steffens/KITrain/build/lidar': AMENT_PREFIX_PATH=/home/steffens/KITrain/install/lidar_msgs:${AMENT_PREFIX_PATH} CMAKE_PREFIX_PATH=/home/steffens/KITrain/install/lidar_msgs:/home/steffens/KITrain/install/track_detector:/home/steffens/KITrain/install/target_velocity_estimator:/home/steffens/KITrain/install/target_distance_estimator:/home/steffens/KITrain/install/signal_detector:/home/steffens/KITrain/install/signal_detection_verificator:/home/steffens/KITrain/install/rgb_detector:/home/steffens/KITrain/install/rgb_camera:/home/steffens/KITrain/install/position_corrector:/home/steffens/KITrain/install/odometry:/home/steffens/KITrain/install/object_fuser:/home/steffens/KITrain/install/localizer:/home/steffens/KITrain/install/lidar_detector:/home/steffens/KITrain/install/lidar:/home/steffens/KITrain/install/gnss:/home/steffens/KITrain/install/clearance_profile_setter:/home/steffens/KITrain/install/clearance_profile_observer:/home/steffens/KITrain/install/camera_simulator:/opt/ros/humble LD_LIBRARY_PATH=/home/steffens/KITrain/install/lidar_msgs/lib:${LD_LIBRARY_PATH} PYTHONPATH=/home/steffens/KITrain/install/lidar_msgs/local/lib/python3.10/dist-packages:${PYTHONPATH} /usr/bin/cmake --build /home/steffens/KITrain/build/lidar -- -j16 -l16
[0.059s] [35m[1mConsolidate compiler generated dependencies of target lidar_udp_publisher[0m
[0.083s] [ 50%] [32mBuilding CXX object CMakeFiles/lidar_udp_publisher.dir/src/lidar_udp_to_topic.cpp.o[0m
[2.067s] [01m[K/home/steffens/KITrain/src/ki_train/sensors/lidar/src/lidar_udp_to_topic.cpp:[m[K In constructor ‘[01m[KLidarUDPPublisher::LidarUDPPublisher()[m[K’:
[2.067s] [01m[K/home/steffens/KITrain/src/ki_train/sensors/lidar/src/lidar_udp_to_topic.cpp:19:115:[m[K [01;31m[Kerror: [m[Kno match for ‘[01m[Koperator=[m[K’ (operand types are ‘[01m[Krclcpp::Publisher<lidar_msgs::msg::GroundTruth_<std::allocator<void> > >::SharedPtr[m[K’ {aka ‘[01m[Kstd::shared_ptr<rclcpp::Publisher<lidar_msgs::msg::GroundTruth_<std::allocator<void> > > >[m[K’} and ‘[01m[Kstd::shared_ptr<rclcpp::Publisher<lidar_msgs::msg::GroundTruthArray_<std::allocator<void> >, std::allocator<void> > >[m[K’)
[2.067s]    19 |         groundTruthPublisher_ = this -> create_publisher<lidar_msgs::msg::GroundTruthArray>("LiDARGroundTruth", 10[01;31m[K)[m[K;
[2.067s]       |                                                                                                                   [01;31m[K^[m[K
[2.068s] In file included from [01m[K/usr/include/c++/11/memory:77[m[K,
[2.068s]                  from [01m[K/opt/ros/humble/include/rclcpp/rclcpp/rclcpp.hpp:153[m[K,
[2.068s]                  from [01m[K/home/steffens/KITrain/src/ki_train/sensors/lidar/src/lidar_udp_to_topic.cpp:1[m[K:
[2.068s] [01m[K/usr/include/c++/11/bits/shared_ptr.h:363:9:[m[K [01;36m[Knote: [m[Kcandidate: ‘[01m[Ktemplate<class _Yp> std::shared_ptr<_Tp>::_Assignable<const std::shared_ptr<_Yp>&> std::shared_ptr<_Tp>::operator=(const std::shared_ptr<_Yp>&) [with _Yp = _Yp; _Tp = rclcpp::Publisher<lidar_msgs::msg::GroundTruth_<std::allocator<void> > >][m[K’
[2.068s]   363 |         [01;36m[Koperator[m[K=(const shared_ptr<_Yp>& __r) noexcept
[2.068s]       |         [01;36m[K^~~~~~~~[m[K
[2.068s] [01m[K/usr/include/c++/11/bits/shared_ptr.h:363:9:[m[K [01;36m[Knote: [m[K  template argument deduction/substitution failed:
[2.068s] /usr/include/c++/11/bits/shared_ptr.h: In substitution of ‘[01m[Ktemplate<class _Tp> template<class _Arg> using _Assignable = typename std::enable_if<std::is_assignable<std::__shared_ptr<_Tp>&, _Arg>::value, std::shared_ptr<_Tp>&>::type [with _Arg = const std::shared_ptr<rclcpp::Publisher<lidar_msgs::msg::GroundTruthArray_<std::allocator<void> >, std::allocator<void> > >&; _Tp = rclcpp::Publisher<lidar_msgs::msg::GroundTruth_<std::allocator<void> > >][m[K’:
[2.068s] [01m[K/usr/include/c++/11/bits/shared_ptr.h:363:2:[m[K   required by substitution of ‘[01m[Ktemplate<class _Yp> std::shared_ptr<rclcpp::Publisher<lidar_msgs::msg::GroundTruth_<std::allocator<void> > > >::_Assignable<const std::shared_ptr<_Tp>&> std::shared_ptr<rclcpp::Publisher<lidar_msgs::msg::GroundTruth_<std::allocator<void> > > >::operator=<_Yp>(const std::shared_ptr<_Tp>&) [with _Yp = rclcpp::Publisher<lidar_msgs::msg::GroundTruthArray_<std::allocator<void> >, std::allocator<void> >][m[K’
[2.068s] [01m[K/home/steffens/KITrain/src/ki_train/sensors/lidar/src/lidar_udp_to_topic.cpp:19:115:[m[K   required from here
[2.068s] [01m[K/usr/include/c++/11/bits/shared_ptr.h:130:15:[m[K [01;31m[Kerror: [m[Kno type named ‘[01m[Ktype[m[K’ in ‘[01m[Kstruct std::enable_if<false, std::shared_ptr<rclcpp::Publisher<lidar_msgs::msg::GroundTruth_<std::allocator<void> > > >&>[m[K’
[2.068s]   130 |         using [01;31m[K_Assignable[m[K = typename enable_if<
[2.068s]       |               [01;31m[K^~~~~~~~~~~[m[K
[2.068s] [01m[K/usr/include/c++/11/bits/shared_ptr.h:374:9:[m[K [01;36m[Knote: [m[Kcandidate: ‘[01m[Ktemplate<class _Yp> std::shared_ptr<_Tp>::_Assignable<std::auto_ptr<_Up> > std::shared_ptr<_Tp>::operator=(std::auto_ptr<_Up>&&) [with _Yp = _Yp; _Tp = rclcpp::Publisher<lidar_msgs::msg::GroundTruth_<std::allocator<void> > >][m[K’
[2.068s]   374 |         [01;36m[Koperator[m[K=(auto_ptr<_Yp>&& __r)
[2.068s]       |         [01;36m[K^~~~~~~~[m[K
[2.068s] [01m[K/usr/include/c++/11/bits/shared_ptr.h:374:9:[m[K [01;36m[Knote: [m[K  template argument deduction/substitution failed:
[2.069s] [01m[K/home/steffens/KITrain/src/ki_train/sensors/lidar/src/lidar_udp_to_topic.cpp:19:115:[m[K [01;36m[Knote: [m[K  ‘[01m[Kstd::shared_ptr<rclcpp::Publisher<lidar_msgs::msg::GroundTruthArray_<std::allocator<void> >, std::allocator<void> > >[m[K’ is not derived from ‘[01m[Kstd::auto_ptr<_Up>[m[K’
[2.069s]    19 |         groundTruthPublisher_ = this -> create_publisher<lidar_msgs::msg::GroundTruthArray>("LiDARGroundTruth", 10[01;36m[K)[m[K;
[2.069s]       |                                                                                                                   [01;36m[K^[m[K
[2.069s] In file included from [01m[K/usr/include/c++/11/memory:77[m[K,
[2.069s]                  from [01m[K/opt/ros/humble/include/rclcpp/rclcpp/rclcpp.hpp:153[m[K,
[2.069s]                  from [01m[K/home/steffens/KITrain/src/ki_train/sensors/lidar/src/lidar_udp_to_topic.cpp:1[m[K:
[2.069s] [01m[K/usr/include/c++/11/bits/shared_ptr.h:391:9:[m[K [01;36m[Knote: [m[Kcandidate: ‘[01m[Ktemplate<class _Yp> std::shared_ptr<_Tp>::_Assignable<std::shared_ptr<_Yp> > std::shared_ptr<_Tp>::operator=(std::shared_ptr<_Yp>&&) [with _Yp = _Yp; _Tp = rclcpp::Publisher<lidar_msgs::msg::GroundTruth_<std::allocator<void> > >][m[K’
[2.069s]   391 |         [01;36m[Koperator[m[K=(shared_ptr<_Yp>&& __r) noexcept
[2.069s]       |         [01;36m[K^~~~~~~~[m[K
[2.069s] [01m[K/usr/include/c++/11/bits/shared_ptr.h:391:9:[m[K [01;36m[Knote: [m[K  template argument deduction/substitution failed:
[2.069s] /usr/include/c++/11/bits/shared_ptr.h: In substitution of ‘[01m[Ktemplate<class _Tp> template<class _Arg> using _Assignable = typename std::enable_if<std::is_assignable<std::__shared_ptr<_Tp>&, _Arg>::value, std::shared_ptr<_Tp>&>::type [with _Arg = std::shared_ptr<rclcpp::Publisher<lidar_msgs::msg::GroundTruthArray_<std::allocator<void> >, std::allocator<void> > >; _Tp = rclcpp::Publisher<lidar_msgs::msg::GroundTruth_<std::allocator<void> > >][m[K’:
[2.069s] [01m[K/usr/include/c++/11/bits/shared_ptr.h:391:2:[m[K   required by substitution of ‘[01m[Ktemplate<class _Yp> std::shared_ptr<rclcpp::Publisher<lidar_msgs::msg::GroundTruth_<std::allocator<void> > > >::_Assignable<std::shared_ptr<_Tp> > std::shared_ptr<rclcpp::Publisher<lidar_msgs::msg::GroundTruth_<std::allocator<void> > > >::operator=<_Yp>(std::shared_ptr<_Tp>&&) [with _Yp = rclcpp::Publisher<lidar_msgs::msg::GroundTruthArray_<std::allocator<void> >, std::allocator<void> >][m[K’
[2.069s] [01m[K/home/steffens/KITrain/src/ki_train/sensors/lidar/src/lidar_udp_to_topic.cpp:19:115:[m[K   required from here
[2.069s] [01m[K/usr/include/c++/11/bits/shared_ptr.h:130:15:[m[K [01;31m[Kerror: [m[Kno type named ‘[01m[Ktype[m[K’ in ‘[01m[Kstruct std::enable_if<false, std::shared_ptr<rclcpp::Publisher<lidar_msgs::msg::GroundTruth_<std::allocator<void> > > >&>[m[K’
[2.069s]   130 |         using [01;31m[K_Assignable[m[K = typename enable_if<
[2.069s]       |               [01;31m[K^~~~~~~~~~~[m[K
[2.069s] [01m[K/usr/include/c++/11/bits/shared_ptr.h:399:9:[m[K [01;36m[Knote: [m[Kcandidate: ‘[01m[Ktemplate<class _Yp, class _Del> std::shared_ptr<_Tp>::_Assignable<std::unique_ptr<_Up, _Ep> > std::shared_ptr<_Tp>::operator=(std::unique_ptr<_Up, _Ep>&&) [with _Yp = _Yp; _Del = _Del; _Tp = rclcpp::Publisher<lidar_msgs::msg::GroundTruth_<std::allocator<void> > >][m[K’
[2.069s]   399 |         [01;36m[Koperator[m[K=(unique_ptr<_Yp, _Del>&& __r)
[2.070s]       |         [01;36m[K^~~~~~~~[m[K
[2.070s] [01m[K/usr/include/c++/11/bits/shared_ptr.h:399:9:[m[K [01;36m[Knote: [m[K  template argument deduction/substitution failed:
[2.070s] [01m[K/home/steffens/KITrain/src/ki_train/sensors/lidar/src/lidar_udp_to_topic.cpp:19:115:[m[K [01;36m[Knote: [m[K  ‘[01m[Kstd::shared_ptr<rclcpp::Publisher<lidar_msgs::msg::GroundTruthArray_<std::allocator<void> >, std::allocator<void> > >[m[K’ is not derived from ‘[01m[Kstd::unique_ptr<_Tp, _Dp>[m[K’
[2.070s]    19 |         groundTruthPublisher_ = this -> create_publisher<lidar_msgs::msg::GroundTruthArray>("LiDARGroundTruth", 10[01;36m[K)[m[K;
[2.070s]       |                                                                                                                   [01;36m[K^[m[K
[2.070s] In file included from [01m[K/usr/include/c++/11/memory:77[m[K,
[2.070s]                  from [01m[K/opt/ros/humble/include/rclcpp/rclcpp/rclcpp.hpp:153[m[K,
[2.070s]                  from [01m[K/home/steffens/KITrain/src/ki_train/sensors/lidar/src/lidar_udp_to_topic.cpp:1[m[K:
[2.070s] [01m[K/usr/include/c++/11/bits/shared_ptr.h:359:19:[m[K [01;36m[Knote: [m[Kcandidate: ‘[01m[Kstd::shared_ptr<_Tp>& std::shared_ptr<_Tp>::operator=(const std::shared_ptr<_Tp>&) [with _Tp = rclcpp::Publisher<lidar_msgs::msg::GroundTruth_<std::allocator<void> > >][m[K’
[2.070s]   359 |       shared_ptr& [01;36m[Koperator[m[K=(const shared_ptr&) noexcept = default;
[2.070s]       |                   [01;36m[K^~~~~~~~[m[K
[2.070s] [01m[K/usr/include/c++/11/bits/shared_ptr.h:359:29:[m[K [01;36m[Knote: [m[K  no known conversion for argument 1 from ‘[01m[Kstd::shared_ptr<rclcpp::Publisher<lidar_msgs::msg::GroundTruthArray_<std::allocator<void> >, std::allocator<void> > >[m[K’ to ‘[01m[Kconst std::shared_ptr<rclcpp::Publisher<lidar_msgs::msg::GroundTruth_<std::allocator<void> > > >&[m[K’
[2.070s]   359 |       shared_ptr& operator=([01;36m[Kconst shared_ptr&[m[K) noexcept = default;
[2.070s]       |                             [01;36m[K^~~~~~~~~~~~~~~~~[m[K
[2.070s] [01m[K/usr/include/c++/11/bits/shared_ptr.h:383:7:[m[K [01;36m[Knote: [m[Kcandidate: ‘[01m[Kstd::shared_ptr<_Tp>& std::shared_ptr<_Tp>::operator=(std::shared_ptr<_Tp>&&) [with _Tp = rclcpp::Publisher<lidar_msgs::msg::GroundTruth_<std::allocator<void> > >][m[K’
[2.070s]   383 |       [01;36m[Koperator[m[K=(shared_ptr&& __r) noexcept
[2.070s]       |       [01;36m[K^~~~~~~~[m[K
[2.071s] [01m[K/usr/include/c++/11/bits/shared_ptr.h:383:30:[m[K [01;36m[Knote: [m[K  no known conversion for argument 1 from ‘[01m[Kstd::shared_ptr<rclcpp::Publisher<lidar_msgs::msg::GroundTruthArray_<std::allocator<void> >, std::allocator<void> > >[m[K’ to ‘[01m[Kstd::shared_ptr<rclcpp::Publisher<lidar_msgs::msg::GroundTruth_<std::allocator<void> > > >&&[m[K’
[2.071s]   383 |       operator=([01;36m[Kshared_ptr&& __r[m[K) noexcept
[2.071s]       |                 [01;36m[K~~~~~~~~~~~~~^~~[m[K
[2.844s] gmake[2]: *** [CMakeFiles/lidar_udp_publisher.dir/build.make:76: CMakeFiles/lidar_udp_publisher.dir/src/lidar_udp_to_topic.cpp.o] Error 1
[2.844s] gmake[1]: *** [CMakeFiles/Makefile2:137: CMakeFiles/lidar_udp_publisher.dir/all] Error 2
[2.845s] gmake: *** [Makefile:146: all] Error 2
[2.847s] Invoked command in '/home/steffens/KITrain/build/lidar' returned '2': AMENT_PREFIX_PATH=/home/steffens/KITrain/install/lidar_msgs:${AMENT_PREFIX_PATH} CMAKE_PREFIX_PATH=/home/steffens/KITrain/install/lidar_msgs:/home/steffens/KITrain/install/track_detector:/home/steffens/KITrain/install/target_velocity_estimator:/home/steffens/KITrain/install/target_distance_estimator:/home/steffens/KITrain/install/signal_detector:/home/steffens/KITrain/install/signal_detection_verificator:/home/steffens/KITrain/install/rgb_detector:/home/steffens/KITrain/install/rgb_camera:/home/steffens/KITrain/install/position_corrector:/home/steffens/KITrain/install/odometry:/home/steffens/KITrain/install/object_fuser:/home/steffens/KITrain/install/localizer:/home/steffens/KITrain/install/lidar_detector:/home/steffens/KITrain/install/lidar:/home/steffens/KITrain/install/gnss:/home/steffens/KITrain/install/clearance_profile_setter:/home/steffens/KITrain/install/clearance_profile_observer:/home/steffens/KITrain/install/camera_simulator:/opt/ros/humble LD_LIBRARY_PATH=/home/steffens/KITrain/install/lidar_msgs/lib:${LD_LIBRARY_PATH} PYTHONPATH=/home/steffens/KITrain/install/lidar_msgs/local/lib/python3.10/dist-packages:${PYTHONPATH} /usr/bin/cmake --build /home/steffens/KITrain/build/lidar -- -j16 -l16
