[0.281s] Invoking command in '/home/steffens/KITrain/build/clearance_profile_observer': CMAKE_PREFIX_PATH=${CMAKE_PREFIX_PATH}:/home/steffens/KITrain/install/camera_simulator:/opt/ros/humble /usr/bin/cmake /home/steffens/KITrain/src/ki_train/driving_decision_maker/clearance_profile_observer -DCMAKE_INSTALL_PREFIX=/home/steffens/KITrain/install/clearance_profile_observer
[0.338s] -- The C compiler identification is GNU 11.4.0
[0.403s] -- The CXX compiler identification is GNU 11.4.0
[0.411s] -- Detecting C compiler ABI info
[0.518s] -- Detecting C compiler ABI info - done
[0.525s] -- Check for working C compiler: /usr/bin/cc - skipped
[0.525s] -- Detecting C compile features
[0.525s] -- Detecting C compile features - done
[0.528s] -- Detecting CXX compiler ABI info
[0.613s] -- Detecting CXX compiler ABI info - done
[0.631s] -- Check for working CXX compiler: /usr/bin/c++ - skipped
[0.631s] -- Detecting CXX compile features
[0.631s] -- Detecting CXX compile features - done
[0.631s] -- Found ament_cmake: 1.3.9 (/opt/ros/humble/share/ament_cmake/cmake)
[0.819s] -- Found Python3: /usr/bin/python3 (found version "3.10.12") found components: Interpreter 
[0.919s] -- Found ament_lint_auto: 0.12.11 (/opt/ros/humble/share/ament_lint_auto/cmake)
[0.995s] -- Added test 'lint_cmake' to check CMake code style
[0.995s] -- Added test 'xmllint' to check XML markup files
[0.997s] -- Configuring done
[1.000s] -- Generating done
[1.001s] -- Build files have been written to: /home/steffens/KITrain/build/clearance_profile_observer
[1.040s] Invoked command in '/home/steffens/KITrain/build/clearance_profile_observer' returned '0': CMAKE_PREFIX_PATH=${CMAKE_PREFIX_PATH}:/home/steffens/KITrain/install/camera_simulator:/opt/ros/humble /usr/bin/cmake /home/steffens/KITrain/src/ki_train/driving_decision_maker/clearance_profile_observer -DCMAKE_INSTALL_PREFIX=/home/steffens/KITrain/install/clearance_profile_observer
[1.044s] Invoking command in '/home/steffens/KITrain/build/clearance_profile_observer': CMAKE_PREFIX_PATH=${CMAKE_PREFIX_PATH}:/home/steffens/KITrain/install/camera_simulator:/opt/ros/humble /usr/bin/cmake --build /home/steffens/KITrain/build/clearance_profile_observer -- -j16 -l16
[1.096s] Invoked command in '/home/steffens/KITrain/build/clearance_profile_observer' returned '0': CMAKE_PREFIX_PATH=${CMAKE_PREFIX_PATH}:/home/steffens/KITrain/install/camera_simulator:/opt/ros/humble /usr/bin/cmake --build /home/steffens/KITrain/build/clearance_profile_observer -- -j16 -l16
[1.135s] Invoking command in '/home/steffens/KITrain/build/clearance_profile_observer': CMAKE_PREFIX_PATH=${CMAKE_PREFIX_PATH}:/home/steffens/KITrain/install/camera_simulator:/opt/ros/humble /usr/bin/cmake --install /home/steffens/KITrain/build/clearance_profile_observer
[1.159s] -- Install configuration: ""
[1.159s] -- Installing: /home/steffens/KITrain/install/clearance_profile_observer/share/ament_index/resource_index/package_run_dependencies/clearance_profile_observer
[1.159s] -- Installing: /home/steffens/KITrain/install/clearance_profile_observer/share/ament_index/resource_index/parent_prefix_path/clearance_profile_observer
[1.159s] -- Installing: /home/steffens/KITrain/install/clearance_profile_observer/share/clearance_profile_observer/environment/ament_prefix_path.sh
[1.159s] -- Installing: /home/steffens/KITrain/install/clearance_profile_observer/share/clearance_profile_observer/environment/ament_prefix_path.dsv
[1.159s] -- Installing: /home/steffens/KITrain/install/clearance_profile_observer/share/clearance_profile_observer/environment/path.sh
[1.159s] -- Installing: /home/steffens/KITrain/install/clearance_profile_observer/share/clearance_profile_observer/environment/path.dsv
[1.159s] -- Installing: /home/steffens/KITrain/install/clearance_profile_observer/share/clearance_profile_observer/local_setup.bash
[1.159s] -- Installing: /home/steffens/KITrain/install/clearance_profile_observer/share/clearance_profile_observer/local_setup.sh
[1.159s] -- Installing: /home/steffens/KITrain/install/clearance_profile_observer/share/clearance_profile_observer/local_setup.zsh
[1.159s] -- Installing: /home/steffens/KITrain/install/clearance_profile_observer/share/clearance_profile_observer/local_setup.dsv
[1.159s] -- Installing: /home/steffens/KITrain/install/clearance_profile_observer/share/clearance_profile_observer/package.dsv
[1.160s] -- Installing: /home/steffens/KITrain/install/clearance_profile_observer/share/ament_index/resource_index/packages/clearance_profile_observer
[1.160s] -- Installing: /home/steffens/KITrain/install/clearance_profile_observer/share/clearance_profile_observer/cmake/clearance_profile_observerConfig.cmake
[1.160s] -- Installing: /home/steffens/KITrain/install/clearance_profile_observer/share/clearance_profile_observer/cmake/clearance_profile_observerConfig-version.cmake
[1.160s] -- Installing: /home/steffens/KITrain/install/clearance_profile_observer/share/clearance_profile_observer/package.xml
[1.204s] Invoked command in '/home/steffens/KITrain/build/clearance_profile_observer' returned '0': CMAKE_PREFIX_PATH=${CMAKE_PREFIX_PATH}:/home/steffens/KITrain/install/camera_simulator:/opt/ros/humble /usr/bin/cmake --install /home/steffens/KITrain/build/clearance_profile_observer
