[35m[1mConsolidate compiler generated dependencies of target rgb_camera_receiver_main[0m
[ 50%] [32mBuilding CXX object CMakeFiles/rgb_camera_receiver_main.dir/src/rgb_camera_receiver_main.cpp.o[0m
[100%] [32m[1mLinking CXX executable rgb_camera_receiver_main[0m
[100%] Built target rgb_camera_receiver_main
-- Install configuration: ""
-- Installing: /home/steffens/KITrain/install/rgb_camera/lib/rgb_camera/rgb_camera_receiver_main
-- Set runtime path of "/home/steffens/KITrain/install/rgb_camera/lib/rgb_camera/rgb_camera_receiver_main" to ""
-- Up-to-date: /home/steffens/KITrain/install/rgb_camera/share/rgb_camera/launch
-- Up-to-date: /home/steffens/KITrain/install/rgb_camera/share/rgb_camera/launch/execute.launch.py
-- Up-to-date: /home/steffens/KITrain/install/rgb_camera/share/ament_index/resource_index/package_run_dependencies/rgb_camera
-- Up-to-date: /home/steffens/KITrain/install/rgb_camera/share/ament_index/resource_index/parent_prefix_path/rgb_camera
-- Up-to-date: /home/steffens/KITrain/install/rgb_camera/share/rgb_camera/environment/ament_prefix_path.sh
-- Up-to-date: /home/steffens/KITrain/install/rgb_camera/share/rgb_camera/environment/ament_prefix_path.dsv
-- Up-to-date: /home/steffens/KITrain/install/rgb_camera/share/rgb_camera/environment/path.sh
-- Up-to-date: /home/steffens/KITrain/install/rgb_camera/share/rgb_camera/environment/path.dsv
-- Up-to-date: /home/steffens/KITrain/install/rgb_camera/share/rgb_camera/local_setup.bash
-- Up-to-date: /home/steffens/KITrain/install/rgb_camera/share/rgb_camera/local_setup.sh
-- Up-to-date: /home/steffens/KITrain/install/rgb_camera/share/rgb_camera/local_setup.zsh
-- Up-to-date: /home/steffens/KITrain/install/rgb_camera/share/rgb_camera/local_setup.dsv
-- Installing: /home/steffens/KITrain/install/rgb_camera/share/rgb_camera/package.dsv
-- Up-to-date: /home/steffens/KITrain/install/rgb_camera/share/ament_index/resource_index/packages/rgb_camera
-- Up-to-date: /home/steffens/KITrain/install/rgb_camera/share/rgb_camera/cmake/rgb_cameraConfig.cmake
-- Up-to-date: /home/steffens/KITrain/install/rgb_camera/share/rgb_camera/cmake/rgb_cameraConfig-version.cmake
-- Up-to-date: /home/steffens/KITrain/install/rgb_camera/share/rgb_camera/package.xml
