[0.304s] Invoking command in '/home/steffens/KITrain/build/lidar': CMAKE_PREFIX_PATH=${CMAKE_PREFIX_PATH}:/home/steffens/KITrain/install/camera_simulator:/opt/ros/humble /usr/bin/cmake --build /home/steffens/KITrain/build/lidar -- -j16 -l16
[0.343s] -- Found ament_cmake: 1.3.9 (/opt/ros/humble/share/ament_cmake/cmake)
[0.455s] -- Found rclcpp: 16.0.9 (/opt/ros/humble/share/rclcpp/cmake)
[0.489s] -- Found rosidl_generator_c: 3.1.5 (/opt/ros/humble/share/rosidl_generator_c/cmake)
[0.489s] -- Found rosidl_adapter: 3.1.5 (/opt/ros/humble/share/rosidl_adapter/cmake)
[0.492s] -- Found rosidl_generator_cpp: 3.1.5 (/opt/ros/humble/share/rosidl_generator_cpp/cmake)
[0.497s] -- Using all available rosidl_typesupport_c: rosidl_typesupport_fastrtps_c;rosidl_typesupport_introspection_c
[0.511s] -- Using all available rosidl_typesupport_cpp: rosidl_typesupport_fastrtps_cpp;rosidl_typesupport_introspection_cpp
[0.563s] -- Found rmw_implementation_cmake: 6.1.2 (/opt/ros/humble/share/rmw_implementation_cmake/cmake)
[0.565s] -- Found rmw_fastrtps_cpp: 6.2.6 (/opt/ros/humble/share/rmw_fastrtps_cpp/cmake)
[0.693s] -- Using RMW implementation 'rmw_fastrtps_cpp' as default
[0.827s] -- Found sensor_msgs: 4.2.3 (/opt/ros/humble/share/sensor_msgs/cmake)
[0.948s] [31mCMake Error at CMakeLists.txt:12 (find_package):
[0.949s]   By not providing "Findlidar_msgs.cmake" in CMAKE_MODULE_PATH this project
[0.949s]   has asked CMake to find a package configuration file provided by
[0.949s]   "lidar_msgs", but CMake did not find one.
[0.949s] 
[0.949s]   Could not find a package configuration file provided by "lidar_msgs" with
[0.949s]   any of the following names:
[0.949s] 
[0.949s]     lidar_msgsConfig.cmake
[0.949s]     lidar_msgs-config.cmake
[0.949s] 
[0.949s]   Add the installation prefix of "lidar_msgs" to CMAKE_PREFIX_PATH or set
[0.949s]   "lidar_msgs_DIR" to a directory containing one of the above files.  If
[0.949s]   "lidar_msgs" provides a separate development package or SDK, be sure it has
[0.949s]   been installed.
[0.949s] 
[0.949s] -- Configuring incomplete, errors occurred!
[0.949s] See also "/home/steffens/KITrain/build/lidar/CMakeFiles/CMakeOutput.log".
[0.950s] [0m
[0.955s] gmake: *** [Makefile:267: cmake_check_build_system] Error 1
[0.958s] Invoked command in '/home/steffens/KITrain/build/lidar' returned '2': CMAKE_PREFIX_PATH=${CMAKE_PREFIX_PATH}:/home/steffens/KITrain/install/camera_simulator:/opt/ros/humble /usr/bin/cmake --build /home/steffens/KITrain/build/lidar -- -j16 -l16
