[0.092s] Invoking command in '/home/steffens/KITrain/build/lidar_msgs': CMAKE_PREFIX_PATH=${CMAKE_PREFIX_PATH}:/home/steffens/KITrain/install/camera_simulator:/opt/ros/humble /usr/bin/cmake --build /home/steffens/KITrain/build/lidar_msgs -- -j16 -l16
[0.385s] -- Found ament_cmake: 1.3.9 (/opt/ros/humble/share/ament_cmake/cmake)
[0.429s] -- Found rclcpp: 16.0.9 (/opt/ros/humble/share/rclcpp/cmake)
[0.518s] -- Found rosidl_generator_c: 3.1.5 (/opt/ros/humble/share/rosidl_generator_c/cmake)
[0.527s] -- Found rosidl_adapter: 3.1.5 (/opt/ros/humble/share/rosidl_adapter/cmake)
[0.540s] -- Found rosidl_generator_cpp: 3.1.5 (/opt/ros/humble/share/rosidl_generator_cpp/cmake)
[0.568s] -- Using all available rosidl_typesupport_c: rosidl_typesupport_fastrtps_c;rosidl_typesupport_introspection_c
[0.597s] -- Using all available rosidl_typesupport_cpp: rosidl_typesupport_fastrtps_cpp;rosidl_typesupport_introspection_cpp
[0.703s] -- Found rmw_implementation_cmake: 6.1.2 (/opt/ros/humble/share/rmw_implementation_cmake/cmake)
[0.708s] -- Found rmw_fastrtps_cpp: 6.2.6 (/opt/ros/humble/share/rmw_fastrtps_cpp/cmake)
[0.903s] -- Using RMW implementation 'rmw_fastrtps_cpp' as default
[1.125s] -- Found rosidl_default_generators: 1.2.0 (/opt/ros/humble/share/rosidl_default_generators/cmake)
[1.428s] -- Found ament_cmake_ros: 0.10.0 (/opt/ros/humble/share/ament_cmake_ros/cmake)
[1.816s] -- Using all available rosidl_typesupport_c: rosidl_typesupport_fastrtps_c;rosidl_typesupport_introspection_c
[1.957s] -- Using all available rosidl_typesupport_cpp: rosidl_typesupport_fastrtps_cpp;rosidl_typesupport_introspection_cpp
[1.984s] -- Found python_cmake_module: 0.10.0 (/opt/ros/humble/share/python_cmake_module/cmake)
[2.023s] -- Using PYTHON_EXECUTABLE: /usr/bin/python3
[2.023s] -- Using PYTHON_INCLUDE_DIRS: /usr/include/python3.10
[2.023s] -- Using PYTHON_LIBRARIES: /usr/lib/x86_64-linux-gnu/libpython3.10.so
[2.070s] -- Found ament_lint_auto: 0.12.11 (/opt/ros/humble/share/ament_lint_auto/cmake)
[2.135s] -- Added test 'copyright' to check source files copyright and LICENSE
[2.138s] -- Added test 'lint_cmake' to check CMake code style
[2.141s] -- Added test 'xmllint' to check XML markup files
[2.149s] -- Configuring done
[2.211s] -- Generating done
[2.216s] -- Build files have been written to: /home/steffens/KITrain/build/lidar_msgs
[2.249s] [  2%] [34m[1mGenerating C code for ROS interfaces[0m
[2.260s] [  5%] [34m[1mGenerating C++ code for ROS interfaces[0m
[2.272s] [  5%] Built target ament_cmake_python_copy_lidar_msgs
[2.515s] running egg_info
[2.515s] writing lidar_msgs.egg-info/PKG-INFO
[2.515s] writing dependency_links to lidar_msgs.egg-info/dependency_links.txt
[2.516s] writing top-level names to lidar_msgs.egg-info/top_level.txt
[2.517s] reading manifest file 'lidar_msgs.egg-info/SOURCES.txt'
[2.518s] writing manifest file 'lidar_msgs.egg-info/SOURCES.txt'
[2.525s] [  5%] Built target lidar_msgs__cpp
[2.537s] [  7%] [34m[1mGenerating C++ type support for eProsima Fast-RTPS[0m
[2.537s] [ 10%] [34m[1mGenerating C++ type support dispatch for ROS interfaces[0m
[2.537s] [ 12%] [34m[1mGenerating C++ introspection for ROS interfaces[0m
[2.544s] [ 12%] Built target ament_cmake_python_build_lidar_msgs_egg
[2.547s] [35m[1mConsolidate compiler generated dependencies of target lidar_msgs__rosidl_generator_c[0m
[2.562s] [ 15%] [32mBuilding C object CMakeFiles/lidar_msgs__rosidl_generator_c.dir/rosidl_generator_c/lidar_msgs/msg/detail/ground_truth__functions.c.o[0m
[2.564s] [ 17%] [32mBuilding C object CMakeFiles/lidar_msgs__rosidl_generator_c.dir/rosidl_generator_c/lidar_msgs/msg/detail/ground_truth_array__functions.c.o[0m
[2.761s] [ 20%] [32m[1mLinking C shared library liblidar_msgs__rosidl_generator_c.so[0m
[2.771s] [35m[1mConsolidate compiler generated dependencies of target lidar_msgs__rosidl_typesupport_introspection_cpp[0m
[2.783s] [35m[1mConsolidate compiler generated dependencies of target lidar_msgs__rosidl_typesupport_cpp[0m
[2.788s] [ 23%] [32mBuilding CXX object CMakeFiles/lidar_msgs__rosidl_typesupport_introspection_cpp.dir/rosidl_typesupport_introspection_cpp/lidar_msgs/msg/detail/ground_truth__type_support.cpp.o[0m
[2.790s] [35m[1mConsolidate compiler generated dependencies of target lidar_msgs__rosidl_typesupport_fastrtps_cpp[0m
[2.792s] [ 25%] [32mBuilding CXX object CMakeFiles/lidar_msgs__rosidl_typesupport_introspection_cpp.dir/rosidl_typesupport_introspection_cpp/lidar_msgs/msg/detail/ground_truth_array__type_support.cpp.o[0m
[2.801s] [ 28%] [32mBuilding CXX object CMakeFiles/lidar_msgs__rosidl_typesupport_cpp.dir/rosidl_typesupport_cpp/lidar_msgs/msg/ground_truth__type_support.cpp.o[0m
[2.801s] [ 30%] [32mBuilding CXX object CMakeFiles/lidar_msgs__rosidl_typesupport_cpp.dir/rosidl_typesupport_cpp/lidar_msgs/msg/ground_truth_array__type_support.cpp.o[0m
[2.803s] [ 30%] Built target lidar_msgs__rosidl_generator_c
[2.808s] [ 33%] [32mBuilding CXX object CMakeFiles/lidar_msgs__rosidl_typesupport_fastrtps_cpp.dir/rosidl_typesupport_fastrtps_cpp/lidar_msgs/msg/detail/dds_fastrtps/ground_truth__type_support.cpp.o[0m
[2.808s] [ 35%] [32mBuilding CXX object CMakeFiles/lidar_msgs__rosidl_typesupport_fastrtps_cpp.dir/rosidl_typesupport_fastrtps_cpp/lidar_msgs/msg/detail/dds_fastrtps/ground_truth_array__type_support.cpp.o[0m
[2.814s] [ 41%] [34m[1mGenerating C type support for eProsima Fast-RTPS[0m
[2.815s] [ 41%] [34m[1mGenerating C introspection for ROS interfaces[0m
[2.815s] [ 43%] [34m[1mGenerating C type support dispatch for ROS interfaces[0m
[3.030s] [35m[1mConsolidate compiler generated dependencies of target lidar_msgs__rosidl_typesupport_c[0m
[3.044s] [ 46%] [32mBuilding CXX object CMakeFiles/lidar_msgs__rosidl_typesupport_c.dir/rosidl_typesupport_c/lidar_msgs/msg/ground_truth__type_support.cpp.o[0m
[3.045s] [ 48%] [32mBuilding CXX object CMakeFiles/lidar_msgs__rosidl_typesupport_c.dir/rosidl_typesupport_c/lidar_msgs/msg/ground_truth_array__type_support.cpp.o[0m
[3.048s] [ 51%] [32m[1mLinking CXX shared library liblidar_msgs__rosidl_typesupport_cpp.so[0m
[3.054s] [35m[1mConsolidate compiler generated dependencies of target lidar_msgs__rosidl_typesupport_introspection_c[0m
[3.068s] [ 53%] [32mBuilding C object CMakeFiles/lidar_msgs__rosidl_typesupport_introspection_c.dir/rosidl_typesupport_introspection_c/lidar_msgs/msg/detail/ground_truth_array__type_support.c.o[0m
[3.068s] [ 56%] [32mBuilding C object CMakeFiles/lidar_msgs__rosidl_typesupport_introspection_c.dir/rosidl_typesupport_introspection_c/lidar_msgs/msg/detail/ground_truth__type_support.c.o[0m
[3.078s] [ 58%] [32m[1mLinking CXX shared library liblidar_msgs__rosidl_typesupport_c.so[0m
[3.092s] [ 58%] Built target lidar_msgs__rosidl_typesupport_cpp
[3.093s] [35m[1mConsolidate compiler generated dependencies of target lidar_msgs__rosidl_typesupport_fastrtps_c[0m
[3.112s] [ 61%] [32mBuilding CXX object CMakeFiles/lidar_msgs__rosidl_typesupport_fastrtps_c.dir/rosidl_typesupport_fastrtps_c/lidar_msgs/msg/detail/ground_truth__type_support_c.cpp.o[0m
[3.112s] [ 64%] [32mBuilding CXX object CMakeFiles/lidar_msgs__rosidl_typesupport_fastrtps_c.dir/rosidl_typesupport_fastrtps_c/lidar_msgs/msg/detail/ground_truth_array__type_support_c.cpp.o[0m
[3.121s] [ 66%] [32m[1mLinking C shared library liblidar_msgs__rosidl_typesupport_introspection_c.so[0m
[3.127s] [ 66%] Built target lidar_msgs__rosidl_typesupport_c
[3.159s] [ 66%] Built target lidar_msgs__rosidl_typesupport_introspection_c
[3.184s] [ 69%] [32m[1mLinking CXX shared library liblidar_msgs__rosidl_typesupport_introspection_cpp.so[0m
[3.197s] [ 71%] [32m[1mLinking CXX shared library liblidar_msgs__rosidl_typesupport_fastrtps_cpp.so[0m
[3.255s] [ 71%] Built target lidar_msgs__rosidl_typesupport_introspection_cpp
[3.286s] [ 71%] Built target lidar_msgs__rosidl_typesupport_fastrtps_cpp
[3.441s] [ 74%] [32m[1mLinking CXX shared library liblidar_msgs__rosidl_typesupport_fastrtps_c.so[0m
[3.516s] [ 74%] Built target lidar_msgs__rosidl_typesupport_fastrtps_c
[3.540s] [ 74%] Built target lidar_msgs
[3.564s] [ 76%] [34m[1mGenerating Python code for ROS interfaces[0m
[3.927s] [ 76%] Built target lidar_msgs__py
[3.940s] [35m[1mConsolidate compiler generated dependencies of target lidar_msgs__rosidl_generator_py[0m
[3.959s] [ 79%] [32mBuilding C object CMakeFiles/lidar_msgs__rosidl_generator_py.dir/rosidl_generator_py/lidar_msgs/msg/_ground_truth_s.c.o[0m
[3.959s] [ 82%] [32mBuilding C object CMakeFiles/lidar_msgs__rosidl_generator_py.dir/rosidl_generator_py/lidar_msgs/msg/_ground_truth_array_s.c.o[0m
[4.215s] [ 84%] [32m[1mLinking C shared library rosidl_generator_py/lidar_msgs/liblidar_msgs__rosidl_generator_py.so[0m
[4.262s] [ 84%] Built target lidar_msgs__rosidl_generator_py
[4.274s] [35m[1mConsolidate compiler generated dependencies of target lidar_msgs__rosidl_typesupport_introspection_c__pyext[0m
[4.274s] [35m[1mConsolidate compiler generated dependencies of target lidar_msgs__rosidl_typesupport_c__pyext[0m
[4.274s] [35m[1mConsolidate compiler generated dependencies of target lidar_msgs__rosidl_typesupport_fastrtps_c__pyext[0m
[4.290s] [ 87%] [32mBuilding C object CMakeFiles/lidar_msgs__rosidl_typesupport_fastrtps_c__pyext.dir/rosidl_generator_py/lidar_msgs/_lidar_msgs_s.ep.rosidl_typesupport_fastrtps_c.c.o[0m
[4.291s] [ 92%] [32mBuilding C object CMakeFiles/lidar_msgs__rosidl_typesupport_introspection_c__pyext.dir/rosidl_generator_py/lidar_msgs/_lidar_msgs_s.ep.rosidl_typesupport_introspection_c.c.o[0m
[4.291s] [ 92%] [32mBuilding C object CMakeFiles/lidar_msgs__rosidl_typesupport_c__pyext.dir/rosidl_generator_py/lidar_msgs/_lidar_msgs_s.ep.rosidl_typesupport_c.c.o[0m
[4.391s] [ 94%] [32m[1mLinking C shared library rosidl_generator_py/lidar_msgs/lidar_msgs_s__rosidl_typesupport_c.cpython-310-x86_64-linux-gnu.so[0m
[4.392s] [ 97%] [32m[1mLinking C shared library rosidl_generator_py/lidar_msgs/lidar_msgs_s__rosidl_typesupport_introspection_c.cpython-310-x86_64-linux-gnu.so[0m
[4.392s] [100%] [32m[1mLinking C shared library rosidl_generator_py/lidar_msgs/lidar_msgs_s__rosidl_typesupport_fastrtps_c.cpython-310-x86_64-linux-gnu.so[0m
[4.434s] [100%] Built target lidar_msgs__rosidl_typesupport_fastrtps_c__pyext
[4.434s] [100%] Built target lidar_msgs__rosidl_typesupport_introspection_c__pyext
[4.438s] [100%] Built target lidar_msgs__rosidl_typesupport_c__pyext
[4.451s] Invoked command in '/home/steffens/KITrain/build/lidar_msgs' returned '0': CMAKE_PREFIX_PATH=${CMAKE_PREFIX_PATH}:/home/steffens/KITrain/install/camera_simulator:/opt/ros/humble /usr/bin/cmake --build /home/steffens/KITrain/build/lidar_msgs -- -j16 -l16
[4.541s] Invoking command in '/home/steffens/KITrain/build/lidar_msgs': CMAKE_PREFIX_PATH=${CMAKE_PREFIX_PATH}:/home/steffens/KITrain/install/camera_simulator:/opt/ros/humble /usr/bin/cmake --install /home/steffens/KITrain/build/lidar_msgs
[4.551s] -- Install configuration: ""
[4.551s] -- Up-to-date: /home/steffens/KITrain/install/lidar_msgs/share/ament_index/resource_index/rosidl_interfaces/lidar_msgs
[4.551s] -- Up-to-date: /home/steffens/KITrain/install/lidar_msgs/include/lidar_msgs/lidar_msgs
[4.551s] -- Up-to-date: /home/steffens/KITrain/install/lidar_msgs/include/lidar_msgs/lidar_msgs/msg
[4.551s] -- Up-to-date: /home/steffens/KITrain/install/lidar_msgs/include/lidar_msgs/lidar_msgs/msg/detail
[4.551s] -- Installing: /home/steffens/KITrain/install/lidar_msgs/include/lidar_msgs/lidar_msgs/msg/detail/ground_truth__type_support.h
[4.551s] -- Installing: /home/steffens/KITrain/install/lidar_msgs/include/lidar_msgs/lidar_msgs/msg/detail/ground_truth_array__functions.h
[4.552s] -- Installing: /home/steffens/KITrain/install/lidar_msgs/include/lidar_msgs/lidar_msgs/msg/detail/ground_truth__struct.h
[4.552s] -- Installing: /home/steffens/KITrain/install/lidar_msgs/include/lidar_msgs/lidar_msgs/msg/detail/ground_truth_array__functions.c
[4.552s] -- Installing: /home/steffens/KITrain/install/lidar_msgs/include/lidar_msgs/lidar_msgs/msg/detail/ground_truth__functions.c
[4.552s] -- Installing: /home/steffens/KITrain/install/lidar_msgs/include/lidar_msgs/lidar_msgs/msg/detail/ground_truth_array__type_support.h
[4.552s] -- Installing: /home/steffens/KITrain/install/lidar_msgs/include/lidar_msgs/lidar_msgs/msg/detail/ground_truth__functions.h
[4.553s] -- Installing: /home/steffens/KITrain/install/lidar_msgs/include/lidar_msgs/lidar_msgs/msg/detail/ground_truth_array__struct.h
[4.553s] -- Installing: /home/steffens/KITrain/install/lidar_msgs/include/lidar_msgs/lidar_msgs/msg/ground_truth_array.h
[4.553s] -- Up-to-date: /home/steffens/KITrain/install/lidar_msgs/include/lidar_msgs/lidar_msgs/msg/rosidl_generator_c__visibility_control.h
[4.553s] -- Installing: /home/steffens/KITrain/install/lidar_msgs/include/lidar_msgs/lidar_msgs/msg/ground_truth.h
[4.553s] -- Up-to-date: /home/steffens/KITrain/install/lidar_msgs/share/lidar_msgs/environment/library_path.sh
[4.554s] -- Installing: /home/steffens/KITrain/install/lidar_msgs/share/lidar_msgs/environment/library_path.dsv
[4.554s] -- Installing: /home/steffens/KITrain/install/lidar_msgs/lib/liblidar_msgs__rosidl_generator_c.so
[4.555s] -- Set runtime path of "/home/steffens/KITrain/install/lidar_msgs/lib/liblidar_msgs__rosidl_generator_c.so" to ""
[4.555s] -- Up-to-date: /home/steffens/KITrain/install/lidar_msgs/include/lidar_msgs/lidar_msgs
[4.555s] -- Up-to-date: /home/steffens/KITrain/install/lidar_msgs/include/lidar_msgs/lidar_msgs/msg
[4.555s] -- Up-to-date: /home/steffens/KITrain/install/lidar_msgs/include/lidar_msgs/lidar_msgs/msg/detail
[4.555s] -- Installing: /home/steffens/KITrain/install/lidar_msgs/include/lidar_msgs/lidar_msgs/msg/detail/ground_truth__rosidl_typesupport_fastrtps_c.h
[4.555s] -- Installing: /home/steffens/KITrain/install/lidar_msgs/include/lidar_msgs/lidar_msgs/msg/detail/ground_truth_array__rosidl_typesupport_fastrtps_c.h
[4.555s] -- Up-to-date: /home/steffens/KITrain/install/lidar_msgs/include/lidar_msgs/lidar_msgs/msg/rosidl_typesupport_fastrtps_c__visibility_control.h
[4.556s] -- Installing: /home/steffens/KITrain/install/lidar_msgs/lib/liblidar_msgs__rosidl_typesupport_fastrtps_c.so
[4.556s] -- Set runtime path of "/home/steffens/KITrain/install/lidar_msgs/lib/liblidar_msgs__rosidl_typesupport_fastrtps_c.so" to ""
[4.556s] -- Up-to-date: /home/steffens/KITrain/install/lidar_msgs/include/lidar_msgs/lidar_msgs
[4.556s] -- Up-to-date: /home/steffens/KITrain/install/lidar_msgs/include/lidar_msgs/lidar_msgs/msg
[4.557s] -- Installing: /home/steffens/KITrain/install/lidar_msgs/include/lidar_msgs/lidar_msgs/msg/ground_truth_array.hpp
[4.557s] -- Up-to-date: /home/steffens/KITrain/install/lidar_msgs/include/lidar_msgs/lidar_msgs/msg/detail
[4.557s] -- Installing: /home/steffens/KITrain/install/lidar_msgs/include/lidar_msgs/lidar_msgs/msg/detail/ground_truth_array__struct.hpp
[4.557s] -- Installing: /home/steffens/KITrain/install/lidar_msgs/include/lidar_msgs/lidar_msgs/msg/detail/ground_truth__builder.hpp
[4.557s] -- Installing: /home/steffens/KITrain/install/lidar_msgs/include/lidar_msgs/lidar_msgs/msg/detail/ground_truth__traits.hpp
[4.557s] -- Installing: /home/steffens/KITrain/install/lidar_msgs/include/lidar_msgs/lidar_msgs/msg/detail/ground_truth_array__builder.hpp
[4.558s] -- Installing: /home/steffens/KITrain/install/lidar_msgs/include/lidar_msgs/lidar_msgs/msg/detail/ground_truth__struct.hpp
[4.558s] -- Installing: /home/steffens/KITrain/install/lidar_msgs/include/lidar_msgs/lidar_msgs/msg/detail/ground_truth_array__traits.hpp
[4.558s] -- Installing: /home/steffens/KITrain/install/lidar_msgs/include/lidar_msgs/lidar_msgs/msg/ground_truth.hpp
[4.558s] -- Up-to-date: /home/steffens/KITrain/install/lidar_msgs/include/lidar_msgs/lidar_msgs
[4.559s] -- Up-to-date: /home/steffens/KITrain/install/lidar_msgs/include/lidar_msgs/lidar_msgs/msg
[4.559s] -- Up-to-date: /home/steffens/KITrain/install/lidar_msgs/include/lidar_msgs/lidar_msgs/msg/rosidl_typesupport_fastrtps_cpp__visibility_control.h
[4.559s] -- Up-to-date: /home/steffens/KITrain/install/lidar_msgs/include/lidar_msgs/lidar_msgs/msg/detail
[4.559s] -- Installing: /home/steffens/KITrain/install/lidar_msgs/include/lidar_msgs/lidar_msgs/msg/detail/ground_truth_array__rosidl_typesupport_fastrtps_cpp.hpp
[4.559s] -- Up-to-date: /home/steffens/KITrain/install/lidar_msgs/include/lidar_msgs/lidar_msgs/msg/detail/dds_fastrtps
[4.559s] -- Installing: /home/steffens/KITrain/install/lidar_msgs/include/lidar_msgs/lidar_msgs/msg/detail/ground_truth__rosidl_typesupport_fastrtps_cpp.hpp
[4.559s] -- Installing: /home/steffens/KITrain/install/lidar_msgs/lib/liblidar_msgs__rosidl_typesupport_fastrtps_cpp.so
[4.560s] -- Set runtime path of "/home/steffens/KITrain/install/lidar_msgs/lib/liblidar_msgs__rosidl_typesupport_fastrtps_cpp.so" to ""
[4.560s] -- Up-to-date: /home/steffens/KITrain/install/lidar_msgs/include/lidar_msgs/lidar_msgs
[4.560s] -- Up-to-date: /home/steffens/KITrain/install/lidar_msgs/include/lidar_msgs/lidar_msgs/msg
[4.560s] -- Up-to-date: /home/steffens/KITrain/install/lidar_msgs/include/lidar_msgs/lidar_msgs/msg/rosidl_typesupport_introspection_c__visibility_control.h
[4.560s] -- Up-to-date: /home/steffens/KITrain/install/lidar_msgs/include/lidar_msgs/lidar_msgs/msg/detail
[4.560s] -- Installing: /home/steffens/KITrain/install/lidar_msgs/include/lidar_msgs/lidar_msgs/msg/detail/ground_truth_array__rosidl_typesupport_introspection_c.h
[4.560s] -- Installing: /home/steffens/KITrain/install/lidar_msgs/include/lidar_msgs/lidar_msgs/msg/detail/ground_truth_array__type_support.c
[4.561s] -- Installing: /home/steffens/KITrain/install/lidar_msgs/include/lidar_msgs/lidar_msgs/msg/detail/ground_truth__type_support.c
[4.561s] -- Installing: /home/steffens/KITrain/install/lidar_msgs/include/lidar_msgs/lidar_msgs/msg/detail/ground_truth__rosidl_typesupport_introspection_c.h
[4.562s] -- Installing: /home/steffens/KITrain/install/lidar_msgs/lib/liblidar_msgs__rosidl_typesupport_introspection_c.so
[4.562s] -- Set runtime path of "/home/steffens/KITrain/install/lidar_msgs/lib/liblidar_msgs__rosidl_typesupport_introspection_c.so" to ""
[4.562s] -- Installing: /home/steffens/KITrain/install/lidar_msgs/lib/liblidar_msgs__rosidl_typesupport_c.so
[4.563s] -- Set runtime path of "/home/steffens/KITrain/install/lidar_msgs/lib/liblidar_msgs__rosidl_typesupport_c.so" to ""
[4.563s] -- Up-to-date: /home/steffens/KITrain/install/lidar_msgs/include/lidar_msgs/lidar_msgs
[4.563s] -- Up-to-date: /home/steffens/KITrain/install/lidar_msgs/include/lidar_msgs/lidar_msgs/msg
[4.563s] -- Up-to-date: /home/steffens/KITrain/install/lidar_msgs/include/lidar_msgs/lidar_msgs/msg/detail
[4.563s] -- Installing: /home/steffens/KITrain/install/lidar_msgs/include/lidar_msgs/lidar_msgs/msg/detail/ground_truth_array__type_support.cpp
[4.563s] -- Installing: /home/steffens/KITrain/install/lidar_msgs/include/lidar_msgs/lidar_msgs/msg/detail/ground_truth__type_support.cpp
[4.563s] -- Installing: /home/steffens/KITrain/install/lidar_msgs/include/lidar_msgs/lidar_msgs/msg/detail/ground_truth__rosidl_typesupport_introspection_cpp.hpp
[4.564s] -- Installing: /home/steffens/KITrain/install/lidar_msgs/include/lidar_msgs/lidar_msgs/msg/detail/ground_truth_array__rosidl_typesupport_introspection_cpp.hpp
[4.564s] -- Installing: /home/steffens/KITrain/install/lidar_msgs/lib/liblidar_msgs__rosidl_typesupport_introspection_cpp.so
[4.565s] -- Set runtime path of "/home/steffens/KITrain/install/lidar_msgs/lib/liblidar_msgs__rosidl_typesupport_introspection_cpp.so" to ""
[4.565s] -- Installing: /home/steffens/KITrain/install/lidar_msgs/lib/liblidar_msgs__rosidl_typesupport_cpp.so
[4.565s] -- Set runtime path of "/home/steffens/KITrain/install/lidar_msgs/lib/liblidar_msgs__rosidl_typesupport_cpp.so" to ""
[4.566s] -- Up-to-date: /home/steffens/KITrain/install/lidar_msgs/share/lidar_msgs/environment/pythonpath.sh
[4.566s] -- Installing: /home/steffens/KITrain/install/lidar_msgs/share/lidar_msgs/environment/pythonpath.dsv
[4.566s] -- Up-to-date: /home/steffens/KITrain/install/lidar_msgs/local/lib/python3.10/dist-packages/lidar_msgs-0.0.0-py3.10.egg-info
[4.566s] -- Installing: /home/steffens/KITrain/install/lidar_msgs/local/lib/python3.10/dist-packages/lidar_msgs-0.0.0-py3.10.egg-info/SOURCES.txt
[4.566s] -- Installing: /home/steffens/KITrain/install/lidar_msgs/local/lib/python3.10/dist-packages/lidar_msgs-0.0.0-py3.10.egg-info/dependency_links.txt
[4.567s] -- Installing: /home/steffens/KITrain/install/lidar_msgs/local/lib/python3.10/dist-packages/lidar_msgs-0.0.0-py3.10.egg-info/PKG-INFO
[4.567s] -- Installing: /home/steffens/KITrain/install/lidar_msgs/local/lib/python3.10/dist-packages/lidar_msgs-0.0.0-py3.10.egg-info/top_level.txt
[4.567s] -- Up-to-date: /home/steffens/KITrain/install/lidar_msgs/local/lib/python3.10/dist-packages/lidar_msgs
[4.567s] -- Installing: /home/steffens/KITrain/install/lidar_msgs/local/lib/python3.10/dist-packages/lidar_msgs/__init__.py
[4.567s] -- Installing: /home/steffens/KITrain/install/lidar_msgs/local/lib/python3.10/dist-packages/lidar_msgs/lidar_msgs_s__rosidl_typesupport_fastrtps_c.cpython-310-x86_64-linux-gnu.so
[4.568s] -- Installing: /home/steffens/KITrain/install/lidar_msgs/local/lib/python3.10/dist-packages/lidar_msgs/_lidar_msgs_s.ep.rosidl_typesupport_c.c
[4.568s] -- Installing: /home/steffens/KITrain/install/lidar_msgs/local/lib/python3.10/dist-packages/lidar_msgs/_lidar_msgs_s.ep.rosidl_typesupport_introspection_c.c
[4.568s] -- Installing: /home/steffens/KITrain/install/lidar_msgs/local/lib/python3.10/dist-packages/lidar_msgs/lidar_msgs_s__rosidl_typesupport_introspection_c.cpython-310-x86_64-linux-gnu.so
[4.568s] -- Installing: /home/steffens/KITrain/install/lidar_msgs/local/lib/python3.10/dist-packages/lidar_msgs/_lidar_msgs_s.ep.rosidl_typesupport_fastrtps_c.c
[4.569s] -- Installing: /home/steffens/KITrain/install/lidar_msgs/local/lib/python3.10/dist-packages/lidar_msgs/lidar_msgs_s__rosidl_typesupport_c.cpython-310-x86_64-linux-gnu.so
[4.569s] -- Installing: /home/steffens/KITrain/install/lidar_msgs/local/lib/python3.10/dist-packages/lidar_msgs/liblidar_msgs__rosidl_generator_py.so
[4.569s] -- Up-to-date: /home/steffens/KITrain/install/lidar_msgs/local/lib/python3.10/dist-packages/lidar_msgs/msg
[4.569s] -- Installing: /home/steffens/KITrain/install/lidar_msgs/local/lib/python3.10/dist-packages/lidar_msgs/msg/__init__.py
[4.569s] -- Installing: /home/steffens/KITrain/install/lidar_msgs/local/lib/python3.10/dist-packages/lidar_msgs/msg/_ground_truth_array_s.c
[4.570s] -- Installing: /home/steffens/KITrain/install/lidar_msgs/local/lib/python3.10/dist-packages/lidar_msgs/msg/_ground_truth_array.py
[4.570s] -- Installing: /home/steffens/KITrain/install/lidar_msgs/local/lib/python3.10/dist-packages/lidar_msgs/msg/_ground_truth.py
[4.570s] -- Installing: /home/steffens/KITrain/install/lidar_msgs/local/lib/python3.10/dist-packages/lidar_msgs/msg/_ground_truth_s.c
[4.604s] Listing '/home/steffens/KITrain/install/lidar_msgs/local/lib/python3.10/dist-packages/lidar_msgs'...
[4.605s] Compiling '/home/steffens/KITrain/install/lidar_msgs/local/lib/python3.10/dist-packages/lidar_msgs/__init__.py'...
[4.605s] Listing '/home/steffens/KITrain/install/lidar_msgs/local/lib/python3.10/dist-packages/lidar_msgs/msg'...
[4.605s] Compiling '/home/steffens/KITrain/install/lidar_msgs/local/lib/python3.10/dist-packages/lidar_msgs/msg/__init__.py'...
[4.605s] Compiling '/home/steffens/KITrain/install/lidar_msgs/local/lib/python3.10/dist-packages/lidar_msgs/msg/_ground_truth.py'...
[4.605s] Compiling '/home/steffens/KITrain/install/lidar_msgs/local/lib/python3.10/dist-packages/lidar_msgs/msg/_ground_truth_array.py'...
[4.608s] -- Installing: /home/steffens/KITrain/install/lidar_msgs/local/lib/python3.10/dist-packages/lidar_msgs/lidar_msgs_s__rosidl_typesupport_fastrtps_c.cpython-310-x86_64-linux-gnu.so
[4.609s] -- Set runtime path of "/home/steffens/KITrain/install/lidar_msgs/local/lib/python3.10/dist-packages/lidar_msgs/lidar_msgs_s__rosidl_typesupport_fastrtps_c.cpython-310-x86_64-linux-gnu.so" to ""
[4.609s] -- Installing: /home/steffens/KITrain/install/lidar_msgs/local/lib/python3.10/dist-packages/lidar_msgs/lidar_msgs_s__rosidl_typesupport_introspection_c.cpython-310-x86_64-linux-gnu.so
[4.610s] -- Set runtime path of "/home/steffens/KITrain/install/lidar_msgs/local/lib/python3.10/dist-packages/lidar_msgs/lidar_msgs_s__rosidl_typesupport_introspection_c.cpython-310-x86_64-linux-gnu.so" to ""
[4.610s] -- Installing: /home/steffens/KITrain/install/lidar_msgs/local/lib/python3.10/dist-packages/lidar_msgs/lidar_msgs_s__rosidl_typesupport_c.cpython-310-x86_64-linux-gnu.so
[4.610s] -- Set runtime path of "/home/steffens/KITrain/install/lidar_msgs/local/lib/python3.10/dist-packages/lidar_msgs/lidar_msgs_s__rosidl_typesupport_c.cpython-310-x86_64-linux-gnu.so" to ""
[4.611s] -- Installing: /home/steffens/KITrain/install/lidar_msgs/lib/liblidar_msgs__rosidl_generator_py.so
[4.611s] -- Set runtime path of "/home/steffens/KITrain/install/lidar_msgs/lib/liblidar_msgs__rosidl_generator_py.so" to ""
[4.611s] -- Installing: /home/steffens/KITrain/install/lidar_msgs/share/lidar_msgs/msg/GroundTruth.idl
[4.611s] -- Up-to-date: /home/steffens/KITrain/install/lidar_msgs/share/lidar_msgs/msg/GroundTruthArray.idl
[4.612s] -- Installing: /home/steffens/KITrain/install/lidar_msgs/share/lidar_msgs/msg/GroundTruth.msg
[4.612s] -- Up-to-date: /home/steffens/KITrain/install/lidar_msgs/share/lidar_msgs/msg/GroundTruthArray.msg
[4.612s] -- Up-to-date: /home/steffens/KITrain/install/lidar_msgs/share/ament_index/resource_index/package_run_dependencies/lidar_msgs
[4.612s] -- Installing: /home/steffens/KITrain/install/lidar_msgs/share/ament_index/resource_index/parent_prefix_path/lidar_msgs
[4.612s] -- Up-to-date: /home/steffens/KITrain/install/lidar_msgs/share/lidar_msgs/environment/ament_prefix_path.sh
[4.612s] -- Installing: /home/steffens/KITrain/install/lidar_msgs/share/lidar_msgs/environment/ament_prefix_path.dsv
[4.613s] -- Up-to-date: /home/steffens/KITrain/install/lidar_msgs/share/lidar_msgs/environment/path.sh
[4.613s] -- Installing: /home/steffens/KITrain/install/lidar_msgs/share/lidar_msgs/environment/path.dsv
[4.613s] -- Up-to-date: /home/steffens/KITrain/install/lidar_msgs/share/lidar_msgs/local_setup.bash
[4.613s] -- Up-to-date: /home/steffens/KITrain/install/lidar_msgs/share/lidar_msgs/local_setup.sh
[4.613s] -- Up-to-date: /home/steffens/KITrain/install/lidar_msgs/share/lidar_msgs/local_setup.zsh
[4.613s] -- Installing: /home/steffens/KITrain/install/lidar_msgs/share/lidar_msgs/local_setup.dsv
[4.613s] -- Installing: /home/steffens/KITrain/install/lidar_msgs/share/lidar_msgs/package.dsv
[4.614s] -- Up-to-date: /home/steffens/KITrain/install/lidar_msgs/share/ament_index/resource_index/packages/lidar_msgs
[4.614s] -- Up-to-date: /home/steffens/KITrain/install/lidar_msgs/share/lidar_msgs/cmake/export_lidar_msgs__rosidl_generator_cExport.cmake
[4.614s] -- Up-to-date: /home/steffens/KITrain/install/lidar_msgs/share/lidar_msgs/cmake/export_lidar_msgs__rosidl_generator_cExport-noconfig.cmake
[4.614s] -- Up-to-date: /home/steffens/KITrain/install/lidar_msgs/share/lidar_msgs/cmake/export_lidar_msgs__rosidl_typesupport_fastrtps_cExport.cmake
[4.614s] -- Up-to-date: /home/steffens/KITrain/install/lidar_msgs/share/lidar_msgs/cmake/export_lidar_msgs__rosidl_typesupport_fastrtps_cExport-noconfig.cmake
[4.614s] -- Up-to-date: /home/steffens/KITrain/install/lidar_msgs/share/lidar_msgs/cmake/export_lidar_msgs__rosidl_generator_cppExport.cmake
[4.614s] -- Up-to-date: /home/steffens/KITrain/install/lidar_msgs/share/lidar_msgs/cmake/export_lidar_msgs__rosidl_typesupport_fastrtps_cppExport.cmake
[4.614s] -- Up-to-date: /home/steffens/KITrain/install/lidar_msgs/share/lidar_msgs/cmake/export_lidar_msgs__rosidl_typesupport_fastrtps_cppExport-noconfig.cmake
[4.615s] -- Up-to-date: /home/steffens/KITrain/install/lidar_msgs/share/lidar_msgs/cmake/lidar_msgs__rosidl_typesupport_introspection_cExport.cmake
[4.615s] -- Up-to-date: /home/steffens/KITrain/install/lidar_msgs/share/lidar_msgs/cmake/lidar_msgs__rosidl_typesupport_introspection_cExport-noconfig.cmake
[4.615s] -- Up-to-date: /home/steffens/KITrain/install/lidar_msgs/share/lidar_msgs/cmake/lidar_msgs__rosidl_typesupport_cExport.cmake
[4.615s] -- Up-to-date: /home/steffens/KITrain/install/lidar_msgs/share/lidar_msgs/cmake/lidar_msgs__rosidl_typesupport_cExport-noconfig.cmake
[4.615s] -- Up-to-date: /home/steffens/KITrain/install/lidar_msgs/share/lidar_msgs/cmake/lidar_msgs__rosidl_typesupport_introspection_cppExport.cmake
[4.615s] -- Up-to-date: /home/steffens/KITrain/install/lidar_msgs/share/lidar_msgs/cmake/lidar_msgs__rosidl_typesupport_introspection_cppExport-noconfig.cmake
[4.615s] -- Up-to-date: /home/steffens/KITrain/install/lidar_msgs/share/lidar_msgs/cmake/lidar_msgs__rosidl_typesupport_cppExport.cmake
[4.615s] -- Up-to-date: /home/steffens/KITrain/install/lidar_msgs/share/lidar_msgs/cmake/lidar_msgs__rosidl_typesupport_cppExport-noconfig.cmake
[4.615s] -- Up-to-date: /home/steffens/KITrain/install/lidar_msgs/share/lidar_msgs/cmake/export_lidar_msgs__rosidl_generator_pyExport.cmake
[4.616s] -- Up-to-date: /home/steffens/KITrain/install/lidar_msgs/share/lidar_msgs/cmake/export_lidar_msgs__rosidl_generator_pyExport-noconfig.cmake
[4.616s] -- Up-to-date: /home/steffens/KITrain/install/lidar_msgs/share/lidar_msgs/cmake/rosidl_cmake-extras.cmake
[4.616s] -- Up-to-date: /home/steffens/KITrain/install/lidar_msgs/share/lidar_msgs/cmake/ament_cmake_export_dependencies-extras.cmake
[4.616s] -- Up-to-date: /home/steffens/KITrain/install/lidar_msgs/share/lidar_msgs/cmake/ament_cmake_export_include_directories-extras.cmake
[4.616s] -- Up-to-date: /home/steffens/KITrain/install/lidar_msgs/share/lidar_msgs/cmake/ament_cmake_export_libraries-extras.cmake
[4.616s] -- Up-to-date: /home/steffens/KITrain/install/lidar_msgs/share/lidar_msgs/cmake/ament_cmake_export_targets-extras.cmake
[4.616s] -- Up-to-date: /home/steffens/KITrain/install/lidar_msgs/share/lidar_msgs/cmake/rosidl_cmake_export_typesupport_targets-extras.cmake
[4.616s] -- Up-to-date: /home/steffens/KITrain/install/lidar_msgs/share/lidar_msgs/cmake/rosidl_cmake_export_typesupport_libraries-extras.cmake
[4.616s] -- Up-to-date: /home/steffens/KITrain/install/lidar_msgs/share/lidar_msgs/cmake/lidar_msgsConfig.cmake
[4.616s] -- Up-to-date: /home/steffens/KITrain/install/lidar_msgs/share/lidar_msgs/cmake/lidar_msgsConfig-version.cmake
[4.616s] -- Up-to-date: /home/steffens/KITrain/install/lidar_msgs/share/lidar_msgs/package.xml
[4.619s] Invoked command in '/home/steffens/KITrain/build/lidar_msgs' returned '0': CMAKE_PREFIX_PATH=${CMAKE_PREFIX_PATH}:/home/steffens/KITrain/install/camera_simulator:/opt/ros/humble /usr/bin/cmake --install /home/steffens/KITrain/build/lidar_msgs
