[0.023s] Invoking command in '/home/steffens/KITrain/build/lidar': CMAKE_PREFIX_PATH=/home/steffens/KITrain/install/lidar_msgs:/home/steffens/KITrain/install/track_detector:/home/steffens/KITrain/install/target_velocity_estimator:/home/steffens/KITrain/install/target_distance_estimator:/home/steffens/KITrain/install/signal_detector:/home/steffens/KITrain/install/signal_detection_verificator:/home/steffens/KITrain/install/rgb_detector:/home/steffens/KITrain/install/rgb_camera:/home/steffens/KITrain/install/position_corrector:/home/steffens/KITrain/install/odometry:/home/steffens/KITrain/install/object_fuser:/home/steffens/KITrain/install/localizer:/home/steffens/KITrain/install/lidar:/home/steffens/KITrain/install/lidar_detector:/home/steffens/KITrain/install/gnss:/home/steffens/KITrain/install/clearance_profile_setter:/home/steffens/KITrain/install/clearance_profile_observer:/home/steffens/KITrain/install/camera_simulator:/opt/ros/humble /usr/bin/cmake --build /home/steffens/KITrain/build/lidar -- -j16 -l16
[0.080s] [35m[1mConsolidate compiler generated dependencies of target lidar_udp_publisher[0m
[0.109s] [ 50%] [32mBuilding CXX object CMakeFiles/lidar_udp_publisher.dir/src/lidar_udp_to_topic.cpp.o[0m
[5.028s] [100%] [32m[1mLinking CXX executable lidar_udp_publisher[0m
[5.257s] [100%] Built target lidar_udp_publisher
[5.274s] Invoked command in '/home/steffens/KITrain/build/lidar' returned '0': CMAKE_PREFIX_PATH=/home/steffens/KITrain/install/lidar_msgs:/home/steffens/KITrain/install/track_detector:/home/steffens/KITrain/install/target_velocity_estimator:/home/steffens/KITrain/install/target_distance_estimator:/home/steffens/KITrain/install/signal_detector:/home/steffens/KITrain/install/signal_detection_verificator:/home/steffens/KITrain/install/rgb_detector:/home/steffens/KITrain/install/rgb_camera:/home/steffens/KITrain/install/position_corrector:/home/steffens/KITrain/install/odometry:/home/steffens/KITrain/install/object_fuser:/home/steffens/KITrain/install/localizer:/home/steffens/KITrain/install/lidar:/home/steffens/KITrain/install/lidar_detector:/home/steffens/KITrain/install/gnss:/home/steffens/KITrain/install/clearance_profile_setter:/home/steffens/KITrain/install/clearance_profile_observer:/home/steffens/KITrain/install/camera_simulator:/opt/ros/humble /usr/bin/cmake --build /home/steffens/KITrain/build/lidar -- -j16 -l16
[5.307s] Invoking command in '/home/steffens/KITrain/build/lidar': CMAKE_PREFIX_PATH=/home/steffens/KITrain/install/lidar_msgs:/home/steffens/KITrain/install/track_detector:/home/steffens/KITrain/install/target_velocity_estimator:/home/steffens/KITrain/install/target_distance_estimator:/home/steffens/KITrain/install/signal_detector:/home/steffens/KITrain/install/signal_detection_verificator:/home/steffens/KITrain/install/rgb_detector:/home/steffens/KITrain/install/rgb_camera:/home/steffens/KITrain/install/position_corrector:/home/steffens/KITrain/install/odometry:/home/steffens/KITrain/install/object_fuser:/home/steffens/KITrain/install/localizer:/home/steffens/KITrain/install/lidar:/home/steffens/KITrain/install/lidar_detector:/home/steffens/KITrain/install/gnss:/home/steffens/KITrain/install/clearance_profile_setter:/home/steffens/KITrain/install/clearance_profile_observer:/home/steffens/KITrain/install/camera_simulator:/opt/ros/humble /usr/bin/cmake --install /home/steffens/KITrain/build/lidar
[5.317s] -- Install configuration: ""
[5.317s] -- Installing: /home/steffens/KITrain/install/lidar/lib/lidar/lidar_udp_publisher
[5.320s] -- Set runtime path of "/home/steffens/KITrain/install/lidar/lib/lidar/lidar_udp_publisher" to ""
[5.320s] -- Up-to-date: /home/steffens/KITrain/install/lidar/share/ament_index/resource_index/package_run_dependencies/lidar
[5.321s] -- Up-to-date: /home/steffens/KITrain/install/lidar/share/ament_index/resource_index/parent_prefix_path/lidar
[5.321s] -- Up-to-date: /home/steffens/KITrain/install/lidar/share/lidar/environment/ament_prefix_path.sh
[5.321s] -- Up-to-date: /home/steffens/KITrain/install/lidar/share/lidar/environment/ament_prefix_path.dsv
[5.321s] -- Up-to-date: /home/steffens/KITrain/install/lidar/share/lidar/environment/path.sh
[5.321s] -- Up-to-date: /home/steffens/KITrain/install/lidar/share/lidar/environment/path.dsv
[5.321s] -- Up-to-date: /home/steffens/KITrain/install/lidar/share/lidar/local_setup.bash
[5.321s] -- Up-to-date: /home/steffens/KITrain/install/lidar/share/lidar/local_setup.sh
[5.321s] -- Up-to-date: /home/steffens/KITrain/install/lidar/share/lidar/local_setup.zsh
[5.321s] -- Up-to-date: /home/steffens/KITrain/install/lidar/share/lidar/local_setup.dsv
[5.321s] -- Installing: /home/steffens/KITrain/install/lidar/share/lidar/package.dsv
[5.321s] -- Up-to-date: /home/steffens/KITrain/install/lidar/share/ament_index/resource_index/packages/lidar
[5.321s] -- Up-to-date: /home/steffens/KITrain/install/lidar/share/lidar/cmake/ament_cmake_export_dependencies-extras.cmake
[5.322s] -- Up-to-date: /home/steffens/KITrain/install/lidar/share/lidar/cmake/lidarConfig.cmake
[5.322s] -- Up-to-date: /home/steffens/KITrain/install/lidar/share/lidar/cmake/lidarConfig-version.cmake
[5.322s] -- Up-to-date: /home/steffens/KITrain/install/lidar/share/lidar/package.xml
[5.324s] Invoked command in '/home/steffens/KITrain/build/lidar' returned '0': CMAKE_PREFIX_PATH=/home/steffens/KITrain/install/lidar_msgs:/home/steffens/KITrain/install/track_detector:/home/steffens/KITrain/install/target_velocity_estimator:/home/steffens/KITrain/install/target_distance_estimator:/home/steffens/KITrain/install/signal_detector:/home/steffens/KITrain/install/signal_detection_verificator:/home/steffens/KITrain/install/rgb_detector:/home/steffens/KITrain/install/rgb_camera:/home/steffens/KITrain/install/position_corrector:/home/steffens/KITrain/install/odometry:/home/steffens/KITrain/install/object_fuser:/home/steffens/KITrain/install/localizer:/home/steffens/KITrain/install/lidar:/home/steffens/KITrain/install/lidar_detector:/home/steffens/KITrain/install/gnss:/home/steffens/KITrain/install/clearance_profile_setter:/home/steffens/KITrain/install/clearance_profile_observer:/home/steffens/KITrain/install/camera_simulator:/opt/ros/humble /usr/bin/cmake --install /home/steffens/KITrain/build/lidar
