[0.293s] Invoking command in '/home/steffens/KITrain/build/signal_detector': CMAKE_PREFIX_PATH=${CMAKE_PREFIX_PATH}:/home/steffens/KITrain/install/camera_simulator:/opt/ros/humble /usr/bin/cmake --build /home/steffens/KITrain/build/signal_detector -- -j16 -l16
[0.360s] Invoked command in '/home/steffens/KITrain/build/signal_detector' returned '0': CMAKE_PREFIX_PATH=${CMAKE_PREFIX_PATH}:/home/steffens/KITrain/install/camera_simulator:/opt/ros/humble /usr/bin/cmake --build /home/steffens/KITrain/build/signal_detector -- -j16 -l16
[0.439s] Invoking command in '/home/steffens/KITrain/build/signal_detector': CMAKE_PREFIX_PATH=${CMAKE_PREFIX_PATH}:/home/steffens/KITrain/install/camera_simulator:/opt/ros/humble /usr/bin/cmake --install /home/steffens/KITrain/build/signal_detector
[0.467s] -- Install configuration: ""
[0.468s] -- Up-to-date: /home/steffens/KITrain/install/signal_detector/share/ament_index/resource_index/package_run_dependencies/signal_detector
[0.468s] -- Up-to-date: /home/steffens/KITrain/install/signal_detector/share/ament_index/resource_index/parent_prefix_path/signal_detector
[0.468s] -- Up-to-date: /home/steffens/KITrain/install/signal_detector/share/signal_detector/environment/ament_prefix_path.sh
[0.468s] -- Up-to-date: /home/steffens/KITrain/install/signal_detector/share/signal_detector/environment/ament_prefix_path.dsv
[0.468s] -- Up-to-date: /home/steffens/KITrain/install/signal_detector/share/signal_detector/environment/path.sh
[0.468s] -- Up-to-date: /home/steffens/KITrain/install/signal_detector/share/signal_detector/environment/path.dsv
[0.468s] -- Up-to-date: /home/steffens/KITrain/install/signal_detector/share/signal_detector/local_setup.bash
[0.468s] -- Up-to-date: /home/steffens/KITrain/install/signal_detector/share/signal_detector/local_setup.sh
[0.468s] -- Up-to-date: /home/steffens/KITrain/install/signal_detector/share/signal_detector/local_setup.zsh
[0.468s] -- Up-to-date: /home/steffens/KITrain/install/signal_detector/share/signal_detector/local_setup.dsv
[0.468s] -- Installing: /home/steffens/KITrain/install/signal_detector/share/signal_detector/package.dsv
[0.468s] -- Up-to-date: /home/steffens/KITrain/install/signal_detector/share/ament_index/resource_index/packages/signal_detector
[0.469s] -- Up-to-date: /home/steffens/KITrain/install/signal_detector/share/signal_detector/cmake/signal_detectorConfig.cmake
[0.469s] -- Up-to-date: /home/steffens/KITrain/install/signal_detector/share/signal_detector/cmake/signal_detectorConfig-version.cmake
[0.469s] -- Up-to-date: /home/steffens/KITrain/install/signal_detector/share/signal_detector/package.xml
[0.505s] Invoked command in '/home/steffens/KITrain/build/signal_detector' returned '0': CMAKE_PREFIX_PATH=${CMAKE_PREFIX_PATH}:/home/steffens/KITrain/install/camera_simulator:/opt/ros/humble /usr/bin/cmake --install /home/steffens/KITrain/build/signal_detector
