[0.312s] Invoking command in '/home/steffens/KITrain/build/lidar_detector': CMAKE_PREFIX_PATH=${CMAKE_PREFIX_PATH}:/home/steffens/KITrain/install/camera_simulator:/opt/ros/humble /usr/bin/cmake --build /home/steffens/KITrain/build/lidar_detector -- -j16 -l16
[0.369s] Invoked command in '/home/steffens/KITrain/build/lidar_detector' returned '0': CMAKE_PREFIX_PATH=${CMAKE_PREFIX_PATH}:/home/steffens/KITrain/install/camera_simulator:/opt/ros/humble /usr/bin/cmake --build /home/steffens/KITrain/build/lidar_detector -- -j16 -l16
[0.421s] Invoking command in '/home/steffens/KITrain/build/lidar_detector': CMAKE_PREFIX_PATH=${CMAKE_PREFIX_PATH}:/home/steffens/KITrain/install/camera_simulator:/opt/ros/humble /usr/bin/cmake --install /home/steffens/KITrain/build/lidar_detector
[0.429s] -- Install configuration: ""
[0.430s] -- Up-to-date: /home/steffens/KITrain/install/lidar_detector/share/ament_index/resource_index/package_run_dependencies/lidar_detector
[0.430s] -- Up-to-date: /home/steffens/KITrain/install/lidar_detector/share/ament_index/resource_index/parent_prefix_path/lidar_detector
[0.430s] -- Up-to-date: /home/steffens/KITrain/install/lidar_detector/share/lidar_detector/environment/ament_prefix_path.sh
[0.430s] -- Up-to-date: /home/steffens/KITrain/install/lidar_detector/share/lidar_detector/environment/ament_prefix_path.dsv
[0.430s] -- Up-to-date: /home/steffens/KITrain/install/lidar_detector/share/lidar_detector/environment/path.sh
[0.430s] -- Up-to-date: /home/steffens/KITrain/install/lidar_detector/share/lidar_detector/environment/path.dsv
[0.430s] -- Up-to-date: /home/steffens/KITrain/install/lidar_detector/share/lidar_detector/local_setup.bash
[0.430s] -- Up-to-date: /home/steffens/KITrain/install/lidar_detector/share/lidar_detector/local_setup.sh
[0.430s] -- Up-to-date: /home/steffens/KITrain/install/lidar_detector/share/lidar_detector/local_setup.zsh
[0.431s] -- Up-to-date: /home/steffens/KITrain/install/lidar_detector/share/lidar_detector/local_setup.dsv
[0.431s] -- Installing: /home/steffens/KITrain/install/lidar_detector/share/lidar_detector/package.dsv
[0.431s] -- Up-to-date: /home/steffens/KITrain/install/lidar_detector/share/ament_index/resource_index/packages/lidar_detector
[0.431s] -- Up-to-date: /home/steffens/KITrain/install/lidar_detector/share/lidar_detector/cmake/lidar_detectorConfig.cmake
[0.431s] -- Up-to-date: /home/steffens/KITrain/install/lidar_detector/share/lidar_detector/cmake/lidar_detectorConfig-version.cmake
[0.431s] -- Up-to-date: /home/steffens/KITrain/install/lidar_detector/share/lidar_detector/package.xml
[0.476s] Invoked command in '/home/steffens/KITrain/build/lidar_detector' returned '0': CMAKE_PREFIX_PATH=${CMAKE_PREFIX_PATH}:/home/steffens/KITrain/install/camera_simulator:/opt/ros/humble /usr/bin/cmake --install /home/steffens/KITrain/build/lidar_detector
