[0.298s] Invoking command in '/home/steffens/KITrain/build/lidar': CMAKE_PREFIX_PATH=${CMAKE_PREFIX_PATH}:/home/steffens/KITrain/install/camera_simulator:/opt/ros/humble /usr/bin/cmake --build /home/steffens/KITrain/build/lidar -- -j16 -l16
[0.336s] -- Found ament_cmake: 1.3.9 (/opt/ros/humble/share/ament_cmake/cmake)
[0.443s] -- Found rclcpp: 16.0.9 (/opt/ros/humble/share/rclcpp/cmake)
[0.469s] -- Found rosidl_generator_c: 3.1.5 (/opt/ros/humble/share/rosidl_generator_c/cmake)
[0.473s] -- Found rosidl_adapter: 3.1.5 (/opt/ros/humble/share/rosidl_adapter/cmake)
[0.478s] -- Found rosidl_generator_cpp: 3.1.5 (/opt/ros/humble/share/rosidl_generator_cpp/cmake)
[0.487s] -- Using all available rosidl_typesupport_c: rosidl_typesupport_fastrtps_c;rosidl_typesupport_introspection_c
[0.502s] -- Using all available rosidl_typesupport_cpp: rosidl_typesupport_fastrtps_cpp;rosidl_typesupport_introspection_cpp
[0.559s] -- Found rmw_implementation_cmake: 6.1.2 (/opt/ros/humble/share/rmw_implementation_cmake/cmake)
[0.559s] -- Found rmw_fastrtps_cpp: 6.2.6 (/opt/ros/humble/share/rmw_fastrtps_cpp/cmake)
[0.690s] -- Using RMW implementation 'rmw_fastrtps_cpp' as default
[0.826s] -- Found sensor_msgs: 4.2.3 (/opt/ros/humble/share/sensor_msgs/cmake)
[0.947s] [31mCMake Error at CMakeLists.txt:12 (find_package):
[0.947s]   By not providing "Findlidar_msgs.cmake" in CMAKE_MODULE_PATH this project
[0.947s]   has asked CMake to find a package configuration file provided by
[0.947s]   "lidar_msgs", but CMake did not find one.
[0.947s] 
[0.947s]   Could not find a package configuration file provided by "lidar_msgs" with
[0.947s]   any of the following names:
[0.947s] 
[0.947s]     lidar_msgsConfig.cmake
[0.947s]     lidar_msgs-config.cmake
[0.947s] 
[0.947s]   Add the installation prefix of "lidar_msgs" to CMAKE_PREFIX_PATH or set
[0.947s]   "lidar_msgs_DIR" to a directory containing one of the above files.  If
[0.948s]   "lidar_msgs" provides a separate development package or SDK, be sure it has
[0.948s]   been installed.
[0.948s] 
[0.948s] [0m
[0.948s] -- Configuring incomplete, errors occurred!
[0.948s] See also "/home/steffens/KITrain/build/lidar/CMakeFiles/CMakeOutput.log".
[0.953s] gmake: *** [Makefile:267: cmake_check_build_system] Error 1
[0.956s] Invoked command in '/home/steffens/KITrain/build/lidar' returned '2': CMAKE_PREFIX_PATH=${CMAKE_PREFIX_PATH}:/home/steffens/KITrain/install/camera_simulator:/opt/ros/humble /usr/bin/cmake --build /home/steffens/KITrain/build/lidar -- -j16 -l16
