[0.275s] Invoking command in '/home/steffens/KITrain/build/localizer': CMAKE_PREFIX_PATH=${CMAKE_PREFIX_PATH}:/home/steffens/KITrain/install/camera_simulator:/opt/ros/humble /usr/bin/cmake /home/steffens/KITrain/src/ki_train/positioner/localizer -DCMAKE_INSTALL_PREFIX=/home/steffens/KITrain/install/localizer
[0.333s] -- The C compiler identification is GNU 11.4.0
[0.392s] -- The CXX compiler identification is GNU 11.4.0
[0.399s] -- Detecting C compiler ABI info
[0.492s] -- Detecting C compiler ABI info - done
[0.498s] -- Check for working C compiler: /usr/bin/cc - skipped
[0.498s] -- Detecting C compile features
[0.498s] -- Detecting C compile features - done
[0.502s] -- Detecting CXX compiler ABI info
[0.592s] -- Detecting CXX compiler ABI info - done
[0.599s] -- Check for working CXX compiler: /usr/bin/c++ - skipped
[0.599s] -- Detecting CXX compile features
[0.608s] -- Detecting CXX compile features - done
[0.610s] -- Found ament_cmake: 1.3.9 (/opt/ros/humble/share/ament_cmake/cmake)
[0.762s] -- Found Python3: /usr/bin/python3 (found version "3.10.12") found components: Interpreter 
[0.851s] -- Found rclcpp: 16.0.9 (/opt/ros/humble/share/rclcpp/cmake)
[0.897s] -- Found rosidl_generator_c: 3.1.5 (/opt/ros/humble/share/rosidl_generator_c/cmake)
[0.903s] -- Found rosidl_adapter: 3.1.5 (/opt/ros/humble/share/rosidl_adapter/cmake)
[0.913s] -- Found rosidl_generator_cpp: 3.1.5 (/opt/ros/humble/share/rosidl_generator_cpp/cmake)
[0.926s] -- Using all available rosidl_typesupport_c: rosidl_typesupport_fastrtps_c;rosidl_typesupport_introspection_c
[0.946s] -- Using all available rosidl_typesupport_cpp: rosidl_typesupport_fastrtps_cpp;rosidl_typesupport_introspection_cpp
[1.014s] -- Found rmw_implementation_cmake: 6.1.2 (/opt/ros/humble/share/rmw_implementation_cmake/cmake)
[1.017s] -- Found rmw_fastrtps_cpp: 6.2.6 (/opt/ros/humble/share/rmw_fastrtps_cpp/cmake)
[1.131s] -- Found OpenSSL: /usr/lib/x86_64-linux-gnu/libcrypto.so (found version "3.0.2")  
[1.163s] -- Found FastRTPS: /opt/ros/humble/include  
[1.216s] -- Using RMW implementation 'rmw_fastrtps_cpp' as default
[1.230s] -- Looking for pthread.h
[1.313s] -- Looking for pthread.h - found
[1.313s] -- Performing Test CMAKE_HAVE_LIBC_PTHREAD
[1.391s] -- Performing Test CMAKE_HAVE_LIBC_PTHREAD - Success
[1.392s] -- Found Threads: TRUE  
[1.541s] -- Found sensor_msgs: 4.2.3 (/opt/ros/humble/share/sensor_msgs/cmake)
[1.712s] -- Configuring done
[1.717s] -- Generating done
[1.718s] -- Build files have been written to: /home/steffens/KITrain/build/localizer
[1.728s] Invoked command in '/home/steffens/KITrain/build/localizer' returned '0': CMAKE_PREFIX_PATH=${CMAKE_PREFIX_PATH}:/home/steffens/KITrain/install/camera_simulator:/opt/ros/humble /usr/bin/cmake /home/steffens/KITrain/src/ki_train/positioner/localizer -DCMAKE_INSTALL_PREFIX=/home/steffens/KITrain/install/localizer
[1.730s] Invoking command in '/home/steffens/KITrain/build/localizer': CMAKE_PREFIX_PATH=${CMAKE_PREFIX_PATH}:/home/steffens/KITrain/install/camera_simulator:/opt/ros/humble /usr/bin/cmake --build /home/steffens/KITrain/build/localizer -- -j16 -l16
[1.778s] Invoked command in '/home/steffens/KITrain/build/localizer' returned '0': CMAKE_PREFIX_PATH=${CMAKE_PREFIX_PATH}:/home/steffens/KITrain/install/camera_simulator:/opt/ros/humble /usr/bin/cmake --build /home/steffens/KITrain/build/localizer -- -j16 -l16
[1.808s] Invoking command in '/home/steffens/KITrain/build/localizer': CMAKE_PREFIX_PATH=${CMAKE_PREFIX_PATH}:/home/steffens/KITrain/install/camera_simulator:/opt/ros/humble /usr/bin/cmake --install /home/steffens/KITrain/build/localizer
[1.815s] -- Install configuration: ""
[1.815s] -- Installing: /home/steffens/KITrain/install/localizer/share/ament_index/resource_index/package_run_dependencies/localizer
[1.816s] -- Installing: /home/steffens/KITrain/install/localizer/share/ament_index/resource_index/parent_prefix_path/localizer
[1.816s] -- Installing: /home/steffens/KITrain/install/localizer/share/localizer/environment/ament_prefix_path.sh
[1.816s] -- Installing: /home/steffens/KITrain/install/localizer/share/localizer/environment/ament_prefix_path.dsv
[1.816s] -- Installing: /home/steffens/KITrain/install/localizer/share/localizer/environment/path.sh
[1.817s] -- Installing: /home/steffens/KITrain/install/localizer/share/localizer/environment/path.dsv
[1.817s] -- Installing: /home/steffens/KITrain/install/localizer/share/localizer/local_setup.bash
[1.817s] -- Installing: /home/steffens/KITrain/install/localizer/share/localizer/local_setup.sh
[1.817s] -- Installing: /home/steffens/KITrain/install/localizer/share/localizer/local_setup.zsh
[1.817s] -- Installing: /home/steffens/KITrain/install/localizer/share/localizer/local_setup.dsv
[1.818s] -- Installing: /home/steffens/KITrain/install/localizer/share/localizer/package.dsv
[1.818s] -- Installing: /home/steffens/KITrain/install/localizer/share/ament_index/resource_index/packages/localizer
[1.818s] -- Installing: /home/steffens/KITrain/install/localizer/share/localizer/cmake/localizerConfig.cmake
[1.818s] -- Installing: /home/steffens/KITrain/install/localizer/share/localizer/cmake/localizerConfig-version.cmake
[1.818s] -- Installing: /home/steffens/KITrain/install/localizer/share/localizer/package.xml
[1.821s] Invoked command in '/home/steffens/KITrain/build/localizer' returned '0': CMAKE_PREFIX_PATH=${CMAKE_PREFIX_PATH}:/home/steffens/KITrain/install/camera_simulator:/opt/ros/humble /usr/bin/cmake --install /home/steffens/KITrain/build/localizer
