[0.014s] Invoking command in '/home/steffens/KITrain/build/lidar': CMAKE_PREFIX_PATH=/home/steffens/KITrain/install/lidar_msgs:/home/steffens/KITrain/install/track_detector:/home/steffens/KITrain/install/target_velocity_estimator:/home/steffens/KITrain/install/target_distance_estimator:/home/steffens/KITrain/install/signal_detector:/home/steffens/KITrain/install/signal_detection_verificator:/home/steffens/KITrain/install/rgb_detector:/home/steffens/KITrain/install/rgb_camera:/home/steffens/KITrain/install/position_corrector:/home/steffens/KITrain/install/odometry:/home/steffens/KITrain/install/object_fuser:/home/steffens/KITrain/install/localizer:/home/steffens/KITrain/install/lidar:/home/steffens/KITrain/install/lidar_detector:/home/steffens/KITrain/install/gnss:/home/steffens/KITrain/install/clearance_profile_setter:/home/steffens/KITrain/install/clearance_profile_observer:/home/steffens/KITrain/install/camera_simulator:/opt/ros/humble /usr/bin/cmake --build /home/steffens/KITrain/build/lidar -- -j16 -l16
[0.068s] [35m[1mConsolidate compiler generated dependencies of target lidar_udp_publisher[0m
[0.095s] [ 50%] [32mBuilding CXX object CMakeFiles/lidar_udp_publisher.dir/src/lidar_udp_to_topic.cpp.o[0m
[2.471s] [01m[K/home/steffens/KITrain/src/ki_train/sensors/lidar/src/lidar_udp_to_topic.cpp:332:5:[m[K [01;31m[Kerror: [m[K‘[01m[KboundingBoxPublisher_[m[K’ does not name a type
[2.471s]   332 |     [01;31m[KboundingBoxPublisher_[m[K->publish(boundingbox_array);
[2.471s]       |     [01;31m[K^~~~~~~~~~~~~~~~~~~~~[m[K
[2.471s] [01m[K/home/steffens/KITrain/src/ki_train/sensors/lidar/src/lidar_udp_to_topic.cpp:333:2:[m[K [01;31m[Kerror: [m[Kexpected ‘[01m[K;[m[K’ after class definition
[2.471s]   333 | }
[2.472s]       |  [01;31m[K^[m[K
[2.472s]       |  [32m[K;[m[K
[2.478s] [01m[K/home/steffens/KITrain/src/ki_train/sensors/lidar/src/lidar_udp_to_topic.cpp:[m[K In constructor ‘[01m[KLidarUDPPublisher::LidarUDPPublisher()[m[K’:
[2.478s] [01m[K/home/steffens/KITrain/src/ki_train/sensors/lidar/src/lidar_udp_to_topic.cpp:22:9:[m[K [01;31m[Kerror: [m[K‘[01m[Kpublisher_[m[K’ was not declared in this scope; did you mean ‘[01m[Krmw_publisher_t[m[K’?
[2.478s]    22 |         [01;31m[Kpublisher_[m[K = this ->create_publisher<sensor_msgs::msg::PointCloud2>("pointcloud", 10);
[2.478s]       |         [01;31m[K^~~~~~~~~~[m[K
[2.478s]       |         [32m[Krmw_publisher_t[m[K
[2.492s] [01m[K/home/steffens/KITrain/src/ki_train/sensors/lidar/src/lidar_udp_to_topic.cpp:24:9:[m[K [01;31m[Kerror: [m[K‘[01m[KgroundTruthPublisher_[m[K’ was not declared in this scope
[2.492s]    24 |         [01;31m[KgroundTruthPublisher_[m[K = this -> create_publisher<lidar_msgs::msg::GroundTruthArray>("LiDARGroundTruth", 10);
[2.492s]       |         [01;31m[K^~~~~~~~~~~~~~~~~~~~~[m[K
[2.503s] [01m[K/home/steffens/KITrain/src/ki_train/sensors/lidar/src/lidar_udp_to_topic.cpp:26:9:[m[K [01;31m[Kerror: [m[K‘[01m[KboundingBoxPublisher_[m[K’ was not declared in this scope
[2.503s]    26 |         [01;31m[KboundingBoxPublisher_[m[K = this-> create_publisher<visualization_msgs::msg::MarkerArray>("LiDAR_BoundingBoxes", 10);
[2.504s]       |         [01;31m[K^~~~~~~~~~~~~~~~~~~~~[m[K
[2.510s] [01m[K/home/steffens/KITrain/src/ki_train/sensors/lidar/src/lidar_udp_to_topic.cpp:30:9:[m[K [01;31m[Kerror: [m[K‘[01m[Ksockfd_[m[K’ was not declared in this scope
[2.510s]    30 |         [01;31m[Ksockfd_[m[K = socket(AF_INET, SOCK_DGRAM, 0);
[2.510s]       |         [01;31m[K^~~~~~~[m[K
[2.518s] [01m[K/home/steffens/KITrain/src/ki_train/sensors/lidar/src/lidar_udp_to_topic.cpp:46:13:[m[K [01;31m[Kerror: [m[K‘[01m[Kreceive_thread_[m[K’ was not declared in this scope
[2.518s]    46 |             [01;31m[Kreceive_thread_[m[K = std::thread(&LidarUDPPublisher::receiveLoop, this);
[2.518s]       |             [01;31m[K^~~~~~~~~~~~~~~[m[K
[2.523s] [01m[K/home/steffens/KITrain/src/ki_train/sensors/lidar/src/lidar_udp_to_topic.cpp:[m[K In destructor ‘[01m[Kvirtual LidarUDPPublisher::~LidarUDPPublisher()[m[K’:
[2.523s] [01m[K/home/steffens/KITrain/src/ki_train/sensors/lidar/src/lidar_udp_to_topic.cpp:50:15:[m[K [01;31m[Kerror: [m[K‘[01m[Ksockfd_[m[K’ was not declared in this scope
[2.523s]    50 |         close([01;31m[Ksockfd_[m[K);
[2.523s]       |               [01;31m[K^~~~~~~[m[K
[2.528s] [01m[K/home/steffens/KITrain/src/ki_train/sensors/lidar/src/lidar_udp_to_topic.cpp:[m[K In member function ‘[01m[Kvoid LidarUDPPublisher::receiveLoop()[m[K’:
[2.528s] [01m[K/home/steffens/KITrain/src/ki_train/sensors/lidar/src/lidar_udp_to_topic.cpp:65:46:[m[K [01;31m[Kerror: [m[K‘[01m[Ksockfd_[m[K’ was not declared in this scope
[2.528s]    65 |             size_t bytes_received = recvfrom([01;31m[Ksockfd_[m[K, buffer, MAX_UDP_PACKET_SIZE,0 , (struct sockaddr *)&client_addr, &addr_len);
[2.528s]       |                                              [01;31m[K^~~~~~~[m[K
[2.539s] [01m[K/home/steffens/KITrain/src/ki_train/sensors/lidar/src/lidar_udp_to_topic.cpp:[m[K In member function ‘[01m[Kbool LidarUDPPublisher::convertToPointCloud(const char*, size_t)[m[K’:
[2.539s] [01m[K/home/steffens/KITrain/src/ki_train/sensors/lidar/src/lidar_udp_to_topic.cpp:132:21:[m[K [01;31m[Kerror: [m[K‘[01m[KgroundTruth_buffer_[m[K’ was not declared in this scope
[2.540s]   132 |                 if(![01;31m[KgroundTruth_buffer_[m[K.empty()){
[2.540s]       |                     [01;31m[K^~~~~~~~~~~~~~~~~~~[m[K
[2.549s] [01m[K/home/steffens/KITrain/src/ki_train/sensors/lidar/src/lidar_udp_to_topic.cpp:168:17:[m[K [01;31m[Kerror: [m[K‘[01m[KgroundTruth_buffer_[m[K’ was not declared in this scope
[2.549s]   168 |                 [01;31m[KgroundTruth_buffer_[m[K.push_back(groundtruth_msg);
[2.549s]       |                 [01;31m[K^~~~~~~~~~~~~~~~~~~[m[K
[2.556s] [01m[K/home/steffens/KITrain/src/ki_train/sensors/lidar/src/lidar_udp_to_topic.cpp:[m[K In member function ‘[01m[Kvoid LidarUDPPublisher::publishPointcloud(const std::vector<double, std::allocator<double> >&)[m[K’:
[2.556s] [01m[K/home/steffens/KITrain/src/ki_train/sensors/lidar/src/lidar_udp_to_topic.cpp:222:5:[m[K [01;31m[Kerror: [m[K‘[01m[Kpublisher_[m[K’ was not declared in this scope; did you mean ‘[01m[Krmw_publisher_t[m[K’?
[2.556s]   222 |     [01;31m[Kpublisher_[m[K->publish(pointcloud_msg);
[2.556s]       |     [01;31m[K^~~~~~~~~~[m[K
[2.556s]       |     [32m[Krmw_publisher_t[m[K
[2.565s] [01m[K/home/steffens/KITrain/src/ki_train/sensors/lidar/src/lidar_udp_to_topic.cpp:[m[K In member function ‘[01m[Kvoid LidarUDPPublisher::publishGroundTruth(const std::vector<lidar_msgs::msg::GroundTruth_<std::allocator<void> >, std::allocator<lidar_msgs::msg::GroundTruth_<std::allocator<void> > > >&)[m[K’:
[2.565s] [01m[K/home/steffens/KITrain/src/ki_train/sensors/lidar/src/lidar_udp_to_topic.cpp:231:9:[m[K [01;31m[Kerror: [m[K‘[01m[KgroundTruthPublisher_[m[K’ was not declared in this scope
[2.565s]   231 |         [01;31m[KgroundTruthPublisher_[m[K->publish(array_msg);
[2.565s]       |         [01;31m[K^~~~~~~~~~~~~~~~~~~~~[m[K
[2.584s] [01m[K/home/steffens/KITrain/src/ki_train/sensors/lidar/src/lidar_udp_to_topic.cpp:[m[K In member function ‘[01m[Kvoid LidarUDPPublisher::publishBoundingBoxes(const std::vector<lidar_msgs::msg::GroundTruth_<std::allocator<void> >, std::allocator<lidar_msgs::msg::GroundTruth_<std::allocator<void> > > >&)[m[K’:
[2.584s] [01m[K/home/steffens/KITrain/src/ki_train/sensors/lidar/src/lidar_udp_to_topic.cpp:314:25:[m[K [01;31m[Kerror: [m[K‘[01m[KgroundTruth_buffer_[m[K’ was not declared in this scope
[2.584s]   314 |         tag_marker.id = [01;31m[KgroundTruth_buffer_[m[K.size() + l; // Ensure unique ID for the text marker
[2.584s]       |                         [01;31m[K^~~~~~~~~~~~~~~~~~~[m[K
[2.587s] [01m[K/home/steffens/KITrain/src/ki_train/sensors/lidar/src/lidar_udp_to_topic.cpp:314:54:[m[K [01;31m[Kerror: [m[K‘[01m[Kl[m[K’ was not declared in this scope
[2.588s]   314 |         tag_marker.id = groundTruth_buffer_.size() + [01;31m[Kl[m[K; // Ensure unique ID for the text marker
[2.588s]       |                                                      [01;31m[K^[m[K
[2.593s] [01m[K/home/steffens/KITrain/src/ki_train/sensors/lidar/src/lidar_udp_to_topic.cpp:317:38:[m[K [01;31m[Kerror: [m[K‘[01m[KgroundTruth[m[K’ was not declared in this scope
[2.593s]   317 |         tag_marker.pose.position.x = [01;31m[KgroundTruth[m[K.centerx;
[2.593s]       |                                      [01;31m[K^~~~~~~~~~~[m[K
[2.594s] In file included from [01m[K/opt/ros/humble/include/rclcpp/rclcpp/client.hpp:40[m[K,
[2.594s]                  from [01m[K/opt/ros/humble/include/rclcpp/rclcpp/callback_group.hpp:24[m[K,
[2.594s]                  from [01m[K/opt/ros/humble/include/rclcpp/rclcpp/any_executable.hpp:20[m[K,
[2.594s]                  from [01m[K/opt/ros/humble/include/rclcpp/rclcpp/memory_strategy.hpp:25[m[K,
[2.594s]                  from [01m[K/opt/ros/humble/include/rclcpp/rclcpp/memory_strategies.hpp:18[m[K,
[2.594s]                  from [01m[K/opt/ros/humble/include/rclcpp/rclcpp/executor_options.hpp:20[m[K,
[2.594s]                  from [01m[K/opt/ros/humble/include/rclcpp/rclcpp/executor.hpp:37[m[K,
[2.595s]                  from [01m[K/opt/ros/humble/include/rclcpp/rclcpp/executors/multi_threaded_executor.hpp:25[m[K,
[2.595s]                  from [01m[K/opt/ros/humble/include/rclcpp/rclcpp/executors.hpp:21[m[K,
[2.595s]                  from [01m[K/opt/ros/humble/include/rclcpp/rclcpp/rclcpp.hpp:155[m[K,
[2.595s]                  from [01m[K/home/steffens/KITrain/src/ki_train/sensors/lidar/src/lidar_udp_to_topic.cpp:1[m[K:
[2.595s] [01m[K/home/steffens/KITrain/src/ki_train/sensors/lidar/src/lidar_udp_to_topic.cpp:[m[K In function ‘[01m[Kvoid exportGroundTruthToFile(const std::vector<lidar_msgs::msg::GroundTruth_<std::allocator<void> >, std::allocator<lidar_msgs::msg::GroundTruth_<std::allocator<void> > > >&)[m[K’:
[2.595s] [01m[K/home/steffens/KITrain/src/ki_train/sensors/lidar/src/lidar_udp_to_topic.cpp:342:22:[m[K [01;31m[Kerror: [m[Kinvalid use of ‘[01m[Kthis[m[K’ in non-member function
[2.595s]   342 |         RCLCPP_ERROR([01;31m[Kthis[m[K->get_logger(), "Failed to open ground_truth_output.txt for writing");
[2.595s]       |                      [01;31m[K^~~~[m[K
[2.595s] [01m[K/home/steffens/KITrain/src/ki_train/sensors/lidar/src/lidar_udp_to_topic.cpp:342:22:[m[K [01;31m[Kerror: [m[Kinvalid use of ‘[01m[Kthis[m[K’ in non-member function
[2.595s] [01m[K/home/steffens/KITrain/src/ki_train/sensors/lidar/src/lidar_udp_to_topic.cpp:342:9:[m[K [01;31m[Kerror: [m[Ktemplate argument 1 is invalid
[2.595s]   342 |         [01;31m[KRCLCPP_ERROR[m[K(this->get_logger(), "Failed to open ground_truth_output.txt for writing");
[2.595s]       |         [01;31m[K^~~~~~~~~~~~[m[K
[2.595s] [01m[K/home/steffens/KITrain/src/ki_train/sensors/lidar/src/lidar_udp_to_topic.cpp:342:9:[m[K [01;31m[Kerror: [m[Ktemplate argument 1 is invalid
[2.595s]   342 |         [01;31m[KRCLCPP_ERROR[m[K(this->get_logger(), "Failed to open ground_truth_output.txt for writing");
[2.595s]       |         [01;31m[K^~~~~~~~~~~~[m[K
[2.595s] [01m[K/home/steffens/KITrain/src/ki_train/sensors/lidar/src/lidar_udp_to_topic.cpp:342:9:[m[K [01;31m[Kerror: [m[Ktemplate argument 1 is invalid
[2.595s]   342 |         [01;31m[KRCLCPP_ERROR[m[K(this->get_logger(), "Failed to open ground_truth_output.txt for writing");
[2.596s]       |         [01;31m[K^~~~~~~~~~~~[m[K
[2.596s] In file included from [01m[K/opt/ros/humble/include/rclcpp/rclcpp/logging.hpp:24[m[K,
[2.596s]                  from [01m[K/opt/ros/humble/include/rclcpp/rclcpp/client.hpp:40[m[K,
[2.596s]                  from [01m[K/opt/ros/humble/include/rclcpp/rclcpp/callback_group.hpp:24[m[K,
[2.596s]                  from [01m[K/opt/ros/humble/include/rclcpp/rclcpp/any_executable.hpp:20[m[K,
[2.596s]                  from [01m[K/opt/ros/humble/include/rclcpp/rclcpp/memory_strategy.hpp:25[m[K,
[2.596s]                  from [01m[K/opt/ros/humble/include/rclcpp/rclcpp/memory_strategies.hpp:18[m[K,
[2.596s]                  from [01m[K/opt/ros/humble/include/rclcpp/rclcpp/executor_options.hpp:20[m[K,
[2.596s]                  from [01m[K/opt/ros/humble/include/rclcpp/rclcpp/executor.hpp:37[m[K,
[2.596s]                  from [01m[K/opt/ros/humble/include/rclcpp/rclcpp/executors/multi_threaded_executor.hpp:25[m[K,
[2.596s]                  from [01m[K/opt/ros/humble/include/rclcpp/rclcpp/executors.hpp:21[m[K,
[2.597s]                  from [01m[K/opt/ros/humble/include/rclcpp/rclcpp/rclcpp.hpp:155[m[K,
[2.597s]                  from [01m[K/home/steffens/KITrain/src/ki_train/sensors/lidar/src/lidar_udp_to_topic.cpp:1[m[K:
[2.597s] [01m[K/home/steffens/KITrain/src/ki_train/sensors/lidar/src/lidar_udp_to_topic.cpp:342:22:[m[K [01;31m[Kerror: [m[Kinvalid use of ‘[01m[Kthis[m[K’ in non-member function
[2.597s]   342 |         RCLCPP_ERROR([01;31m[Kthis[m[K->get_logger(), "Failed to open ground_truth_output.txt for writing");
[2.597s]       |                      [01;31m[K^~~~[m[K
[2.597s] [01m[K/home/steffens/KITrain/src/ki_train/sensors/lidar/src/lidar_udp_to_topic.cpp:342:22:[m[K [01;31m[Kerror: [m[Kinvalid use of ‘[01m[Kthis[m[K’ in non-member function
[2.597s]   342 |         RCLCPP_ERROR([01;31m[Kthis[m[K->get_logger(), "Failed to open ground_truth_output.txt for writing");
[2.597s]       |                      [01;31m[K^~~~[m[K
[2.597s] In file included from [01m[K/opt/ros/humble/include/rclcpp/rclcpp/client.hpp:40[m[K,
[2.597s]                  from [01m[K/opt/ros/humble/include/rclcpp/rclcpp/callback_group.hpp:24[m[K,
[2.597s]                  from [01m[K/opt/ros/humble/include/rclcpp/rclcpp/any_executable.hpp:20[m[K,
[2.597s]                  from [01m[K/opt/ros/humble/include/rclcpp/rclcpp/memory_strategy.hpp:25[m[K,
[2.597s]                  from [01m[K/opt/ros/humble/include/rclcpp/rclcpp/memory_strategies.hpp:18[m[K,
[2.597s]                  from [01m[K/opt/ros/humble/include/rclcpp/rclcpp/executor_options.hpp:20[m[K,
[2.597s]                  from [01m[K/opt/ros/humble/include/rclcpp/rclcpp/executor.hpp:37[m[K,
[2.597s]                  from [01m[K/opt/ros/humble/include/rclcpp/rclcpp/executors/multi_threaded_executor.hpp:25[m[K,
[2.597s]                  from [01m[K/opt/ros/humble/include/rclcpp/rclcpp/executors.hpp:21[m[K,
[2.597s]                  from [01m[K/opt/ros/humble/include/rclcpp/rclcpp/rclcpp.hpp:155[m[K,
[2.598s]                  from [01m[K/home/steffens/KITrain/src/ki_train/sensors/lidar/src/lidar_udp_to_topic.cpp:1[m[K:
[2.598s] [01m[K/home/steffens/KITrain/src/ki_train/sensors/lidar/src/lidar_udp_to_topic.cpp:361:17:[m[K [01;31m[Kerror: [m[Kinvalid use of ‘[01m[Kthis[m[K’ in non-member function
[2.598s]   361 |     RCLCPP_INFO([01;31m[Kthis[m[K->get_logger(), "Ground truth data exported to lidar_ground_truth.txt");
[2.598s]       |                 [01;31m[K^~~~[m[K
[2.598s] [01m[K/home/steffens/KITrain/src/ki_train/sensors/lidar/src/lidar_udp_to_topic.cpp:361:17:[m[K [01;31m[Kerror: [m[Kinvalid use of ‘[01m[Kthis[m[K’ in non-member function
[2.598s] [01m[K/home/steffens/KITrain/src/ki_train/sensors/lidar/src/lidar_udp_to_topic.cpp:361:5:[m[K [01;31m[Kerror: [m[Ktemplate argument 1 is invalid
[2.598s]   361 |     [01;31m[KRCLCPP_INFO[m[K(this->get_logger(), "Ground truth data exported to lidar_ground_truth.txt");
[2.598s]       |     [01;31m[K^~~~~~~~~~~[m[K
[2.598s] [01m[K/home/steffens/KITrain/src/ki_train/sensors/lidar/src/lidar_udp_to_topic.cpp:361:5:[m[K [01;31m[Kerror: [m[Ktemplate argument 1 is invalid
[2.598s]   361 |     [01;31m[KRCLCPP_INFO[m[K(this->get_logger(), "Ground truth data exported to lidar_ground_truth.txt");
[2.598s]       |     [01;31m[K^~~~~~~~~~~[m[K
[2.598s] [01m[K/home/steffens/KITrain/src/ki_train/sensors/lidar/src/lidar_udp_to_topic.cpp:361:5:[m[K [01;31m[Kerror: [m[Ktemplate argument 1 is invalid
[2.598s]   361 |     [01;31m[KRCLCPP_INFO[m[K(this->get_logger(), "Ground truth data exported to lidar_ground_truth.txt");
[2.598s]       |     [01;31m[K^~~~~~~~~~~[m[K
[2.598s] In file included from [01m[K/opt/ros/humble/include/rclcpp/rclcpp/logging.hpp:24[m[K,
[2.598s]                  from [01m[K/opt/ros/humble/include/rclcpp/rclcpp/client.hpp:40[m[K,
[2.598s]                  from [01m[K/opt/ros/humble/include/rclcpp/rclcpp/callback_group.hpp:24[m[K,
[2.599s]                  from [01m[K/opt/ros/humble/include/rclcpp/rclcpp/any_executable.hpp:20[m[K,
[2.599s]                  from [01m[K/opt/ros/humble/include/rclcpp/rclcpp/memory_strategy.hpp:25[m[K,
[2.599s]                  from [01m[K/opt/ros/humble/include/rclcpp/rclcpp/memory_strategies.hpp:18[m[K,
[2.599s]                  from [01m[K/opt/ros/humble/include/rclcpp/rclcpp/executor_options.hpp:20[m[K,
[2.599s]                  from [01m[K/opt/ros/humble/include/rclcpp/rclcpp/executor.hpp:37[m[K,
[2.599s]                  from [01m[K/opt/ros/humble/include/rclcpp/rclcpp/executors/multi_threaded_executor.hpp:25[m[K,
[2.599s]                  from [01m[K/opt/ros/humble/include/rclcpp/rclcpp/executors.hpp:21[m[K,
[2.599s]                  from [01m[K/opt/ros/humble/include/rclcpp/rclcpp/rclcpp.hpp:155[m[K,
[2.599s]                  from [01m[K/home/steffens/KITrain/src/ki_train/sensors/lidar/src/lidar_udp_to_topic.cpp:1[m[K:
[2.599s] [01m[K/home/steffens/KITrain/src/ki_train/sensors/lidar/src/lidar_udp_to_topic.cpp:361:17:[m[K [01;31m[Kerror: [m[Kinvalid use of ‘[01m[Kthis[m[K’ in non-member function
[2.599s]   361 |     RCLCPP_INFO([01;31m[Kthis[m[K->get_logger(), "Ground truth data exported to lidar_ground_truth.txt");
[2.599s]       |                 [01;31m[K^~~~[m[K
[2.599s] [01m[K/home/steffens/KITrain/src/ki_train/sensors/lidar/src/lidar_udp_to_topic.cpp:361:17:[m[K [01;31m[Kerror: [m[Kinvalid use of ‘[01m[Kthis[m[K’ in non-member function
[2.599s]   361 |     RCLCPP_INFO([01;31m[Kthis[m[K->get_logger(), "Ground truth data exported to lidar_ground_truth.txt");
[2.599s]       |                 [01;31m[K^~~~[m[K
[2.603s] [01m[K/home/steffens/KITrain/src/ki_train/sensors/lidar/src/lidar_udp_to_topic.cpp:[m[K At global scope:
[2.604s] [01m[K/home/steffens/KITrain/src/ki_train/sensors/lidar/src/lidar_udp_to_topic.cpp:371:1:[m[K [01;31m[Kerror: [m[Kexpected declaration before ‘[01m[K}[m[K’ token
[2.604s]   371 | [01;31m[K}[m[K;
[2.604s]       | [01;31m[K^[m[K
[3.395s] gmake[2]: *** [CMakeFiles/lidar_udp_publisher.dir/build.make:76: CMakeFiles/lidar_udp_publisher.dir/src/lidar_udp_to_topic.cpp.o] Error 1
[3.395s] gmake[1]: *** [CMakeFiles/Makefile2:137: CMakeFiles/lidar_udp_publisher.dir/all] Error 2
[3.396s] gmake: *** [Makefile:146: all] Error 2
[3.399s] Invoked command in '/home/steffens/KITrain/build/lidar' returned '2': CMAKE_PREFIX_PATH=/home/steffens/KITrain/install/lidar_msgs:/home/steffens/KITrain/install/track_detector:/home/steffens/KITrain/install/target_velocity_estimator:/home/steffens/KITrain/install/target_distance_estimator:/home/steffens/KITrain/install/signal_detector:/home/steffens/KITrain/install/signal_detection_verificator:/home/steffens/KITrain/install/rgb_detector:/home/steffens/KITrain/install/rgb_camera:/home/steffens/KITrain/install/position_corrector:/home/steffens/KITrain/install/odometry:/home/steffens/KITrain/install/object_fuser:/home/steffens/KITrain/install/localizer:/home/steffens/KITrain/install/lidar:/home/steffens/KITrain/install/lidar_detector:/home/steffens/KITrain/install/gnss:/home/steffens/KITrain/install/clearance_profile_setter:/home/steffens/KITrain/install/clearance_profile_observer:/home/steffens/KITrain/install/camera_simulator:/opt/ros/humble /usr/bin/cmake --build /home/steffens/KITrain/build/lidar -- -j16 -l16
