[0.273s] Invoking command in '/home/steffens/KITrain/build/odometry': CMAKE_PREFIX_PATH=${CMAKE_PREFIX_PATH}:/home/steffens/KITrain/install/camera_simulator:/opt/ros/humble /usr/bin/cmake /home/steffens/KITrain/src/ki_train/sensors/odometry -DCMAKE_INSTALL_PREFIX=/home/steffens/KITrain/install/odometry
[0.340s] -- The C compiler identification is GNU 11.4.0
[0.401s] -- The CXX compiler identification is GNU 11.4.0
[0.412s] -- Detecting C compiler ABI info
[0.504s] -- Detecting C compiler ABI info - done
[0.511s] -- Check for working C compiler: /usr/bin/cc - skipped
[0.511s] -- Detecting C compile features
[0.511s] -- Detecting C compile features - done
[0.514s] -- Detecting CXX compiler ABI info
[0.618s] -- Detecting CXX compiler ABI info - done
[0.621s] -- Check for working CXX compiler: /usr/bin/c++ - skipped
[0.621s] -- Detecting CXX compile features
[0.621s] -- Detecting CXX compile features - done
[0.623s] -- Found ament_cmake: 1.3.9 (/opt/ros/humble/share/ament_cmake/cmake)
[0.794s] -- Found Python3: /usr/bin/python3 (found version "3.10.12") found components: Interpreter 
[0.880s] -- Found ament_lint_auto: 0.12.11 (/opt/ros/humble/share/ament_lint_auto/cmake)
[0.965s] -- Added test 'lint_cmake' to check CMake code style
[0.966s] -- Added test 'xmllint' to check XML markup files
[0.966s] -- Configuring done
[0.967s] -- Generating done
[0.967s] -- Build files have been written to: /home/steffens/KITrain/build/odometry
[1.007s] Invoked command in '/home/steffens/KITrain/build/odometry' returned '0': CMAKE_PREFIX_PATH=${CMAKE_PREFIX_PATH}:/home/steffens/KITrain/install/camera_simulator:/opt/ros/humble /usr/bin/cmake /home/steffens/KITrain/src/ki_train/sensors/odometry -DCMAKE_INSTALL_PREFIX=/home/steffens/KITrain/install/odometry
[1.010s] Invoking command in '/home/steffens/KITrain/build/odometry': CMAKE_PREFIX_PATH=${CMAKE_PREFIX_PATH}:/home/steffens/KITrain/install/camera_simulator:/opt/ros/humble /usr/bin/cmake --build /home/steffens/KITrain/build/odometry -- -j16 -l16
[1.065s] Invoked command in '/home/steffens/KITrain/build/odometry' returned '0': CMAKE_PREFIX_PATH=${CMAKE_PREFIX_PATH}:/home/steffens/KITrain/install/camera_simulator:/opt/ros/humble /usr/bin/cmake --build /home/steffens/KITrain/build/odometry -- -j16 -l16
[1.103s] Invoking command in '/home/steffens/KITrain/build/odometry': CMAKE_PREFIX_PATH=${CMAKE_PREFIX_PATH}:/home/steffens/KITrain/install/camera_simulator:/opt/ros/humble /usr/bin/cmake --install /home/steffens/KITrain/build/odometry
[1.129s] -- Install configuration: ""
[1.130s] -- Installing: /home/steffens/KITrain/install/odometry/share/ament_index/resource_index/package_run_dependencies/odometry
[1.130s] -- Installing: /home/steffens/KITrain/install/odometry/share/ament_index/resource_index/parent_prefix_path/odometry
[1.130s] -- Installing: /home/steffens/KITrain/install/odometry/share/odometry/environment/ament_prefix_path.sh
[1.130s] -- Installing: /home/steffens/KITrain/install/odometry/share/odometry/environment/ament_prefix_path.dsv
[1.130s] -- Installing: /home/steffens/KITrain/install/odometry/share/odometry/environment/path.sh
[1.130s] -- Installing: /home/steffens/KITrain/install/odometry/share/odometry/environment/path.dsv
[1.130s] -- Installing: /home/steffens/KITrain/install/odometry/share/odometry/local_setup.bash
[1.130s] -- Installing: /home/steffens/KITrain/install/odometry/share/odometry/local_setup.sh
[1.130s] -- Installing: /home/steffens/KITrain/install/odometry/share/odometry/local_setup.zsh
[1.130s] -- Installing: /home/steffens/KITrain/install/odometry/share/odometry/local_setup.dsv
[1.131s] -- Installing: /home/steffens/KITrain/install/odometry/share/odometry/package.dsv
[1.131s] -- Installing: /home/steffens/KITrain/install/odometry/share/ament_index/resource_index/packages/odometry
[1.131s] -- Installing: /home/steffens/KITrain/install/odometry/share/odometry/cmake/odometryConfig.cmake
[1.131s] -- Installing: /home/steffens/KITrain/install/odometry/share/odometry/cmake/odometryConfig-version.cmake
[1.131s] -- Installing: /home/steffens/KITrain/install/odometry/share/odometry/package.xml
[1.156s] Invoked command in '/home/steffens/KITrain/build/odometry' returned '0': CMAKE_PREFIX_PATH=${CMAKE_PREFIX_PATH}:/home/steffens/KITrain/install/camera_simulator:/opt/ros/humble /usr/bin/cmake --install /home/steffens/KITrain/build/odometry
