[0.288s] Invoking command in '/home/steffens/KITrain/build/rgb_detector': CMAKE_PREFIX_PATH=${CMAKE_PREFIX_PATH}:/home/steffens/KITrain/install/camera_simulator:/opt/ros/humble /usr/bin/cmake /home/steffens/KITrain/src/ki_train/object_localizer/rgb_detector -DCMAKE_INSTALL_PREFIX=/home/steffens/KITrain/install/rgb_detector
[1.022s] -- The C compiler identification is GNU 11.4.0
[1.023s] -- The CXX compiler identification is GNU 11.4.0
[1.023s] -- Detecting C compiler ABI info
[1.023s] -- Detecting C compiler ABI info - done
[1.023s] -- Check for working C compiler: /usr/bin/cc - skipped
[1.023s] -- Detecting C compile features
[1.023s] -- Detecting C compile features - done
[1.023s] -- Detecting CXX compiler ABI info
[1.023s] -- Detecting CXX compiler ABI info - done
[1.023s] -- Check for working CXX compiler: /usr/bin/c++ - skipped
[1.023s] -- Detecting CXX compile features
[1.024s] -- Detecting CXX compile features - done
[1.024s] -- Found ament_cmake: 1.3.9 (/opt/ros/humble/share/ament_cmake/cmake)
[1.024s] -- Found Python3: /usr/bin/python3 (found version "3.10.12") found components: Interpreter 
[1.024s] -- Found ament_lint_auto: 0.12.11 (/opt/ros/humble/share/ament_lint_auto/cmake)
[1.024s] -- Added test 'lint_cmake' to check CMake code style
[1.024s] -- Added test 'xmllint' to check XML markup files
[1.024s] -- Configuring done
[1.024s] -- Generating done
[1.034s] -- Build files have been written to: /home/steffens/KITrain/build/rgb_detector
[1.056s] Invoked command in '/home/steffens/KITrain/build/rgb_detector' returned '0': CMAKE_PREFIX_PATH=${CMAKE_PREFIX_PATH}:/home/steffens/KITrain/install/camera_simulator:/opt/ros/humble /usr/bin/cmake /home/steffens/KITrain/src/ki_train/object_localizer/rgb_detector -DCMAKE_INSTALL_PREFIX=/home/steffens/KITrain/install/rgb_detector
[1.057s] Invoking command in '/home/steffens/KITrain/build/rgb_detector': CMAKE_PREFIX_PATH=${CMAKE_PREFIX_PATH}:/home/steffens/KITrain/install/camera_simulator:/opt/ros/humble /usr/bin/cmake --build /home/steffens/KITrain/build/rgb_detector -- -j16 -l16
[1.124s] Invoked command in '/home/steffens/KITrain/build/rgb_detector' returned '0': CMAKE_PREFIX_PATH=${CMAKE_PREFIX_PATH}:/home/steffens/KITrain/install/camera_simulator:/opt/ros/humble /usr/bin/cmake --build /home/steffens/KITrain/build/rgb_detector -- -j16 -l16
[1.175s] Invoking command in '/home/steffens/KITrain/build/rgb_detector': CMAKE_PREFIX_PATH=${CMAKE_PREFIX_PATH}:/home/steffens/KITrain/install/camera_simulator:/opt/ros/humble /usr/bin/cmake --install /home/steffens/KITrain/build/rgb_detector
[1.185s] -- Install configuration: ""
[1.186s] -- Installing: /home/steffens/KITrain/install/rgb_detector/share/ament_index/resource_index/package_run_dependencies/rgb_detector
[1.186s] -- Installing: /home/steffens/KITrain/install/rgb_detector/share/ament_index/resource_index/parent_prefix_path/rgb_detector
[1.186s] -- Installing: /home/steffens/KITrain/install/rgb_detector/share/rgb_detector/environment/ament_prefix_path.sh
[1.186s] -- Installing: /home/steffens/KITrain/install/rgb_detector/share/rgb_detector/environment/ament_prefix_path.dsv
[1.186s] -- Installing: /home/steffens/KITrain/install/rgb_detector/share/rgb_detector/environment/path.sh
[1.186s] -- Installing: /home/steffens/KITrain/install/rgb_detector/share/rgb_detector/environment/path.dsv
[1.186s] -- Installing: /home/steffens/KITrain/install/rgb_detector/share/rgb_detector/local_setup.bash
[1.187s] -- Installing: /home/steffens/KITrain/install/rgb_detector/share/rgb_detector/local_setup.sh
[1.187s] -- Installing: /home/steffens/KITrain/install/rgb_detector/share/rgb_detector/local_setup.zsh
[1.187s] -- Installing: /home/steffens/KITrain/install/rgb_detector/share/rgb_detector/local_setup.dsv
[1.187s] -- Installing: /home/steffens/KITrain/install/rgb_detector/share/rgb_detector/package.dsv
[1.187s] -- Installing: /home/steffens/KITrain/install/rgb_detector/share/ament_index/resource_index/packages/rgb_detector
[1.188s] -- Installing: /home/steffens/KITrain/install/rgb_detector/share/rgb_detector/cmake/rgb_detectorConfig.cmake
[1.188s] -- Installing: /home/steffens/KITrain/install/rgb_detector/share/rgb_detector/cmake/rgb_detectorConfig-version.cmake
[1.189s] -- Installing: /home/steffens/KITrain/install/rgb_detector/share/rgb_detector/package.xml
[1.219s] Invoked command in '/home/steffens/KITrain/build/rgb_detector' returned '0': CMAKE_PREFIX_PATH=${CMAKE_PREFIX_PATH}:/home/steffens/KITrain/install/camera_simulator:/opt/ros/humble /usr/bin/cmake --install /home/steffens/KITrain/build/rgb_detector
