running egg_info
creating ../../../build/camera_simulator/camera_simulator.egg-info
writing ../../../build/camera_simulator/camera_simulator.egg-info/PKG-INFO
writing dependency_links to ../../../build/camera_simulator/camera_simulator.egg-info/dependency_links.txt
writing entry points to ../../../build/camera_simulator/camera_simulator.egg-info/entry_points.txt
writing requirements to ../../../build/camera_simulator/camera_simulator.egg-info/requires.txt
writing top-level names to ../../../build/camera_simulator/camera_simulator.egg-info/top_level.txt
writing manifest file '../../../build/camera_simulator/camera_simulator.egg-info/SOURCES.txt'
reading manifest file '../../../build/camera_simulator/camera_simulator.egg-info/SOURCES.txt'
adding license file 'LICENSE'
writing manifest file '../../../build/camera_simulator/camera_simulator.egg-info/SOURCES.txt'
running build
running build_py
creating /home/steffens/KITrain/build/camera_simulator/build
creating /home/steffens/KITrain/build/camera_simulator/build/lib
creating /home/steffens/KITrain/build/camera_simulator/build/lib/camera_simulator
copying camera_simulator/__init__.py -> /home/steffens/KITrain/build/camera_simulator/build/lib/camera_simulator
copying camera_simulator/camera_simulator.py -> /home/steffens/KITrain/build/camera_simulator/build/lib/camera_simulator
running install
running install_lib
creating /home/steffens/KITrain/install/camera_simulator/lib/python3.10/site-packages/camera_simulator
copying /home/steffens/KITrain/build/camera_simulator/build/lib/camera_simulator/__init__.py -> /home/steffens/KITrain/install/camera_simulator/lib/python3.10/site-packages/camera_simulator
copying /home/steffens/KITrain/build/camera_simulator/build/lib/camera_simulator/camera_simulator.py -> /home/steffens/KITrain/install/camera_simulator/lib/python3.10/site-packages/camera_simulator
byte-compiling /home/steffens/KITrain/install/camera_simulator/lib/python3.10/site-packages/camera_simulator/__init__.py to __init__.cpython-310.pyc
byte-compiling /home/steffens/KITrain/install/camera_simulator/lib/python3.10/site-packages/camera_simulator/camera_simulator.py to camera_simulator.cpython-310.pyc
running install_data
creating /home/steffens/KITrain/install/camera_simulator/share/ament_index
creating /home/steffens/KITrain/install/camera_simulator/share/ament_index/resource_index
creating /home/steffens/KITrain/install/camera_simulator/share/ament_index/resource_index/packages
copying resource/camera_simulator -> /home/steffens/KITrain/install/camera_simulator/share/ament_index/resource_index/packages
copying package.xml -> /home/steffens/KITrain/install/camera_simulator/share/camera_simulator
creating /home/steffens/KITrain/install/camera_simulator/share/camera_simulator/launch
creating /home/steffens/KITrain/install/camera_simulator/share/camera_simulator/config
running install_egg_info
Copying ../../../build/camera_simulator/camera_simulator.egg-info to /home/steffens/KITrain/install/camera_simulator/lib/python3.10/site-packages/camera_simulator-0.1.0-py3.10.egg-info
running install_scripts
Installing camera_simulator script to /home/steffens/KITrain/install/camera_simulator/lib/camera_simulator
writing list of installed files to '/home/steffens/KITrain/build/camera_simulator/install.log'
/usr/lib/python3/dist-packages/setuptools/dist.py:723: UserWarning: Usage of dash-separated 'script-dir' will not be supported in future versions. Please use the underscore name 'script_dir' instead
  warnings.warn(
