[0.689s] Invoking command in '/home/steffens/KITrain/src/ki_train/ros2_video_streamer': PYTHONPATH=/home/steffens/KITrain/build/camera_simulator/prefix_override:/home/steffens/KITrain/install/camera_simulator/lib/python3.10/site-packages:${PYTHONPATH} /usr/bin/python3 -W ignore:setup.py install is deprecated setup.py egg_info --egg-base ../../../build/camera_simulator build --build-base /home/steffens/KITrain/build/camera_simulator/build install --record /home/steffens/KITrain/build/camera_simulator/install.log --install-scripts $base/lib/camera_simulator --single-version-externally-managed install_data
[1.109s] running egg_info
[1.109s] creating ../../../build/camera_simulator/camera_simulator.egg-info
[1.110s] writing ../../../build/camera_simulator/camera_simulator.egg-info/PKG-INFO
[1.110s] writing dependency_links to ../../../build/camera_simulator/camera_simulator.egg-info/dependency_links.txt
[1.110s] writing entry points to ../../../build/camera_simulator/camera_simulator.egg-info/entry_points.txt
[1.110s] writing requirements to ../../../build/camera_simulator/camera_simulator.egg-info/requires.txt
[1.110s] writing top-level names to ../../../build/camera_simulator/camera_simulator.egg-info/top_level.txt
[1.110s] writing manifest file '../../../build/camera_simulator/camera_simulator.egg-info/SOURCES.txt'
[1.110s] reading manifest file '../../../build/camera_simulator/camera_simulator.egg-info/SOURCES.txt'
[1.110s] adding license file 'LICENSE'
[1.110s] writing manifest file '../../../build/camera_simulator/camera_simulator.egg-info/SOURCES.txt'
[1.111s] running build
[1.111s] running build_py
[1.111s] creating /home/steffens/KITrain/build/camera_simulator/build
[1.112s] creating /home/steffens/KITrain/build/camera_simulator/build/lib
[1.112s] creating /home/steffens/KITrain/build/camera_simulator/build/lib/camera_simulator
[1.112s] copying camera_simulator/__init__.py -> /home/steffens/KITrain/build/camera_simulator/build/lib/camera_simulator
[1.112s] copying camera_simulator/camera_simulator.py -> /home/steffens/KITrain/build/camera_simulator/build/lib/camera_simulator
[1.112s] running install
[1.113s] running install_lib
[1.113s] creating /home/steffens/KITrain/install/camera_simulator/lib/python3.10/site-packages/camera_simulator
[1.113s] copying /home/steffens/KITrain/build/camera_simulator/build/lib/camera_simulator/__init__.py -> /home/steffens/KITrain/install/camera_simulator/lib/python3.10/site-packages/camera_simulator
[1.113s] copying /home/steffens/KITrain/build/camera_simulator/build/lib/camera_simulator/camera_simulator.py -> /home/steffens/KITrain/install/camera_simulator/lib/python3.10/site-packages/camera_simulator
[1.113s] byte-compiling /home/steffens/KITrain/install/camera_simulator/lib/python3.10/site-packages/camera_simulator/__init__.py to __init__.cpython-310.pyc
[1.113s] byte-compiling /home/steffens/KITrain/install/camera_simulator/lib/python3.10/site-packages/camera_simulator/camera_simulator.py to camera_simulator.cpython-310.pyc
[1.113s] running install_data
[1.113s] creating /home/steffens/KITrain/install/camera_simulator/share/ament_index
[1.114s] creating /home/steffens/KITrain/install/camera_simulator/share/ament_index/resource_index
[1.114s] creating /home/steffens/KITrain/install/camera_simulator/share/ament_index/resource_index/packages
[1.114s] copying resource/camera_simulator -> /home/steffens/KITrain/install/camera_simulator/share/ament_index/resource_index/packages
[1.114s] copying package.xml -> /home/steffens/KITrain/install/camera_simulator/share/camera_simulator
[1.114s] creating /home/steffens/KITrain/install/camera_simulator/share/camera_simulator/launch
[1.117s] creating /home/steffens/KITrain/install/camera_simulator/share/camera_simulator/config
[1.117s] running install_egg_info
[1.117s] Copying ../../../build/camera_simulator/camera_simulator.egg-info to /home/steffens/KITrain/install/camera_simulator/lib/python3.10/site-packages/camera_simulator-0.1.0-py3.10.egg-info
[1.117s] running install_scripts
[1.118s] Installing camera_simulator script to /home/steffens/KITrain/install/camera_simulator/lib/camera_simulator
[1.118s] writing list of installed files to '/home/steffens/KITrain/build/camera_simulator/install.log'
[1.118s] /usr/lib/python3/dist-packages/setuptools/dist.py:723: UserWarning: Usage of dash-separated 'script-dir' will not be supported in future versions. Please use the underscore name 'script_dir' instead
[1.118s]   warnings.warn(
[1.123s] Invoked command in '/home/steffens/KITrain/src/ki_train/ros2_video_streamer' returned '0': PYTHONPATH=/home/steffens/KITrain/build/camera_simulator/prefix_override:/home/steffens/KITrain/install/camera_simulator/lib/python3.10/site-packages:${PYTHONPATH} /usr/bin/python3 -W ignore:setup.py install is deprecated setup.py egg_info --egg-base ../../../build/camera_simulator build --build-base /home/steffens/KITrain/build/camera_simulator/build install --record /home/steffens/KITrain/build/camera_simulator/install.log --install-scripts $base/lib/camera_simulator --single-version-externally-managed install_data
