[0.015s] Invoking command in '/home/steffens/KITrain/build/lidar': AMENT_PREFIX_PATH=/home/steffens/KITrain/install/lidar_msgs:${AMENT_PREFIX_PATH} CMAKE_PREFIX_PATH=/home/steffens/KITrain/install/lidar_msgs:/home/steffens/KITrain/install/track_detector:/home/steffens/KITrain/install/target_velocity_estimator:/home/steffens/KITrain/install/target_distance_estimator:/home/steffens/KITrain/install/signal_detector:/home/steffens/KITrain/install/signal_detection_verificator:/home/steffens/KITrain/install/rgb_detector:/home/steffens/KITrain/install/rgb_camera:/home/steffens/KITrain/install/position_corrector:/home/steffens/KITrain/install/odometry:/home/steffens/KITrain/install/object_fuser:/home/steffens/KITrain/install/localizer:/home/steffens/KITrain/install/lidar_detector:/home/steffens/KITrain/install/lidar:/home/steffens/KITrain/install/gnss:/home/steffens/KITrain/install/clearance_profile_setter:/home/steffens/KITrain/install/clearance_profile_observer:/home/steffens/KITrain/install/camera_simulator:/opt/ros/humble LD_LIBRARY_PATH=/home/steffens/KITrain/install/lidar_msgs/lib:${LD_LIBRARY_PATH} PYTHONPATH=/home/steffens/KITrain/install/lidar_msgs/local/lib/python3.10/dist-packages:${PYTHONPATH} /usr/bin/cmake --build /home/steffens/KITrain/build/lidar -- -j16 -l16
[0.062s] [35m[1mConsolidate compiler generated dependencies of target lidar_udp_publisher[0m
[0.085s] [ 50%] [32mBuilding CXX object CMakeFiles/lidar_udp_publisher.dir/src/lidar_udp_to_topic.cpp.o[0m
[2.037s] [01m[K/home/steffens/KITrain/src/ki_train/sensors/lidar/src/lidar_udp_to_topic.cpp:[m[K In member function ‘[01m[Kbool LidarUDPPublisher::convertToPointCloud(const char*, size_t)[m[K’:
[2.037s] [01m[K/home/steffens/KITrain/src/ki_train/sensors/lidar/src/lidar_udp_to_topic.cpp:170:46:[m[K [01;31m[Kerror: [m[Kconversion from ‘[01m[Kdouble[m[K’ to non-scalar type ‘[01m[Kstd::string[m[K’ {aka ‘[01m[Kstd::__cxx11::basic_string<char>[m[K’} requested
[2.037s]   170 |                 std::string label = [01;31m[Kstd::stod(tokens[i + 7])[m[K;
[2.037s]       |                                     [01;31m[K~~~~~~~~~^~~~~~~~~~~~~~~[m[K
[2.038s] [01m[K/home/steffens/KITrain/src/ki_train/sensors/lidar/src/lidar_udp_to_topic.cpp:171:46:[m[K [01;31m[Kerror: [m[Kno matching function for call to ‘[01m[Kstd::vector<double, std::allocator<double> >::push_back(std::string&)[m[K’
[2.038s]   171 |                 [01;31m[KgroundTruth_buffer_.push_back(label)[m[K;
[2.038s]       |                 [01;31m[K~~~~~~~~~~~~~~~~~~~~~~~~~~~~~^~~~~~~[m[K
[2.038s] In file included from [01m[K/usr/include/c++/11/vector:67[m[K,
[2.038s]                  from [01m[K/usr/include/c++/11/functional:62[m[K,
[2.038s]                  from [01m[K/usr/include/c++/11/pstl/glue_algorithm_defs.h:13[m[K,
[2.038s]                  from [01m[K/usr/include/c++/11/algorithm:74[m[K,
[2.038s]                  from [01m[K/opt/ros/humble/include/rclcpp/rclcpp/executor.hpp:18[m[K,
[2.038s]                  from [01m[K/opt/ros/humble/include/rclcpp/rclcpp/executors/multi_threaded_executor.hpp:25[m[K,
[2.038s]                  from [01m[K/opt/ros/humble/include/rclcpp/rclcpp/executors.hpp:21[m[K,
[2.038s]                  from [01m[K/opt/ros/humble/include/rclcpp/rclcpp/rclcpp.hpp:155[m[K,
[2.038s]                  from [01m[K/home/steffens/KITrain/src/ki_train/sensors/lidar/src/lidar_udp_to_topic.cpp:1[m[K:
[2.038s] [01m[K/usr/include/c++/11/bits/stl_vector.h:1187:7:[m[K [01;36m[Knote: [m[Kcandidate: ‘[01m[Kvoid std::vector<_Tp, _Alloc>::push_back(const value_type&) [with _Tp = double; _Alloc = std::allocator<double>; std::vector<_Tp, _Alloc>::value_type = double][m[K’
[2.038s]  1187 |       [01;36m[Kpush_back[m[K(const value_type& __x)
[2.038s]       |       [01;36m[K^~~~~~~~~[m[K
[2.038s] [01m[K/usr/include/c++/11/bits/stl_vector.h:1187:35:[m[K [01;36m[Knote: [m[K  no known conversion for argument 1 from ‘[01m[Kstd::string[m[K’ {aka ‘[01m[Kstd::__cxx11::basic_string<char>[m[K’} to ‘[01m[Kconst value_type&[m[K’ {aka ‘[01m[Kconst double&[m[K’}
[2.038s]  1187 |       push_back([01;36m[Kconst value_type& __x[m[K)
[2.038s]       |                 [01;36m[K~~~~~~~~~~~~~~~~~~^~~[m[K
[2.038s] [01m[K/usr/include/c++/11/bits/stl_vector.h:1203:7:[m[K [01;36m[Knote: [m[Kcandidate: ‘[01m[Kvoid std::vector<_Tp, _Alloc>::push_back(std::vector<_Tp, _Alloc>::value_type&&) [with _Tp = double; _Alloc = std::allocator<double>; std::vector<_Tp, _Alloc>::value_type = double][m[K’
[2.039s]  1203 |       [01;36m[Kpush_back[m[K(value_type&& __x)
[2.039s]       |       [01;36m[K^~~~~~~~~[m[K
[2.039s] [01m[K/usr/include/c++/11/bits/stl_vector.h:1203:30:[m[K [01;36m[Knote: [m[K  no known conversion for argument 1 from ‘[01m[Kstd::string[m[K’ {aka ‘[01m[Kstd::__cxx11::basic_string<char>[m[K’} to ‘[01m[Kstd::vector<double, std::allocator<double> >::value_type&&[m[K’ {aka ‘[01m[Kdouble&&[m[K’}
[2.039s]  1203 |       push_back([01;36m[Kvalue_type&& __x[m[K)
[2.039s]       |                 [01;36m[K~~~~~~~~~~~~~^~~[m[K
[2.041s] [01m[K/home/steffens/KITrain/src/ki_train/sensors/lidar/src/lidar_udp_to_topic.cpp:[m[K In member function ‘[01m[Kvoid LidarUDPPublisher::publishGroundTruth(const std::vector<double, std::allocator<double> >&)[m[K’:
[2.041s] [01m[K/home/steffens/KITrain/src/ki_train/sensors/lidar/src/lidar_udp_to_topic.cpp:253:36:[m[K [01;31m[Kerror: [m[Kno matching function for call to ‘[01m[Krclcpp::Publisher<lidar_msgs::msg::GroundTruthArray_<std::allocator<void> > >::publish(lidar_msgs::msg::GroundTruth&)[m[K’
[2.041s]   253 |      [01;31m[KgroundTruthPublisher_->publish(labels)[m[K;
[2.041s]       |      [01;31m[K~~~~~~~~~~~~~~~~~~~~~~~~~~~~~~^~~~~~~~[m[K
[2.042s] In file included from [01m[K/opt/ros/humble/include/rclcpp/rclcpp/topic_statistics/subscription_topic_statistics.hpp:31[m[K,
[2.042s]                  from [01m[K/opt/ros/humble/include/rclcpp/rclcpp/subscription.hpp:50[m[K,
[2.042s]                  from [01m[K/opt/ros/humble/include/rclcpp/rclcpp/any_executable.hpp:25[m[K,
[2.042s]                  from [01m[K/opt/ros/humble/include/rclcpp/rclcpp/memory_strategy.hpp:25[m[K,
[2.042s]                  from [01m[K/opt/ros/humble/include/rclcpp/rclcpp/memory_strategies.hpp:18[m[K,
[2.042s]                  from [01m[K/opt/ros/humble/include/rclcpp/rclcpp/executor_options.hpp:20[m[K,
[2.042s]                  from [01m[K/opt/ros/humble/include/rclcpp/rclcpp/executor.hpp:37[m[K,
[2.042s]                  from [01m[K/opt/ros/humble/include/rclcpp/rclcpp/executors/multi_threaded_executor.hpp:25[m[K,
[2.042s]                  from [01m[K/opt/ros/humble/include/rclcpp/rclcpp/executors.hpp:21[m[K,
[2.042s]                  from [01m[K/opt/ros/humble/include/rclcpp/rclcpp/rclcpp.hpp:155[m[K,
[2.042s]                  from [01m[K/home/steffens/KITrain/src/ki_train/sensors/lidar/src/lidar_udp_to_topic.cpp:1[m[K:
[2.042s] [01m[K/opt/ros/humble/include/rclcpp/rclcpp/publisher.hpp:251:3:[m[K [01;36m[Knote: [m[Kcandidate: ‘[01m[Ktemplate<class T> std::enable_if_t<(rosidl_generator_traits::is_message<T>::value && std::is_same<T, typename rclcpp::TypeAdapter<MessageT>::ros_message_type>::value)> rclcpp::Publisher<MessageT, AllocatorT>::publish(std::unique_ptr<T, typename std::conditional<std::is_same<typename std::allocator_traits<typename std::allocator_traits<_Allocator>::rebind_traits<typename rclcpp::TypeAdapter<MessageT, void, void>::ros_message_type>::allocator_type>::rebind_alloc<typename rclcpp::TypeAdapter<MessageT, void, void>::ros_message_type>, std::allocator<typename rclcpp::TypeAdapter<MessageT>::ros_message_type> >::value, std::default_delete<typename rclcpp::TypeAdapter<MessageT>::ros_message_type>, rclcpp::allocator::AllocatorDeleter<typename std::allocator_traits<_Allocator>::rebind_traits<typename rclcpp::TypeAdapter<MessageT, void, void>::ros_message_type>::allocator_type> >::type>) [with T = T; MessageT = lidar_msgs::msg::GroundTruthArray_<std::allocator<void> >; AllocatorT = std::allocator<void>][m[K’
[2.042s]   251 |   [01;36m[Kpublish[m[K(std::unique_ptr<T, ROSMessageTypeDeleter> msg)
[2.042s]       |   [01;36m[K^~~~~~~[m[K
[2.042s] [01m[K/opt/ros/humble/include/rclcpp/rclcpp/publisher.hpp:251:3:[m[K [01;36m[Knote: [m[K  template argument deduction/substitution failed:
[2.043s] [01m[K/home/steffens/KITrain/src/ki_train/sensors/lidar/src/lidar_udp_to_topic.cpp:253:36:[m[K [01;36m[Knote: [m[K  ‘[01m[Klidar_msgs::msg::GroundTruth_<std::allocator<void> >[m[K’ is not derived from ‘[01m[Kstd::unique_ptr<T, std::default_delete<lidar_msgs::msg::GroundTruthArray_<std::allocator<void> > > >[m[K’
[2.043s]   253 |      [01;36m[KgroundTruthPublisher_->publish(labels)[m[K;
[2.043s]       |      [01;36m[K~~~~~~~~~~~~~~~~~~~~~~~~~~~~~~^~~~~~~~[m[K
[2.043s] In file included from [01m[K/opt/ros/humble/include/rclcpp/rclcpp/topic_statistics/subscription_topic_statistics.hpp:31[m[K,
[2.043s]                  from [01m[K/opt/ros/humble/include/rclcpp/rclcpp/subscription.hpp:50[m[K,
[2.043s]                  from [01m[K/opt/ros/humble/include/rclcpp/rclcpp/any_executable.hpp:25[m[K,
[2.043s]                  from [01m[K/opt/ros/humble/include/rclcpp/rclcpp/memory_strategy.hpp:25[m[K,
[2.043s]                  from [01m[K/opt/ros/humble/include/rclcpp/rclcpp/memory_strategies.hpp:18[m[K,
[2.043s]                  from [01m[K/opt/ros/humble/include/rclcpp/rclcpp/executor_options.hpp:20[m[K,
[2.043s]                  from [01m[K/opt/ros/humble/include/rclcpp/rclcpp/executor.hpp:37[m[K,
[2.043s]                  from [01m[K/opt/ros/humble/include/rclcpp/rclcpp/executors/multi_threaded_executor.hpp:25[m[K,
[2.043s]                  from [01m[K/opt/ros/humble/include/rclcpp/rclcpp/executors.hpp:21[m[K,
[2.043s]                  from [01m[K/opt/ros/humble/include/rclcpp/rclcpp/rclcpp.hpp:155[m[K,
[2.043s]                  from [01m[K/home/steffens/KITrain/src/ki_train/sensors/lidar/src/lidar_udp_to_topic.cpp:1[m[K:
[2.043s] [01m[K/opt/ros/humble/include/rclcpp/rclcpp/publisher.hpp:292:3:[m[K [01;36m[Knote: [m[Kcandidate: ‘[01m[Ktemplate<class T> std::enable_if_t<(rosidl_generator_traits::is_message<T>::value && std::is_same<T, typename rclcpp::TypeAdapter<MessageT>::ros_message_type>::value)> rclcpp::Publisher<MessageT, AllocatorT>::publish(const T&) [with T = T; MessageT = lidar_msgs::msg::GroundTruthArray_<std::allocator<void> >; AllocatorT = std::allocator<void>][m[K’
[2.043s]   292 |   [01;36m[Kpublish[m[K(const T & msg)
[2.043s]       |   [01;36m[K^~~~~~~[m[K
[2.043s] [01m[K/opt/ros/humble/include/rclcpp/rclcpp/publisher.hpp:292:3:[m[K [01;36m[Knote: [m[K  template argument deduction/substitution failed:
[2.044s] In file included from [01m[K/usr/include/c++/11/bits/move.h:57[m[K,
[2.044s]                  from [01m[K/usr/include/c++/11/bits/stl_pair.h:59[m[K,
[2.044s]                  from [01m[K/usr/include/c++/11/bits/stl_algobase.h:64[m[K,
[2.044s]                  from [01m[K/usr/include/c++/11/memory:63[m[K,
[2.044s]                  from [01m[K/opt/ros/humble/include/rclcpp/rclcpp/rclcpp.hpp:153[m[K,
[2.044s]                  from [01m[K/home/steffens/KITrain/src/ki_train/sensors/lidar/src/lidar_udp_to_topic.cpp:1[m[K:
[2.044s] /usr/include/c++/11/type_traits: In substitution of ‘[01m[Ktemplate<bool _Cond, class _Tp> using enable_if_t = typename std::enable_if::type [with bool _Cond = false; _Tp = void][m[K’:
[2.044s] [01m[K/opt/ros/humble/include/rclcpp/rclcpp/publisher.hpp:292:3:[m[K   required by substitution of ‘[01m[Ktemplate<class T> std::enable_if_t<(rosidl_generator_traits::is_message<T>::value && std::is_same<T, lidar_msgs::msg::GroundTruthArray_<std::allocator<void> > >::value), void> rclcpp::Publisher<lidar_msgs::msg::GroundTruthArray_<std::allocator<void> > >::publish<T>(const T&) [with T = lidar_msgs::msg::GroundTruth_<std::allocator<void> >][m[K’
[2.044s] [01m[K/home/steffens/KITrain/src/ki_train/sensors/lidar/src/lidar_udp_to_topic.cpp:253:36:[m[K   required from here
[2.044s] [01m[K/usr/include/c++/11/type_traits:2579:11:[m[K [01;31m[Kerror: [m[Kno type named ‘[01m[Ktype[m[K’ in ‘[01m[Kstruct std::enable_if<false, void>[m[K’
[2.044s]  2579 |     using [01;31m[Kenable_if_t[m[K = typename enable_if<_Cond, _Tp>::type;
[2.044s]       |           [01;31m[K^~~~~~~~~~~[m[K
[2.044s] In file included from [01m[K/opt/ros/humble/include/rclcpp/rclcpp/topic_statistics/subscription_topic_statistics.hpp:31[m[K,
[2.044s]                  from [01m[K/opt/ros/humble/include/rclcpp/rclcpp/subscription.hpp:50[m[K,
[2.044s]                  from [01m[K/opt/ros/humble/include/rclcpp/rclcpp/any_executable.hpp:25[m[K,
[2.044s]                  from [01m[K/opt/ros/humble/include/rclcpp/rclcpp/memory_strategy.hpp:25[m[K,
[2.044s]                  from [01m[K/opt/ros/humble/include/rclcpp/rclcpp/memory_strategies.hpp:18[m[K,
[2.044s]                  from [01m[K/opt/ros/humble/include/rclcpp/rclcpp/executor_options.hpp:20[m[K,
[2.044s]                  from [01m[K/opt/ros/humble/include/rclcpp/rclcpp/executor.hpp:37[m[K,
[2.045s]                  from [01m[K/opt/ros/humble/include/rclcpp/rclcpp/executors/multi_threaded_executor.hpp:25[m[K,
[2.045s]                  from [01m[K/opt/ros/humble/include/rclcpp/rclcpp/executors.hpp:21[m[K,
[2.045s]                  from [01m[K/opt/ros/humble/include/rclcpp/rclcpp/rclcpp.hpp:155[m[K,
[2.045s]                  from [01m[K/home/steffens/KITrain/src/ki_train/sensors/lidar/src/lidar_udp_to_topic.cpp:1[m[K:
[2.045s] [01m[K/opt/ros/humble/include/rclcpp/rclcpp/publisher.hpp:322:3:[m[K [01;36m[Knote: [m[Kcandidate: ‘[01m[Ktemplate<class T> std::enable_if_t<(typename rclcpp::TypeAdapter<MessageT>::is_specialized::value && std::is_same<T, typename rclcpp::TypeAdapter<MessageT>::custom_type>::value)> rclcpp::Publisher<MessageT, AllocatorT>::publish(std::unique_ptr<T, typename std::conditional<std::is_same<typename std::allocator_traits<typename std::allocator_traits<_Allocator>::rebind_traits<typename rclcpp::TypeAdapter<MessageT, void, void>::custom_type>::allocator_type>::rebind_alloc<typename rclcpp::TypeAdapter<MessageT, void, void>::custom_type>, std::allocator<typename rclcpp::TypeAdapter<MessageT>::custom_type> >::value, std::default_delete<typename rclcpp::TypeAdapter<MessageT>::custom_type>, rclcpp::allocator::AllocatorDeleter<typename std::allocator_traits<_Allocator>::rebind_traits<typename rclcpp::TypeAdapter<MessageT, void, void>::custom_type>::allocator_type> >::type>) [with T = T; MessageT = lidar_msgs::msg::GroundTruthArray_<std::allocator<void> >; AllocatorT = std::allocator<void>][m[K’
[2.045s]   322 |   [01;36m[Kpublish[m[K(std::unique_ptr<T, PublishedTypeDeleter> msg)
[2.045s]       |   [01;36m[K^~~~~~~[m[K
[2.045s] [01m[K/opt/ros/humble/include/rclcpp/rclcpp/publisher.hpp:322:3:[m[K [01;36m[Knote: [m[K  template argument deduction/substitution failed:
[2.045s] [01m[K/home/steffens/KITrain/src/ki_train/sensors/lidar/src/lidar_udp_to_topic.cpp:253:36:[m[K [01;36m[Knote: [m[K  ‘[01m[Klidar_msgs::msg::GroundTruth_<std::allocator<void> >[m[K’ is not derived from ‘[01m[Kstd::unique_ptr<T, std::default_delete<lidar_msgs::msg::GroundTruthArray_<std::allocator<void> > > >[m[K’
[2.045s]   253 |      [01;36m[KgroundTruthPublisher_->publish(labels)[m[K;
[2.045s]       |      [01;36m[K~~~~~~~~~~~~~~~~~~~~~~~~~~~~~~^~~~~~~~[m[K
[2.045s] In file included from [01m[K/opt/ros/humble/include/rclcpp/rclcpp/topic_statistics/subscription_topic_statistics.hpp:31[m[K,
[2.045s]                  from [01m[K/opt/ros/humble/include/rclcpp/rclcpp/subscription.hpp:50[m[K,
[2.045s]                  from [01m[K/opt/ros/humble/include/rclcpp/rclcpp/any_executable.hpp:25[m[K,
[2.045s]                  from [01m[K/opt/ros/humble/include/rclcpp/rclcpp/memory_strategy.hpp:25[m[K,
[2.045s]                  from [01m[K/opt/ros/humble/include/rclcpp/rclcpp/memory_strategies.hpp:18[m[K,
[2.045s]                  from [01m[K/opt/ros/humble/include/rclcpp/rclcpp/executor_options.hpp:20[m[K,
[2.045s]                  from [01m[K/opt/ros/humble/include/rclcpp/rclcpp/executor.hpp:37[m[K,
[2.046s]                  from [01m[K/opt/ros/humble/include/rclcpp/rclcpp/executors/multi_threaded_executor.hpp:25[m[K,
[2.046s]                  from [01m[K/opt/ros/humble/include/rclcpp/rclcpp/executors.hpp:21[m[K,
[2.046s]                  from [01m[K/opt/ros/humble/include/rclcpp/rclcpp/rclcpp.hpp:155[m[K,
[2.046s]                  from [01m[K/home/steffens/KITrain/src/ki_train/sensors/lidar/src/lidar_udp_to_topic.cpp:1[m[K:
[2.046s] [01m[K/opt/ros/humble/include/rclcpp/rclcpp/publisher.hpp:364:3:[m[K [01;36m[Knote: [m[Kcandidate: ‘[01m[Ktemplate<class T> std::enable_if_t<(typename rclcpp::TypeAdapter<MessageT>::is_specialized::value && std::is_same<T, typename rclcpp::TypeAdapter<MessageT>::custom_type>::value)> rclcpp::Publisher<MessageT, AllocatorT>::publish(const T&) [with T = T; MessageT = lidar_msgs::msg::GroundTruthArray_<std::allocator<void> >; AllocatorT = std::allocator<void>][m[K’
[2.046s]   364 |   [01;36m[Kpublish[m[K(const T & msg)
[2.046s]       |   [01;36m[K^~~~~~~[m[K
[2.046s] [01m[K/opt/ros/humble/include/rclcpp/rclcpp/publisher.hpp:364:3:[m[K [01;36m[Knote: [m[K  template argument deduction/substitution failed:
[2.046s] [01m[K/opt/ros/humble/include/rclcpp/rclcpp/publisher.hpp:383:3:[m[K [01;36m[Knote: [m[Kcandidate: ‘[01m[Kvoid rclcpp::Publisher<MessageT, AllocatorT>::publish(const rcl_serialized_message_t&) [with MessageT = lidar_msgs::msg::GroundTruthArray_<std::allocator<void> >; AllocatorT = std::allocator<void>; rcl_serialized_message_t = rcutils_uint8_array_s][m[K’
[2.046s]   383 |   [01;36m[Kpublish[m[K(const rcl_serialized_message_t & serialized_msg)
[2.046s]       |   [01;36m[K^~~~~~~[m[K
[2.046s] [01m[K/opt/ros/humble/include/rclcpp/rclcpp/publisher.hpp:383:44:[m[K [01;36m[Knote: [m[K  no known conversion for argument 1 from ‘[01m[Klidar_msgs::msg::GroundTruth[m[K’ {aka ‘[01m[Klidar_msgs::msg::GroundTruth_<std::allocator<void> >[m[K’} to ‘[01m[Kconst rcl_serialized_message_t&[m[K’ {aka ‘[01m[Kconst rcutils_uint8_array_s&[m[K’}
[2.046s]   383 |   publish([01;36m[Kconst rcl_serialized_message_t & serialized_msg[m[K)
[2.046s]       |           [01;36m[K~~~~~~~~~~~~~~~~~~~~~~~~~~~~~~~~~^~~~~~~~~~~~~~[m[K
[2.046s] [01m[K/opt/ros/humble/include/rclcpp/rclcpp/publisher.hpp:389:3:[m[K [01;36m[Knote: [m[Kcandidate: ‘[01m[Kvoid rclcpp::Publisher<MessageT, AllocatorT>::publish(const rclcpp::SerializedMessage&) [with MessageT = lidar_msgs::msg::GroundTruthArray_<std::allocator<void> >; AllocatorT = std::allocator<void>][m[K’
[2.046s]   389 |   [01;36m[Kpublish[m[K(const SerializedMessage & serialized_msg)
[2.046s]       |   [01;36m[K^~~~~~~[m[K
[2.046s] [01m[K/opt/ros/humble/include/rclcpp/rclcpp/publisher.hpp:389:37:[m[K [01;36m[Knote: [m[K  no known conversion for argument 1 from ‘[01m[Klidar_msgs::msg::GroundTruth[m[K’ {aka ‘[01m[Klidar_msgs::msg::GroundTruth_<std::allocator<void> >[m[K’} to ‘[01m[Kconst rclcpp::SerializedMessage&[m[K’
[2.046s]   389 |   publish([01;36m[Kconst SerializedMessage & serialized_msg[m[K)
[2.047s]       |           [01;36m[K~~~~~~~~~~~~~~~~~~~~~~~~~~^~~~~~~~~~~~~~[m[K
[2.047s] [01m[K/opt/ros/humble/include/rclcpp/rclcpp/publisher.hpp:403:3:[m[K [01;36m[Knote: [m[Kcandidate: ‘[01m[Kvoid rclcpp::Publisher<MessageT, AllocatorT>::publish(rclcpp::LoanedMessage<typename rclcpp::TypeAdapter<MessageT>::ros_message_type, AllocatorT>&&) [with MessageT = lidar_msgs::msg::GroundTruthArray_<std::allocator<void> >; AllocatorT = std::allocator<void>; typename rclcpp::TypeAdapter<MessageT>::ros_message_type = lidar_msgs::msg::GroundTruthArray_<std::allocator<void> >][m[K’
[2.047s]   403 |   [01;36m[Kpublish[m[K(rclcpp::LoanedMessage<ROSMessageType, AllocatorT> && loaned_msg)
[2.047s]       |   [01;36m[K^~~~~~~[m[K
[2.047s] [01m[K/opt/ros/humble/include/rclcpp/rclcpp/publisher.hpp:403:64:[m[K [01;36m[Knote: [m[K  no known conversion for argument 1 from ‘[01m[Klidar_msgs::msg::GroundTruth[m[K’ {aka ‘[01m[Klidar_msgs::msg::GroundTruth_<std::allocator<void> >[m[K’} to ‘[01m[Krclcpp::LoanedMessage<lidar_msgs::msg::GroundTruthArray_<std::allocator<void> >, std::allocator<void> >&&[m[K’
[2.047s]   403 |   publish([01;36m[Krclcpp::LoanedMessage<ROSMessageType, AllocatorT> && loaned_msg[m[K)
[2.047s]       |           [01;36m[K~~~~~~~~~~~~~~~~~~~~~~~~~~~~~~~~~~~~~~~~~~~~~~~~~~~~~^~~~~~~~~~[m[K
[2.761s] gmake[2]: *** [CMakeFiles/lidar_udp_publisher.dir/build.make:76: CMakeFiles/lidar_udp_publisher.dir/src/lidar_udp_to_topic.cpp.o] Error 1
[2.761s] gmake[1]: *** [CMakeFiles/Makefile2:137: CMakeFiles/lidar_udp_publisher.dir/all] Error 2
[2.761s] gmake: *** [Makefile:146: all] Error 2
[2.764s] Invoked command in '/home/steffens/KITrain/build/lidar' returned '2': AMENT_PREFIX_PATH=/home/steffens/KITrain/install/lidar_msgs:${AMENT_PREFIX_PATH} CMAKE_PREFIX_PATH=/home/steffens/KITrain/install/lidar_msgs:/home/steffens/KITrain/install/track_detector:/home/steffens/KITrain/install/target_velocity_estimator:/home/steffens/KITrain/install/target_distance_estimator:/home/steffens/KITrain/install/signal_detector:/home/steffens/KITrain/install/signal_detection_verificator:/home/steffens/KITrain/install/rgb_detector:/home/steffens/KITrain/install/rgb_camera:/home/steffens/KITrain/install/position_corrector:/home/steffens/KITrain/install/odometry:/home/steffens/KITrain/install/object_fuser:/home/steffens/KITrain/install/localizer:/home/steffens/KITrain/install/lidar_detector:/home/steffens/KITrain/install/lidar:/home/steffens/KITrain/install/gnss:/home/steffens/KITrain/install/clearance_profile_setter:/home/steffens/KITrain/install/clearance_profile_observer:/home/steffens/KITrain/install/camera_simulator:/opt/ros/humble LD_LIBRARY_PATH=/home/steffens/KITrain/install/lidar_msgs/lib:${LD_LIBRARY_PATH} PYTHONPATH=/home/steffens/KITrain/install/lidar_msgs/local/lib/python3.10/dist-packages:${PYTHONPATH} /usr/bin/cmake --build /home/steffens/KITrain/build/lidar -- -j16 -l16
