[0.014s] Invoking command in '/home/steffens/KITrain/build/lidar': CMAKE_PREFIX_PATH=/home/steffens/KITrain/install/lidar_msgs:/home/steffens/KITrain/install/track_detector:/home/steffens/KITrain/install/target_velocity_estimator:/home/steffens/KITrain/install/target_distance_estimator:/home/steffens/KITrain/install/signal_detector:/home/steffens/KITrain/install/signal_detection_verificator:/home/steffens/KITrain/install/rgb_detector:/home/steffens/KITrain/install/rgb_camera:/home/steffens/KITrain/install/position_corrector:/home/steffens/KITrain/install/odometry:/home/steffens/KITrain/install/object_fuser:/home/steffens/KITrain/install/localizer:/home/steffens/KITrain/install/lidar:/home/steffens/KITrain/install/lidar_detector:/home/steffens/KITrain/install/gnss:/home/steffens/KITrain/install/clearance_profile_setter:/home/steffens/KITrain/install/clearance_profile_observer:/home/steffens/KITrain/install/camera_simulator:/opt/ros/humble /usr/bin/cmake --build /home/steffens/KITrain/build/lidar -- -j16 -l16
[0.076s] [100%] Built target lidar_udp_publisher
[0.088s] Invoked command in '/home/steffens/KITrain/build/lidar' returned '0': CMAKE_PREFIX_PATH=/home/steffens/KITrain/install/lidar_msgs:/home/steffens/KITrain/install/track_detector:/home/steffens/KITrain/install/target_velocity_estimator:/home/steffens/KITrain/install/target_distance_estimator:/home/steffens/KITrain/install/signal_detector:/home/steffens/KITrain/install/signal_detection_verificator:/home/steffens/KITrain/install/rgb_detector:/home/steffens/KITrain/install/rgb_camera:/home/steffens/KITrain/install/position_corrector:/home/steffens/KITrain/install/odometry:/home/steffens/KITrain/install/object_fuser:/home/steffens/KITrain/install/localizer:/home/steffens/KITrain/install/lidar:/home/steffens/KITrain/install/lidar_detector:/home/steffens/KITrain/install/gnss:/home/steffens/KITrain/install/clearance_profile_setter:/home/steffens/KITrain/install/clearance_profile_observer:/home/steffens/KITrain/install/camera_simulator:/opt/ros/humble /usr/bin/cmake --build /home/steffens/KITrain/build/lidar -- -j16 -l16
[0.118s] Invoking command in '/home/steffens/KITrain/build/lidar': CMAKE_PREFIX_PATH=/home/steffens/KITrain/install/lidar_msgs:/home/steffens/KITrain/install/track_detector:/home/steffens/KITrain/install/target_velocity_estimator:/home/steffens/KITrain/install/target_distance_estimator:/home/steffens/KITrain/install/signal_detector:/home/steffens/KITrain/install/signal_detection_verificator:/home/steffens/KITrain/install/rgb_detector:/home/steffens/KITrain/install/rgb_camera:/home/steffens/KITrain/install/position_corrector:/home/steffens/KITrain/install/odometry:/home/steffens/KITrain/install/object_fuser:/home/steffens/KITrain/install/localizer:/home/steffens/KITrain/install/lidar:/home/steffens/KITrain/install/lidar_detector:/home/steffens/KITrain/install/gnss:/home/steffens/KITrain/install/clearance_profile_setter:/home/steffens/KITrain/install/clearance_profile_observer:/home/steffens/KITrain/install/camera_simulator:/opt/ros/humble /usr/bin/cmake --install /home/steffens/KITrain/build/lidar
[0.123s] -- Install configuration: ""
[0.123s] -- Up-to-date: /home/steffens/KITrain/install/lidar/lib/lidar/lidar_udp_publisher
[0.124s] -- Up-to-date: /home/steffens/KITrain/install/lidar/share/ament_index/resource_index/package_run_dependencies/lidar
[0.124s] -- Up-to-date: /home/steffens/KITrain/install/lidar/share/ament_index/resource_index/parent_prefix_path/lidar
[0.124s] -- Up-to-date: /home/steffens/KITrain/install/lidar/share/lidar/environment/ament_prefix_path.sh
[0.124s] -- Up-to-date: /home/steffens/KITrain/install/lidar/share/lidar/environment/ament_prefix_path.dsv
[0.124s] -- Up-to-date: /home/steffens/KITrain/install/lidar/share/lidar/environment/path.sh
[0.124s] -- Up-to-date: /home/steffens/KITrain/install/lidar/share/lidar/environment/path.dsv
[0.124s] -- Up-to-date: /home/steffens/KITrain/install/lidar/share/lidar/local_setup.bash
[0.124s] -- Up-to-date: /home/steffens/KITrain/install/lidar/share/lidar/local_setup.sh
[0.125s] -- Up-to-date: /home/steffens/KITrain/install/lidar/share/lidar/local_setup.zsh
[0.125s] -- Up-to-date: /home/steffens/KITrain/install/lidar/share/lidar/local_setup.dsv
[0.125s] -- Installing: /home/steffens/KITrain/install/lidar/share/lidar/package.dsv
[0.125s] -- Up-to-date: /home/steffens/KITrain/install/lidar/share/ament_index/resource_index/packages/lidar
[0.125s] -- Up-to-date: /home/steffens/KITrain/install/lidar/share/lidar/cmake/ament_cmake_export_dependencies-extras.cmake
[0.125s] -- Up-to-date: /home/steffens/KITrain/install/lidar/share/lidar/cmake/lidarConfig.cmake
[0.125s] -- Up-to-date: /home/steffens/KITrain/install/lidar/share/lidar/cmake/lidarConfig-version.cmake
[0.125s] -- Up-to-date: /home/steffens/KITrain/install/lidar/share/lidar/package.xml
[0.127s] Invoked command in '/home/steffens/KITrain/build/lidar' returned '0': CMAKE_PREFIX_PATH=/home/steffens/KITrain/install/lidar_msgs:/home/steffens/KITrain/install/track_detector:/home/steffens/KITrain/install/target_velocity_estimator:/home/steffens/KITrain/install/target_distance_estimator:/home/steffens/KITrain/install/signal_detector:/home/steffens/KITrain/install/signal_detection_verificator:/home/steffens/KITrain/install/rgb_detector:/home/steffens/KITrain/install/rgb_camera:/home/steffens/KITrain/install/position_corrector:/home/steffens/KITrain/install/odometry:/home/steffens/KITrain/install/object_fuser:/home/steffens/KITrain/install/localizer:/home/steffens/KITrain/install/lidar:/home/steffens/KITrain/install/lidar_detector:/home/steffens/KITrain/install/gnss:/home/steffens/KITrain/install/clearance_profile_setter:/home/steffens/KITrain/install/clearance_profile_observer:/home/steffens/KITrain/install/camera_simulator:/opt/ros/humble /usr/bin/cmake --install /home/steffens/KITrain/build/lidar
