[0.306s] Invoking command in '/home/steffens/KITrain/build/rgb_camera': CMAKE_PREFIX_PATH=${CMAKE_PREFIX_PATH}:/home/steffens/KITrain/install/camera_simulator:/opt/ros/humble /usr/bin/cmake --build /home/steffens/KITrain/build/rgb_camera -- -j16 -l16
[0.391s] [ 50%] [32mBuilding CXX object CMakeFiles/rgb_camera_receiver_main.dir/src/rgb_camera_receiver_main.cpp.o[0m
[2.420s] [01m[K/home/steffens/KITrain/src/ki_train/sensors/rgb_camera/src/rgb_camera_receiver_main.cpp:[m[K In member function ‘[01m[Kvoid RgbCameraReceiver::receiveData()[m[K’:
[2.420s] [01m[K/home/steffens/KITrain/src/ki_train/sensors/rgb_camera/src/rgb_camera_receiver_main.cpp:98:25:[m[K [01;35m[Kwarning: [m[Kunused variable ‘[01m[Kpacket_id[m[K’ [[01;35m[K]8;;https://gcc.gnu.org/onlinedocs/gcc/Warning-Options.html#index-Wunused-variable-Wunused-variable]8;;[m[K]
[2.420s]    98 |                 int32_t [01;35m[Kpacket_id[m[K = toInt32(header.packet_id);
[2.421s]       |                         [01;35m[K^~~~~~~~~[m[K
[2.421s] [01m[K/home/steffens/KITrain/src/ki_train/sensors/rgb_camera/src/rgb_camera_receiver_main.cpp:[m[K In member function ‘[01m[Kvoid RgbCameraReceiver::publishImage(int32_t)[m[K’:
[2.421s] [01m[K/home/steffens/KITrain/src/ki_train/sensors/rgb_camera/src/rgb_camera_receiver_main.cpp:125:46:[m[K [01;35m[Kwarning: [m[Kcomparison of integer expressions of different signedness: ‘[01m[Kstd::vector<unsigned char, std::allocator<unsigned char> >::size_type[m[K’ {aka ‘[01m[Klong unsigned int[m[K’} and ‘[01m[Kint[m[K’ [[01;35m[K]8;;https://gcc.gnu.org/onlinedocs/gcc/Warning-Options.html#index-Wsign-compare-Wsign-compare]8;;[m[K]
[2.421s]   125 |                 if ([01;35m[Kimage_buffer.data.size() != width * height * channels[m[K){
[2.421s]       |                     [01;35m[K~~~~~~~~~~~~~~~~~~~~~~~~~^~~~~~~~~~~~~~~~~~~~~~~~~~~~[m[K
[4.117s] [100%] [32m[1mLinking CXX executable rgb_camera_receiver_main[0m
[4.595s] [100%] Built target rgb_camera_receiver_main
[4.611s] Invoked command in '/home/steffens/KITrain/build/rgb_camera' returned '0': CMAKE_PREFIX_PATH=${CMAKE_PREFIX_PATH}:/home/steffens/KITrain/install/camera_simulator:/opt/ros/humble /usr/bin/cmake --build /home/steffens/KITrain/build/rgb_camera -- -j16 -l16
[4.643s] Invoking command in '/home/steffens/KITrain/build/rgb_camera': CMAKE_PREFIX_PATH=${CMAKE_PREFIX_PATH}:/home/steffens/KITrain/install/camera_simulator:/opt/ros/humble /usr/bin/cmake --install /home/steffens/KITrain/build/rgb_camera
[4.650s] -- Install configuration: ""
[4.651s] -- Installing: /home/steffens/KITrain/install/rgb_camera/lib/rgb_camera/rgb_camera_receiver_main
[4.653s] -- Set runtime path of "/home/steffens/KITrain/install/rgb_camera/lib/rgb_camera/rgb_camera_receiver_main" to ""
[4.653s] -- Up-to-date: /home/steffens/KITrain/install/rgb_camera/share/rgb_camera/launch
[4.653s] -- Up-to-date: /home/steffens/KITrain/install/rgb_camera/share/rgb_camera/launch/execute.launch.py
[4.653s] -- Up-to-date: /home/steffens/KITrain/install/rgb_camera/share/ament_index/resource_index/package_run_dependencies/rgb_camera
[4.653s] -- Up-to-date: /home/steffens/KITrain/install/rgb_camera/share/ament_index/resource_index/parent_prefix_path/rgb_camera
[4.654s] -- Up-to-date: /home/steffens/KITrain/install/rgb_camera/share/rgb_camera/environment/ament_prefix_path.sh
[4.654s] -- Up-to-date: /home/steffens/KITrain/install/rgb_camera/share/rgb_camera/environment/ament_prefix_path.dsv
[4.654s] -- Up-to-date: /home/steffens/KITrain/install/rgb_camera/share/rgb_camera/environment/path.sh
[4.654s] -- Up-to-date: /home/steffens/KITrain/install/rgb_camera/share/rgb_camera/environment/path.dsv
[4.654s] -- Up-to-date: /home/steffens/KITrain/install/rgb_camera/share/rgb_camera/local_setup.bash
[4.654s] -- Up-to-date: /home/steffens/KITrain/install/rgb_camera/share/rgb_camera/local_setup.sh
[4.654s] -- Up-to-date: /home/steffens/KITrain/install/rgb_camera/share/rgb_camera/local_setup.zsh
[4.654s] -- Up-to-date: /home/steffens/KITrain/install/rgb_camera/share/rgb_camera/local_setup.dsv
[4.654s] -- Installing: /home/steffens/KITrain/install/rgb_camera/share/rgb_camera/package.dsv
[4.655s] -- Up-to-date: /home/steffens/KITrain/install/rgb_camera/share/ament_index/resource_index/packages/rgb_camera
[4.655s] -- Up-to-date: /home/steffens/KITrain/install/rgb_camera/share/rgb_camera/cmake/rgb_cameraConfig.cmake
[4.655s] -- Up-to-date: /home/steffens/KITrain/install/rgb_camera/share/rgb_camera/cmake/rgb_cameraConfig-version.cmake
[4.655s] -- Up-to-date: /home/steffens/KITrain/install/rgb_camera/share/rgb_camera/package.xml
[4.656s] Invoked command in '/home/steffens/KITrain/build/rgb_camera' returned '0': CMAKE_PREFIX_PATH=${CMAKE_PREFIX_PATH}:/home/steffens/KITrain/install/camera_simulator:/opt/ros/humble /usr/bin/cmake --install /home/steffens/KITrain/build/rgb_camera
