[0.279s] Invoking command in '/home/steffens/KITrain/build/gnss': CMAKE_PREFIX_PATH=${CMAKE_PREFIX_PATH}:/home/steffens/KITrain/install/camera_simulator:/opt/ros/humble /usr/bin/cmake /home/steffens/KITrain/src/ki_train/sensors/gnss -DCMAKE_INSTALL_PREFIX=/home/steffens/KITrain/install/gnss
[0.340s] -- The C compiler identification is GNU 11.4.0
[0.398s] -- The CXX compiler identification is GNU 11.4.0
[0.412s] -- Detecting C compiler ABI info
[0.493s] -- Detecting C compiler ABI info - done
[0.507s] -- Check for working C compiler: /usr/bin/cc - skipped
[0.508s] -- Detecting C compile features
[0.508s] -- Detecting C compile features - done
[0.511s] -- Detecting CXX compiler ABI info
[0.624s] -- Detecting CXX compiler ABI info - done
[0.629s] -- Check for working CXX compiler: /usr/bin/c++ - skipped
[0.629s] -- Detecting CXX compile features
[0.630s] -- Detecting CXX compile features - done
[0.638s] -- Found ament_cmake: 1.3.9 (/opt/ros/humble/share/ament_cmake/cmake)
[0.779s] -- Found Python3: /usr/bin/python3 (found version "3.10.12") found components: Interpreter 
[0.918s] -- Found ament_lint_auto: 0.12.11 (/opt/ros/humble/share/ament_lint_auto/cmake)
[0.994s] -- Added test 'lint_cmake' to check CMake code style
[0.996s] -- Added test 'xmllint' to check XML markup files
[0.998s] -- Configuring done
[1.001s] -- Generating done
[1.002s] -- Build files have been written to: /home/steffens/KITrain/build/gnss
[1.039s] Invoked command in '/home/steffens/KITrain/build/gnss' returned '0': CMAKE_PREFIX_PATH=${CMAKE_PREFIX_PATH}:/home/steffens/KITrain/install/camera_simulator:/opt/ros/humble /usr/bin/cmake /home/steffens/KITrain/src/ki_train/sensors/gnss -DCMAKE_INSTALL_PREFIX=/home/steffens/KITrain/install/gnss
[1.041s] Invoking command in '/home/steffens/KITrain/build/gnss': CMAKE_PREFIX_PATH=${CMAKE_PREFIX_PATH}:/home/steffens/KITrain/install/camera_simulator:/opt/ros/humble /usr/bin/cmake --build /home/steffens/KITrain/build/gnss -- -j16 -l16
[1.087s] Invoked command in '/home/steffens/KITrain/build/gnss' returned '0': CMAKE_PREFIX_PATH=${CMAKE_PREFIX_PATH}:/home/steffens/KITrain/install/camera_simulator:/opt/ros/humble /usr/bin/cmake --build /home/steffens/KITrain/build/gnss -- -j16 -l16
[1.125s] Invoking command in '/home/steffens/KITrain/build/gnss': CMAKE_PREFIX_PATH=${CMAKE_PREFIX_PATH}:/home/steffens/KITrain/install/camera_simulator:/opt/ros/humble /usr/bin/cmake --install /home/steffens/KITrain/build/gnss
[1.149s] -- Install configuration: ""
[1.149s] -- Installing: /home/steffens/KITrain/install/gnss/share/ament_index/resource_index/package_run_dependencies/gnss
[1.149s] -- Installing: /home/steffens/KITrain/install/gnss/share/ament_index/resource_index/parent_prefix_path/gnss
[1.149s] -- Installing: /home/steffens/KITrain/install/gnss/share/gnss/environment/ament_prefix_path.sh
[1.149s] -- Installing: /home/steffens/KITrain/install/gnss/share/gnss/environment/ament_prefix_path.dsv
[1.149s] -- Installing: /home/steffens/KITrain/install/gnss/share/gnss/environment/path.sh
[1.149s] -- Installing: /home/steffens/KITrain/install/gnss/share/gnss/environment/path.dsv
[1.149s] -- Installing: /home/steffens/KITrain/install/gnss/share/gnss/local_setup.bash
[1.149s] -- Installing: /home/steffens/KITrain/install/gnss/share/gnss/local_setup.sh
[1.149s] -- Installing: /home/steffens/KITrain/install/gnss/share/gnss/local_setup.zsh
[1.150s] -- Installing: /home/steffens/KITrain/install/gnss/share/gnss/local_setup.dsv
[1.150s] -- Installing: /home/steffens/KITrain/install/gnss/share/gnss/package.dsv
[1.150s] -- Installing: /home/steffens/KITrain/install/gnss/share/ament_index/resource_index/packages/gnss
[1.150s] -- Installing: /home/steffens/KITrain/install/gnss/share/gnss/cmake/gnssConfig.cmake
[1.150s] -- Installing: /home/steffens/KITrain/install/gnss/share/gnss/cmake/gnssConfig-version.cmake
[1.150s] -- Installing: /home/steffens/KITrain/install/gnss/share/gnss/package.xml
[1.182s] Invoked command in '/home/steffens/KITrain/build/gnss' returned '0': CMAKE_PREFIX_PATH=${CMAKE_PREFIX_PATH}:/home/steffens/KITrain/install/camera_simulator:/opt/ros/humble /usr/bin/cmake --install /home/steffens/KITrain/build/gnss
