-- Found ament_cmake: 1.3.9 (/opt/ros/humble/share/ament_cmake/cmake)
-- Found rclcpp: 16.0.9 (/opt/ros/humble/share/rclcpp/cmake)
-- Found rosidl_generator_c: 3.1.5 (/opt/ros/humble/share/rosidl_generator_c/cmake)
-- Found rosidl_adapter: 3.1.5 (/opt/ros/humble/share/rosidl_adapter/cmake)
-- Found rosidl_generator_cpp: 3.1.5 (/opt/ros/humble/share/rosidl_generator_cpp/cmake)
-- Using all available rosidl_typesupport_c: rosidl_typesupport_fastrtps_c;rosidl_typesupport_introspection_c
-- Using all available rosidl_typesupport_cpp: rosidl_typesupport_fastrtps_cpp;rosidl_typesupport_introspection_cpp
-- Found rmw_implementation_cmake: 6.1.2 (/opt/ros/humble/share/rmw_implementation_cmake/cmake)
-- Found rmw_fastrtps_cpp: 6.2.6 (/opt/ros/humble/share/rmw_fastrtps_cpp/cmake)
-- Using RMW implementation 'rmw_fastrtps_cpp' as default
-- Found sensor_msgs: 4.2.3 (/opt/ros/humble/share/sensor_msgs/cmake)
-- Configuring done
-- Generating done
-- Build files have been written to: /home/steffens/KITrain/build/gnss
[35m[1mConsolidate compiler generated dependencies of target gnss_udp_publisher[0m
[100%] Built target gnss_udp_publisher
-- Install configuration: ""
-- Up-to-date: /home/steffens/KITrain/install/gnss/lib/gnss/gnss_udp_publisher
-- Up-to-date: /home/steffens/KITrain/install/gnss/share/ament_index/resource_index/package_run_dependencies/gnss
-- Up-to-date: /home/steffens/KITrain/install/gnss/share/ament_index/resource_index/parent_prefix_path/gnss
-- Up-to-date: /home/steffens/KITrain/install/gnss/share/gnss/environment/ament_prefix_path.sh
-- Installing: /home/steffens/KITrain/install/gnss/share/gnss/environment/ament_prefix_path.dsv
-- Up-to-date: /home/steffens/KITrain/install/gnss/share/gnss/environment/path.sh
-- Installing: /home/steffens/KITrain/install/gnss/share/gnss/environment/path.dsv
-- Up-to-date: /home/steffens/KITrain/install/gnss/share/gnss/local_setup.bash
-- Up-to-date: /home/steffens/KITrain/install/gnss/share/gnss/local_setup.sh
-- Up-to-date: /home/steffens/KITrain/install/gnss/share/gnss/local_setup.zsh
-- Installing: /home/steffens/KITrain/install/gnss/share/gnss/local_setup.dsv
-- Installing: /home/steffens/KITrain/install/gnss/share/gnss/package.dsv
-- Up-to-date: /home/steffens/KITrain/install/gnss/share/ament_index/resource_index/packages/gnss
-- Up-to-date: /home/steffens/KITrain/install/gnss/share/gnss/cmake/gnssConfig.cmake
-- Up-to-date: /home/steffens/KITrain/install/gnss/share/gnss/cmake/gnssConfig-version.cmake
-- Up-to-date: /home/steffens/KITrain/install/gnss/share/gnss/package.xml
