[0.293s] Invoking command in '/home/steffens/KITrain/build/target_distance_estimator': CMAKE_PREFIX_PATH=${CMAKE_PREFIX_PATH}:/home/steffens/KITrain/install/camera_simulator:/opt/ros/humble /usr/bin/cmake /home/steffens/KITrain/src/ki_train/driving_decision_maker/target_distance_estimator -DCMAKE_INSTALL_PREFIX=/home/steffens/KITrain/install/target_distance_estimator
[1.038s] -- The C compiler identification is GNU 11.4.0
[1.038s] -- The CXX compiler identification is GNU 11.4.0
[1.038s] -- Detecting C compiler ABI info
[1.038s] -- Detecting C compiler ABI info - done
[1.038s] -- Check for working C compiler: /usr/bin/cc - skipped
[1.038s] -- Detecting C compile features
[1.038s] -- Detecting C compile features - done
[1.038s] -- Detecting CXX compiler ABI info
[1.038s] -- Detecting CXX compiler ABI info - done
[1.038s] -- Check for working CXX compiler: /usr/bin/c++ - skipped
[1.038s] -- Detecting CXX compile features
[1.038s] -- Detecting CXX compile features - done
[1.039s] -- Found ament_cmake: 1.3.9 (/opt/ros/humble/share/ament_cmake/cmake)
[1.039s] -- Found Python3: /usr/bin/python3 (found version "3.10.12") found components: Interpreter 
[1.039s] -- Found ament_lint_auto: 0.12.11 (/opt/ros/humble/share/ament_lint_auto/cmake)
[1.114s] -- Added test 'lint_cmake' to check CMake code style
[1.116s] -- Added test 'xmllint' to check XML markup files
[1.118s] -- Configuring done
[1.121s] -- Generating done
[1.122s] -- Build files have been written to: /home/steffens/KITrain/build/target_distance_estimator
[1.162s] Invoked command in '/home/steffens/KITrain/build/target_distance_estimator' returned '0': CMAKE_PREFIX_PATH=${CMAKE_PREFIX_PATH}:/home/steffens/KITrain/install/camera_simulator:/opt/ros/humble /usr/bin/cmake /home/steffens/KITrain/src/ki_train/driving_decision_maker/target_distance_estimator -DCMAKE_INSTALL_PREFIX=/home/steffens/KITrain/install/target_distance_estimator
[1.163s] Invoking command in '/home/steffens/KITrain/build/target_distance_estimator': CMAKE_PREFIX_PATH=${CMAKE_PREFIX_PATH}:/home/steffens/KITrain/install/camera_simulator:/opt/ros/humble /usr/bin/cmake --build /home/steffens/KITrain/build/target_distance_estimator -- -j16 -l16
[1.223s] Invoked command in '/home/steffens/KITrain/build/target_distance_estimator' returned '0': CMAKE_PREFIX_PATH=${CMAKE_PREFIX_PATH}:/home/steffens/KITrain/install/camera_simulator:/opt/ros/humble /usr/bin/cmake --build /home/steffens/KITrain/build/target_distance_estimator -- -j16 -l16
[1.305s] Invoking command in '/home/steffens/KITrain/build/target_distance_estimator': CMAKE_PREFIX_PATH=${CMAKE_PREFIX_PATH}:/home/steffens/KITrain/install/camera_simulator:/opt/ros/humble /usr/bin/cmake --install /home/steffens/KITrain/build/target_distance_estimator
[1.315s] -- Install configuration: ""
[1.315s] -- Installing: /home/steffens/KITrain/install/target_distance_estimator/share/ament_index/resource_index/package_run_dependencies/target_distance_estimator
[1.315s] -- Installing: /home/steffens/KITrain/install/target_distance_estimator/share/ament_index/resource_index/parent_prefix_path/target_distance_estimator
[1.316s] -- Installing: /home/steffens/KITrain/install/target_distance_estimator/share/target_distance_estimator/environment/ament_prefix_path.sh
[1.316s] -- Installing: /home/steffens/KITrain/install/target_distance_estimator/share/target_distance_estimator/environment/ament_prefix_path.dsv
[1.316s] -- Installing: /home/steffens/KITrain/install/target_distance_estimator/share/target_distance_estimator/environment/path.sh
[1.317s] -- Installing: /home/steffens/KITrain/install/target_distance_estimator/share/target_distance_estimator/environment/path.dsv
[1.317s] -- Installing: /home/steffens/KITrain/install/target_distance_estimator/share/target_distance_estimator/local_setup.bash
[1.317s] -- Installing: /home/steffens/KITrain/install/target_distance_estimator/share/target_distance_estimator/local_setup.sh
[1.318s] -- Installing: /home/steffens/KITrain/install/target_distance_estimator/share/target_distance_estimator/local_setup.zsh
[1.318s] -- Installing: /home/steffens/KITrain/install/target_distance_estimator/share/target_distance_estimator/local_setup.dsv
[1.318s] -- Installing: /home/steffens/KITrain/install/target_distance_estimator/share/target_distance_estimator/package.dsv
[1.318s] -- Installing: /home/steffens/KITrain/install/target_distance_estimator/share/ament_index/resource_index/packages/target_distance_estimator
[1.320s] -- Installing: /home/steffens/KITrain/install/target_distance_estimator/share/target_distance_estimator/cmake/target_distance_estimatorConfig.cmake
[1.320s] -- Installing: /home/steffens/KITrain/install/target_distance_estimator/share/target_distance_estimator/cmake/target_distance_estimatorConfig-version.cmake
[1.320s] -- Installing: /home/steffens/KITrain/install/target_distance_estimator/share/target_distance_estimator/package.xml
[1.355s] Invoked command in '/home/steffens/KITrain/build/target_distance_estimator' returned '0': CMAKE_PREFIX_PATH=${CMAKE_PREFIX_PATH}:/home/steffens/KITrain/install/camera_simulator:/opt/ros/humble /usr/bin/cmake --install /home/steffens/KITrain/build/target_distance_estimator
