[01m[K/home/steffens/KITrain/src/ki_train/sensors/gnss/src/gnss_udp_to_topic.cpp:116:2:[m[K [01;31m[Kerror: [m[Kunterminated argument list invoking macro "RCLCPP_INFO"
  116 | }
      |  [01;31m[K^[m[K
[01m[K/home/steffens/KITrain/src/ki_train/sensors/gnss/src/gnss_udp_to_topic.cpp:97:17:[m[K [01;31m[Kerror: [m[Kexpected ‘[01m[K}[m[K’ at end of input
   97 |      RCLCPP_INFO[01;31m[K([m[Kthis->get_logger(), "Error- Bytes received invalid length";
      |                 [01;31m[K^[m[K
[01m[K/home/steffens/KITrain/src/ki_train/sensors/gnss/src/gnss_udp_to_topic.cpp:10:1:[m[K [01;36m[Knote: [m[Kto match this ‘[01m[K{[m[K’
   10 | [01;36m[K{[m[K
      | [01;36m[K^[m[K
[01m[K/home/steffens/KITrain/src/ki_train/sensors/gnss/src/gnss_udp_to_topic.cpp:[m[K In constructor ‘[01m[KGNSSUDPPublisher::GNSSUDPPublisher()[m[K’:
[01m[K/home/steffens/KITrain/src/ki_train/sensors/gnss/src/gnss_udp_to_topic.cpp:14:9:[m[K [01;31m[Kerror: [m[K‘[01m[KgnssPublisher_[m[K’ was not declared in this scope
   14 |         [01;31m[KgnssPublisher_[m[K = this ->create_publisher<sensor_msgs::msg::NavSatFix>("gnss", 10);
      |         [01;31m[K^~~~~~~~~~~~~~[m[K
[01m[K/home/steffens/KITrain/src/ki_train/sensors/gnss/src/gnss_udp_to_topic.cpp:17:9:[m[K [01;31m[Kerror: [m[K‘[01m[Ksockfd2_[m[K’ was not declared in this scope
   17 |         [01;31m[Ksockfd2_[m[K = socket(AF_INET, SOCK_DGRAM, 0);
      |         [01;31m[K^~~~~~~~[m[K
[01m[K/home/steffens/KITrain/src/ki_train/sensors/gnss/src/gnss_udp_to_topic.cpp:33:13:[m[K [01;31m[Kerror: [m[K‘[01m[Kreceive_gnss_thread_[m[K’ was not declared in this scope
   33 |             [01;31m[Kreceive_gnss_thread_[m[K = std::thread(&GNSSUDPPublisher::receiveLoop, this);
      |             [01;31m[K^~~~~~~~~~~~~~~~~~~~[m[K
[01m[K/home/steffens/KITrain/src/ki_train/sensors/gnss/src/gnss_udp_to_topic.cpp:[m[K In destructor ‘[01m[Kvirtual GNSSUDPPublisher::~GNSSUDPPublisher()[m[K’:
[01m[K/home/steffens/KITrain/src/ki_train/sensors/gnss/src/gnss_udp_to_topic.cpp:37:15:[m[K [01;31m[Kerror: [m[K‘[01m[Ksockfd2_[m[K’ was not declared in this scope
   37 |         close([01;31m[Ksockfd2_[m[K);
      |               [01;31m[K^~~~~~~~[m[K
[01m[K/home/steffens/KITrain/src/ki_train/sensors/gnss/src/gnss_udp_to_topic.cpp:[m[K In member function ‘[01m[Kvoid GNSSUDPPublisher::receiveLoop()[m[K’:
[01m[K/home/steffens/KITrain/src/ki_train/sensors/gnss/src/gnss_udp_to_topic.cpp:52:46:[m[K [01;31m[Kerror: [m[K‘[01m[Ksockfd2_[m[K’ was not declared in this scope
   52 |             size_t bytes_received = recvfrom([01;31m[Ksockfd2_[m[K, buffer, MAX_UDP_PACKET_SIZE,0 , (struct sockaddr *)&client_addr, &addr_len);
      |                                              [01;31m[K^~~~~~~~[m[K
[01m[K/home/steffens/KITrain/src/ki_train/sensors/gnss/src/gnss_udp_to_topic.cpp:[m[K In member function ‘[01m[Kbool GNSSUDPPublisher::convertToNavSatFix(const char*, size_t)[m[K’:
[01m[K/home/steffens/KITrain/src/ki_train/sensors/gnss/src/gnss_udp_to_topic.cpp:78:1:[m[K [01;35m[Kwarning: [m[Kno return statement in function returning non-void [[01;35m[K]8;;https://gcc.gnu.org/onlinedocs/gcc/Warning-Options.html#index-Wreturn-type-Wreturn-type]8;;[m[K]
   78 | [01;35m[K}[m[K
      | [01;35m[K^[m[K
[01m[K/home/steffens/KITrain/src/ki_train/sensors/gnss/src/gnss_udp_to_topic.cpp:[m[K In member function ‘[01m[Kvoid GNSSUDPPublisher::log_buffer_hex(const char*, size_t)[m[K’:
[01m[K/home/steffens/KITrain/src/ki_train/sensors/gnss/src/gnss_udp_to_topic.cpp:88:11:[m[K [01;31m[Kerror: [m[K‘[01m[Kbytes_received[m[K’ was not declared in this scope
   88 |       if ([01;31m[Kbytes_received[m[K >= 12) { // At least 3 floats (12 bytes)
      |           [01;31m[K^~~~~~~~~~~~~~[m[K
[01m[K/home/steffens/KITrain/src/ki_train/sensors/gnss/src/gnss_udp_to_topic.cpp:89:27:[m[K [01;31m[Kerror: [m[K‘[01m[Kreinterpret_cast[m[K’ from type ‘[01m[Kconst char*[m[K’ to type ‘[01m[Kfloat*[m[K’ casts away qualifiers
   89 |         float latitude = *[01;31m[Kreinterpret_cast<float*>(&buffer[0])[m[K;
      |                           [01;31m[K^~~~~~~~~~~~~~~~~~~~~~~~~~~~~~~~~~~~[m[K
[01m[K/home/steffens/KITrain/src/ki_train/sensors/gnss/src/gnss_udp_to_topic.cpp:90:28:[m[K [01;31m[Kerror: [m[K‘[01m[Kreinterpret_cast[m[K’ from type ‘[01m[Kconst char*[m[K’ to type ‘[01m[Kfloat*[m[K’ casts away qualifiers
   90 |         float longitude = *[01;31m[Kreinterpret_cast<float*>(&buffer[4])[m[K;
      |                            [01;31m[K^~~~~~~~~~~~~~~~~~~~~~~~~~~~~~~~~~~~[m[K
[01m[K/home/steffens/KITrain/src/ki_train/sensors/gnss/src/gnss_udp_to_topic.cpp:91:27:[m[K [01;31m[Kerror: [m[K‘[01m[Kreinterpret_cast[m[K’ from type ‘[01m[Kconst char*[m[K’ to type ‘[01m[Kfloat*[m[K’ casts away qualifiers
   91 |         float altitude = *[01;31m[Kreinterpret_cast<float*>(&buffer[8])[m[K;
      |                           [01;31m[K^~~~~~~~~~~~~~~~~~~~~~~~~~~~~~~~~~~~[m[K
[01m[K/home/steffens/KITrain/src/ki_train/sensors/gnss/src/gnss_udp_to_topic.cpp:97:6:[m[K [01;31m[Kerror: [m[K‘[01m[KRCLCPP_INFO[m[K’ was not declared in this scope
   97 |      [01;31m[KRCLCPP_INFO[m[K(this->get_logger(), "Error- Bytes received invalid length";
      |      [01;31m[K^~~~~~~~~~~[m[K
[01m[K/home/steffens/KITrain/src/ki_train/sensors/gnss/src/gnss_udp_to_topic.cpp:97:17:[m[K [01;31m[Kerror: [m[Kexpected ‘[01m[K}[m[K’ at end of input
   97 |      RCLCPP_INFO[01;31m[K([m[Kthis->get_logger(), "Error- Bytes received invalid length";
      |                 [01;31m[K^[m[K
[01m[K/home/steffens/KITrain/src/ki_train/sensors/gnss/src/gnss_udp_to_topic.cpp:96:7:[m[K [01;36m[Knote: [m[Kto match this ‘[01m[K{[m[K’
   96 |   else[01;36m[K{[m[K
      |       [01;36m[K^[m[K
[01m[K/home/steffens/KITrain/src/ki_train/sensors/gnss/src/gnss_udp_to_topic.cpp:97:17:[m[K [01;31m[Kerror: [m[Kexpected ‘[01m[K}[m[K’ at end of input
   97 |      RCLCPP_INFO[01;31m[K([m[Kthis->get_logger(), "Error- Bytes received invalid length";
      |                 [01;31m[K^[m[K
[01m[K/home/steffens/KITrain/src/ki_train/sensors/gnss/src/gnss_udp_to_topic.cpp:80:3:[m[K [01;36m[Knote: [m[Kto match this ‘[01m[K{[m[K’
   80 |   [01;36m[K{[m[K
      |   [01;36m[K^[m[K
[01m[K/home/steffens/KITrain/src/ki_train/sensors/gnss/src/gnss_udp_to_topic.cpp:79:48:[m[K [01;35m[Kwarning: [m[Kunused parameter ‘[01m[Klength[m[K’ [[01;35m[K]8;;https://gcc.gnu.org/onlinedocs/gcc/Warning-Options.html#index-Wunused-parameter-Wunused-parameter]8;;[m[K]
   79 | void log_buffer_hex(const char* buffer, [01;35m[Ksize_t length[m[K)
      |                                         [01;35m[K~~~~~~~^~~~~~[m[K
[01m[K/home/steffens/KITrain/src/ki_train/sensors/gnss/src/gnss_udp_to_topic.cpp:[m[K At global scope:
[01m[K/home/steffens/KITrain/src/ki_train/sensors/gnss/src/gnss_udp_to_topic.cpp:97:17:[m[K [01;31m[Kerror: [m[Kexpected unqualified-id at end of input
   97 |      RCLCPP_INFO[01;31m[K([m[Kthis->get_logger(), "Error- Bytes received invalid length";
      |                 [01;31m[K^[m[K
gmake[2]: *** [CMakeFiles/gnss_udp_publisher.dir/build.make:76: CMakeFiles/gnss_udp_publisher.dir/src/gnss_udp_to_topic.cpp.o] Error 1
gmake[1]: *** [CMakeFiles/Makefile2:137: CMakeFiles/gnss_udp_publisher.dir/all] Error 2
gmake: *** [Makefile:146: all] Error 2
