[0.321s] Invoking command in '/home/steffens/KITrain/build/gnss': CMAKE_PREFIX_PATH=${CMAKE_PREFIX_PATH}:/home/steffens/KITrain/install/camera_simulator:/opt/ros/humble /usr/bin/cmake --build /home/steffens/KITrain/build/gnss -- -j16 -l16
[0.368s] [35m[1mConsolidate compiler generated dependencies of target gnss_udp_publisher[0m
[0.397s] [ 50%] [32mBuilding CXX object CMakeFiles/gnss_udp_publisher.dir/src/gnss_udp_to_topic.cpp.o[0m
[0.655s] [01m[K/home/steffens/KITrain/src/ki_train/sensors/gnss/src/gnss_udp_to_topic.cpp:116:2:[m[K [01;31m[Kerror: [m[Kunterminated argument list invoking macro "RCLCPP_INFO"
[0.655s]   116 | }
[0.655s]       |  [01;31m[K^[m[K
[2.362s] [01m[K/home/steffens/KITrain/src/ki_train/sensors/gnss/src/gnss_udp_to_topic.cpp:97:17:[m[K [01;31m[Kerror: [m[Kexpected ‘[01m[K}[m[K’ at end of input
[2.362s]    97 |      RCLCPP_INFO[01;31m[K([m[Kthis->get_logger(), "Error- Bytes received invalid length";
[2.362s]       |                 [01;31m[K^[m[K
[2.363s] [01m[K/home/steffens/KITrain/src/ki_train/sensors/gnss/src/gnss_udp_to_topic.cpp:10:1:[m[K [01;36m[Knote: [m[Kto match this ‘[01m[K{[m[K’
[2.363s]    10 | [01;36m[K{[m[K
[2.363s]       | [01;36m[K^[m[K
[2.369s] [01m[K/home/steffens/KITrain/src/ki_train/sensors/gnss/src/gnss_udp_to_topic.cpp:[m[K In constructor ‘[01m[KGNSSUDPPublisher::GNSSUDPPublisher()[m[K’:
[2.369s] [01m[K/home/steffens/KITrain/src/ki_train/sensors/gnss/src/gnss_udp_to_topic.cpp:14:9:[m[K [01;31m[Kerror: [m[K‘[01m[KgnssPublisher_[m[K’ was not declared in this scope
[2.369s]    14 |         [01;31m[KgnssPublisher_[m[K = this ->create_publisher<sensor_msgs::msg::NavSatFix>("gnss", 10);
[2.369s]       |         [01;31m[K^~~~~~~~~~~~~~[m[K
[2.377s] [01m[K/home/steffens/KITrain/src/ki_train/sensors/gnss/src/gnss_udp_to_topic.cpp:17:9:[m[K [01;31m[Kerror: [m[K‘[01m[Ksockfd2_[m[K’ was not declared in this scope
[2.377s]    17 |         [01;31m[Ksockfd2_[m[K = socket(AF_INET, SOCK_DGRAM, 0);
[2.378s]       |         [01;31m[K^~~~~~~~[m[K
[2.386s] [01m[K/home/steffens/KITrain/src/ki_train/sensors/gnss/src/gnss_udp_to_topic.cpp:33:13:[m[K [01;31m[Kerror: [m[K‘[01m[Kreceive_gnss_thread_[m[K’ was not declared in this scope
[2.386s]    33 |             [01;31m[Kreceive_gnss_thread_[m[K = std::thread(&GNSSUDPPublisher::receiveLoop, this);
[2.386s]       |             [01;31m[K^~~~~~~~~~~~~~~~~~~~[m[K
[2.391s] [01m[K/home/steffens/KITrain/src/ki_train/sensors/gnss/src/gnss_udp_to_topic.cpp:[m[K In destructor ‘[01m[Kvirtual GNSSUDPPublisher::~GNSSUDPPublisher()[m[K’:
[2.391s] [01m[K/home/steffens/KITrain/src/ki_train/sensors/gnss/src/gnss_udp_to_topic.cpp:37:15:[m[K [01;31m[Kerror: [m[K‘[01m[Ksockfd2_[m[K’ was not declared in this scope
[2.391s]    37 |         close([01;31m[Ksockfd2_[m[K);
[2.391s]       |               [01;31m[K^~~~~~~~[m[K
[2.395s] [01m[K/home/steffens/KITrain/src/ki_train/sensors/gnss/src/gnss_udp_to_topic.cpp:[m[K In member function ‘[01m[Kvoid GNSSUDPPublisher::receiveLoop()[m[K’:
[2.395s] [01m[K/home/steffens/KITrain/src/ki_train/sensors/gnss/src/gnss_udp_to_topic.cpp:52:46:[m[K [01;31m[Kerror: [m[K‘[01m[Ksockfd2_[m[K’ was not declared in this scope
[2.396s]    52 |             size_t bytes_received = recvfrom([01;31m[Ksockfd2_[m[K, buffer, MAX_UDP_PACKET_SIZE,0 , (struct sockaddr *)&client_addr, &addr_len);
[2.396s]       |                                              [01;31m[K^~~~~~~~[m[K
[2.397s] [01m[K/home/steffens/KITrain/src/ki_train/sensors/gnss/src/gnss_udp_to_topic.cpp:[m[K In member function ‘[01m[Kbool GNSSUDPPublisher::convertToNavSatFix(const char*, size_t)[m[K’:
[2.397s] [01m[K/home/steffens/KITrain/src/ki_train/sensors/gnss/src/gnss_udp_to_topic.cpp:78:1:[m[K [01;35m[Kwarning: [m[Kno return statement in function returning non-void [[01;35m[K]8;;https://gcc.gnu.org/onlinedocs/gcc/Warning-Options.html#index-Wreturn-type-Wreturn-type]8;;[m[K]
[2.397s]    78 | [01;35m[K}[m[K
[2.397s]       | [01;35m[K^[m[K
[2.403s] [01m[K/home/steffens/KITrain/src/ki_train/sensors/gnss/src/gnss_udp_to_topic.cpp:[m[K In member function ‘[01m[Kvoid GNSSUDPPublisher::log_buffer_hex(const char*, size_t)[m[K’:
[2.403s] [01m[K/home/steffens/KITrain/src/ki_train/sensors/gnss/src/gnss_udp_to_topic.cpp:88:11:[m[K [01;31m[Kerror: [m[K‘[01m[Kbytes_received[m[K’ was not declared in this scope
[2.404s]    88 |       if ([01;31m[Kbytes_received[m[K >= 12) { // At least 3 floats (12 bytes)
[2.404s]       |           [01;31m[K^~~~~~~~~~~~~~[m[K
[2.404s] [01m[K/home/steffens/KITrain/src/ki_train/sensors/gnss/src/gnss_udp_to_topic.cpp:89:27:[m[K [01;31m[Kerror: [m[K‘[01m[Kreinterpret_cast[m[K’ from type ‘[01m[Kconst char*[m[K’ to type ‘[01m[Kfloat*[m[K’ casts away qualifiers
[2.404s]    89 |         float latitude = *[01;31m[Kreinterpret_cast<float*>(&buffer[0])[m[K;
[2.404s]       |                           [01;31m[K^~~~~~~~~~~~~~~~~~~~~~~~~~~~~~~~~~~~[m[K
[2.404s] [01m[K/home/steffens/KITrain/src/ki_train/sensors/gnss/src/gnss_udp_to_topic.cpp:90:28:[m[K [01;31m[Kerror: [m[K‘[01m[Kreinterpret_cast[m[K’ from type ‘[01m[Kconst char*[m[K’ to type ‘[01m[Kfloat*[m[K’ casts away qualifiers
[2.404s]    90 |         float longitude = *[01;31m[Kreinterpret_cast<float*>(&buffer[4])[m[K;
[2.405s]       |                            [01;31m[K^~~~~~~~~~~~~~~~~~~~~~~~~~~~~~~~~~~~[m[K
[2.405s] [01m[K/home/steffens/KITrain/src/ki_train/sensors/gnss/src/gnss_udp_to_topic.cpp:91:27:[m[K [01;31m[Kerror: [m[K‘[01m[Kreinterpret_cast[m[K’ from type ‘[01m[Kconst char*[m[K’ to type ‘[01m[Kfloat*[m[K’ casts away qualifiers
[2.405s]    91 |         float altitude = *[01;31m[Kreinterpret_cast<float*>(&buffer[8])[m[K;
[2.405s]       |                           [01;31m[K^~~~~~~~~~~~~~~~~~~~~~~~~~~~~~~~~~~~[m[K
[2.408s] [01m[K/home/steffens/KITrain/src/ki_train/sensors/gnss/src/gnss_udp_to_topic.cpp:97:6:[m[K [01;31m[Kerror: [m[K‘[01m[KRCLCPP_INFO[m[K’ was not declared in this scope
[2.409s]    97 |      [01;31m[KRCLCPP_INFO[m[K(this->get_logger(), "Error- Bytes received invalid length";
[2.409s]       |      [01;31m[K^~~~~~~~~~~[m[K
[2.409s] [01m[K/home/steffens/KITrain/src/ki_train/sensors/gnss/src/gnss_udp_to_topic.cpp:97:17:[m[K [01;31m[Kerror: [m[Kexpected ‘[01m[K}[m[K’ at end of input
[2.409s]    97 |      RCLCPP_INFO[01;31m[K([m[Kthis->get_logger(), "Error- Bytes received invalid length";
[2.409s]       |                 [01;31m[K^[m[K
[2.409s] [01m[K/home/steffens/KITrain/src/ki_train/sensors/gnss/src/gnss_udp_to_topic.cpp:96:7:[m[K [01;36m[Knote: [m[Kto match this ‘[01m[K{[m[K’
[2.409s]    96 |   else[01;36m[K{[m[K
[2.409s]       |       [01;36m[K^[m[K
[2.410s] [01m[K/home/steffens/KITrain/src/ki_train/sensors/gnss/src/gnss_udp_to_topic.cpp:97:17:[m[K [01;31m[Kerror: [m[Kexpected ‘[01m[K}[m[K’ at end of input
[2.410s]    97 |      RCLCPP_INFO[01;31m[K([m[Kthis->get_logger(), "Error- Bytes received invalid length";
[2.410s]       |                 [01;31m[K^[m[K
[2.410s] [01m[K/home/steffens/KITrain/src/ki_train/sensors/gnss/src/gnss_udp_to_topic.cpp:80:3:[m[K [01;36m[Knote: [m[Kto match this ‘[01m[K{[m[K’
[2.410s]    80 |   [01;36m[K{[m[K
[2.410s]       |   [01;36m[K^[m[K
[2.410s] [01m[K/home/steffens/KITrain/src/ki_train/sensors/gnss/src/gnss_udp_to_topic.cpp:79:48:[m[K [01;35m[Kwarning: [m[Kunused parameter ‘[01m[Klength[m[K’ [[01;35m[K]8;;https://gcc.gnu.org/onlinedocs/gcc/Warning-Options.html#index-Wunused-parameter-Wunused-parameter]8;;[m[K]
[2.410s]    79 | void log_buffer_hex(const char* buffer, [01;35m[Ksize_t length[m[K)
[2.411s]       |                                         [01;35m[K~~~~~~~^~~~~~[m[K
[2.411s] [01m[K/home/steffens/KITrain/src/ki_train/sensors/gnss/src/gnss_udp_to_topic.cpp:[m[K At global scope:
[2.411s] [01m[K/home/steffens/KITrain/src/ki_train/sensors/gnss/src/gnss_udp_to_topic.cpp:97:17:[m[K [01;31m[Kerror: [m[Kexpected unqualified-id at end of input
[2.411s]    97 |      RCLCPP_INFO[01;31m[K([m[Kthis->get_logger(), "Error- Bytes received invalid length";
[2.411s]       |                 [01;31m[K^[m[K
[2.952s] gmake[2]: *** [CMakeFiles/gnss_udp_publisher.dir/build.make:76: CMakeFiles/gnss_udp_publisher.dir/src/gnss_udp_to_topic.cpp.o] Error 1
[2.952s] gmake[1]: *** [CMakeFiles/Makefile2:137: CMakeFiles/gnss_udp_publisher.dir/all] Error 2
[2.953s] gmake: *** [Makefile:146: all] Error 2
[2.957s] Invoked command in '/home/steffens/KITrain/build/gnss' returned '2': CMAKE_PREFIX_PATH=${CMAKE_PREFIX_PATH}:/home/steffens/KITrain/install/camera_simulator:/opt/ros/humble /usr/bin/cmake --build /home/steffens/KITrain/build/gnss -- -j16 -l16
