[0.295s] Invoking command in '/home/steffens/KITrain/build/odometry': CMAKE_PREFIX_PATH=${CMAKE_PREFIX_PATH}:/home/steffens/KITrain/install/camera_simulator:/opt/ros/humble /usr/bin/cmake --build /home/steffens/KITrain/build/odometry -- -j16 -l16
[0.342s] Invoked command in '/home/steffens/KITrain/build/odometry' returned '0': CMAKE_PREFIX_PATH=${CMAKE_PREFIX_PATH}:/home/steffens/KITrain/install/camera_simulator:/opt/ros/humble /usr/bin/cmake --build /home/steffens/KITrain/build/odometry -- -j16 -l16
[0.383s] Invoking command in '/home/steffens/KITrain/build/odometry': CMAKE_PREFIX_PATH=${CMAKE_PREFIX_PATH}:/home/steffens/KITrain/install/camera_simulator:/opt/ros/humble /usr/bin/cmake --install /home/steffens/KITrain/build/odometry
[0.401s] -- Install configuration: ""
[0.401s] -- Up-to-date: /home/steffens/KITrain/install/odometry/share/ament_index/resource_index/package_run_dependencies/odometry
[0.401s] -- Up-to-date: /home/steffens/KITrain/install/odometry/share/ament_index/resource_index/parent_prefix_path/odometry
[0.401s] -- Up-to-date: /home/steffens/KITrain/install/odometry/share/odometry/environment/ament_prefix_path.sh
[0.402s] -- Up-to-date: /home/steffens/KITrain/install/odometry/share/odometry/environment/ament_prefix_path.dsv
[0.402s] -- Up-to-date: /home/steffens/KITrain/install/odometry/share/odometry/environment/path.sh
[0.402s] -- Up-to-date: /home/steffens/KITrain/install/odometry/share/odometry/environment/path.dsv
[0.402s] -- Up-to-date: /home/steffens/KITrain/install/odometry/share/odometry/local_setup.bash
[0.402s] -- Up-to-date: /home/steffens/KITrain/install/odometry/share/odometry/local_setup.sh
[0.402s] -- Up-to-date: /home/steffens/KITrain/install/odometry/share/odometry/local_setup.zsh
[0.402s] -- Up-to-date: /home/steffens/KITrain/install/odometry/share/odometry/local_setup.dsv
[0.402s] -- Installing: /home/steffens/KITrain/install/odometry/share/odometry/package.dsv
[0.402s] -- Up-to-date: /home/steffens/KITrain/install/odometry/share/ament_index/resource_index/packages/odometry
[0.402s] -- Up-to-date: /home/steffens/KITrain/install/odometry/share/odometry/cmake/odometryConfig.cmake
[0.403s] -- Up-to-date: /home/steffens/KITrain/install/odometry/share/odometry/cmake/odometryConfig-version.cmake
[0.403s] -- Up-to-date: /home/steffens/KITrain/install/odometry/share/odometry/package.xml
[0.455s] Invoked command in '/home/steffens/KITrain/build/odometry' returned '0': CMAKE_PREFIX_PATH=${CMAKE_PREFIX_PATH}:/home/steffens/KITrain/install/camera_simulator:/opt/ros/humble /usr/bin/cmake --install /home/steffens/KITrain/build/odometry
