[0.300s] Invoking command in '/home/steffens/KITrain/build/clearance_profile_observer': CMAKE_PREFIX_PATH=${CMAKE_PREFIX_PATH}:/home/steffens/KITrain/install/camera_simulator:/opt/ros/humble /usr/bin/cmake /home/steffens/KITrain/src/ki_train/driving_decision_maker/clearance_profile_observer -DCMAKE_INSTALL_PREFIX=/home/steffens/KITrain/install/clearance_profile_observer
[0.371s] -- The C compiler identification is GNU 11.4.0
[0.446s] -- The CXX compiler identification is GNU 11.4.0
[0.458s] -- Detecting C compiler ABI info
[0.582s] -- Detecting C compiler ABI info - done
[0.590s] -- Check for working C compiler: /usr/bin/cc - skipped
[0.590s] -- Detecting C compile features
[0.591s] -- Detecting C compile features - done
[0.595s] -- Detecting CXX compiler ABI info
[0.700s] -- Detecting CXX compiler ABI info - done
[0.706s] -- Check for working CXX compiler: /usr/bin/c++ - skipped
[0.706s] -- Detecting CXX compile features
[0.707s] -- Detecting CXX compile features - done
[0.709s] -- Found ament_cmake: 1.3.9 (/opt/ros/humble/share/ament_cmake/cmake)
[0.861s] -- Found Python3: /usr/bin/python3 (found version "3.10.12") found components: Interpreter 
[0.950s] -- Found ament_lint_auto: 0.12.11 (/opt/ros/humble/share/ament_lint_auto/cmake)
[1.040s] -- Added test 'lint_cmake' to check CMake code style
[1.043s] -- Added test 'xmllint' to check XML markup files
[1.045s] -- Configuring done
[1.054s] -- Generating done
[1.055s] -- Build files have been written to: /home/steffens/KITrain/build/clearance_profile_observer
[1.066s] Invoked command in '/home/steffens/KITrain/build/clearance_profile_observer' returned '0': CMAKE_PREFIX_PATH=${CMAKE_PREFIX_PATH}:/home/steffens/KITrain/install/camera_simulator:/opt/ros/humble /usr/bin/cmake /home/steffens/KITrain/src/ki_train/driving_decision_maker/clearance_profile_observer -DCMAKE_INSTALL_PREFIX=/home/steffens/KITrain/install/clearance_profile_observer
[1.069s] Invoking command in '/home/steffens/KITrain/build/clearance_profile_observer': CMAKE_PREFIX_PATH=${CMAKE_PREFIX_PATH}:/home/steffens/KITrain/install/camera_simulator:/opt/ros/humble /usr/bin/cmake --build /home/steffens/KITrain/build/clearance_profile_observer -- -j16 -l16
[1.138s] Invoked command in '/home/steffens/KITrain/build/clearance_profile_observer' returned '0': CMAKE_PREFIX_PATH=${CMAKE_PREFIX_PATH}:/home/steffens/KITrain/install/camera_simulator:/opt/ros/humble /usr/bin/cmake --build /home/steffens/KITrain/build/clearance_profile_observer -- -j16 -l16
[1.187s] Invoking command in '/home/steffens/KITrain/build/clearance_profile_observer': CMAKE_PREFIX_PATH=${CMAKE_PREFIX_PATH}:/home/steffens/KITrain/install/camera_simulator:/opt/ros/humble /usr/bin/cmake --install /home/steffens/KITrain/build/clearance_profile_observer
[1.195s] -- Install configuration: ""
[1.196s] -- Installing: /home/steffens/KITrain/install/clearance_profile_observer/share/ament_index/resource_index/package_run_dependencies/clearance_profile_observer
[1.196s] -- Installing: /home/steffens/KITrain/install/clearance_profile_observer/share/ament_index/resource_index/parent_prefix_path/clearance_profile_observer
[1.196s] -- Installing: /home/steffens/KITrain/install/clearance_profile_observer/share/clearance_profile_observer/environment/ament_prefix_path.sh
[1.196s] -- Installing: /home/steffens/KITrain/install/clearance_profile_observer/share/clearance_profile_observer/environment/ament_prefix_path.dsv
[1.199s] -- Installing: /home/steffens/KITrain/install/clearance_profile_observer/share/clearance_profile_observer/environment/path.sh
[1.200s] -- Installing: /home/steffens/KITrain/install/clearance_profile_observer/share/clearance_profile_observer/environment/path.dsv
[1.201s] -- Installing: /home/steffens/KITrain/install/clearance_profile_observer/share/clearance_profile_observer/local_setup.bash
[1.201s] -- Installing: /home/steffens/KITrain/install/clearance_profile_observer/share/clearance_profile_observer/local_setup.sh
[1.201s] -- Installing: /home/steffens/KITrain/install/clearance_profile_observer/share/clearance_profile_observer/local_setup.zsh
[1.201s] -- Installing: /home/steffens/KITrain/install/clearance_profile_observer/share/clearance_profile_observer/local_setup.dsv
[1.201s] -- Installing: /home/steffens/KITrain/install/clearance_profile_observer/share/clearance_profile_observer/package.dsv
[1.201s] -- Installing: /home/steffens/KITrain/install/clearance_profile_observer/share/ament_index/resource_index/packages/clearance_profile_observer
[1.201s] -- Installing: /home/steffens/KITrain/install/clearance_profile_observer/share/clearance_profile_observer/cmake/clearance_profile_observerConfig.cmake
[1.202s] -- Installing: /home/steffens/KITrain/install/clearance_profile_observer/share/clearance_profile_observer/cmake/clearance_profile_observerConfig-version.cmake
[1.204s] -- Installing: /home/steffens/KITrain/install/clearance_profile_observer/share/clearance_profile_observer/package.xml
[1.231s] Invoked command in '/home/steffens/KITrain/build/clearance_profile_observer' returned '0': CMAKE_PREFIX_PATH=${CMAKE_PREFIX_PATH}:/home/steffens/KITrain/install/camera_simulator:/opt/ros/humble /usr/bin/cmake --install /home/steffens/KITrain/build/clearance_profile_observer
