[0.274s] Invoking command in '/home/steffens/KITrain/build/position_corrector': CMAKE_PREFIX_PATH=${CMAKE_PREFIX_PATH}:/home/steffens/KITrain/install/camera_simulator:/opt/ros/humble /usr/bin/cmake /home/steffens/KITrain/src/ki_train/positioner/position_corrector -DCMAKE_INSTALL_PREFIX=/home/steffens/KITrain/install/position_corrector
[0.359s] -- The C compiler identification is GNU 11.4.0
[0.414s] -- The CXX compiler identification is GNU 11.4.0
[0.421s] -- Detecting C compiler ABI info
[0.502s] -- Detecting C compiler ABI info - done
[0.508s] -- Check for working C compiler: /usr/bin/cc - skipped
[0.509s] -- Detecting C compile features
[0.509s] -- Detecting C compile features - done
[0.512s] -- Detecting CXX compiler ABI info
[0.600s] -- Detecting CXX compiler ABI info - done
[0.603s] -- Check for working CXX compiler: /usr/bin/c++ - skipped
[0.604s] -- Detecting CXX compile features
[0.604s] -- Detecting CXX compile features - done
[0.606s] -- Found ament_cmake: 1.3.9 (/opt/ros/humble/share/ament_cmake/cmake)
[0.769s] -- Found Python3: /usr/bin/python3 (found version "3.10.12") found components: Interpreter 
[0.855s] -- Found ament_lint_auto: 0.12.11 (/opt/ros/humble/share/ament_lint_auto/cmake)
[0.929s] -- Added test 'lint_cmake' to check CMake code style
[0.931s] -- Added test 'xmllint' to check XML markup files
[0.933s] -- Configuring done
[0.938s] -- Generating done
[0.939s] -- Build files have been written to: /home/steffens/KITrain/build/position_corrector
[0.948s] Invoked command in '/home/steffens/KITrain/build/position_corrector' returned '0': CMAKE_PREFIX_PATH=${CMAKE_PREFIX_PATH}:/home/steffens/KITrain/install/camera_simulator:/opt/ros/humble /usr/bin/cmake /home/steffens/KITrain/src/ki_train/positioner/position_corrector -DCMAKE_INSTALL_PREFIX=/home/steffens/KITrain/install/position_corrector
[0.949s] Invoking command in '/home/steffens/KITrain/build/position_corrector': CMAKE_PREFIX_PATH=${CMAKE_PREFIX_PATH}:/home/steffens/KITrain/install/camera_simulator:/opt/ros/humble /usr/bin/cmake --build /home/steffens/KITrain/build/position_corrector -- -j16 -l16
[1.019s] Invoked command in '/home/steffens/KITrain/build/position_corrector' returned '0': CMAKE_PREFIX_PATH=${CMAKE_PREFIX_PATH}:/home/steffens/KITrain/install/camera_simulator:/opt/ros/humble /usr/bin/cmake --build /home/steffens/KITrain/build/position_corrector -- -j16 -l16
[1.058s] Invoking command in '/home/steffens/KITrain/build/position_corrector': CMAKE_PREFIX_PATH=${CMAKE_PREFIX_PATH}:/home/steffens/KITrain/install/camera_simulator:/opt/ros/humble /usr/bin/cmake --install /home/steffens/KITrain/build/position_corrector
[1.065s] -- Install configuration: ""
[1.065s] -- Installing: /home/steffens/KITrain/install/position_corrector/share/ament_index/resource_index/package_run_dependencies/position_corrector
[1.065s] -- Installing: /home/steffens/KITrain/install/position_corrector/share/ament_index/resource_index/parent_prefix_path/position_corrector
[1.065s] -- Installing: /home/steffens/KITrain/install/position_corrector/share/position_corrector/environment/ament_prefix_path.sh
[1.066s] -- Installing: /home/steffens/KITrain/install/position_corrector/share/position_corrector/environment/ament_prefix_path.dsv
[1.066s] -- Installing: /home/steffens/KITrain/install/position_corrector/share/position_corrector/environment/path.sh
[1.066s] -- Installing: /home/steffens/KITrain/install/position_corrector/share/position_corrector/environment/path.dsv
[1.066s] -- Installing: /home/steffens/KITrain/install/position_corrector/share/position_corrector/local_setup.bash
[1.067s] -- Installing: /home/steffens/KITrain/install/position_corrector/share/position_corrector/local_setup.sh
[1.067s] -- Installing: /home/steffens/KITrain/install/position_corrector/share/position_corrector/local_setup.zsh
[1.067s] -- Installing: /home/steffens/KITrain/install/position_corrector/share/position_corrector/local_setup.dsv
[1.067s] -- Installing: /home/steffens/KITrain/install/position_corrector/share/position_corrector/package.dsv
[1.067s] -- Installing: /home/steffens/KITrain/install/position_corrector/share/ament_index/resource_index/packages/position_corrector
[1.068s] -- Installing: /home/steffens/KITrain/install/position_corrector/share/position_corrector/cmake/position_correctorConfig.cmake
[1.068s] -- Installing: /home/steffens/KITrain/install/position_corrector/share/position_corrector/cmake/position_correctorConfig-version.cmake
[1.068s] -- Installing: /home/steffens/KITrain/install/position_corrector/share/position_corrector/package.xml
[1.077s] Invoked command in '/home/steffens/KITrain/build/position_corrector' returned '0': CMAKE_PREFIX_PATH=${CMAKE_PREFIX_PATH}:/home/steffens/KITrain/install/camera_simulator:/opt/ros/humble /usr/bin/cmake --install /home/steffens/KITrain/build/position_corrector
