[0.277s] Invoking command in '/home/steffens/KITrain/build/lidar_detector': CMAKE_PREFIX_PATH=${CMAKE_PREFIX_PATH}:/home/steffens/KITrain/install/camera_simulator:/opt/ros/humble /usr/bin/cmake /home/steffens/KITrain/src/ki_train/object_localizer/lidar_detector -DCMAKE_INSTALL_PREFIX=/home/steffens/KITrain/install/lidar_detector
[0.346s] -- The C compiler identification is GNU 11.4.0
[0.409s] -- The CXX compiler identification is GNU 11.4.0
[0.417s] -- Detecting C compiler ABI info
[0.506s] -- Detecting C compiler ABI info - done
[0.517s] -- Check for working C compiler: /usr/bin/cc - skipped
[0.517s] -- Detecting C compile features
[0.517s] -- Detecting C compile features - done
[0.520s] -- Detecting CXX compiler ABI info
[0.622s] -- Detecting CXX compiler ABI info - done
[0.631s] -- Check for working CXX compiler: /usr/bin/c++ - skipped
[0.632s] -- Detecting CXX compile features
[0.632s] -- Detecting CXX compile features - done
[0.635s] -- Found ament_cmake: 1.3.9 (/opt/ros/humble/share/ament_cmake/cmake)
[0.783s] -- Found Python3: /usr/bin/python3 (found version "3.10.12") found components: Interpreter 
[0.870s] -- Found ament_lint_auto: 0.12.11 (/opt/ros/humble/share/ament_lint_auto/cmake)
[0.945s] -- Added test 'cppcheck' to perform static code analysis on C / C++ code
[0.945s] -- Configured cppcheck include dirs: 
[0.946s] -- Configured cppcheck exclude dirs and/or files: 
[0.947s] -- Added test 'lint_cmake' to check CMake code style
[0.951s] -- Added test 'uncrustify' to check C / C++ code style
[0.951s] -- Configured uncrustify additional arguments: 
[0.952s] -- Added test 'xmllint' to check XML markup files
[0.954s] -- Configuring done
[0.957s] -- Generating done
[0.958s] -- Build files have been written to: /home/steffens/KITrain/build/lidar_detector
[0.995s] Invoked command in '/home/steffens/KITrain/build/lidar_detector' returned '0': CMAKE_PREFIX_PATH=${CMAKE_PREFIX_PATH}:/home/steffens/KITrain/install/camera_simulator:/opt/ros/humble /usr/bin/cmake /home/steffens/KITrain/src/ki_train/object_localizer/lidar_detector -DCMAKE_INSTALL_PREFIX=/home/steffens/KITrain/install/lidar_detector
[0.997s] Invoking command in '/home/steffens/KITrain/build/lidar_detector': CMAKE_PREFIX_PATH=${CMAKE_PREFIX_PATH}:/home/steffens/KITrain/install/camera_simulator:/opt/ros/humble /usr/bin/cmake --build /home/steffens/KITrain/build/lidar_detector -- -j16 -l16
[1.051s] Invoked command in '/home/steffens/KITrain/build/lidar_detector' returned '0': CMAKE_PREFIX_PATH=${CMAKE_PREFIX_PATH}:/home/steffens/KITrain/install/camera_simulator:/opt/ros/humble /usr/bin/cmake --build /home/steffens/KITrain/build/lidar_detector -- -j16 -l16
[1.124s] Invoking command in '/home/steffens/KITrain/build/lidar_detector': CMAKE_PREFIX_PATH=${CMAKE_PREFIX_PATH}:/home/steffens/KITrain/install/camera_simulator:/opt/ros/humble /usr/bin/cmake --install /home/steffens/KITrain/build/lidar_detector
[1.153s] -- Install configuration: ""
[1.153s] -- Installing: /home/steffens/KITrain/install/lidar_detector/share/ament_index/resource_index/package_run_dependencies/lidar_detector
[1.153s] -- Installing: /home/steffens/KITrain/install/lidar_detector/share/ament_index/resource_index/parent_prefix_path/lidar_detector
[1.153s] -- Installing: /home/steffens/KITrain/install/lidar_detector/share/lidar_detector/environment/ament_prefix_path.sh
[1.154s] -- Installing: /home/steffens/KITrain/install/lidar_detector/share/lidar_detector/environment/ament_prefix_path.dsv
[1.156s] -- Installing: /home/steffens/KITrain/install/lidar_detector/share/lidar_detector/environment/path.sh
[1.156s] -- Installing: /home/steffens/KITrain/install/lidar_detector/share/lidar_detector/environment/path.dsv
[1.156s] -- Installing: /home/steffens/KITrain/install/lidar_detector/share/lidar_detector/local_setup.bash
[1.156s] -- Installing: /home/steffens/KITrain/install/lidar_detector/share/lidar_detector/local_setup.sh
[1.156s] -- Installing: /home/steffens/KITrain/install/lidar_detector/share/lidar_detector/local_setup.zsh
[1.157s] -- Installing: /home/steffens/KITrain/install/lidar_detector/share/lidar_detector/local_setup.dsv
[1.157s] -- Installing: /home/steffens/KITrain/install/lidar_detector/share/lidar_detector/package.dsv
[1.157s] -- Installing: /home/steffens/KITrain/install/lidar_detector/share/ament_index/resource_index/packages/lidar_detector
[1.157s] -- Installing: /home/steffens/KITrain/install/lidar_detector/share/lidar_detector/cmake/lidar_detectorConfig.cmake
[1.157s] -- Installing: /home/steffens/KITrain/install/lidar_detector/share/lidar_detector/cmake/lidar_detectorConfig-version.cmake
[1.157s] -- Installing: /home/steffens/KITrain/install/lidar_detector/share/lidar_detector/package.xml
[1.196s] Invoked command in '/home/steffens/KITrain/build/lidar_detector' returned '0': CMAKE_PREFIX_PATH=${CMAKE_PREFIX_PATH}:/home/steffens/KITrain/install/camera_simulator:/opt/ros/humble /usr/bin/cmake --install /home/steffens/KITrain/build/lidar_detector
