[0.013s] Invoking command in '/home/steffens/KITrain/build/lidar': AMENT_PREFIX_PATH=/home/steffens/KITrain/install/lidar_msgs:${AMENT_PREFIX_PATH} CMAKE_PREFIX_PATH=/home/steffens/KITrain/install/lidar_msgs:/home/steffens/KITrain/install/track_detector:/home/steffens/KITrain/install/target_velocity_estimator:/home/steffens/KITrain/install/target_distance_estimator:/home/steffens/KITrain/install/signal_detector:/home/steffens/KITrain/install/signal_detection_verificator:/home/steffens/KITrain/install/rgb_detector:/home/steffens/KITrain/install/rgb_camera:/home/steffens/KITrain/install/position_corrector:/home/steffens/KITrain/install/odometry:/home/steffens/KITrain/install/object_fuser:/home/steffens/KITrain/install/localizer:/home/steffens/KITrain/install/lidar_detector:/home/steffens/KITrain/install/lidar:/home/steffens/KITrain/install/gnss:/home/steffens/KITrain/install/clearance_profile_setter:/home/steffens/KITrain/install/clearance_profile_observer:/home/steffens/KITrain/install/camera_simulator:/opt/ros/humble LD_LIBRARY_PATH=/home/steffens/KITrain/install/lidar_msgs/lib:${LD_LIBRARY_PATH} PYTHONPATH=/home/steffens/KITrain/install/lidar_msgs/local/lib/python3.10/dist-packages:${PYTHONPATH} /usr/bin/cmake --build /home/steffens/KITrain/build/lidar -- -j16 -l16
[0.060s] [35m[1mConsolidate compiler generated dependencies of target lidar_udp_publisher[0m
[0.085s] [ 50%] [32mBuilding CXX object CMakeFiles/lidar_udp_publisher.dir/src/lidar_udp_to_topic.cpp.o[0m
[3.965s] [100%] [32m[1mLinking CXX executable lidar_udp_publisher[0m
[4.145s] [100%] Built target lidar_udp_publisher
[4.158s] Invoked command in '/home/steffens/KITrain/build/lidar' returned '0': AMENT_PREFIX_PATH=/home/steffens/KITrain/install/lidar_msgs:${AMENT_PREFIX_PATH} CMAKE_PREFIX_PATH=/home/steffens/KITrain/install/lidar_msgs:/home/steffens/KITrain/install/track_detector:/home/steffens/KITrain/install/target_velocity_estimator:/home/steffens/KITrain/install/target_distance_estimator:/home/steffens/KITrain/install/signal_detector:/home/steffens/KITrain/install/signal_detection_verificator:/home/steffens/KITrain/install/rgb_detector:/home/steffens/KITrain/install/rgb_camera:/home/steffens/KITrain/install/position_corrector:/home/steffens/KITrain/install/odometry:/home/steffens/KITrain/install/object_fuser:/home/steffens/KITrain/install/localizer:/home/steffens/KITrain/install/lidar_detector:/home/steffens/KITrain/install/lidar:/home/steffens/KITrain/install/gnss:/home/steffens/KITrain/install/clearance_profile_setter:/home/steffens/KITrain/install/clearance_profile_observer:/home/steffens/KITrain/install/camera_simulator:/opt/ros/humble LD_LIBRARY_PATH=/home/steffens/KITrain/install/lidar_msgs/lib:${LD_LIBRARY_PATH} PYTHONPATH=/home/steffens/KITrain/install/lidar_msgs/local/lib/python3.10/dist-packages:${PYTHONPATH} /usr/bin/cmake --build /home/steffens/KITrain/build/lidar -- -j16 -l16
[4.187s] Invoking command in '/home/steffens/KITrain/build/lidar': AMENT_PREFIX_PATH=/home/steffens/KITrain/install/lidar_msgs:${AMENT_PREFIX_PATH} CMAKE_PREFIX_PATH=/home/steffens/KITrain/install/lidar_msgs:/home/steffens/KITrain/install/track_detector:/home/steffens/KITrain/install/target_velocity_estimator:/home/steffens/KITrain/install/target_distance_estimator:/home/steffens/KITrain/install/signal_detector:/home/steffens/KITrain/install/signal_detection_verificator:/home/steffens/KITrain/install/rgb_detector:/home/steffens/KITrain/install/rgb_camera:/home/steffens/KITrain/install/position_corrector:/home/steffens/KITrain/install/odometry:/home/steffens/KITrain/install/object_fuser:/home/steffens/KITrain/install/localizer:/home/steffens/KITrain/install/lidar_detector:/home/steffens/KITrain/install/lidar:/home/steffens/KITrain/install/gnss:/home/steffens/KITrain/install/clearance_profile_setter:/home/steffens/KITrain/install/clearance_profile_observer:/home/steffens/KITrain/install/camera_simulator:/opt/ros/humble LD_LIBRARY_PATH=/home/steffens/KITrain/install/lidar_msgs/lib:${LD_LIBRARY_PATH} PYTHONPATH=/home/steffens/KITrain/install/lidar_msgs/local/lib/python3.10/dist-packages:${PYTHONPATH} /usr/bin/cmake --install /home/steffens/KITrain/build/lidar
[4.195s] -- Install configuration: ""
[4.195s] -- Installing: /home/steffens/KITrain/install/lidar/lib/lidar/lidar_udp_publisher
[4.197s] -- Set runtime path of "/home/steffens/KITrain/install/lidar/lib/lidar/lidar_udp_publisher" to ""
[4.197s] -- Up-to-date: /home/steffens/KITrain/install/lidar/share/ament_index/resource_index/package_run_dependencies/lidar
[4.197s] -- Up-to-date: /home/steffens/KITrain/install/lidar/share/ament_index/resource_index/parent_prefix_path/lidar
[4.198s] -- Up-to-date: /home/steffens/KITrain/install/lidar/share/lidar/environment/ament_prefix_path.sh
[4.198s] -- Up-to-date: /home/steffens/KITrain/install/lidar/share/lidar/environment/ament_prefix_path.dsv
[4.198s] -- Up-to-date: /home/steffens/KITrain/install/lidar/share/lidar/environment/path.sh
[4.198s] -- Up-to-date: /home/steffens/KITrain/install/lidar/share/lidar/environment/path.dsv
[4.198s] -- Up-to-date: /home/steffens/KITrain/install/lidar/share/lidar/local_setup.bash
[4.198s] -- Up-to-date: /home/steffens/KITrain/install/lidar/share/lidar/local_setup.sh
[4.198s] -- Up-to-date: /home/steffens/KITrain/install/lidar/share/lidar/local_setup.zsh
[4.198s] -- Up-to-date: /home/steffens/KITrain/install/lidar/share/lidar/local_setup.dsv
[4.198s] -- Installing: /home/steffens/KITrain/install/lidar/share/lidar/package.dsv
[4.198s] -- Up-to-date: /home/steffens/KITrain/install/lidar/share/ament_index/resource_index/packages/lidar
[4.199s] -- Up-to-date: /home/steffens/KITrain/install/lidar/share/lidar/cmake/ament_cmake_export_dependencies-extras.cmake
[4.199s] -- Up-to-date: /home/steffens/KITrain/install/lidar/share/lidar/cmake/lidarConfig.cmake
[4.199s] -- Up-to-date: /home/steffens/KITrain/install/lidar/share/lidar/cmake/lidarConfig-version.cmake
[4.199s] -- Up-to-date: /home/steffens/KITrain/install/lidar/share/lidar/package.xml
[4.201s] Invoked command in '/home/steffens/KITrain/build/lidar' returned '0': AMENT_PREFIX_PATH=/home/steffens/KITrain/install/lidar_msgs:${AMENT_PREFIX_PATH} CMAKE_PREFIX_PATH=/home/steffens/KITrain/install/lidar_msgs:/home/steffens/KITrain/install/track_detector:/home/steffens/KITrain/install/target_velocity_estimator:/home/steffens/KITrain/install/target_distance_estimator:/home/steffens/KITrain/install/signal_detector:/home/steffens/KITrain/install/signal_detection_verificator:/home/steffens/KITrain/install/rgb_detector:/home/steffens/KITrain/install/rgb_camera:/home/steffens/KITrain/install/position_corrector:/home/steffens/KITrain/install/odometry:/home/steffens/KITrain/install/object_fuser:/home/steffens/KITrain/install/localizer:/home/steffens/KITrain/install/lidar_detector:/home/steffens/KITrain/install/lidar:/home/steffens/KITrain/install/gnss:/home/steffens/KITrain/install/clearance_profile_setter:/home/steffens/KITrain/install/clearance_profile_observer:/home/steffens/KITrain/install/camera_simulator:/opt/ros/humble LD_LIBRARY_PATH=/home/steffens/KITrain/install/lidar_msgs/lib:${LD_LIBRARY_PATH} PYTHONPATH=/home/steffens/KITrain/install/lidar_msgs/local/lib/python3.10/dist-packages:${PYTHONPATH} /usr/bin/cmake --install /home/steffens/KITrain/build/lidar
