[0.271s] Invoking command in '/home/steffens/KITrain/build/signal_detection_verificator': CMAKE_PREFIX_PATH=${CMAKE_PREFIX_PATH}:/home/steffens/KITrain/install/camera_simulator:/opt/ros/humble /usr/bin/cmake /home/steffens/KITrain/src/ki_train/driving_route_unlocker/signal_detection_verificator -DCMAKE_INSTALL_PREFIX=/home/steffens/KITrain/install/signal_detection_verificator
[0.947s] -- The C compiler identification is GNU 11.4.0
[0.947s] -- The CXX compiler identification is GNU 11.4.0
[0.947s] -- Detecting C compiler ABI info
[0.947s] -- Detecting C compiler ABI info - done
[0.947s] -- Check for working C compiler: /usr/bin/cc - skipped
[0.947s] -- Detecting C compile features
[0.947s] -- Detecting C compile features - done
[0.947s] -- Detecting CXX compiler ABI info
[0.947s] -- Detecting CXX compiler ABI info - done
[0.948s] -- Check for working CXX compiler: /usr/bin/c++ - skipped
[0.948s] -- Detecting CXX compile features
[0.948s] -- Detecting CXX compile features - done
[0.948s] -- Found ament_cmake: 1.3.9 (/opt/ros/humble/share/ament_cmake/cmake)
[0.948s] -- Found Python3: /usr/bin/python3 (found version "3.10.12") found components: Interpreter 
[0.948s] -- Found ament_lint_auto: 0.12.11 (/opt/ros/humble/share/ament_lint_auto/cmake)
[0.996s] -- Added test 'lint_cmake' to check CMake code style
[0.997s] -- Added test 'xmllint' to check XML markup files
[0.999s] -- Configuring done
[1.003s] -- Generating done
[1.003s] -- Build files have been written to: /home/steffens/KITrain/build/signal_detection_verificator
[1.020s] Invoked command in '/home/steffens/KITrain/build/signal_detection_verificator' returned '0': CMAKE_PREFIX_PATH=${CMAKE_PREFIX_PATH}:/home/steffens/KITrain/install/camera_simulator:/opt/ros/humble /usr/bin/cmake /home/steffens/KITrain/src/ki_train/driving_route_unlocker/signal_detection_verificator -DCMAKE_INSTALL_PREFIX=/home/steffens/KITrain/install/signal_detection_verificator
[1.021s] Invoking command in '/home/steffens/KITrain/build/signal_detection_verificator': CMAKE_PREFIX_PATH=${CMAKE_PREFIX_PATH}:/home/steffens/KITrain/install/camera_simulator:/opt/ros/humble /usr/bin/cmake --build /home/steffens/KITrain/build/signal_detection_verificator -- -j16 -l16
[1.080s] Invoked command in '/home/steffens/KITrain/build/signal_detection_verificator' returned '0': CMAKE_PREFIX_PATH=${CMAKE_PREFIX_PATH}:/home/steffens/KITrain/install/camera_simulator:/opt/ros/humble /usr/bin/cmake --build /home/steffens/KITrain/build/signal_detection_verificator -- -j16 -l16
[1.161s] Invoking command in '/home/steffens/KITrain/build/signal_detection_verificator': CMAKE_PREFIX_PATH=${CMAKE_PREFIX_PATH}:/home/steffens/KITrain/install/camera_simulator:/opt/ros/humble /usr/bin/cmake --install /home/steffens/KITrain/build/signal_detection_verificator
[1.182s] -- Install configuration: ""
[1.182s] -- Installing: /home/steffens/KITrain/install/signal_detection_verificator/share/ament_index/resource_index/package_run_dependencies/signal_detection_verificator
[1.182s] -- Installing: /home/steffens/KITrain/install/signal_detection_verificator/share/ament_index/resource_index/parent_prefix_path/signal_detection_verificator
[1.182s] -- Installing: /home/steffens/KITrain/install/signal_detection_verificator/share/signal_detection_verificator/environment/ament_prefix_path.sh
[1.182s] -- Installing: /home/steffens/KITrain/install/signal_detection_verificator/share/signal_detection_verificator/environment/ament_prefix_path.dsv
[1.182s] -- Installing: /home/steffens/KITrain/install/signal_detection_verificator/share/signal_detection_verificator/environment/path.sh
[1.182s] -- Installing: /home/steffens/KITrain/install/signal_detection_verificator/share/signal_detection_verificator/environment/path.dsv
[1.182s] -- Installing: /home/steffens/KITrain/install/signal_detection_verificator/share/signal_detection_verificator/local_setup.bash
[1.183s] -- Installing: /home/steffens/KITrain/install/signal_detection_verificator/share/signal_detection_verificator/local_setup.sh
[1.183s] -- Installing: /home/steffens/KITrain/install/signal_detection_verificator/share/signal_detection_verificator/local_setup.zsh
[1.183s] -- Installing: /home/steffens/KITrain/install/signal_detection_verificator/share/signal_detection_verificator/local_setup.dsv
[1.183s] -- Installing: /home/steffens/KITrain/install/signal_detection_verificator/share/signal_detection_verificator/package.dsv
[1.183s] -- Installing: /home/steffens/KITrain/install/signal_detection_verificator/share/ament_index/resource_index/packages/signal_detection_verificator
[1.183s] -- Installing: /home/steffens/KITrain/install/signal_detection_verificator/share/signal_detection_verificator/cmake/signal_detection_verificatorConfig.cmake
[1.183s] -- Installing: /home/steffens/KITrain/install/signal_detection_verificator/share/signal_detection_verificator/cmake/signal_detection_verificatorConfig-version.cmake
[1.183s] -- Installing: /home/steffens/KITrain/install/signal_detection_verificator/share/signal_detection_verificator/package.xml
[1.215s] Invoked command in '/home/steffens/KITrain/build/signal_detection_verificator' returned '0': CMAKE_PREFIX_PATH=${CMAKE_PREFIX_PATH}:/home/steffens/KITrain/install/camera_simulator:/opt/ros/humble /usr/bin/cmake --install /home/steffens/KITrain/build/signal_detection_verificator
