[0.280s] Invoking command in '/home/steffens/KITrain/build/clearance_profile_setter': CMAKE_PREFIX_PATH=${CMAKE_PREFIX_PATH}:/home/steffens/KITrain/install/camera_simulator:/opt/ros/humble /usr/bin/cmake /home/steffens/KITrain/src/ki_train/positioner/clearance_profile_setter -DCMAKE_INSTALL_PREFIX=/home/steffens/KITrain/install/clearance_profile_setter
[0.344s] -- The C compiler identification is GNU 11.4.0
[0.401s] -- The CXX compiler identification is GNU 11.4.0
[0.409s] -- Detecting C compiler ABI info
[0.500s] -- Detecting C compiler ABI info - done
[0.507s] -- Check for working C compiler: /usr/bin/cc - skipped
[0.507s] -- Detecting C compile features
[0.508s] -- Detecting C compile features - done
[0.510s] -- Detecting CXX compiler ABI info
[0.628s] -- Detecting CXX compiler ABI info - done
[0.634s] -- Check for working CXX compiler: /usr/bin/c++ - skipped
[0.642s] -- Detecting CXX compile features
[0.642s] -- Detecting CXX compile features - done
[0.648s] -- Found ament_cmake: 1.3.9 (/opt/ros/humble/share/ament_cmake/cmake)
[0.788s] -- Found Python3: /usr/bin/python3 (found version "3.10.12") found components: Interpreter 
[0.875s] -- Found ament_lint_auto: 0.12.11 (/opt/ros/humble/share/ament_lint_auto/cmake)
[0.963s] -- Added test 'lint_cmake' to check CMake code style
[0.965s] -- Added test 'xmllint' to check XML markup files
[0.967s] -- Configuring done
[0.971s] -- Generating done
[0.976s] -- Build files have been written to: /home/steffens/KITrain/build/clearance_profile_setter
[0.990s] Invoked command in '/home/steffens/KITrain/build/clearance_profile_setter' returned '0': CMAKE_PREFIX_PATH=${CMAKE_PREFIX_PATH}:/home/steffens/KITrain/install/camera_simulator:/opt/ros/humble /usr/bin/cmake /home/steffens/KITrain/src/ki_train/positioner/clearance_profile_setter -DCMAKE_INSTALL_PREFIX=/home/steffens/KITrain/install/clearance_profile_setter
[0.991s] Invoking command in '/home/steffens/KITrain/build/clearance_profile_setter': CMAKE_PREFIX_PATH=${CMAKE_PREFIX_PATH}:/home/steffens/KITrain/install/camera_simulator:/opt/ros/humble /usr/bin/cmake --build /home/steffens/KITrain/build/clearance_profile_setter -- -j16 -l16
[1.051s] Invoked command in '/home/steffens/KITrain/build/clearance_profile_setter' returned '0': CMAKE_PREFIX_PATH=${CMAKE_PREFIX_PATH}:/home/steffens/KITrain/install/camera_simulator:/opt/ros/humble /usr/bin/cmake --build /home/steffens/KITrain/build/clearance_profile_setter -- -j16 -l16
[1.100s] Invoking command in '/home/steffens/KITrain/build/clearance_profile_setter': CMAKE_PREFIX_PATH=${CMAKE_PREFIX_PATH}:/home/steffens/KITrain/install/camera_simulator:/opt/ros/humble /usr/bin/cmake --install /home/steffens/KITrain/build/clearance_profile_setter
[1.107s] -- Install configuration: ""
[1.107s] -- Installing: /home/steffens/KITrain/install/clearance_profile_setter/share/ament_index/resource_index/package_run_dependencies/clearance_profile_setter
[1.108s] -- Installing: /home/steffens/KITrain/install/clearance_profile_setter/share/ament_index/resource_index/parent_prefix_path/clearance_profile_setter
[1.108s] -- Installing: /home/steffens/KITrain/install/clearance_profile_setter/share/clearance_profile_setter/environment/ament_prefix_path.sh
[1.108s] -- Installing: /home/steffens/KITrain/install/clearance_profile_setter/share/clearance_profile_setter/environment/ament_prefix_path.dsv
[1.109s] -- Installing: /home/steffens/KITrain/install/clearance_profile_setter/share/clearance_profile_setter/environment/path.sh
[1.109s] -- Installing: /home/steffens/KITrain/install/clearance_profile_setter/share/clearance_profile_setter/environment/path.dsv
[1.109s] -- Installing: /home/steffens/KITrain/install/clearance_profile_setter/share/clearance_profile_setter/local_setup.bash
[1.110s] -- Installing: /home/steffens/KITrain/install/clearance_profile_setter/share/clearance_profile_setter/local_setup.sh
[1.110s] -- Installing: /home/steffens/KITrain/install/clearance_profile_setter/share/clearance_profile_setter/local_setup.zsh
[1.110s] -- Installing: /home/steffens/KITrain/install/clearance_profile_setter/share/clearance_profile_setter/local_setup.dsv
[1.110s] -- Installing: /home/steffens/KITrain/install/clearance_profile_setter/share/clearance_profile_setter/package.dsv
[1.110s] -- Installing: /home/steffens/KITrain/install/clearance_profile_setter/share/ament_index/resource_index/packages/clearance_profile_setter
[1.110s] -- Installing: /home/steffens/KITrain/install/clearance_profile_setter/share/clearance_profile_setter/cmake/clearance_profile_setterConfig.cmake
[1.110s] -- Installing: /home/steffens/KITrain/install/clearance_profile_setter/share/clearance_profile_setter/cmake/clearance_profile_setterConfig-version.cmake
[1.111s] -- Installing: /home/steffens/KITrain/install/clearance_profile_setter/share/clearance_profile_setter/package.xml
[1.142s] Invoked command in '/home/steffens/KITrain/build/clearance_profile_setter' returned '0': CMAKE_PREFIX_PATH=${CMAKE_PREFIX_PATH}:/home/steffens/KITrain/install/camera_simulator:/opt/ros/humble /usr/bin/cmake --install /home/steffens/KITrain/build/clearance_profile_setter
