[0.331s] Invoking command in '/home/steffens/KITrain/build/gnss': CMAKE_PREFIX_PATH=${CMAKE_PREFIX_PATH}:/home/steffens/KITrain/install/camera_simulator:/opt/ros/humble /usr/bin/cmake --build /home/steffens/KITrain/build/gnss -- -j16 -l16
[0.408s] [100%] Built target gnss_udp_publisher
[0.437s] Invoked command in '/home/steffens/KITrain/build/gnss' returned '0': CMAKE_PREFIX_PATH=${CMAKE_PREFIX_PATH}:/home/steffens/KITrain/install/camera_simulator:/opt/ros/humble /usr/bin/cmake --build /home/steffens/KITrain/build/gnss -- -j16 -l16
[0.569s] Invoking command in '/home/steffens/KITrain/build/gnss': CMAKE_PREFIX_PATH=${CMAKE_PREFIX_PATH}:/home/steffens/KITrain/install/camera_simulator:/opt/ros/humble /usr/bin/cmake --install /home/steffens/KITrain/build/gnss
[0.590s] -- Install configuration: ""
[0.591s] -- Up-to-date: /home/steffens/KITrain/install/gnss/lib/gnss/gnss_udp_publisher
[0.591s] -- Up-to-date: /home/steffens/KITrain/install/gnss/share/ament_index/resource_index/package_run_dependencies/gnss
[0.591s] -- Up-to-date: /home/steffens/KITrain/install/gnss/share/ament_index/resource_index/parent_prefix_path/gnss
[0.591s] -- Up-to-date: /home/steffens/KITrain/install/gnss/share/gnss/environment/ament_prefix_path.sh
[0.591s] -- Up-to-date: /home/steffens/KITrain/install/gnss/share/gnss/environment/ament_prefix_path.dsv
[0.591s] -- Up-to-date: /home/steffens/KITrain/install/gnss/share/gnss/environment/path.sh
[0.591s] -- Up-to-date: /home/steffens/KITrain/install/gnss/share/gnss/environment/path.dsv
[0.591s] -- Up-to-date: /home/steffens/KITrain/install/gnss/share/gnss/local_setup.bash
[0.591s] -- Up-to-date: /home/steffens/KITrain/install/gnss/share/gnss/local_setup.sh
[0.592s] -- Up-to-date: /home/steffens/KITrain/install/gnss/share/gnss/local_setup.zsh
[0.592s] -- Up-to-date: /home/steffens/KITrain/install/gnss/share/gnss/local_setup.dsv
[0.592s] -- Installing: /home/steffens/KITrain/install/gnss/share/gnss/package.dsv
[0.592s] -- Up-to-date: /home/steffens/KITrain/install/gnss/share/ament_index/resource_index/packages/gnss
[0.592s] -- Up-to-date: /home/steffens/KITrain/install/gnss/share/gnss/cmake/gnssConfig.cmake
[0.592s] -- Up-to-date: /home/steffens/KITrain/install/gnss/share/gnss/cmake/gnssConfig-version.cmake
[0.592s] -- Up-to-date: /home/steffens/KITrain/install/gnss/share/gnss/package.xml
[0.660s] Invoked command in '/home/steffens/KITrain/build/gnss' returned '0': CMAKE_PREFIX_PATH=${CMAKE_PREFIX_PATH}:/home/steffens/KITrain/install/camera_simulator:/opt/ros/humble /usr/bin/cmake --install /home/steffens/KITrain/build/gnss
