[35m[1mConsolidate compiler generated dependencies of target gnss_udp_publisher[0m
[ 50%] [32mBuilding CXX object CMakeFiles/gnss_udp_publisher.dir/src/gnss_udp_to_topic.cpp.o[0m
[01m[K/home/steffens/KITrain/src/ki_train/sensors/gnss/src/gnss_udp_to_topic.cpp:[m[K In member function ‘[01m[Kvoid GNSSUDPPublisher::receiveLoop()[m[K’:
[01m[K/home/steffens/KITrain/src/ki_train/sensors/gnss/src/gnss_udp_to_topic.cpp:59:32:[m[K [01;35m[Kwarning: [m[Kcomparison of unsigned expression in ‘[01m[K< 0[m[K’ is always false [[01;35m[K]8;;https://gcc.gnu.org/onlinedocs/gcc/Warning-Options.html#index-Wtype-limits-Wtype-limits]8;;[m[K]
   59 |             if ([01;35m[Kbytes_received < 0[m[K) {
      |                 [01;35m[K~~~~~~~~~~~~~~~^~~[m[K
[100%] [32m[1mLinking CXX executable gnss_udp_publisher[0m
[100%] Built target gnss_udp_publisher
-- Install configuration: ""
-- Installing: /home/steffens/KITrain/install/gnss/lib/gnss/gnss_udp_publisher
-- Set runtime path of "/home/steffens/KITrain/install/gnss/lib/gnss/gnss_udp_publisher" to ""
-- Up-to-date: /home/steffens/KITrain/install/gnss/share/ament_index/resource_index/package_run_dependencies/gnss
-- Up-to-date: /home/steffens/KITrain/install/gnss/share/ament_index/resource_index/parent_prefix_path/gnss
-- Up-to-date: /home/steffens/KITrain/install/gnss/share/gnss/environment/ament_prefix_path.sh
-- Up-to-date: /home/steffens/KITrain/install/gnss/share/gnss/environment/ament_prefix_path.dsv
-- Up-to-date: /home/steffens/KITrain/install/gnss/share/gnss/environment/path.sh
-- Up-to-date: /home/steffens/KITrain/install/gnss/share/gnss/environment/path.dsv
-- Up-to-date: /home/steffens/KITrain/install/gnss/share/gnss/local_setup.bash
-- Up-to-date: /home/steffens/KITrain/install/gnss/share/gnss/local_setup.sh
-- Up-to-date: /home/steffens/KITrain/install/gnss/share/gnss/local_setup.zsh
-- Up-to-date: /home/steffens/KITrain/install/gnss/share/gnss/local_setup.dsv
-- Installing: /home/steffens/KITrain/install/gnss/share/gnss/package.dsv
-- Up-to-date: /home/steffens/KITrain/install/gnss/share/ament_index/resource_index/packages/gnss
-- Up-to-date: /home/steffens/KITrain/install/gnss/share/gnss/cmake/gnssConfig.cmake
-- Up-to-date: /home/steffens/KITrain/install/gnss/share/gnss/cmake/gnssConfig-version.cmake
-- Up-to-date: /home/steffens/KITrain/install/gnss/share/gnss/package.xml
