[0.331s] Invoking command in '/home/steffens/KITrain/build/gnss': CMAKE_PREFIX_PATH=${CMAKE_PREFIX_PATH}:/home/steffens/KITrain/install/camera_simulator:/opt/ros/humble /usr/bin/cmake --build /home/steffens/KITrain/build/gnss -- -j16 -l16
[0.387s] [35m[1mConsolidate compiler generated dependencies of target gnss_udp_publisher[0m
[0.419s] [ 50%] [32mBuilding CXX object CMakeFiles/gnss_udp_publisher.dir/src/gnss_udp_to_topic.cpp.o[0m
[2.877s] [01m[K/home/steffens/KITrain/src/ki_train/sensors/gnss/src/gnss_udp_to_topic.cpp:[m[K In member function ‘[01m[Kvoid GNSSUDPPublisher::receiveLoop()[m[K’:
[2.877s] [01m[K/home/steffens/KITrain/src/ki_train/sensors/gnss/src/gnss_udp_to_topic.cpp:59:32:[m[K [01;35m[Kwarning: [m[Kcomparison of unsigned expression in ‘[01m[K< 0[m[K’ is always false [[01;35m[K]8;;https://gcc.gnu.org/onlinedocs/gcc/Warning-Options.html#index-Wtype-limits-Wtype-limits]8;;[m[K]
[2.877s]    59 |             if ([01;35m[Kbytes_received < 0[m[K) {
[2.877s]       |                 [01;35m[K~~~~~~~~~~~~~~~^~~[m[K
[4.712s] [100%] [32m[1mLinking CXX executable gnss_udp_publisher[0m
[4.906s] [100%] Built target gnss_udp_publisher
[4.925s] Invoked command in '/home/steffens/KITrain/build/gnss' returned '0': CMAKE_PREFIX_PATH=${CMAKE_PREFIX_PATH}:/home/steffens/KITrain/install/camera_simulator:/opt/ros/humble /usr/bin/cmake --build /home/steffens/KITrain/build/gnss -- -j16 -l16
[4.959s] Invoking command in '/home/steffens/KITrain/build/gnss': CMAKE_PREFIX_PATH=${CMAKE_PREFIX_PATH}:/home/steffens/KITrain/install/camera_simulator:/opt/ros/humble /usr/bin/cmake --install /home/steffens/KITrain/build/gnss
[4.969s] -- Install configuration: ""
[4.969s] -- Installing: /home/steffens/KITrain/install/gnss/lib/gnss/gnss_udp_publisher
[4.971s] -- Set runtime path of "/home/steffens/KITrain/install/gnss/lib/gnss/gnss_udp_publisher" to ""
[4.972s] -- Up-to-date: /home/steffens/KITrain/install/gnss/share/ament_index/resource_index/package_run_dependencies/gnss
[4.972s] -- Up-to-date: /home/steffens/KITrain/install/gnss/share/ament_index/resource_index/parent_prefix_path/gnss
[4.972s] -- Up-to-date: /home/steffens/KITrain/install/gnss/share/gnss/environment/ament_prefix_path.sh
[4.972s] -- Up-to-date: /home/steffens/KITrain/install/gnss/share/gnss/environment/ament_prefix_path.dsv
[4.972s] -- Up-to-date: /home/steffens/KITrain/install/gnss/share/gnss/environment/path.sh
[4.972s] -- Up-to-date: /home/steffens/KITrain/install/gnss/share/gnss/environment/path.dsv
[4.972s] -- Up-to-date: /home/steffens/KITrain/install/gnss/share/gnss/local_setup.bash
[4.972s] -- Up-to-date: /home/steffens/KITrain/install/gnss/share/gnss/local_setup.sh
[4.972s] -- Up-to-date: /home/steffens/KITrain/install/gnss/share/gnss/local_setup.zsh
[4.972s] -- Up-to-date: /home/steffens/KITrain/install/gnss/share/gnss/local_setup.dsv
[4.973s] -- Installing: /home/steffens/KITrain/install/gnss/share/gnss/package.dsv
[4.973s] -- Up-to-date: /home/steffens/KITrain/install/gnss/share/ament_index/resource_index/packages/gnss
[4.973s] -- Up-to-date: /home/steffens/KITrain/install/gnss/share/gnss/cmake/gnssConfig.cmake
[4.973s] -- Up-to-date: /home/steffens/KITrain/install/gnss/share/gnss/cmake/gnssConfig-version.cmake
[4.973s] -- Up-to-date: /home/steffens/KITrain/install/gnss/share/gnss/package.xml
[4.976s] Invoked command in '/home/steffens/KITrain/build/gnss' returned '0': CMAKE_PREFIX_PATH=${CMAKE_PREFIX_PATH}:/home/steffens/KITrain/install/camera_simulator:/opt/ros/humble /usr/bin/cmake --install /home/steffens/KITrain/build/gnss
