[0.321s] Invoking command in '/home/steffens/KITrain/build/localizer': CMAKE_PREFIX_PATH=${CMAKE_PREFIX_PATH}:/home/steffens/KITrain/install/camera_simulator:/opt/ros/humble /usr/bin/cmake --build /home/steffens/KITrain/build/localizer -- -j16 -l16
[0.392s] Invoked command in '/home/steffens/KITrain/build/localizer' returned '0': CMAKE_PREFIX_PATH=${CMAKE_PREFIX_PATH}:/home/steffens/KITrain/install/camera_simulator:/opt/ros/humble /usr/bin/cmake --build /home/steffens/KITrain/build/localizer -- -j16 -l16
[0.440s] Invoking command in '/home/steffens/KITrain/build/localizer': CMAKE_PREFIX_PATH=${CMAKE_PREFIX_PATH}:/home/steffens/KITrain/install/camera_simulator:/opt/ros/humble /usr/bin/cmake --install /home/steffens/KITrain/build/localizer
[0.451s] -- Install configuration: ""
[0.452s] -- Up-to-date: /home/steffens/KITrain/install/localizer/share/ament_index/resource_index/package_run_dependencies/localizer
[0.452s] -- Up-to-date: /home/steffens/KITrain/install/localizer/share/ament_index/resource_index/parent_prefix_path/localizer
[0.454s] -- Up-to-date: /home/steffens/KITrain/install/localizer/share/localizer/environment/ament_prefix_path.sh
[0.455s] -- Up-to-date: /home/steffens/KITrain/install/localizer/share/localizer/environment/ament_prefix_path.dsv
[0.455s] -- Up-to-date: /home/steffens/KITrain/install/localizer/share/localizer/environment/path.sh
[0.455s] -- Up-to-date: /home/steffens/KITrain/install/localizer/share/localizer/environment/path.dsv
[0.455s] -- Up-to-date: /home/steffens/KITrain/install/localizer/share/localizer/local_setup.bash
[0.455s] -- Up-to-date: /home/steffens/KITrain/install/localizer/share/localizer/local_setup.sh
[0.455s] -- Up-to-date: /home/steffens/KITrain/install/localizer/share/localizer/local_setup.zsh
[0.457s] -- Up-to-date: /home/steffens/KITrain/install/localizer/share/localizer/local_setup.dsv
[0.460s] -- Installing: /home/steffens/KITrain/install/localizer/share/localizer/package.dsv
[0.463s] -- Up-to-date: /home/steffens/KITrain/install/localizer/share/ament_index/resource_index/packages/localizer
[0.468s] -- Up-to-date: /home/steffens/KITrain/install/localizer/share/localizer/cmake/localizerConfig.cmake
[0.469s] -- Up-to-date: /home/steffens/KITrain/install/localizer/share/localizer/cmake/localizerConfig-version.cmake
[0.469s] -- Up-to-date: /home/steffens/KITrain/install/localizer/share/localizer/package.xml
[0.486s] Invoked command in '/home/steffens/KITrain/build/localizer' returned '0': CMAKE_PREFIX_PATH=${CMAKE_PREFIX_PATH}:/home/steffens/KITrain/install/camera_simulator:/opt/ros/humble /usr/bin/cmake --install /home/steffens/KITrain/build/localizer
