[0.293s] Invoking command in '/home/steffens/KITrain/build/object_fuser': CMAKE_PREFIX_PATH=${CMAKE_PREFIX_PATH}:/home/steffens/KITrain/install/camera_simulator:/opt/ros/humble /usr/bin/cmake /home/steffens/KITrain/src/ki_train/object_localizer/object_fuser -DCMAKE_INSTALL_PREFIX=/home/steffens/KITrain/install/object_fuser
[0.359s] -- The C compiler identification is GNU 11.4.0
[0.457s] -- The CXX compiler identification is GNU 11.4.0
[0.465s] -- Detecting C compiler ABI info
[0.557s] -- Detecting C compiler ABI info - done
[0.564s] -- Check for working C compiler: /usr/bin/cc - skipped
[0.564s] -- Detecting C compile features
[0.565s] -- Detecting C compile features - done
[0.568s] -- Detecting CXX compiler ABI info
[0.666s] -- Detecting CXX compiler ABI info - done
[0.675s] -- Check for working CXX compiler: /usr/bin/c++ - skipped
[0.675s] -- Detecting CXX compile features
[0.676s] -- Detecting CXX compile features - done
[0.679s] -- Found ament_cmake: 1.3.9 (/opt/ros/humble/share/ament_cmake/cmake)
[0.857s] -- Found Python3: /usr/bin/python3 (found version "3.10.12") found components: Interpreter 
[0.955s] -- Found ament_lint_auto: 0.12.11 (/opt/ros/humble/share/ament_lint_auto/cmake)
[1.049s] -- Added test 'lint_cmake' to check CMake code style
[1.049s] -- Added test 'xmllint' to check XML markup files
[1.049s] -- Configuring done
[1.050s] -- Generating done
[1.052s] -- Build files have been written to: /home/steffens/KITrain/build/object_fuser
[1.096s] Invoked command in '/home/steffens/KITrain/build/object_fuser' returned '0': CMAKE_PREFIX_PATH=${CMAKE_PREFIX_PATH}:/home/steffens/KITrain/install/camera_simulator:/opt/ros/humble /usr/bin/cmake /home/steffens/KITrain/src/ki_train/object_localizer/object_fuser -DCMAKE_INSTALL_PREFIX=/home/steffens/KITrain/install/object_fuser
[1.097s] Invoking command in '/home/steffens/KITrain/build/object_fuser': CMAKE_PREFIX_PATH=${CMAKE_PREFIX_PATH}:/home/steffens/KITrain/install/camera_simulator:/opt/ros/humble /usr/bin/cmake --build /home/steffens/KITrain/build/object_fuser -- -j16 -l16
[1.171s] Invoked command in '/home/steffens/KITrain/build/object_fuser' returned '0': CMAKE_PREFIX_PATH=${CMAKE_PREFIX_PATH}:/home/steffens/KITrain/install/camera_simulator:/opt/ros/humble /usr/bin/cmake --build /home/steffens/KITrain/build/object_fuser -- -j16 -l16
[1.229s] Invoking command in '/home/steffens/KITrain/build/object_fuser': CMAKE_PREFIX_PATH=${CMAKE_PREFIX_PATH}:/home/steffens/KITrain/install/camera_simulator:/opt/ros/humble /usr/bin/cmake --install /home/steffens/KITrain/build/object_fuser
[1.238s] -- Install configuration: ""
[1.240s] -- Installing: /home/steffens/KITrain/install/object_fuser/share/ament_index/resource_index/package_run_dependencies/object_fuser
[1.240s] -- Installing: /home/steffens/KITrain/install/object_fuser/share/ament_index/resource_index/parent_prefix_path/object_fuser
[1.240s] -- Installing: /home/steffens/KITrain/install/object_fuser/share/object_fuser/environment/ament_prefix_path.sh
[1.240s] -- Installing: /home/steffens/KITrain/install/object_fuser/share/object_fuser/environment/ament_prefix_path.dsv
[1.240s] -- Installing: /home/steffens/KITrain/install/object_fuser/share/object_fuser/environment/path.sh
[1.241s] -- Installing: /home/steffens/KITrain/install/object_fuser/share/object_fuser/environment/path.dsv
[1.241s] -- Installing: /home/steffens/KITrain/install/object_fuser/share/object_fuser/local_setup.bash
[1.242s] -- Installing: /home/steffens/KITrain/install/object_fuser/share/object_fuser/local_setup.sh
[1.242s] -- Installing: /home/steffens/KITrain/install/object_fuser/share/object_fuser/local_setup.zsh
[1.242s] -- Installing: /home/steffens/KITrain/install/object_fuser/share/object_fuser/local_setup.dsv
[1.242s] -- Installing: /home/steffens/KITrain/install/object_fuser/share/object_fuser/package.dsv
[1.242s] -- Installing: /home/steffens/KITrain/install/object_fuser/share/ament_index/resource_index/packages/object_fuser
[1.242s] -- Installing: /home/steffens/KITrain/install/object_fuser/share/object_fuser/cmake/object_fuserConfig.cmake
[1.242s] -- Installing: /home/steffens/KITrain/install/object_fuser/share/object_fuser/cmake/object_fuserConfig-version.cmake
[1.242s] -- Installing: /home/steffens/KITrain/install/object_fuser/share/object_fuser/package.xml
[1.280s] Invoked command in '/home/steffens/KITrain/build/object_fuser' returned '0': CMAKE_PREFIX_PATH=${CMAKE_PREFIX_PATH}:/home/steffens/KITrain/install/camera_simulator:/opt/ros/humble /usr/bin/cmake --install /home/steffens/KITrain/build/object_fuser
