[35m[1mConsolidate compiler generated dependencies of target gnss_udp_publisher[0m
[ 50%] [32mBuilding CXX object CMakeFiles/gnss_udp_publisher.dir/src/gnss_udp_to_topic.cpp.o[0m
[01m[K/home/steffens/KITrain/src/ki_train/sensors/gnss/src/gnss_udp_to_topic.cpp:[m[K In constructor ‘[01m[KGNSSUDPPublisher::GNSSUDPPublisher()[m[K’:
[01m[K/home/steffens/KITrain/src/ki_train/sensors/gnss/src/gnss_udp_to_topic.cpp:27:21:[m[K [01;31m[Kerror: [m[K‘[01m[Ksockfd_[m[K’ was not declared in this scope; did you mean ‘[01m[Ksockfd2_[m[K’?
   27 |             if(bind([01;31m[Ksockfd_[m[K,(const sockaddr*)&servaddr2, sizeof(servaddr2)) < 0){
      |                     [01;31m[K^~~~~~~[m[K
      |                     [32m[Ksockfd2_[m[K
[01m[K/home/steffens/KITrain/src/ki_train/sensors/gnss/src/gnss_udp_to_topic.cpp:[m[K In destructor ‘[01m[Kvirtual GNSSUDPPublisher::~GNSSUDPPublisher()[m[K’:
[01m[K/home/steffens/KITrain/src/ki_train/sensors/gnss/src/gnss_udp_to_topic.cpp:37:15:[m[K [01;31m[Kerror: [m[K‘[01m[Ksockfd_[m[K’ was not declared in this scope; did you mean ‘[01m[Ksockfd2_[m[K’?
   37 |         close([01;31m[Ksockfd_[m[K);
      |               [01;31m[K^~~~~~~[m[K
      |               [32m[Ksockfd2_[m[K
[01m[K/home/steffens/KITrain/src/ki_train/sensors/gnss/src/gnss_udp_to_topic.cpp:[m[K In member function ‘[01m[Kvoid GNSSUDPPublisher::receiveLoop()[m[K’:
[01m[K/home/steffens/KITrain/src/ki_train/sensors/gnss/src/gnss_udp_to_topic.cpp:52:46:[m[K [01;31m[Kerror: [m[K‘[01m[Ksockfd_[m[K’ was not declared in this scope; did you mean ‘[01m[Ksockfd2_[m[K’?
   52 |             size_t bytes_received = recvfrom([01;31m[Ksockfd_[m[K, buffer, MAX_UDP_PACKET_SIZE,0 , (struct sockaddr *)&client_addr, &addr_len);
      |                                              [01;31m[K^~~~~~~[m[K
      |                                              [32m[Ksockfd2_[m[K
[01m[K/home/steffens/KITrain/src/ki_train/sensors/gnss/src/gnss_udp_to_topic.cpp:[m[K In member function ‘[01m[Kbool GNSSUDPPublisher::convertToNavSatFix(const char*, size_t)[m[K’:
[01m[K/home/steffens/KITrain/src/ki_train/sensors/gnss/src/gnss_udp_to_topic.cpp:72:1:[m[K [01;35m[Kwarning: [m[Kno return statement in function returning non-void [[01;35m[K]8;;https://gcc.gnu.org/onlinedocs/gcc/Warning-Options.html#index-Wreturn-type-Wreturn-type]8;;[m[K]
   72 | [01;35m[K}[m[K
      | [01;35m[K^[m[K
gmake[2]: *** [CMakeFiles/gnss_udp_publisher.dir/build.make:76: CMakeFiles/gnss_udp_publisher.dir/src/gnss_udp_to_topic.cpp.o] Error 1
gmake[1]: *** [CMakeFiles/Makefile2:137: CMakeFiles/gnss_udp_publisher.dir/all] Error 2
gmake: *** [Makefile:146: all] Error 2
