[0.316s] Invoking command in '/home/steffens/KITrain/build/gnss': CMAKE_PREFIX_PATH=${CMAKE_PREFIX_PATH}:/home/steffens/KITrain/install/camera_simulator:/opt/ros/humble /usr/bin/cmake --build /home/steffens/KITrain/build/gnss -- -j16 -l16
[0.367s] [35m[1mConsolidate compiler generated dependencies of target gnss_udp_publisher[0m
[0.417s] [ 50%] [32mBuilding CXX object CMakeFiles/gnss_udp_publisher.dir/src/gnss_udp_to_topic.cpp.o[0m
[2.372s] [01m[K/home/steffens/KITrain/src/ki_train/sensors/gnss/src/gnss_udp_to_topic.cpp:[m[K In member function ‘[01m[Kbool GNSSUDPPublisher::convertToNavSatFix(const char*, size_t)[m[K’:
[2.372s] [01m[K/home/steffens/KITrain/src/ki_train/sensors/gnss/src/gnss_udp_to_topic.cpp:76:1:[m[K [01;35m[Kwarning: [m[Kno return statement in function returning non-void [[01;35m[K]8;;https://gcc.gnu.org/onlinedocs/gcc/Warning-Options.html#index-Wreturn-type-Wreturn-type]8;;[m[K]
[2.372s]    76 | [01;35m[K}[m[K
[2.372s]       | [01;35m[K^[m[K
[3.691s] [100%] [32m[1mLinking CXX executable gnss_udp_publisher[0m
[3.845s] [100%] Built target gnss_udp_publisher
[3.862s] Invoked command in '/home/steffens/KITrain/build/gnss' returned '0': CMAKE_PREFIX_PATH=${CMAKE_PREFIX_PATH}:/home/steffens/KITrain/install/camera_simulator:/opt/ros/humble /usr/bin/cmake --build /home/steffens/KITrain/build/gnss -- -j16 -l16
[3.899s] Invoking command in '/home/steffens/KITrain/build/gnss': CMAKE_PREFIX_PATH=${CMAKE_PREFIX_PATH}:/home/steffens/KITrain/install/camera_simulator:/opt/ros/humble /usr/bin/cmake --install /home/steffens/KITrain/build/gnss
[3.908s] -- Install configuration: ""
[3.908s] -- Installing: /home/steffens/KITrain/install/gnss/lib/gnss/gnss_udp_publisher
[3.910s] -- Set runtime path of "/home/steffens/KITrain/install/gnss/lib/gnss/gnss_udp_publisher" to ""
[3.910s] -- Up-to-date: /home/steffens/KITrain/install/gnss/share/ament_index/resource_index/package_run_dependencies/gnss
[3.910s] -- Up-to-date: /home/steffens/KITrain/install/gnss/share/ament_index/resource_index/parent_prefix_path/gnss
[3.910s] -- Up-to-date: /home/steffens/KITrain/install/gnss/share/gnss/environment/ament_prefix_path.sh
[3.910s] -- Up-to-date: /home/steffens/KITrain/install/gnss/share/gnss/environment/ament_prefix_path.dsv
[3.910s] -- Up-to-date: /home/steffens/KITrain/install/gnss/share/gnss/environment/path.sh
[3.911s] -- Up-to-date: /home/steffens/KITrain/install/gnss/share/gnss/environment/path.dsv
[3.911s] -- Up-to-date: /home/steffens/KITrain/install/gnss/share/gnss/local_setup.bash
[3.911s] -- Up-to-date: /home/steffens/KITrain/install/gnss/share/gnss/local_setup.sh
[3.911s] -- Up-to-date: /home/steffens/KITrain/install/gnss/share/gnss/local_setup.zsh
[3.911s] -- Up-to-date: /home/steffens/KITrain/install/gnss/share/gnss/local_setup.dsv
[3.911s] -- Installing: /home/steffens/KITrain/install/gnss/share/gnss/package.dsv
[3.911s] -- Up-to-date: /home/steffens/KITrain/install/gnss/share/ament_index/resource_index/packages/gnss
[3.911s] -- Up-to-date: /home/steffens/KITrain/install/gnss/share/gnss/cmake/gnssConfig.cmake
[3.911s] -- Up-to-date: /home/steffens/KITrain/install/gnss/share/gnss/cmake/gnssConfig-version.cmake
[3.911s] -- Up-to-date: /home/steffens/KITrain/install/gnss/share/gnss/package.xml
[3.913s] Invoked command in '/home/steffens/KITrain/build/gnss' returned '0': CMAKE_PREFIX_PATH=${CMAKE_PREFIX_PATH}:/home/steffens/KITrain/install/camera_simulator:/opt/ros/humble /usr/bin/cmake --install /home/steffens/KITrain/build/gnss
