[35m[1mConsolidate compiler generated dependencies of target lidar_udp_publisher[0m
[ 50%] [32mBuilding CXX object CMakeFiles/lidar_udp_publisher.dir/src/lidar_udp_to_topic.cpp.o[0m
[01m[K/home/steffens/KITrain/src/ki_train/sensors/lidar/src/lidar_udp_to_topic.cpp:[m[K In member function ‘[01m[Kbool LidarUDPPublisher::convertToPointCloud(const char*, size_t)[m[K’:
[01m[K/home/steffens/KITrain/src/ki_train/sensors/lidar/src/lidar_udp_to_topic.cpp:170:46:[m[K [01;31m[Kerror: [m[Kconversion from ‘[01m[Kdouble[m[K’ to non-scalar type ‘[01m[Kstd::string[m[K’ {aka ‘[01m[Kstd::__cxx11::basic_string<char>[m[K’} requested
  170 |                 std::string label = [01;31m[Kstd::stod(tokens[i + 7])[m[K;
      |                                     [01;31m[K~~~~~~~~~^~~~~~~~~~~~~~~[m[K
[01m[K/home/steffens/KITrain/src/ki_train/sensors/lidar/src/lidar_udp_to_topic.cpp:171:46:[m[K [01;31m[Kerror: [m[Kno matching function for call to ‘[01m[Kstd::vector<double, std::allocator<double> >::push_back(std::string&)[m[K’
  171 |                 [01;31m[KgroundTruth_buffer_.push_back(label)[m[K;
      |                 [01;31m[K~~~~~~~~~~~~~~~~~~~~~~~~~~~~~^~~~~~~[m[K
In file included from [01m[K/usr/include/c++/11/vector:67[m[K,
                 from [01m[K/usr/include/c++/11/functional:62[m[K,
                 from [01m[K/usr/include/c++/11/pstl/glue_algorithm_defs.h:13[m[K,
                 from [01m[K/usr/include/c++/11/algorithm:74[m[K,
                 from [01m[K/opt/ros/humble/include/rclcpp/rclcpp/executor.hpp:18[m[K,
                 from [01m[K/opt/ros/humble/include/rclcpp/rclcpp/executors/multi_threaded_executor.hpp:25[m[K,
                 from [01m[K/opt/ros/humble/include/rclcpp/rclcpp/executors.hpp:21[m[K,
                 from [01m[K/opt/ros/humble/include/rclcpp/rclcpp/rclcpp.hpp:155[m[K,
                 from [01m[K/home/steffens/KITrain/src/ki_train/sensors/lidar/src/lidar_udp_to_topic.cpp:1[m[K:
[01m[K/usr/include/c++/11/bits/stl_vector.h:1187:7:[m[K [01;36m[Knote: [m[Kcandidate: ‘[01m[Kvoid std::vector<_Tp, _Alloc>::push_back(const value_type&) [with _Tp = double; _Alloc = std::allocator<double>; std::vector<_Tp, _Alloc>::value_type = double][m[K’
 1187 |       [01;36m[Kpush_back[m[K(const value_type& __x)
      |       [01;36m[K^~~~~~~~~[m[K
[01m[K/usr/include/c++/11/bits/stl_vector.h:1187:35:[m[K [01;36m[Knote: [m[K  no known conversion for argument 1 from ‘[01m[Kstd::string[m[K’ {aka ‘[01m[Kstd::__cxx11::basic_string<char>[m[K’} to ‘[01m[Kconst value_type&[m[K’ {aka ‘[01m[Kconst double&[m[K’}
 1187 |       push_back([01;36m[Kconst value_type& __x[m[K)
      |                 [01;36m[K~~~~~~~~~~~~~~~~~~^~~[m[K
[01m[K/usr/include/c++/11/bits/stl_vector.h:1203:7:[m[K [01;36m[Knote: [m[Kcandidate: ‘[01m[Kvoid std::vector<_Tp, _Alloc>::push_back(std::vector<_Tp, _Alloc>::value_type&&) [with _Tp = double; _Alloc = std::allocator<double>; std::vector<_Tp, _Alloc>::value_type = double][m[K’
 1203 |       [01;36m[Kpush_back[m[K(value_type&& __x)
      |       [01;36m[K^~~~~~~~~[m[K
[01m[K/usr/include/c++/11/bits/stl_vector.h:1203:30:[m[K [01;36m[Knote: [m[K  no known conversion for argument 1 from ‘[01m[Kstd::string[m[K’ {aka ‘[01m[Kstd::__cxx11::basic_string<char>[m[K’} to ‘[01m[Kstd::vector<double, std::allocator<double> >::value_type&&[m[K’ {aka ‘[01m[Kdouble&&[m[K’}
 1203 |       push_back([01;36m[Kvalue_type&& __x[m[K)
      |                 [01;36m[K~~~~~~~~~~~~~^~~[m[K
[01m[K/home/steffens/KITrain/src/ki_train/sensors/lidar/src/lidar_udp_to_topic.cpp:[m[K In member function ‘[01m[Kvoid LidarUDPPublisher::publishGroundTruth(const std::vector<double, std::allocator<double> >&)[m[K’:
[01m[K/home/steffens/KITrain/src/ki_train/sensors/lidar/src/lidar_udp_to_topic.cpp:240:6:[m[K [01;31m[Kerror: [m[K‘[01m[Klidar[m[K’ has not been declared
  240 |      [01;31m[Klidar[m[K::msg::GroundTruth labels;
      |      [01;31m[K^~~~~[m[K
[01m[K/home/steffens/KITrain/src/ki_train/sensors/lidar/src/lidar_udp_to_topic.cpp:242:6:[m[K [01;31m[Kerror: [m[K‘[01m[KGroundTruth[m[K’ was not declared in this scope; did you mean ‘[01m[Klidar_msgs::msg::GroundTruth[m[K’?
  242 |      [01;31m[KGroundTruth[m[K.id      = groundTruth_data[i];
      |      [01;31m[K^~~~~~~~~~~[m[K
      |      [32m[Klidar_msgs::msg::GroundTruth[m[K
In file included from [01m[K/home/steffens/KITrain/install/lidar_msgs/include/lidar_msgs/lidar_msgs/msg/ground_truth.hpp:7[m[K,
                 from [01m[K/home/steffens/KITrain/src/ki_train/sensors/lidar/src/lidar_udp_to_topic.cpp:6[m[K:
[01m[K/home/steffens/KITrain/install/lidar_msgs/include/lidar_msgs/lidar_msgs/msg/detail/ground_truth__struct.hpp:234:7:[m[K [01;36m[Knote: [m[K‘[01m[Klidar_msgs::msg::GroundTruth[m[K’ declared here
  234 | using [01;36m[KGroundTruth[m[K =
      |       [01;36m[K^~~~~~~~~~~[m[K
[01m[K/home/steffens/KITrain/src/ki_train/sensors/lidar/src/lidar_udp_to_topic.cpp:253:6:[m[K [01;31m[Kerror: [m[K‘[01m[KgroundTruthPublisher[m[K’ was not declared in this scope; did you mean ‘[01m[KgroundTruthPublisher_[m[K’?
  253 |      [01;31m[KgroundTruthPublisher[m[K->publish(GroundTruth);
      |      [01;31m[K^~~~~~~~~~~~~~~~~~~~[m[K
      |      [32m[KgroundTruthPublisher_[m[K
[01m[K/home/steffens/KITrain/src/ki_train/sensors/lidar/src/lidar_udp_to_topic.cpp:253:36:[m[K [01;31m[Kerror: [m[K‘[01m[KGroundTruth[m[K’ was not declared in this scope; did you mean ‘[01m[Klidar_msgs::msg::GroundTruth[m[K’?
  253 |      groundTruthPublisher->publish([01;31m[KGroundTruth[m[K);
      |                                    [01;31m[K^~~~~~~~~~~[m[K
      |                                    [32m[Klidar_msgs::msg::GroundTruth[m[K
In file included from [01m[K/home/steffens/KITrain/install/lidar_msgs/include/lidar_msgs/lidar_msgs/msg/ground_truth.hpp:7[m[K,
                 from [01m[K/home/steffens/KITrain/src/ki_train/sensors/lidar/src/lidar_udp_to_topic.cpp:6[m[K:
[01m[K/home/steffens/KITrain/install/lidar_msgs/include/lidar_msgs/lidar_msgs/msg/detail/ground_truth__struct.hpp:234:7:[m[K [01;36m[Knote: [m[K‘[01m[Klidar_msgs::msg::GroundTruth[m[K’ declared here
  234 | using [01;36m[KGroundTruth[m[K =
      |       [01;36m[K^~~~~~~~~~~[m[K
gmake[2]: *** [CMakeFiles/lidar_udp_publisher.dir/build.make:76: CMakeFiles/lidar_udp_publisher.dir/src/lidar_udp_to_topic.cpp.o] Error 1
gmake[1]: *** [CMakeFiles/Makefile2:137: CMakeFiles/lidar_udp_publisher.dir/all] Error 2
gmake: *** [Makefile:146: all] Error 2
