[35m[1mConsolidate compiler generated dependencies of target lidar_udp_publisher[0m
[ 50%] [32mBuilding CXX object CMakeFiles/lidar_udp_publisher.dir/src/lidar_udp_to_topic.cpp.o[0m
[01m[K/home/steffens/KITrain/src/ki_train/sensors/lidar/src/lidar_udp_to_topic.cpp:[m[K In constructor ‘[01m[KLidarUDPPublisher::LidarUDPPublisher()[m[K’:
[01m[K/home/steffens/KITrain/src/ki_train/sensors/lidar/src/lidar_udp_to_topic.cpp:17:9:[m[K [01;31m[Kerror: [m[K‘[01m[Kpublisher_[m[K’ was not declared in this scope; did you mean ‘[01m[Krmw_publisher_t[m[K’?
   17 |         [01;31m[Kpublisher_[m[K = this ->create_publisher<sensor_msgs::msg::PointCloud2>("pointcloud", 10);
      |         [01;31m[K^~~~~~~~~~[m[K
      |         [32m[Krmw_publisher_t[m[K
[01m[K/home/steffens/KITrain/src/ki_train/sensors/lidar/src/lidar_udp_to_topic.cpp:19:9:[m[K [01;31m[Kerror: [m[K‘[01m[KgroundTruthPublisher_[m[K’ was not declared in this scope; did you mean ‘[01m[KgroundTruth_buffer_[m[K’?
   19 |         [01;31m[KgroundTruthPublisher_[m[K = this -> create_publisher<lidar_msgs::msg::GroundTruthArray>("LiDARGroundTruth", 10);
      |         [01;31m[K^~~~~~~~~~~~~~~~~~~~~[m[K
      |         [32m[KgroundTruth_buffer_[m[K
[01m[K/home/steffens/KITrain/src/ki_train/sensors/lidar/src/lidar_udp_to_topic.cpp:22:9:[m[K [01;31m[Kerror: [m[K‘[01m[Ksockfd_[m[K’ was not declared in this scope
   22 |         [01;31m[Ksockfd_[m[K = socket(AF_INET, SOCK_DGRAM, 0);
      |         [01;31m[K^~~~~~~[m[K
[01m[K/home/steffens/KITrain/src/ki_train/sensors/lidar/src/lidar_udp_to_topic.cpp:41:13:[m[K [01;31m[Kerror: [m[K‘[01m[Kreceive_thread_[m[K’ was not declared in this scope
   41 |             [01;31m[Kreceive_thread_[m[K = std::thread(&LidarUDPPublisher::receiveLoop, this);
      |             [01;31m[K^~~~~~~~~~~~~~~[m[K
[01m[K/home/steffens/KITrain/src/ki_train/sensors/lidar/src/lidar_udp_to_topic.cpp:[m[K In destructor ‘[01m[Kvirtual LidarUDPPublisher::~LidarUDPPublisher()[m[K’:
[01m[K/home/steffens/KITrain/src/ki_train/sensors/lidar/src/lidar_udp_to_topic.cpp:46:15:[m[K [01;31m[Kerror: [m[K‘[01m[Ksockfd_[m[K’ was not declared in this scope
   46 |         close([01;31m[Ksockfd_[m[K);
      |               [01;31m[K^~~~~~~[m[K
[01m[K/home/steffens/KITrain/src/ki_train/sensors/lidar/src/lidar_udp_to_topic.cpp:[m[K In member function ‘[01m[Kvoid LidarUDPPublisher::receiveLoop()[m[K’:
[01m[K/home/steffens/KITrain/src/ki_train/sensors/lidar/src/lidar_udp_to_topic.cpp:65:46:[m[K [01;31m[Kerror: [m[K‘[01m[Ksockfd_[m[K’ was not declared in this scope
   65 |             size_t bytes_received = recvfrom([01;31m[Ksockfd_[m[K, buffer, MAX_UDP_PACKET_SIZE,0 , (struct sockaddr *)&client_addr, &addr_len);
      |                                              [01;31m[K^~~~~~~[m[K
[01m[K/home/steffens/KITrain/src/ki_train/sensors/lidar/src/lidar_udp_to_topic.cpp:[m[K In member function ‘[01m[Kbool LidarUDPPublisher::convertToPointCloud(const char*, size_t)[m[K’:
[01m[K/home/steffens/KITrain/src/ki_train/sensors/lidar/src/lidar_udp_to_topic.cpp:143:40:[m[K [01;31m[Kerror: [m[Kcannot convert ‘[01m[Kstd::vector<double, std::allocator<double> >[m[K’ to ‘[01m[Kconst std::vector<lidar_msgs::msg::GroundTruth_<std::allocator<void> >, std::allocator<lidar_msgs::msg::GroundTruth_<std::allocator<void> > > >&[m[K’
  143 |                     publishGroundTruth([01;31m[KgroundTruth_buffer_[m[K);
      |                                        [01;31m[K^~~~~~~~~~~~~~~~~~~[m[K
      |                                        [01;31m[K|[m[K
      |                                        [01;31m[Kstd::vector<double, std::allocator<double> >[m[K
[01m[K/home/steffens/KITrain/src/ki_train/sensors/lidar/src/lidar_udp_to_topic.cpp:271:74:[m[K [01;36m[Knote: [m[K  initializing argument 1 of ‘[01m[Kvoid LidarUDPPublisher::publishGroundTruth(const std::vector<lidar_msgs::msg::GroundTruth_<std::allocator<void> >, std::allocator<lidar_msgs::msg::GroundTruth_<std::allocator<void> > > >&)[m[K’
  271 | void publishGroundTruth([01;36m[Kconst std::vector<lidar_msgs::msg::GroundTruth>& buffer[m[K) {
      |                         [01;36m[K~~~~~~~~~~~~~~~~~~~~~~~~~~~~~~~~~~~~~~~~~~~~~~~~~^~~~~~[m[K
[01m[K/home/steffens/KITrain/src/ki_train/sensors/lidar/src/lidar_udp_to_topic.cpp:152:33:[m[K [01;31m[Kerror: [m[K‘[01m[Kusing GroundTruth = struct lidar_msgs::msg::GroundTruth_<std::allocator<void> >[m[K’ {aka ‘[01m[Kstruct lidar_msgs::msg::GroundTruth_<std::allocator<void> >[m[K’} has no member named ‘[01m[Kheader[m[K’
  152 |                 groundtruth_msg.[01;31m[Kheader[m[K.stamp = this->now();
      |                                 [01;31m[K^~~~~~[m[K
[01m[K/home/steffens/KITrain/src/ki_train/sensors/lidar/src/lidar_udp_to_topic.cpp:153:33:[m[K [01;31m[Kerror: [m[K‘[01m[Kusing GroundTruth = struct lidar_msgs::msg::GroundTruth_<std::allocator<void> >[m[K’ {aka ‘[01m[Kstruct lidar_msgs::msg::GroundTruth_<std::allocator<void> >[m[K’} has no member named ‘[01m[Kheader[m[K’
  153 |                 groundtruth_msg.[01;31m[Kheader[m[K.frame_id = "frameidLiDARLabel";
      |                                 [01;31m[K^~~~~~[m[K
[01m[K/home/steffens/KITrain/src/ki_train/sensors/lidar/src/lidar_udp_to_topic.cpp:163:46:[m[K [01;31m[Kerror: [m[Kno matching function for call to ‘[01m[Kstd::vector<double, std::allocator<double> >::push_back(lidar_msgs::msg::GroundTruth&)[m[K’
  163 |                 [01;31m[KgroundTruth_buffer_.push_back(groundtruth_msg)[m[K;
      |                 [01;31m[K~~~~~~~~~~~~~~~~~~~~~~~~~~~~~^~~~~~~~~~~~~~~~~[m[K
In file included from [01m[K/usr/include/c++/11/vector:67[m[K,
                 from [01m[K/usr/include/c++/11/functional:62[m[K,
                 from [01m[K/usr/include/c++/11/pstl/glue_algorithm_defs.h:13[m[K,
                 from [01m[K/usr/include/c++/11/algorithm:74[m[K,
                 from [01m[K/opt/ros/humble/include/rclcpp/rclcpp/executor.hpp:18[m[K,
                 from [01m[K/opt/ros/humble/include/rclcpp/rclcpp/executors/multi_threaded_executor.hpp:25[m[K,
                 from [01m[K/opt/ros/humble/include/rclcpp/rclcpp/executors.hpp:21[m[K,
                 from [01m[K/opt/ros/humble/include/rclcpp/rclcpp/rclcpp.hpp:155[m[K,
                 from [01m[K/home/steffens/KITrain/src/ki_train/sensors/lidar/src/lidar_udp_to_topic.cpp:1[m[K:
[01m[K/usr/include/c++/11/bits/stl_vector.h:1187:7:[m[K [01;36m[Knote: [m[Kcandidate: ‘[01m[Kvoid std::vector<_Tp, _Alloc>::push_back(const value_type&) [with _Tp = double; _Alloc = std::allocator<double>; std::vector<_Tp, _Alloc>::value_type = double][m[K’
 1187 |       [01;36m[Kpush_back[m[K(const value_type& __x)
      |       [01;36m[K^~~~~~~~~[m[K
[01m[K/usr/include/c++/11/bits/stl_vector.h:1187:35:[m[K [01;36m[Knote: [m[K  no known conversion for argument 1 from ‘[01m[Klidar_msgs::msg::GroundTruth[m[K’ {aka ‘[01m[Klidar_msgs::msg::GroundTruth_<std::allocator<void> >[m[K’} to ‘[01m[Kconst value_type&[m[K’ {aka ‘[01m[Kconst double&[m[K’}
 1187 |       push_back([01;36m[Kconst value_type& __x[m[K)
      |                 [01;36m[K~~~~~~~~~~~~~~~~~~^~~[m[K
[01m[K/usr/include/c++/11/bits/stl_vector.h:1203:7:[m[K [01;36m[Knote: [m[Kcandidate: ‘[01m[Kvoid std::vector<_Tp, _Alloc>::push_back(std::vector<_Tp, _Alloc>::value_type&&) [with _Tp = double; _Alloc = std::allocator<double>; std::vector<_Tp, _Alloc>::value_type = double][m[K’
 1203 |       [01;36m[Kpush_back[m[K(value_type&& __x)
      |       [01;36m[K^~~~~~~~~[m[K
[01m[K/usr/include/c++/11/bits/stl_vector.h:1203:30:[m[K [01;36m[Knote: [m[K  no known conversion for argument 1 from ‘[01m[Klidar_msgs::msg::GroundTruth[m[K’ {aka ‘[01m[Klidar_msgs::msg::GroundTruth_<std::allocator<void> >[m[K’} to ‘[01m[Kstd::vector<double, std::allocator<double> >::value_type&&[m[K’ {aka ‘[01m[Kdouble&&[m[K’}
 1203 |       push_back([01;36m[Kvalue_type&& __x[m[K)
      |                 [01;36m[K~~~~~~~~~~~~~^~~[m[K
[01m[K/home/steffens/KITrain/src/ki_train/sensors/lidar/src/lidar_udp_to_topic.cpp:[m[K In member function ‘[01m[Kvoid LidarUDPPublisher::publishPointcloud(const std::vector<double, std::allocator<double> >&)[m[K’:
[01m[K/home/steffens/KITrain/src/ki_train/sensors/lidar/src/lidar_udp_to_topic.cpp:246:5:[m[K [01;31m[Kerror: [m[K‘[01m[Kpublisher_[m[K’ was not declared in this scope; did you mean ‘[01m[Krmw_publisher_t[m[K’?
  246 |     [01;31m[Kpublisher_[m[K->publish(pointcloud_msg);
      |     [01;31m[K^~~~~~~~~~[m[K
      |     [32m[Krmw_publisher_t[m[K
[01m[K/home/steffens/KITrain/src/ki_train/sensors/lidar/src/lidar_udp_to_topic.cpp:[m[K In member function ‘[01m[Kvoid LidarUDPPublisher::publishGroundTruth(const std::vector<lidar_msgs::msg::GroundTruth_<std::allocator<void> >, std::allocator<lidar_msgs::msg::GroundTruth_<std::allocator<void> > > >&)[m[K’:
[01m[K/home/steffens/KITrain/src/ki_train/sensors/lidar/src/lidar_udp_to_topic.cpp:273:13:[m[K [01;31m[Kerror: [m[K‘[01m[Kpublisher_[m[K’ was not declared in this scope; did you mean ‘[01m[Krmw_publisher_t[m[K’?
  273 |             [01;31m[Kpublisher_[m[K->publish(groundtruth_msg);
      |             [01;31m[K^~~~~~~~~~[m[K
      |             [32m[Krmw_publisher_t[m[K
[01m[K/home/steffens/KITrain/src/ki_train/sensors/lidar/src/lidar_udp_to_topic.cpp:[m[K At global scope:
[01m[K/home/steffens/KITrain/src/ki_train/sensors/lidar/src/lidar_udp_to_topic.cpp:277:5:[m[K [01;31m[Kerror: [m[Kspecializing member ‘[01m[Krclcpp::Publisher<sensor_msgs::msg::PointCloud2_<std::allocator<void> >, std::allocator<void> >::SharedPtr[m[K’ requires ‘[01m[Ktemplate<>[m[K’ syntax
  277 |     [01;31m[Krclcpp[m[K::Publisher<sensor_msgs::msg::PointCloud2>::SharedPtr publisher_;
      |     [01;31m[K^~~~~~[m[K
[01m[K/home/steffens/KITrain/src/ki_train/sensors/lidar/src/lidar_udp_to_topic.cpp:283:1:[m[K [01;31m[Kerror: [m[Kexpected declaration before ‘[01m[K}[m[K’ token
  283 | [01;31m[K}[m[K;
      | [01;31m[K^[m[K
gmake[2]: *** [CMakeFiles/lidar_udp_publisher.dir/build.make:76: CMakeFiles/lidar_udp_publisher.dir/src/lidar_udp_to_topic.cpp.o] Error 1
gmake[1]: *** [CMakeFiles/Makefile2:137: CMakeFiles/lidar_udp_publisher.dir/all] Error 2
gmake: *** [Makefile:146: all] Error 2
