[0.270s] Invoking command in '/home/steffens/KITrain/build/target_distance_estimator': CMAKE_PREFIX_PATH=${CMAKE_PREFIX_PATH}:/home/steffens/KITrain/install/camera_simulator:/opt/ros/humble /usr/bin/cmake /home/steffens/KITrain/src/ki_train/driving_decision_maker/target_distance_estimator -DCMAKE_INSTALL_PREFIX=/home/steffens/KITrain/install/target_distance_estimator
[0.941s] -- The C compiler identification is GNU 11.4.0
[0.941s] -- The CXX compiler identification is GNU 11.4.0
[0.942s] -- Detecting C compiler ABI info
[0.942s] -- Detecting C compiler ABI info - done
[0.942s] -- Check for working C compiler: /usr/bin/cc - skipped
[0.942s] -- Detecting C compile features
[0.942s] -- Detecting C compile features - done
[0.943s] -- Detecting CXX compiler ABI info
[0.943s] -- Detecting CXX compiler ABI info - done
[0.943s] -- Check for working CXX compiler: /usr/bin/c++ - skipped
[0.943s] -- Detecting CXX compile features
[0.944s] -- Detecting CXX compile features - done
[0.944s] -- Found ament_cmake: 1.3.9 (/opt/ros/humble/share/ament_cmake/cmake)
[0.944s] -- Found Python3: /usr/bin/python3 (found version "3.10.12") found components: Interpreter 
[0.944s] -- Found ament_lint_auto: 0.12.11 (/opt/ros/humble/share/ament_lint_auto/cmake)
[0.945s] -- Added test 'lint_cmake' to check CMake code style
[0.946s] -- Added test 'xmllint' to check XML markup files
[0.947s] -- Configuring done
[0.947s] -- Generating done
[0.947s] -- Build files have been written to: /home/steffens/KITrain/build/target_distance_estimator
[0.989s] Invoked command in '/home/steffens/KITrain/build/target_distance_estimator' returned '0': CMAKE_PREFIX_PATH=${CMAKE_PREFIX_PATH}:/home/steffens/KITrain/install/camera_simulator:/opt/ros/humble /usr/bin/cmake /home/steffens/KITrain/src/ki_train/driving_decision_maker/target_distance_estimator -DCMAKE_INSTALL_PREFIX=/home/steffens/KITrain/install/target_distance_estimator
[0.991s] Invoking command in '/home/steffens/KITrain/build/target_distance_estimator': CMAKE_PREFIX_PATH=${CMAKE_PREFIX_PATH}:/home/steffens/KITrain/install/camera_simulator:/opt/ros/humble /usr/bin/cmake --build /home/steffens/KITrain/build/target_distance_estimator -- -j16 -l16
[1.043s] Invoked command in '/home/steffens/KITrain/build/target_distance_estimator' returned '0': CMAKE_PREFIX_PATH=${CMAKE_PREFIX_PATH}:/home/steffens/KITrain/install/camera_simulator:/opt/ros/humble /usr/bin/cmake --build /home/steffens/KITrain/build/target_distance_estimator -- -j16 -l16
[1.080s] Invoking command in '/home/steffens/KITrain/build/target_distance_estimator': CMAKE_PREFIX_PATH=${CMAKE_PREFIX_PATH}:/home/steffens/KITrain/install/camera_simulator:/opt/ros/humble /usr/bin/cmake --install /home/steffens/KITrain/build/target_distance_estimator
[1.105s] -- Install configuration: ""
[1.105s] -- Installing: /home/steffens/KITrain/install/target_distance_estimator/share/ament_index/resource_index/package_run_dependencies/target_distance_estimator
[1.105s] -- Installing: /home/steffens/KITrain/install/target_distance_estimator/share/ament_index/resource_index/parent_prefix_path/target_distance_estimator
[1.105s] -- Installing: /home/steffens/KITrain/install/target_distance_estimator/share/target_distance_estimator/environment/ament_prefix_path.sh
[1.105s] -- Installing: /home/steffens/KITrain/install/target_distance_estimator/share/target_distance_estimator/environment/ament_prefix_path.dsv
[1.105s] -- Installing: /home/steffens/KITrain/install/target_distance_estimator/share/target_distance_estimator/environment/path.sh
[1.105s] -- Installing: /home/steffens/KITrain/install/target_distance_estimator/share/target_distance_estimator/environment/path.dsv
[1.106s] -- Installing: /home/steffens/KITrain/install/target_distance_estimator/share/target_distance_estimator/local_setup.bash
[1.106s] -- Installing: /home/steffens/KITrain/install/target_distance_estimator/share/target_distance_estimator/local_setup.sh
[1.106s] -- Installing: /home/steffens/KITrain/install/target_distance_estimator/share/target_distance_estimator/local_setup.zsh
[1.106s] -- Installing: /home/steffens/KITrain/install/target_distance_estimator/share/target_distance_estimator/local_setup.dsv
[1.107s] -- Installing: /home/steffens/KITrain/install/target_distance_estimator/share/target_distance_estimator/package.dsv
[1.107s] -- Installing: /home/steffens/KITrain/install/target_distance_estimator/share/ament_index/resource_index/packages/target_distance_estimator
[1.107s] -- Installing: /home/steffens/KITrain/install/target_distance_estimator/share/target_distance_estimator/cmake/target_distance_estimatorConfig.cmake
[1.107s] -- Installing: /home/steffens/KITrain/install/target_distance_estimator/share/target_distance_estimator/cmake/target_distance_estimatorConfig-version.cmake
[1.107s] -- Installing: /home/steffens/KITrain/install/target_distance_estimator/share/target_distance_estimator/package.xml
[1.129s] Invoked command in '/home/steffens/KITrain/build/target_distance_estimator' returned '0': CMAKE_PREFIX_PATH=${CMAKE_PREFIX_PATH}:/home/steffens/KITrain/install/camera_simulator:/opt/ros/humble /usr/bin/cmake --install /home/steffens/KITrain/build/target_distance_estimator
