[0.361s] Invoking command in '/home/steffens/KITrain/build/clearance_profile_observer': CMAKE_PREFIX_PATH=${CMAKE_PREFIX_PATH}:/home/steffens/KITrain/install/camera_simulator:/opt/ros/humble /usr/bin/cmake --build /home/steffens/KITrain/build/clearance_profile_observer -- -j16 -l16
[0.431s] Invoked command in '/home/steffens/KITrain/build/clearance_profile_observer' returned '0': CMAKE_PREFIX_PATH=${CMAKE_PREFIX_PATH}:/home/steffens/KITrain/install/camera_simulator:/opt/ros/humble /usr/bin/cmake --build /home/steffens/KITrain/build/clearance_profile_observer -- -j16 -l16
[0.494s] Invoking command in '/home/steffens/KITrain/build/clearance_profile_observer': CMAKE_PREFIX_PATH=${CMAKE_PREFIX_PATH}:/home/steffens/KITrain/install/camera_simulator:/opt/ros/humble /usr/bin/cmake --install /home/steffens/KITrain/build/clearance_profile_observer
[0.504s] -- Install configuration: ""
[0.504s] -- Up-to-date: /home/steffens/KITrain/install/clearance_profile_observer/share/ament_index/resource_index/package_run_dependencies/clearance_profile_observer
[0.504s] -- Up-to-date: /home/steffens/KITrain/install/clearance_profile_observer/share/ament_index/resource_index/parent_prefix_path/clearance_profile_observer
[0.505s] -- Up-to-date: /home/steffens/KITrain/install/clearance_profile_observer/share/clearance_profile_observer/environment/ament_prefix_path.sh
[0.506s] -- Up-to-date: /home/steffens/KITrain/install/clearance_profile_observer/share/clearance_profile_observer/environment/ament_prefix_path.dsv
[0.506s] -- Up-to-date: /home/steffens/KITrain/install/clearance_profile_observer/share/clearance_profile_observer/environment/path.sh
[0.508s] -- Up-to-date: /home/steffens/KITrain/install/clearance_profile_observer/share/clearance_profile_observer/environment/path.dsv
[0.508s] -- Up-to-date: /home/steffens/KITrain/install/clearance_profile_observer/share/clearance_profile_observer/local_setup.bash
[0.508s] -- Up-to-date: /home/steffens/KITrain/install/clearance_profile_observer/share/clearance_profile_observer/local_setup.sh
[0.509s] -- Up-to-date: /home/steffens/KITrain/install/clearance_profile_observer/share/clearance_profile_observer/local_setup.zsh
[0.509s] -- Up-to-date: /home/steffens/KITrain/install/clearance_profile_observer/share/clearance_profile_observer/local_setup.dsv
[0.509s] -- Installing: /home/steffens/KITrain/install/clearance_profile_observer/share/clearance_profile_observer/package.dsv
[0.509s] -- Up-to-date: /home/steffens/KITrain/install/clearance_profile_observer/share/ament_index/resource_index/packages/clearance_profile_observer
[0.509s] -- Up-to-date: /home/steffens/KITrain/install/clearance_profile_observer/share/clearance_profile_observer/cmake/clearance_profile_observerConfig.cmake
[0.509s] -- Up-to-date: /home/steffens/KITrain/install/clearance_profile_observer/share/clearance_profile_observer/cmake/clearance_profile_observerConfig-version.cmake
[0.510s] -- Up-to-date: /home/steffens/KITrain/install/clearance_profile_observer/share/clearance_profile_observer/package.xml
[0.564s] Invoked command in '/home/steffens/KITrain/build/clearance_profile_observer' returned '0': CMAKE_PREFIX_PATH=${CMAKE_PREFIX_PATH}:/home/steffens/KITrain/install/camera_simulator:/opt/ros/humble /usr/bin/cmake --install /home/steffens/KITrain/build/clearance_profile_observer
