-- The C compiler identification is GNU 11.4.0
-- The CXX compiler identification is GNU 11.4.0
-- Detecting C compiler ABI info
-- Detecting C compiler ABI info - done
-- Check for working C compiler: /usr/bin/cc - skipped
-- Detecting C compile features
-- Detecting C compile features - done
-- Detecting CXX compiler ABI info
-- Detecting CXX compiler ABI info - done
-- Check for working CXX compiler: /usr/bin/c++ - skipped
-- Detecting CXX compile features
-- Detecting CXX compile features - done
-- Found ament_cmake: 1.3.9 (/opt/ros/humble/share/ament_cmake/cmake)
-- Found Python3: /usr/bin/python3 (found version "3.10.12") found components: Interpreter 
-- Found rclcpp: 16.0.9 (/opt/ros/humble/share/rclcpp/cmake)
-- Found rosidl_generator_c: 3.1.5 (/opt/ros/humble/share/rosidl_generator_c/cmake)
-- Found rosidl_adapter: 3.1.5 (/opt/ros/humble/share/rosidl_adapter/cmake)
-- Found rosidl_generator_cpp: 3.1.5 (/opt/ros/humble/share/rosidl_generator_cpp/cmake)
-- Using all available rosidl_typesupport_c: rosidl_typesupport_fastrtps_c;rosidl_typesupport_introspection_c
-- Using all available rosidl_typesupport_cpp: rosidl_typesupport_fastrtps_cpp;rosidl_typesupport_introspection_cpp
-- Found rmw_implementation_cmake: 6.1.2 (/opt/ros/humble/share/rmw_implementation_cmake/cmake)
-- Found rmw_fastrtps_cpp: 6.2.6 (/opt/ros/humble/share/rmw_fastrtps_cpp/cmake)
-- Found OpenSSL: /usr/lib/x86_64-linux-gnu/libcrypto.so (found version "3.0.2")  
-- Found FastRTPS: /opt/ros/humble/include  
-- Using RMW implementation 'rmw_fastrtps_cpp' as default
-- Looking for pthread.h
-- Looking for pthread.h - found
-- Performing Test CMAKE_HAVE_LIBC_PTHREAD
-- Performing Test CMAKE_HAVE_LIBC_PTHREAD - Success
-- Found Threads: TRUE  
-- Found rosidl_default_generators: 1.2.0 (/opt/ros/humble/share/rosidl_default_generators/cmake)
-- Found ament_cmake_ros: 0.10.0 (/opt/ros/humble/share/ament_cmake_ros/cmake)
-- Using all available rosidl_typesupport_c: rosidl_typesupport_fastrtps_c;rosidl_typesupport_introspection_c
-- Using all available rosidl_typesupport_cpp: rosidl_typesupport_fastrtps_cpp;rosidl_typesupport_introspection_cpp
-- Found PythonInterp: /usr/bin/python3 (found suitable version "3.10.12", minimum required is "3.6") 
-- Found python_cmake_module: 0.10.0 (/opt/ros/humble/share/python_cmake_module/cmake)
-- Found PythonLibs: /usr/lib/x86_64-linux-gnu/libpython3.10.so (found suitable version "3.10.12", minimum required is "3.5") 
-- Using PYTHON_EXECUTABLE: /usr/bin/python3
-- Using PYTHON_INCLUDE_DIRS: /usr/include/python3.10
-- Using PYTHON_LIBRARIES: /usr/lib/x86_64-linux-gnu/libpython3.10.so
-- Found PythonExtra: .so  
-- Found ament_lint_auto: 0.12.11 (/opt/ros/humble/share/ament_lint_auto/cmake)
-- Added test 'copyright' to check source files copyright and LICENSE
-- Added test 'lint_cmake' to check CMake code style
-- Added test 'xmllint' to check XML markup files
-- Configuring done
-- Generating done
-- Build files have been written to: /home/steffens/KITrain/build/lidar_msgs
[  2%] [34m[1mGenerating C code for ROS interfaces[0m
[  5%] [34m[1mGenerating C++ code for ROS interfaces[0m
[  5%] Built target ament_cmake_python_copy_lidar_msgs
running egg_info
creating lidar_msgs.egg-info
writing lidar_msgs.egg-info/PKG-INFO
writing dependency_links to lidar_msgs.egg-info/dependency_links.txt
writing top-level names to lidar_msgs.egg-info/top_level.txt
writing manifest file 'lidar_msgs.egg-info/SOURCES.txt'
reading manifest file 'lidar_msgs.egg-info/SOURCES.txt'
writing manifest file 'lidar_msgs.egg-info/SOURCES.txt'
[  5%] Built target ament_cmake_python_build_lidar_msgs_egg
[  7%] [32mBuilding C object CMakeFiles/lidar_msgs__rosidl_generator_c.dir/rosidl_generator_c/lidar_msgs/msg/detail/ground_truth__functions.c.o[0m
[ 10%] [32mBuilding C object CMakeFiles/lidar_msgs__rosidl_generator_c.dir/rosidl_generator_c/lidar_msgs/msg/detail/ground_truth_array__functions.c.o[0m
[ 10%] Built target lidar_msgs__cpp
[ 12%] [34m[1mGenerating C++ type support for eProsima Fast-RTPS[0m
[ 17%] [34m[1mGenerating C++ introspection for ROS interfaces[0m
[ 17%] [34m[1mGenerating C++ type support dispatch for ROS interfaces[0m
[ 20%] [32m[1mLinking C shared library liblidar_msgs__rosidl_generator_c.so[0m
[ 20%] Built target lidar_msgs__rosidl_generator_c
[ 25%] [34m[1mGenerating C introspection for ROS interfaces[0m
[ 25%] [34m[1mGenerating C type support for eProsima Fast-RTPS[0m
[ 28%] [34m[1mGenerating C type support dispatch for ROS interfaces[0m
[ 30%] [32mBuilding CXX object CMakeFiles/lidar_msgs__rosidl_typesupport_cpp.dir/rosidl_typesupport_cpp/lidar_msgs/msg/ground_truth__type_support.cpp.o[0m
[ 33%] [32mBuilding CXX object CMakeFiles/lidar_msgs__rosidl_typesupport_cpp.dir/rosidl_typesupport_cpp/lidar_msgs/msg/ground_truth_array__type_support.cpp.o[0m
[ 35%] [32mBuilding CXX object CMakeFiles/lidar_msgs__rosidl_typesupport_fastrtps_cpp.dir/rosidl_typesupport_fastrtps_cpp/lidar_msgs/msg/detail/dds_fastrtps/ground_truth__type_support.cpp.o[0m
[ 38%] [32mBuilding CXX object CMakeFiles/lidar_msgs__rosidl_typesupport_fastrtps_cpp.dir/rosidl_typesupport_fastrtps_cpp/lidar_msgs/msg/detail/dds_fastrtps/ground_truth_array__type_support.cpp.o[0m
[ 41%] [32mBuilding CXX object CMakeFiles/lidar_msgs__rosidl_typesupport_introspection_cpp.dir/rosidl_typesupport_introspection_cpp/lidar_msgs/msg/detail/ground_truth__type_support.cpp.o[0m
[ 43%] [32mBuilding CXX object CMakeFiles/lidar_msgs__rosidl_typesupport_introspection_cpp.dir/rosidl_typesupport_introspection_cpp/lidar_msgs/msg/detail/ground_truth_array__type_support.cpp.o[0m
[ 46%] [32mBuilding CXX object CMakeFiles/lidar_msgs__rosidl_typesupport_c.dir/rosidl_typesupport_c/lidar_msgs/msg/ground_truth_array__type_support.cpp.o[0m
[ 48%] [32mBuilding CXX object CMakeFiles/lidar_msgs__rosidl_typesupport_c.dir/rosidl_typesupport_c/lidar_msgs/msg/ground_truth__type_support.cpp.o[0m
[ 53%] [32mBuilding C object CMakeFiles/lidar_msgs__rosidl_typesupport_introspection_c.dir/rosidl_typesupport_introspection_c/lidar_msgs/msg/detail/ground_truth__type_support.c.o[0m
[ 53%] [32mBuilding C object CMakeFiles/lidar_msgs__rosidl_typesupport_introspection_c.dir/rosidl_typesupport_introspection_c/lidar_msgs/msg/detail/ground_truth_array__type_support.c.o[0m
[ 56%] [32mBuilding CXX object CMakeFiles/lidar_msgs__rosidl_typesupport_fastrtps_c.dir/rosidl_typesupport_fastrtps_c/lidar_msgs/msg/detail/ground_truth_array__type_support_c.cpp.o[0m
[ 58%] [32mBuilding CXX object CMakeFiles/lidar_msgs__rosidl_typesupport_fastrtps_c.dir/rosidl_typesupport_fastrtps_c/lidar_msgs/msg/detail/ground_truth__type_support_c.cpp.o[0m
[ 61%] [32m[1mLinking CXX shared library liblidar_msgs__rosidl_typesupport_c.so[0m
[ 64%] [32m[1mLinking C shared library liblidar_msgs__rosidl_typesupport_introspection_c.so[0m
[ 64%] Built target lidar_msgs__rosidl_typesupport_c
[ 64%] Built target lidar_msgs__rosidl_typesupport_introspection_c
[ 66%] [32m[1mLinking CXX shared library liblidar_msgs__rosidl_typesupport_cpp.so[0m
[ 66%] Built target lidar_msgs__rosidl_typesupport_cpp
[ 69%] [32m[1mLinking CXX shared library liblidar_msgs__rosidl_typesupport_introspection_cpp.so[0m
[ 71%] [32m[1mLinking CXX shared library liblidar_msgs__rosidl_typesupport_fastrtps_cpp.so[0m
[ 74%] [32m[1mLinking CXX shared library liblidar_msgs__rosidl_typesupport_fastrtps_c.so[0m
[ 74%] Built target lidar_msgs__rosidl_typesupport_introspection_cpp
[ 74%] Built target lidar_msgs__rosidl_typesupport_fastrtps_cpp
[ 74%] Built target lidar_msgs__rosidl_typesupport_fastrtps_c
[ 74%] Built target lidar_msgs
[ 76%] [34m[1mGenerating Python code for ROS interfaces[0m
[ 76%] Built target lidar_msgs__py
[ 79%] [32mBuilding C object CMakeFiles/lidar_msgs__rosidl_generator_py.dir/rosidl_generator_py/lidar_msgs/msg/_ground_truth_s.c.o[0m
[ 82%] [32mBuilding C object CMakeFiles/lidar_msgs__rosidl_generator_py.dir/rosidl_generator_py/lidar_msgs/msg/_ground_truth_array_s.c.o[0m
[ 84%] [32m[1mLinking C shared library rosidl_generator_py/lidar_msgs/liblidar_msgs__rosidl_generator_py.so[0m
[ 84%] Built target lidar_msgs__rosidl_generator_py
[ 87%] [32mBuilding C object CMakeFiles/lidar_msgs__rosidl_typesupport_fastrtps_c__pyext.dir/rosidl_generator_py/lidar_msgs/_lidar_msgs_s.ep.rosidl_typesupport_fastrtps_c.c.o[0m
[ 89%] [32mBuilding C object CMakeFiles/lidar_msgs__rosidl_typesupport_c__pyext.dir/rosidl_generator_py/lidar_msgs/_lidar_msgs_s.ep.rosidl_typesupport_c.c.o[0m
[ 92%] [32mBuilding C object CMakeFiles/lidar_msgs__rosidl_typesupport_introspection_c__pyext.dir/rosidl_generator_py/lidar_msgs/_lidar_msgs_s.ep.rosidl_typesupport_introspection_c.c.o[0m
[ 94%] [32m[1mLinking C shared library rosidl_generator_py/lidar_msgs/lidar_msgs_s__rosidl_typesupport_c.cpython-310-x86_64-linux-gnu.so[0m
[ 97%] [32m[1mLinking C shared library rosidl_generator_py/lidar_msgs/lidar_msgs_s__rosidl_typesupport_introspection_c.cpython-310-x86_64-linux-gnu.so[0m
[100%] [32m[1mLinking C shared library rosidl_generator_py/lidar_msgs/lidar_msgs_s__rosidl_typesupport_fastrtps_c.cpython-310-x86_64-linux-gnu.so[0m
[100%] Built target lidar_msgs__rosidl_typesupport_c__pyext
[100%] Built target lidar_msgs__rosidl_typesupport_fastrtps_c__pyext
[100%] Built target lidar_msgs__rosidl_typesupport_introspection_c__pyext
-- Install configuration: ""
-- Installing: /home/steffens/KITrain/install/lidar_msgs/share/ament_index/resource_index/rosidl_interfaces/lidar_msgs
-- Installing: /home/steffens/KITrain/install/lidar_msgs/include/lidar_msgs/lidar_msgs
-- Installing: /home/steffens/KITrain/install/lidar_msgs/include/lidar_msgs/lidar_msgs/msg
-- Installing: /home/steffens/KITrain/install/lidar_msgs/include/lidar_msgs/lidar_msgs/msg/detail
-- Installing: /home/steffens/KITrain/install/lidar_msgs/include/lidar_msgs/lidar_msgs/msg/detail/ground_truth__type_support.h
-- Installing: /home/steffens/KITrain/install/lidar_msgs/include/lidar_msgs/lidar_msgs/msg/detail/ground_truth_array__functions.h
-- Installing: /home/steffens/KITrain/install/lidar_msgs/include/lidar_msgs/lidar_msgs/msg/detail/ground_truth__struct.h
-- Installing: /home/steffens/KITrain/install/lidar_msgs/include/lidar_msgs/lidar_msgs/msg/detail/ground_truth_array__functions.c
-- Installing: /home/steffens/KITrain/install/lidar_msgs/include/lidar_msgs/lidar_msgs/msg/detail/ground_truth__functions.c
-- Installing: /home/steffens/KITrain/install/lidar_msgs/include/lidar_msgs/lidar_msgs/msg/detail/ground_truth_array__type_support.h
-- Installing: /home/steffens/KITrain/install/lidar_msgs/include/lidar_msgs/lidar_msgs/msg/detail/ground_truth__functions.h
-- Installing: /home/steffens/KITrain/install/lidar_msgs/include/lidar_msgs/lidar_msgs/msg/detail/ground_truth_array__struct.h
-- Installing: /home/steffens/KITrain/install/lidar_msgs/include/lidar_msgs/lidar_msgs/msg/ground_truth_array.h
-- Installing: /home/steffens/KITrain/install/lidar_msgs/include/lidar_msgs/lidar_msgs/msg/rosidl_generator_c__visibility_control.h
-- Installing: /home/steffens/KITrain/install/lidar_msgs/include/lidar_msgs/lidar_msgs/msg/ground_truth.h
-- Installing: /home/steffens/KITrain/install/lidar_msgs/share/lidar_msgs/environment/library_path.sh
-- Installing: /home/steffens/KITrain/install/lidar_msgs/share/lidar_msgs/environment/library_path.dsv
-- Installing: /home/steffens/KITrain/install/lidar_msgs/lib/liblidar_msgs__rosidl_generator_c.so
-- Set runtime path of "/home/steffens/KITrain/install/lidar_msgs/lib/liblidar_msgs__rosidl_generator_c.so" to ""
-- Up-to-date: /home/steffens/KITrain/install/lidar_msgs/include/lidar_msgs/lidar_msgs
-- Up-to-date: /home/steffens/KITrain/install/lidar_msgs/include/lidar_msgs/lidar_msgs/msg
-- Up-to-date: /home/steffens/KITrain/install/lidar_msgs/include/lidar_msgs/lidar_msgs/msg/detail
-- Installing: /home/steffens/KITrain/install/lidar_msgs/include/lidar_msgs/lidar_msgs/msg/detail/ground_truth__rosidl_typesupport_fastrtps_c.h
-- Installing: /home/steffens/KITrain/install/lidar_msgs/include/lidar_msgs/lidar_msgs/msg/detail/ground_truth_array__rosidl_typesupport_fastrtps_c.h
-- Installing: /home/steffens/KITrain/install/lidar_msgs/include/lidar_msgs/lidar_msgs/msg/rosidl_typesupport_fastrtps_c__visibility_control.h
-- Installing: /home/steffens/KITrain/install/lidar_msgs/lib/liblidar_msgs__rosidl_typesupport_fastrtps_c.so
-- Set runtime path of "/home/steffens/KITrain/install/lidar_msgs/lib/liblidar_msgs__rosidl_typesupport_fastrtps_c.so" to ""
-- Up-to-date: /home/steffens/KITrain/install/lidar_msgs/include/lidar_msgs/lidar_msgs
-- Up-to-date: /home/steffens/KITrain/install/lidar_msgs/include/lidar_msgs/lidar_msgs/msg
-- Installing: /home/steffens/KITrain/install/lidar_msgs/include/lidar_msgs/lidar_msgs/msg/ground_truth_array.hpp
-- Up-to-date: /home/steffens/KITrain/install/lidar_msgs/include/lidar_msgs/lidar_msgs/msg/detail
-- Installing: /home/steffens/KITrain/install/lidar_msgs/include/lidar_msgs/lidar_msgs/msg/detail/ground_truth_array__struct.hpp
-- Installing: /home/steffens/KITrain/install/lidar_msgs/include/lidar_msgs/lidar_msgs/msg/detail/ground_truth__builder.hpp
-- Installing: /home/steffens/KITrain/install/lidar_msgs/include/lidar_msgs/lidar_msgs/msg/detail/ground_truth__traits.hpp
-- Installing: /home/steffens/KITrain/install/lidar_msgs/include/lidar_msgs/lidar_msgs/msg/detail/ground_truth_array__builder.hpp
-- Installing: /home/steffens/KITrain/install/lidar_msgs/include/lidar_msgs/lidar_msgs/msg/detail/ground_truth__struct.hpp
-- Installing: /home/steffens/KITrain/install/lidar_msgs/include/lidar_msgs/lidar_msgs/msg/detail/ground_truth_array__traits.hpp
-- Installing: /home/steffens/KITrain/install/lidar_msgs/include/lidar_msgs/lidar_msgs/msg/ground_truth.hpp
-- Up-to-date: /home/steffens/KITrain/install/lidar_msgs/include/lidar_msgs/lidar_msgs
-- Up-to-date: /home/steffens/KITrain/install/lidar_msgs/include/lidar_msgs/lidar_msgs/msg
-- Installing: /home/steffens/KITrain/install/lidar_msgs/include/lidar_msgs/lidar_msgs/msg/rosidl_typesupport_fastrtps_cpp__visibility_control.h
-- Up-to-date: /home/steffens/KITrain/install/lidar_msgs/include/lidar_msgs/lidar_msgs/msg/detail
-- Installing: /home/steffens/KITrain/install/lidar_msgs/include/lidar_msgs/lidar_msgs/msg/detail/ground_truth_array__rosidl_typesupport_fastrtps_cpp.hpp
-- Installing: /home/steffens/KITrain/install/lidar_msgs/include/lidar_msgs/lidar_msgs/msg/detail/dds_fastrtps
-- Installing: /home/steffens/KITrain/install/lidar_msgs/include/lidar_msgs/lidar_msgs/msg/detail/ground_truth__rosidl_typesupport_fastrtps_cpp.hpp
-- Installing: /home/steffens/KITrain/install/lidar_msgs/lib/liblidar_msgs__rosidl_typesupport_fastrtps_cpp.so
-- Set runtime path of "/home/steffens/KITrain/install/lidar_msgs/lib/liblidar_msgs__rosidl_typesupport_fastrtps_cpp.so" to ""
-- Up-to-date: /home/steffens/KITrain/install/lidar_msgs/include/lidar_msgs/lidar_msgs
-- Up-to-date: /home/steffens/KITrain/install/lidar_msgs/include/lidar_msgs/lidar_msgs/msg
-- Installing: /home/steffens/KITrain/install/lidar_msgs/include/lidar_msgs/lidar_msgs/msg/rosidl_typesupport_introspection_c__visibility_control.h
-- Up-to-date: /home/steffens/KITrain/install/lidar_msgs/include/lidar_msgs/lidar_msgs/msg/detail
-- Installing: /home/steffens/KITrain/install/lidar_msgs/include/lidar_msgs/lidar_msgs/msg/detail/ground_truth_array__rosidl_typesupport_introspection_c.h
-- Installing: /home/steffens/KITrain/install/lidar_msgs/include/lidar_msgs/lidar_msgs/msg/detail/ground_truth_array__type_support.c
-- Installing: /home/steffens/KITrain/install/lidar_msgs/include/lidar_msgs/lidar_msgs/msg/detail/ground_truth__type_support.c
-- Installing: /home/steffens/KITrain/install/lidar_msgs/include/lidar_msgs/lidar_msgs/msg/detail/ground_truth__rosidl_typesupport_introspection_c.h
-- Installing: /home/steffens/KITrain/install/lidar_msgs/lib/liblidar_msgs__rosidl_typesupport_introspection_c.so
-- Set runtime path of "/home/steffens/KITrain/install/lidar_msgs/lib/liblidar_msgs__rosidl_typesupport_introspection_c.so" to ""
-- Installing: /home/steffens/KITrain/install/lidar_msgs/lib/liblidar_msgs__rosidl_typesupport_c.so
-- Set runtime path of "/home/steffens/KITrain/install/lidar_msgs/lib/liblidar_msgs__rosidl_typesupport_c.so" to ""
-- Up-to-date: /home/steffens/KITrain/install/lidar_msgs/include/lidar_msgs/lidar_msgs
-- Up-to-date: /home/steffens/KITrain/install/lidar_msgs/include/lidar_msgs/lidar_msgs/msg
-- Up-to-date: /home/steffens/KITrain/install/lidar_msgs/include/lidar_msgs/lidar_msgs/msg/detail
-- Installing: /home/steffens/KITrain/install/lidar_msgs/include/lidar_msgs/lidar_msgs/msg/detail/ground_truth_array__type_support.cpp
-- Installing: /home/steffens/KITrain/install/lidar_msgs/include/lidar_msgs/lidar_msgs/msg/detail/ground_truth__type_support.cpp
-- Installing: /home/steffens/KITrain/install/lidar_msgs/include/lidar_msgs/lidar_msgs/msg/detail/ground_truth__rosidl_typesupport_introspection_cpp.hpp
-- Installing: /home/steffens/KITrain/install/lidar_msgs/include/lidar_msgs/lidar_msgs/msg/detail/ground_truth_array__rosidl_typesupport_introspection_cpp.hpp
-- Installing: /home/steffens/KITrain/install/lidar_msgs/lib/liblidar_msgs__rosidl_typesupport_introspection_cpp.so
-- Set runtime path of "/home/steffens/KITrain/install/lidar_msgs/lib/liblidar_msgs__rosidl_typesupport_introspection_cpp.so" to ""
-- Installing: /home/steffens/KITrain/install/lidar_msgs/lib/liblidar_msgs__rosidl_typesupport_cpp.so
-- Set runtime path of "/home/steffens/KITrain/install/lidar_msgs/lib/liblidar_msgs__rosidl_typesupport_cpp.so" to ""
-- Installing: /home/steffens/KITrain/install/lidar_msgs/share/lidar_msgs/environment/pythonpath.sh
-- Installing: /home/steffens/KITrain/install/lidar_msgs/share/lidar_msgs/environment/pythonpath.dsv
-- Installing: /home/steffens/KITrain/install/lidar_msgs/local/lib/python3.10/dist-packages/lidar_msgs-0.0.0-py3.10.egg-info
-- Installing: /home/steffens/KITrain/install/lidar_msgs/local/lib/python3.10/dist-packages/lidar_msgs-0.0.0-py3.10.egg-info/SOURCES.txt
-- Installing: /home/steffens/KITrain/install/lidar_msgs/local/lib/python3.10/dist-packages/lidar_msgs-0.0.0-py3.10.egg-info/dependency_links.txt
-- Installing: /home/steffens/KITrain/install/lidar_msgs/local/lib/python3.10/dist-packages/lidar_msgs-0.0.0-py3.10.egg-info/PKG-INFO
-- Installing: /home/steffens/KITrain/install/lidar_msgs/local/lib/python3.10/dist-packages/lidar_msgs-0.0.0-py3.10.egg-info/top_level.txt
-- Installing: /home/steffens/KITrain/install/lidar_msgs/local/lib/python3.10/dist-packages/lidar_msgs
-- Installing: /home/steffens/KITrain/install/lidar_msgs/local/lib/python3.10/dist-packages/lidar_msgs/__init__.py
-- Installing: /home/steffens/KITrain/install/lidar_msgs/local/lib/python3.10/dist-packages/lidar_msgs/lidar_msgs_s__rosidl_typesupport_fastrtps_c.cpython-310-x86_64-linux-gnu.so
-- Installing: /home/steffens/KITrain/install/lidar_msgs/local/lib/python3.10/dist-packages/lidar_msgs/_lidar_msgs_s.ep.rosidl_typesupport_c.c
-- Installing: /home/steffens/KITrain/install/lidar_msgs/local/lib/python3.10/dist-packages/lidar_msgs/_lidar_msgs_s.ep.rosidl_typesupport_introspection_c.c
-- Installing: /home/steffens/KITrain/install/lidar_msgs/local/lib/python3.10/dist-packages/lidar_msgs/lidar_msgs_s__rosidl_typesupport_introspection_c.cpython-310-x86_64-linux-gnu.so
-- Installing: /home/steffens/KITrain/install/lidar_msgs/local/lib/python3.10/dist-packages/lidar_msgs/_lidar_msgs_s.ep.rosidl_typesupport_fastrtps_c.c
-- Installing: /home/steffens/KITrain/install/lidar_msgs/local/lib/python3.10/dist-packages/lidar_msgs/lidar_msgs_s__rosidl_typesupport_c.cpython-310-x86_64-linux-gnu.so
-- Installing: /home/steffens/KITrain/install/lidar_msgs/local/lib/python3.10/dist-packages/lidar_msgs/liblidar_msgs__rosidl_generator_py.so
-- Installing: /home/steffens/KITrain/install/lidar_msgs/local/lib/python3.10/dist-packages/lidar_msgs/msg
-- Installing: /home/steffens/KITrain/install/lidar_msgs/local/lib/python3.10/dist-packages/lidar_msgs/msg/__init__.py
-- Installing: /home/steffens/KITrain/install/lidar_msgs/local/lib/python3.10/dist-packages/lidar_msgs/msg/_ground_truth_array_s.c
-- Installing: /home/steffens/KITrain/install/lidar_msgs/local/lib/python3.10/dist-packages/lidar_msgs/msg/_ground_truth_array.py
-- Installing: /home/steffens/KITrain/install/lidar_msgs/local/lib/python3.10/dist-packages/lidar_msgs/msg/_ground_truth.py
-- Installing: /home/steffens/KITrain/install/lidar_msgs/local/lib/python3.10/dist-packages/lidar_msgs/msg/_ground_truth_s.c
Listing '/home/steffens/KITrain/install/lidar_msgs/local/lib/python3.10/dist-packages/lidar_msgs'...
Compiling '/home/steffens/KITrain/install/lidar_msgs/local/lib/python3.10/dist-packages/lidar_msgs/__init__.py'...
Listing '/home/steffens/KITrain/install/lidar_msgs/local/lib/python3.10/dist-packages/lidar_msgs/msg'...
Compiling '/home/steffens/KITrain/install/lidar_msgs/local/lib/python3.10/dist-packages/lidar_msgs/msg/__init__.py'...
Compiling '/home/steffens/KITrain/install/lidar_msgs/local/lib/python3.10/dist-packages/lidar_msgs/msg/_ground_truth.py'...
Compiling '/home/steffens/KITrain/install/lidar_msgs/local/lib/python3.10/dist-packages/lidar_msgs/msg/_ground_truth_array.py'...
-- Installing: /home/steffens/KITrain/install/lidar_msgs/local/lib/python3.10/dist-packages/lidar_msgs/lidar_msgs_s__rosidl_typesupport_fastrtps_c.cpython-310-x86_64-linux-gnu.so
-- Set runtime path of "/home/steffens/KITrain/install/lidar_msgs/local/lib/python3.10/dist-packages/lidar_msgs/lidar_msgs_s__rosidl_typesupport_fastrtps_c.cpython-310-x86_64-linux-gnu.so" to ""
-- Installing: /home/steffens/KITrain/install/lidar_msgs/local/lib/python3.10/dist-packages/lidar_msgs/lidar_msgs_s__rosidl_typesupport_introspection_c.cpython-310-x86_64-linux-gnu.so
-- Set runtime path of "/home/steffens/KITrain/install/lidar_msgs/local/lib/python3.10/dist-packages/lidar_msgs/lidar_msgs_s__rosidl_typesupport_introspection_c.cpython-310-x86_64-linux-gnu.so" to ""
-- Installing: /home/steffens/KITrain/install/lidar_msgs/local/lib/python3.10/dist-packages/lidar_msgs/lidar_msgs_s__rosidl_typesupport_c.cpython-310-x86_64-linux-gnu.so
-- Set runtime path of "/home/steffens/KITrain/install/lidar_msgs/local/lib/python3.10/dist-packages/lidar_msgs/lidar_msgs_s__rosidl_typesupport_c.cpython-310-x86_64-linux-gnu.so" to ""
-- Installing: /home/steffens/KITrain/install/lidar_msgs/lib/liblidar_msgs__rosidl_generator_py.so
-- Set runtime path of "/home/steffens/KITrain/install/lidar_msgs/lib/liblidar_msgs__rosidl_generator_py.so" to ""
-- Installing: /home/steffens/KITrain/install/lidar_msgs/share/lidar_msgs/msg/GroundTruth.idl
-- Installing: /home/steffens/KITrain/install/lidar_msgs/share/lidar_msgs/msg/GroundTruthArray.idl
-- Installing: /home/steffens/KITrain/install/lidar_msgs/share/lidar_msgs/msg/GroundTruth.msg
-- Installing: /home/steffens/KITrain/install/lidar_msgs/share/lidar_msgs/msg/GroundTruthArray.msg
-- Installing: /home/steffens/KITrain/install/lidar_msgs/share/ament_index/resource_index/package_run_dependencies/lidar_msgs
-- Installing: /home/steffens/KITrain/install/lidar_msgs/share/ament_index/resource_index/parent_prefix_path/lidar_msgs
-- Installing: /home/steffens/KITrain/install/lidar_msgs/share/lidar_msgs/environment/ament_prefix_path.sh
-- Installing: /home/steffens/KITrain/install/lidar_msgs/share/lidar_msgs/environment/ament_prefix_path.dsv
-- Installing: /home/steffens/KITrain/install/lidar_msgs/share/lidar_msgs/environment/path.sh
-- Installing: /home/steffens/KITrain/install/lidar_msgs/share/lidar_msgs/environment/path.dsv
-- Installing: /home/steffens/KITrain/install/lidar_msgs/share/lidar_msgs/local_setup.bash
-- Installing: /home/steffens/KITrain/install/lidar_msgs/share/lidar_msgs/local_setup.sh
-- Installing: /home/steffens/KITrain/install/lidar_msgs/share/lidar_msgs/local_setup.zsh
-- Installing: /home/steffens/KITrain/install/lidar_msgs/share/lidar_msgs/local_setup.dsv
-- Installing: /home/steffens/KITrain/install/lidar_msgs/share/lidar_msgs/package.dsv
-- Installing: /home/steffens/KITrain/install/lidar_msgs/share/ament_index/resource_index/packages/lidar_msgs
-- Installing: /home/steffens/KITrain/install/lidar_msgs/share/lidar_msgs/cmake/export_lidar_msgs__rosidl_generator_cExport.cmake
-- Installing: /home/steffens/KITrain/install/lidar_msgs/share/lidar_msgs/cmake/export_lidar_msgs__rosidl_generator_cExport-noconfig.cmake
-- Installing: /home/steffens/KITrain/install/lidar_msgs/share/lidar_msgs/cmake/export_lidar_msgs__rosidl_typesupport_fastrtps_cExport.cmake
-- Installing: /home/steffens/KITrain/install/lidar_msgs/share/lidar_msgs/cmake/export_lidar_msgs__rosidl_typesupport_fastrtps_cExport-noconfig.cmake
-- Installing: /home/steffens/KITrain/install/lidar_msgs/share/lidar_msgs/cmake/export_lidar_msgs__rosidl_generator_cppExport.cmake
-- Installing: /home/steffens/KITrain/install/lidar_msgs/share/lidar_msgs/cmake/export_lidar_msgs__rosidl_typesupport_fastrtps_cppExport.cmake
-- Installing: /home/steffens/KITrain/install/lidar_msgs/share/lidar_msgs/cmake/export_lidar_msgs__rosidl_typesupport_fastrtps_cppExport-noconfig.cmake
-- Installing: /home/steffens/KITrain/install/lidar_msgs/share/lidar_msgs/cmake/lidar_msgs__rosidl_typesupport_introspection_cExport.cmake
-- Installing: /home/steffens/KITrain/install/lidar_msgs/share/lidar_msgs/cmake/lidar_msgs__rosidl_typesupport_introspection_cExport-noconfig.cmake
-- Installing: /home/steffens/KITrain/install/lidar_msgs/share/lidar_msgs/cmake/lidar_msgs__rosidl_typesupport_cExport.cmake
-- Installing: /home/steffens/KITrain/install/lidar_msgs/share/lidar_msgs/cmake/lidar_msgs__rosidl_typesupport_cExport-noconfig.cmake
-- Installing: /home/steffens/KITrain/install/lidar_msgs/share/lidar_msgs/cmake/lidar_msgs__rosidl_typesupport_introspection_cppExport.cmake
-- Installing: /home/steffens/KITrain/install/lidar_msgs/share/lidar_msgs/cmake/lidar_msgs__rosidl_typesupport_introspection_cppExport-noconfig.cmake
-- Installing: /home/steffens/KITrain/install/lidar_msgs/share/lidar_msgs/cmake/lidar_msgs__rosidl_typesupport_cppExport.cmake
-- Installing: /home/steffens/KITrain/install/lidar_msgs/share/lidar_msgs/cmake/lidar_msgs__rosidl_typesupport_cppExport-noconfig.cmake
-- Installing: /home/steffens/KITrain/install/lidar_msgs/share/lidar_msgs/cmake/export_lidar_msgs__rosidl_generator_pyExport.cmake
-- Installing: /home/steffens/KITrain/install/lidar_msgs/share/lidar_msgs/cmake/export_lidar_msgs__rosidl_generator_pyExport-noconfig.cmake
-- Installing: /home/steffens/KITrain/install/lidar_msgs/share/lidar_msgs/cmake/rosidl_cmake-extras.cmake
-- Installing: /home/steffens/KITrain/install/lidar_msgs/share/lidar_msgs/cmake/ament_cmake_export_dependencies-extras.cmake
-- Installing: /home/steffens/KITrain/install/lidar_msgs/share/lidar_msgs/cmake/ament_cmake_export_include_directories-extras.cmake
-- Installing: /home/steffens/KITrain/install/lidar_msgs/share/lidar_msgs/cmake/ament_cmake_export_libraries-extras.cmake
-- Installing: /home/steffens/KITrain/install/lidar_msgs/share/lidar_msgs/cmake/ament_cmake_export_targets-extras.cmake
-- Installing: /home/steffens/KITrain/install/lidar_msgs/share/lidar_msgs/cmake/rosidl_cmake_export_typesupport_targets-extras.cmake
-- Installing: /home/steffens/KITrain/install/lidar_msgs/share/lidar_msgs/cmake/rosidl_cmake_export_typesupport_libraries-extras.cmake
-- Installing: /home/steffens/KITrain/install/lidar_msgs/share/lidar_msgs/cmake/lidar_msgsConfig.cmake
-- Installing: /home/steffens/KITrain/install/lidar_msgs/share/lidar_msgs/cmake/lidar_msgsConfig-version.cmake
-- Installing: /home/steffens/KITrain/install/lidar_msgs/share/lidar_msgs/package.xml
