[0.070s] Invoking command in '/home/steffens/KITrain/build/lidar_msgs': CMAKE_PREFIX_PATH=${CMAKE_PREFIX_PATH}:/home/steffens/KITrain/install/camera_simulator:/opt/ros/humble /usr/bin/cmake /home/steffens/KITrain/src/lidar_msgs -DCMAKE_INSTALL_PREFIX=/home/steffens/KITrain/install/lidar_msgs
[0.350s] -- The C compiler identification is GNU 11.4.0
[0.350s] -- The CXX compiler identification is GNU 11.4.0
[0.350s] -- Detecting C compiler ABI info
[0.376s] -- Detecting C compiler ABI info - done
[0.386s] -- Check for working C compiler: /usr/bin/cc - skipped
[0.388s] -- Detecting C compile features
[0.391s] -- Detecting C compile features - done
[0.396s] -- Detecting CXX compiler ABI info
[0.516s] -- Detecting CXX compiler ABI info - done
[0.523s] -- Check for working CXX compiler: /usr/bin/c++ - skipped
[0.523s] -- Detecting CXX compile features
[0.524s] -- Detecting CXX compile features - done
[0.564s] -- Found ament_cmake: 1.3.9 (/opt/ros/humble/share/ament_cmake/cmake)
[0.771s] -- Found Python3: /usr/bin/python3 (found version "3.10.12") found components: Interpreter 
[0.927s] -- Found rclcpp: 16.0.9 (/opt/ros/humble/share/rclcpp/cmake)
[1.010s] -- Found rosidl_generator_c: 3.1.5 (/opt/ros/humble/share/rosidl_generator_c/cmake)
[1.014s] -- Found rosidl_adapter: 3.1.5 (/opt/ros/humble/share/rosidl_adapter/cmake)
[1.024s] -- Found rosidl_generator_cpp: 3.1.5 (/opt/ros/humble/share/rosidl_generator_cpp/cmake)
[1.049s] -- Using all available rosidl_typesupport_c: rosidl_typesupport_fastrtps_c;rosidl_typesupport_introspection_c
[1.081s] -- Using all available rosidl_typesupport_cpp: rosidl_typesupport_fastrtps_cpp;rosidl_typesupport_introspection_cpp
[1.156s] -- Found rmw_implementation_cmake: 6.1.2 (/opt/ros/humble/share/rmw_implementation_cmake/cmake)
[1.160s] -- Found rmw_fastrtps_cpp: 6.2.6 (/opt/ros/humble/share/rmw_fastrtps_cpp/cmake)
[1.306s] -- Found OpenSSL: /usr/lib/x86_64-linux-gnu/libcrypto.so (found version "3.0.2")  
[1.341s] -- Found FastRTPS: /opt/ros/humble/include  
[1.399s] -- Using RMW implementation 'rmw_fastrtps_cpp' as default
[1.419s] -- Looking for pthread.h
[1.508s] -- Looking for pthread.h - found
[1.508s] -- Performing Test CMAKE_HAVE_LIBC_PTHREAD
[1.589s] -- Performing Test CMAKE_HAVE_LIBC_PTHREAD - Success
[1.590s] -- Found Threads: TRUE  
[1.753s] -- Found rosidl_default_generators: 1.2.0 (/opt/ros/humble/share/rosidl_default_generators/cmake)
[2.075s] -- Found ament_cmake_ros: 0.10.0 (/opt/ros/humble/share/ament_cmake_ros/cmake)
[2.467s] -- Using all available rosidl_typesupport_c: rosidl_typesupport_fastrtps_c;rosidl_typesupport_introspection_c
[2.622s] -- Using all available rosidl_typesupport_cpp: rosidl_typesupport_fastrtps_cpp;rosidl_typesupport_introspection_cpp
[2.651s] -- Found PythonInterp: /usr/bin/python3 (found suitable version "3.10.12", minimum required is "3.6") 
[2.658s] -- Found python_cmake_module: 0.10.0 (/opt/ros/humble/share/python_cmake_module/cmake)
[2.693s] -- Found PythonLibs: /usr/lib/x86_64-linux-gnu/libpython3.10.so (found suitable version "3.10.12", minimum required is "3.5") 
[2.693s] -- Using PYTHON_EXECUTABLE: /usr/bin/python3
[2.693s] -- Using PYTHON_INCLUDE_DIRS: /usr/include/python3.10
[2.693s] -- Using PYTHON_LIBRARIES: /usr/lib/x86_64-linux-gnu/libpython3.10.so
[2.714s] -- Found PythonExtra: .so  
[2.775s] -- Found ament_lint_auto: 0.12.11 (/opt/ros/humble/share/ament_lint_auto/cmake)
[2.830s] -- Added test 'copyright' to check source files copyright and LICENSE
[2.832s] -- Added test 'lint_cmake' to check CMake code style
[2.834s] -- Added test 'xmllint' to check XML markup files
[2.837s] -- Configuring done
[2.876s] -- Generating done
[2.879s] -- Build files have been written to: /home/steffens/KITrain/build/lidar_msgs
[2.891s] Invoked command in '/home/steffens/KITrain/build/lidar_msgs' returned '0': CMAKE_PREFIX_PATH=${CMAKE_PREFIX_PATH}:/home/steffens/KITrain/install/camera_simulator:/opt/ros/humble /usr/bin/cmake /home/steffens/KITrain/src/lidar_msgs -DCMAKE_INSTALL_PREFIX=/home/steffens/KITrain/install/lidar_msgs
[2.893s] Invoking command in '/home/steffens/KITrain/build/lidar_msgs': CMAKE_PREFIX_PATH=${CMAKE_PREFIX_PATH}:/home/steffens/KITrain/install/camera_simulator:/opt/ros/humble /usr/bin/cmake --build /home/steffens/KITrain/build/lidar_msgs -- -j16 -l16
[2.945s] [  2%] [34m[1mGenerating C code for ROS interfaces[0m
[2.957s] [  5%] [34m[1mGenerating C++ code for ROS interfaces[0m
[2.966s] [  5%] Built target ament_cmake_python_copy_lidar_msgs
[3.200s] running egg_info
[3.200s] creating lidar_msgs.egg-info
[3.201s] writing lidar_msgs.egg-info/PKG-INFO
[3.201s] writing dependency_links to lidar_msgs.egg-info/dependency_links.txt
[3.201s] writing top-level names to lidar_msgs.egg-info/top_level.txt
[3.201s] writing manifest file 'lidar_msgs.egg-info/SOURCES.txt'
[3.204s] reading manifest file 'lidar_msgs.egg-info/SOURCES.txt'
[3.204s] writing manifest file 'lidar_msgs.egg-info/SOURCES.txt'
[3.228s] [  5%] Built target ament_cmake_python_build_lidar_msgs_egg
[3.244s] [  7%] [32mBuilding C object CMakeFiles/lidar_msgs__rosidl_generator_c.dir/rosidl_generator_c/lidar_msgs/msg/detail/ground_truth__functions.c.o[0m
[3.244s] [ 10%] [32mBuilding C object CMakeFiles/lidar_msgs__rosidl_generator_c.dir/rosidl_generator_c/lidar_msgs/msg/detail/ground_truth_array__functions.c.o[0m
[3.249s] [ 10%] Built target lidar_msgs__cpp
[3.262s] [ 12%] [34m[1mGenerating C++ type support for eProsima Fast-RTPS[0m
[3.262s] [ 17%] [34m[1mGenerating C++ introspection for ROS interfaces[0m
[3.262s] [ 17%] [34m[1mGenerating C++ type support dispatch for ROS interfaces[0m
[3.297s] [ 20%] [32m[1mLinking C shared library liblidar_msgs__rosidl_generator_c.so[0m
[3.337s] [ 20%] Built target lidar_msgs__rosidl_generator_c
[3.350s] [ 25%] [34m[1mGenerating C introspection for ROS interfaces[0m
[3.350s] [ 25%] [34m[1mGenerating C type support for eProsima Fast-RTPS[0m
[3.351s] [ 28%] [34m[1mGenerating C type support dispatch for ROS interfaces[0m
[3.505s] [ 30%] [32mBuilding CXX object CMakeFiles/lidar_msgs__rosidl_typesupport_cpp.dir/rosidl_typesupport_cpp/lidar_msgs/msg/ground_truth__type_support.cpp.o[0m
[3.507s] [ 33%] [32mBuilding CXX object CMakeFiles/lidar_msgs__rosidl_typesupport_cpp.dir/rosidl_typesupport_cpp/lidar_msgs/msg/ground_truth_array__type_support.cpp.o[0m
[3.523s] [ 35%] [32mBuilding CXX object CMakeFiles/lidar_msgs__rosidl_typesupport_fastrtps_cpp.dir/rosidl_typesupport_fastrtps_cpp/lidar_msgs/msg/detail/dds_fastrtps/ground_truth__type_support.cpp.o[0m
[3.523s] [ 38%] [32mBuilding CXX object CMakeFiles/lidar_msgs__rosidl_typesupport_fastrtps_cpp.dir/rosidl_typesupport_fastrtps_cpp/lidar_msgs/msg/detail/dds_fastrtps/ground_truth_array__type_support.cpp.o[0m
[3.537s] [ 41%] [32mBuilding CXX object CMakeFiles/lidar_msgs__rosidl_typesupport_introspection_cpp.dir/rosidl_typesupport_introspection_cpp/lidar_msgs/msg/detail/ground_truth__type_support.cpp.o[0m
[3.537s] [ 43%] [32mBuilding CXX object CMakeFiles/lidar_msgs__rosidl_typesupport_introspection_cpp.dir/rosidl_typesupport_introspection_cpp/lidar_msgs/msg/detail/ground_truth_array__type_support.cpp.o[0m
[3.601s] [ 46%] [32mBuilding CXX object CMakeFiles/lidar_msgs__rosidl_typesupport_c.dir/rosidl_typesupport_c/lidar_msgs/msg/ground_truth_array__type_support.cpp.o[0m
[3.602s] [ 48%] [32mBuilding CXX object CMakeFiles/lidar_msgs__rosidl_typesupport_c.dir/rosidl_typesupport_c/lidar_msgs/msg/ground_truth__type_support.cpp.o[0m
[3.603s] [ 53%] [32mBuilding C object CMakeFiles/lidar_msgs__rosidl_typesupport_introspection_c.dir/rosidl_typesupport_introspection_c/lidar_msgs/msg/detail/ground_truth__type_support.c.o[0m
[3.603s] [ 53%] [32mBuilding C object CMakeFiles/lidar_msgs__rosidl_typesupport_introspection_c.dir/rosidl_typesupport_introspection_c/lidar_msgs/msg/detail/ground_truth_array__type_support.c.o[0m
[3.618s] [ 56%] [32mBuilding CXX object CMakeFiles/lidar_msgs__rosidl_typesupport_fastrtps_c.dir/rosidl_typesupport_fastrtps_c/lidar_msgs/msg/detail/ground_truth_array__type_support_c.cpp.o[0m
[3.624s] [ 58%] [32mBuilding CXX object CMakeFiles/lidar_msgs__rosidl_typesupport_fastrtps_c.dir/rosidl_typesupport_fastrtps_c/lidar_msgs/msg/detail/ground_truth__type_support_c.cpp.o[0m
[3.656s] [ 61%] [32m[1mLinking CXX shared library liblidar_msgs__rosidl_typesupport_c.so[0m
[3.671s] [ 64%] [32m[1mLinking C shared library liblidar_msgs__rosidl_typesupport_introspection_c.so[0m
[3.705s] [ 64%] Built target lidar_msgs__rosidl_typesupport_c
[3.714s] [ 64%] Built target lidar_msgs__rosidl_typesupport_introspection_c
[3.767s] [ 66%] [32m[1mLinking CXX shared library liblidar_msgs__rosidl_typesupport_cpp.so[0m
[3.815s] [ 66%] Built target lidar_msgs__rosidl_typesupport_cpp
[3.927s] [ 69%] [32m[1mLinking CXX shared library liblidar_msgs__rosidl_typesupport_introspection_cpp.so[0m
[3.936s] [ 71%] [32m[1mLinking CXX shared library liblidar_msgs__rosidl_typesupport_fastrtps_cpp.so[0m
[3.942s] [ 74%] [32m[1mLinking CXX shared library liblidar_msgs__rosidl_typesupport_fastrtps_c.so[0m
[4.000s] [ 74%] Built target lidar_msgs__rosidl_typesupport_introspection_cpp
[4.010s] [ 74%] Built target lidar_msgs__rosidl_typesupport_fastrtps_cpp
[4.025s] [ 74%] Built target lidar_msgs__rosidl_typesupport_fastrtps_c
[4.050s] [ 74%] Built target lidar_msgs
[4.076s] [ 76%] [34m[1mGenerating Python code for ROS interfaces[0m
[4.431s] [ 76%] Built target lidar_msgs__py
[4.458s] [ 79%] [32mBuilding C object CMakeFiles/lidar_msgs__rosidl_generator_py.dir/rosidl_generator_py/lidar_msgs/msg/_ground_truth_s.c.o[0m
[4.458s] [ 82%] [32mBuilding C object CMakeFiles/lidar_msgs__rosidl_generator_py.dir/rosidl_generator_py/lidar_msgs/msg/_ground_truth_array_s.c.o[0m
[4.568s] [ 84%] [32m[1mLinking C shared library rosidl_generator_py/lidar_msgs/liblidar_msgs__rosidl_generator_py.so[0m
[4.613s] [ 84%] Built target lidar_msgs__rosidl_generator_py
[4.637s] [ 87%] [32mBuilding C object CMakeFiles/lidar_msgs__rosidl_typesupport_fastrtps_c__pyext.dir/rosidl_generator_py/lidar_msgs/_lidar_msgs_s.ep.rosidl_typesupport_fastrtps_c.c.o[0m
[4.638s] [ 89%] [32mBuilding C object CMakeFiles/lidar_msgs__rosidl_typesupport_c__pyext.dir/rosidl_generator_py/lidar_msgs/_lidar_msgs_s.ep.rosidl_typesupport_c.c.o[0m
[4.640s] [ 92%] [32mBuilding C object CMakeFiles/lidar_msgs__rosidl_typesupport_introspection_c__pyext.dir/rosidl_generator_py/lidar_msgs/_lidar_msgs_s.ep.rosidl_typesupport_introspection_c.c.o[0m
[4.736s] [ 94%] [32m[1mLinking C shared library rosidl_generator_py/lidar_msgs/lidar_msgs_s__rosidl_typesupport_c.cpython-310-x86_64-linux-gnu.so[0m
[4.745s] [ 97%] [32m[1mLinking C shared library rosidl_generator_py/lidar_msgs/lidar_msgs_s__rosidl_typesupport_introspection_c.cpython-310-x86_64-linux-gnu.so[0m
[4.748s] [100%] [32m[1mLinking C shared library rosidl_generator_py/lidar_msgs/lidar_msgs_s__rosidl_typesupport_fastrtps_c.cpython-310-x86_64-linux-gnu.so[0m
[4.780s] [100%] Built target lidar_msgs__rosidl_typesupport_c__pyext
[4.794s] [100%] Built target lidar_msgs__rosidl_typesupport_fastrtps_c__pyext
[4.794s] [100%] Built target lidar_msgs__rosidl_typesupport_introspection_c__pyext
[4.810s] Invoked command in '/home/steffens/KITrain/build/lidar_msgs' returned '0': CMAKE_PREFIX_PATH=${CMAKE_PREFIX_PATH}:/home/steffens/KITrain/install/camera_simulator:/opt/ros/humble /usr/bin/cmake --build /home/steffens/KITrain/build/lidar_msgs -- -j16 -l16
[4.907s] Invoking command in '/home/steffens/KITrain/build/lidar_msgs': CMAKE_PREFIX_PATH=${CMAKE_PREFIX_PATH}:/home/steffens/KITrain/install/camera_simulator:/opt/ros/humble /usr/bin/cmake --install /home/steffens/KITrain/build/lidar_msgs
[4.915s] -- Install configuration: ""
[4.915s] -- Installing: /home/steffens/KITrain/install/lidar_msgs/share/ament_index/resource_index/rosidl_interfaces/lidar_msgs
[4.915s] -- Installing: /home/steffens/KITrain/install/lidar_msgs/include/lidar_msgs/lidar_msgs
[4.916s] -- Installing: /home/steffens/KITrain/install/lidar_msgs/include/lidar_msgs/lidar_msgs/msg
[4.916s] -- Installing: /home/steffens/KITrain/install/lidar_msgs/include/lidar_msgs/lidar_msgs/msg/detail
[4.916s] -- Installing: /home/steffens/KITrain/install/lidar_msgs/include/lidar_msgs/lidar_msgs/msg/detail/ground_truth__type_support.h
[4.916s] -- Installing: /home/steffens/KITrain/install/lidar_msgs/include/lidar_msgs/lidar_msgs/msg/detail/ground_truth_array__functions.h
[4.916s] -- Installing: /home/steffens/KITrain/install/lidar_msgs/include/lidar_msgs/lidar_msgs/msg/detail/ground_truth__struct.h
[4.916s] -- Installing: /home/steffens/KITrain/install/lidar_msgs/include/lidar_msgs/lidar_msgs/msg/detail/ground_truth_array__functions.c
[4.916s] -- Installing: /home/steffens/KITrain/install/lidar_msgs/include/lidar_msgs/lidar_msgs/msg/detail/ground_truth__functions.c
[4.917s] -- Installing: /home/steffens/KITrain/install/lidar_msgs/include/lidar_msgs/lidar_msgs/msg/detail/ground_truth_array__type_support.h
[4.917s] -- Installing: /home/steffens/KITrain/install/lidar_msgs/include/lidar_msgs/lidar_msgs/msg/detail/ground_truth__functions.h
[4.917s] -- Installing: /home/steffens/KITrain/install/lidar_msgs/include/lidar_msgs/lidar_msgs/msg/detail/ground_truth_array__struct.h
[4.917s] -- Installing: /home/steffens/KITrain/install/lidar_msgs/include/lidar_msgs/lidar_msgs/msg/ground_truth_array.h
[4.917s] -- Installing: /home/steffens/KITrain/install/lidar_msgs/include/lidar_msgs/lidar_msgs/msg/rosidl_generator_c__visibility_control.h
[4.918s] -- Installing: /home/steffens/KITrain/install/lidar_msgs/include/lidar_msgs/lidar_msgs/msg/ground_truth.h
[4.918s] -- Installing: /home/steffens/KITrain/install/lidar_msgs/share/lidar_msgs/environment/library_path.sh
[4.918s] -- Installing: /home/steffens/KITrain/install/lidar_msgs/share/lidar_msgs/environment/library_path.dsv
[4.918s] -- Installing: /home/steffens/KITrain/install/lidar_msgs/lib/liblidar_msgs__rosidl_generator_c.so
[4.919s] -- Set runtime path of "/home/steffens/KITrain/install/lidar_msgs/lib/liblidar_msgs__rosidl_generator_c.so" to ""
[4.919s] -- Up-to-date: /home/steffens/KITrain/install/lidar_msgs/include/lidar_msgs/lidar_msgs
[4.919s] -- Up-to-date: /home/steffens/KITrain/install/lidar_msgs/include/lidar_msgs/lidar_msgs/msg
[4.919s] -- Up-to-date: /home/steffens/KITrain/install/lidar_msgs/include/lidar_msgs/lidar_msgs/msg/detail
[4.919s] -- Installing: /home/steffens/KITrain/install/lidar_msgs/include/lidar_msgs/lidar_msgs/msg/detail/ground_truth__rosidl_typesupport_fastrtps_c.h
[4.919s] -- Installing: /home/steffens/KITrain/install/lidar_msgs/include/lidar_msgs/lidar_msgs/msg/detail/ground_truth_array__rosidl_typesupport_fastrtps_c.h
[4.919s] -- Installing: /home/steffens/KITrain/install/lidar_msgs/include/lidar_msgs/lidar_msgs/msg/rosidl_typesupport_fastrtps_c__visibility_control.h
[4.920s] -- Installing: /home/steffens/KITrain/install/lidar_msgs/lib/liblidar_msgs__rosidl_typesupport_fastrtps_c.so
[4.920s] -- Set runtime path of "/home/steffens/KITrain/install/lidar_msgs/lib/liblidar_msgs__rosidl_typesupport_fastrtps_c.so" to ""
[4.920s] -- Up-to-date: /home/steffens/KITrain/install/lidar_msgs/include/lidar_msgs/lidar_msgs
[4.921s] -- Up-to-date: /home/steffens/KITrain/install/lidar_msgs/include/lidar_msgs/lidar_msgs/msg
[4.921s] -- Installing: /home/steffens/KITrain/install/lidar_msgs/include/lidar_msgs/lidar_msgs/msg/ground_truth_array.hpp
[4.921s] -- Up-to-date: /home/steffens/KITrain/install/lidar_msgs/include/lidar_msgs/lidar_msgs/msg/detail
[4.921s] -- Installing: /home/steffens/KITrain/install/lidar_msgs/include/lidar_msgs/lidar_msgs/msg/detail/ground_truth_array__struct.hpp
[4.921s] -- Installing: /home/steffens/KITrain/install/lidar_msgs/include/lidar_msgs/lidar_msgs/msg/detail/ground_truth__builder.hpp
[4.921s] -- Installing: /home/steffens/KITrain/install/lidar_msgs/include/lidar_msgs/lidar_msgs/msg/detail/ground_truth__traits.hpp
[4.921s] -- Installing: /home/steffens/KITrain/install/lidar_msgs/include/lidar_msgs/lidar_msgs/msg/detail/ground_truth_array__builder.hpp
[4.922s] -- Installing: /home/steffens/KITrain/install/lidar_msgs/include/lidar_msgs/lidar_msgs/msg/detail/ground_truth__struct.hpp
[4.922s] -- Installing: /home/steffens/KITrain/install/lidar_msgs/include/lidar_msgs/lidar_msgs/msg/detail/ground_truth_array__traits.hpp
[4.922s] -- Installing: /home/steffens/KITrain/install/lidar_msgs/include/lidar_msgs/lidar_msgs/msg/ground_truth.hpp
[4.922s] -- Up-to-date: /home/steffens/KITrain/install/lidar_msgs/include/lidar_msgs/lidar_msgs
[4.922s] -- Up-to-date: /home/steffens/KITrain/install/lidar_msgs/include/lidar_msgs/lidar_msgs/msg
[4.922s] -- Installing: /home/steffens/KITrain/install/lidar_msgs/include/lidar_msgs/lidar_msgs/msg/rosidl_typesupport_fastrtps_cpp__visibility_control.h
[4.923s] -- Up-to-date: /home/steffens/KITrain/install/lidar_msgs/include/lidar_msgs/lidar_msgs/msg/detail
[4.923s] -- Installing: /home/steffens/KITrain/install/lidar_msgs/include/lidar_msgs/lidar_msgs/msg/detail/ground_truth_array__rosidl_typesupport_fastrtps_cpp.hpp
[4.923s] -- Installing: /home/steffens/KITrain/install/lidar_msgs/include/lidar_msgs/lidar_msgs/msg/detail/dds_fastrtps
[4.923s] -- Installing: /home/steffens/KITrain/install/lidar_msgs/include/lidar_msgs/lidar_msgs/msg/detail/ground_truth__rosidl_typesupport_fastrtps_cpp.hpp
[4.923s] -- Installing: /home/steffens/KITrain/install/lidar_msgs/lib/liblidar_msgs__rosidl_typesupport_fastrtps_cpp.so
[4.924s] -- Set runtime path of "/home/steffens/KITrain/install/lidar_msgs/lib/liblidar_msgs__rosidl_typesupport_fastrtps_cpp.so" to ""
[4.924s] -- Up-to-date: /home/steffens/KITrain/install/lidar_msgs/include/lidar_msgs/lidar_msgs
[4.924s] -- Up-to-date: /home/steffens/KITrain/install/lidar_msgs/include/lidar_msgs/lidar_msgs/msg
[4.924s] -- Installing: /home/steffens/KITrain/install/lidar_msgs/include/lidar_msgs/lidar_msgs/msg/rosidl_typesupport_introspection_c__visibility_control.h
[4.924s] -- Up-to-date: /home/steffens/KITrain/install/lidar_msgs/include/lidar_msgs/lidar_msgs/msg/detail
[4.924s] -- Installing: /home/steffens/KITrain/install/lidar_msgs/include/lidar_msgs/lidar_msgs/msg/detail/ground_truth_array__rosidl_typesupport_introspection_c.h
[4.924s] -- Installing: /home/steffens/KITrain/install/lidar_msgs/include/lidar_msgs/lidar_msgs/msg/detail/ground_truth_array__type_support.c
[4.925s] -- Installing: /home/steffens/KITrain/install/lidar_msgs/include/lidar_msgs/lidar_msgs/msg/detail/ground_truth__type_support.c
[4.925s] -- Installing: /home/steffens/KITrain/install/lidar_msgs/include/lidar_msgs/lidar_msgs/msg/detail/ground_truth__rosidl_typesupport_introspection_c.h
[4.925s] -- Installing: /home/steffens/KITrain/install/lidar_msgs/lib/liblidar_msgs__rosidl_typesupport_introspection_c.so
[4.925s] -- Set runtime path of "/home/steffens/KITrain/install/lidar_msgs/lib/liblidar_msgs__rosidl_typesupport_introspection_c.so" to ""
[4.925s] -- Installing: /home/steffens/KITrain/install/lidar_msgs/lib/liblidar_msgs__rosidl_typesupport_c.so
[4.925s] -- Set runtime path of "/home/steffens/KITrain/install/lidar_msgs/lib/liblidar_msgs__rosidl_typesupport_c.so" to ""
[4.926s] -- Up-to-date: /home/steffens/KITrain/install/lidar_msgs/include/lidar_msgs/lidar_msgs
[4.926s] -- Up-to-date: /home/steffens/KITrain/install/lidar_msgs/include/lidar_msgs/lidar_msgs/msg
[4.926s] -- Up-to-date: /home/steffens/KITrain/install/lidar_msgs/include/lidar_msgs/lidar_msgs/msg/detail
[4.926s] -- Installing: /home/steffens/KITrain/install/lidar_msgs/include/lidar_msgs/lidar_msgs/msg/detail/ground_truth_array__type_support.cpp
[4.926s] -- Installing: /home/steffens/KITrain/install/lidar_msgs/include/lidar_msgs/lidar_msgs/msg/detail/ground_truth__type_support.cpp
[4.926s] -- Installing: /home/steffens/KITrain/install/lidar_msgs/include/lidar_msgs/lidar_msgs/msg/detail/ground_truth__rosidl_typesupport_introspection_cpp.hpp
[4.926s] -- Installing: /home/steffens/KITrain/install/lidar_msgs/include/lidar_msgs/lidar_msgs/msg/detail/ground_truth_array__rosidl_typesupport_introspection_cpp.hpp
[4.926s] -- Installing: /home/steffens/KITrain/install/lidar_msgs/lib/liblidar_msgs__rosidl_typesupport_introspection_cpp.so
[4.927s] -- Set runtime path of "/home/steffens/KITrain/install/lidar_msgs/lib/liblidar_msgs__rosidl_typesupport_introspection_cpp.so" to ""
[4.927s] -- Installing: /home/steffens/KITrain/install/lidar_msgs/lib/liblidar_msgs__rosidl_typesupport_cpp.so
[4.927s] -- Set runtime path of "/home/steffens/KITrain/install/lidar_msgs/lib/liblidar_msgs__rosidl_typesupport_cpp.so" to ""
[4.928s] -- Installing: /home/steffens/KITrain/install/lidar_msgs/share/lidar_msgs/environment/pythonpath.sh
[4.928s] -- Installing: /home/steffens/KITrain/install/lidar_msgs/share/lidar_msgs/environment/pythonpath.dsv
[4.928s] -- Installing: /home/steffens/KITrain/install/lidar_msgs/local/lib/python3.10/dist-packages/lidar_msgs-0.0.0-py3.10.egg-info
[4.928s] -- Installing: /home/steffens/KITrain/install/lidar_msgs/local/lib/python3.10/dist-packages/lidar_msgs-0.0.0-py3.10.egg-info/SOURCES.txt
[4.928s] -- Installing: /home/steffens/KITrain/install/lidar_msgs/local/lib/python3.10/dist-packages/lidar_msgs-0.0.0-py3.10.egg-info/dependency_links.txt
[4.928s] -- Installing: /home/steffens/KITrain/install/lidar_msgs/local/lib/python3.10/dist-packages/lidar_msgs-0.0.0-py3.10.egg-info/PKG-INFO
[4.929s] -- Installing: /home/steffens/KITrain/install/lidar_msgs/local/lib/python3.10/dist-packages/lidar_msgs-0.0.0-py3.10.egg-info/top_level.txt
[4.929s] -- Installing: /home/steffens/KITrain/install/lidar_msgs/local/lib/python3.10/dist-packages/lidar_msgs
[4.929s] -- Installing: /home/steffens/KITrain/install/lidar_msgs/local/lib/python3.10/dist-packages/lidar_msgs/__init__.py
[4.929s] -- Installing: /home/steffens/KITrain/install/lidar_msgs/local/lib/python3.10/dist-packages/lidar_msgs/lidar_msgs_s__rosidl_typesupport_fastrtps_c.cpython-310-x86_64-linux-gnu.so
[4.929s] -- Installing: /home/steffens/KITrain/install/lidar_msgs/local/lib/python3.10/dist-packages/lidar_msgs/_lidar_msgs_s.ep.rosidl_typesupport_c.c
[4.929s] -- Installing: /home/steffens/KITrain/install/lidar_msgs/local/lib/python3.10/dist-packages/lidar_msgs/_lidar_msgs_s.ep.rosidl_typesupport_introspection_c.c
[4.930s] -- Installing: /home/steffens/KITrain/install/lidar_msgs/local/lib/python3.10/dist-packages/lidar_msgs/lidar_msgs_s__rosidl_typesupport_introspection_c.cpython-310-x86_64-linux-gnu.so
[4.930s] -- Installing: /home/steffens/KITrain/install/lidar_msgs/local/lib/python3.10/dist-packages/lidar_msgs/_lidar_msgs_s.ep.rosidl_typesupport_fastrtps_c.c
[4.930s] -- Installing: /home/steffens/KITrain/install/lidar_msgs/local/lib/python3.10/dist-packages/lidar_msgs/lidar_msgs_s__rosidl_typesupport_c.cpython-310-x86_64-linux-gnu.so
[4.930s] -- Installing: /home/steffens/KITrain/install/lidar_msgs/local/lib/python3.10/dist-packages/lidar_msgs/liblidar_msgs__rosidl_generator_py.so
[4.930s] -- Installing: /home/steffens/KITrain/install/lidar_msgs/local/lib/python3.10/dist-packages/lidar_msgs/msg
[4.930s] -- Installing: /home/steffens/KITrain/install/lidar_msgs/local/lib/python3.10/dist-packages/lidar_msgs/msg/__init__.py
[4.931s] -- Installing: /home/steffens/KITrain/install/lidar_msgs/local/lib/python3.10/dist-packages/lidar_msgs/msg/_ground_truth_array_s.c
[4.931s] -- Installing: /home/steffens/KITrain/install/lidar_msgs/local/lib/python3.10/dist-packages/lidar_msgs/msg/_ground_truth_array.py
[4.931s] -- Installing: /home/steffens/KITrain/install/lidar_msgs/local/lib/python3.10/dist-packages/lidar_msgs/msg/_ground_truth.py
[4.931s] -- Installing: /home/steffens/KITrain/install/lidar_msgs/local/lib/python3.10/dist-packages/lidar_msgs/msg/_ground_truth_s.c
[4.964s] Listing '/home/steffens/KITrain/install/lidar_msgs/local/lib/python3.10/dist-packages/lidar_msgs'...
[4.964s] Compiling '/home/steffens/KITrain/install/lidar_msgs/local/lib/python3.10/dist-packages/lidar_msgs/__init__.py'...
[4.965s] Listing '/home/steffens/KITrain/install/lidar_msgs/local/lib/python3.10/dist-packages/lidar_msgs/msg'...
[4.965s] Compiling '/home/steffens/KITrain/install/lidar_msgs/local/lib/python3.10/dist-packages/lidar_msgs/msg/__init__.py'...
[4.965s] Compiling '/home/steffens/KITrain/install/lidar_msgs/local/lib/python3.10/dist-packages/lidar_msgs/msg/_ground_truth.py'...
[4.965s] Compiling '/home/steffens/KITrain/install/lidar_msgs/local/lib/python3.10/dist-packages/lidar_msgs/msg/_ground_truth_array.py'...
[4.969s] -- Installing: /home/steffens/KITrain/install/lidar_msgs/local/lib/python3.10/dist-packages/lidar_msgs/lidar_msgs_s__rosidl_typesupport_fastrtps_c.cpython-310-x86_64-linux-gnu.so
[4.969s] -- Set runtime path of "/home/steffens/KITrain/install/lidar_msgs/local/lib/python3.10/dist-packages/lidar_msgs/lidar_msgs_s__rosidl_typesupport_fastrtps_c.cpython-310-x86_64-linux-gnu.so" to ""
[4.969s] -- Installing: /home/steffens/KITrain/install/lidar_msgs/local/lib/python3.10/dist-packages/lidar_msgs/lidar_msgs_s__rosidl_typesupport_introspection_c.cpython-310-x86_64-linux-gnu.so
[4.970s] -- Set runtime path of "/home/steffens/KITrain/install/lidar_msgs/local/lib/python3.10/dist-packages/lidar_msgs/lidar_msgs_s__rosidl_typesupport_introspection_c.cpython-310-x86_64-linux-gnu.so" to ""
[4.970s] -- Installing: /home/steffens/KITrain/install/lidar_msgs/local/lib/python3.10/dist-packages/lidar_msgs/lidar_msgs_s__rosidl_typesupport_c.cpython-310-x86_64-linux-gnu.so
[4.970s] -- Set runtime path of "/home/steffens/KITrain/install/lidar_msgs/local/lib/python3.10/dist-packages/lidar_msgs/lidar_msgs_s__rosidl_typesupport_c.cpython-310-x86_64-linux-gnu.so" to ""
[4.971s] -- Installing: /home/steffens/KITrain/install/lidar_msgs/lib/liblidar_msgs__rosidl_generator_py.so
[4.971s] -- Set runtime path of "/home/steffens/KITrain/install/lidar_msgs/lib/liblidar_msgs__rosidl_generator_py.so" to ""
[4.971s] -- Installing: /home/steffens/KITrain/install/lidar_msgs/share/lidar_msgs/msg/GroundTruth.idl
[4.971s] -- Installing: /home/steffens/KITrain/install/lidar_msgs/share/lidar_msgs/msg/GroundTruthArray.idl
[4.972s] -- Installing: /home/steffens/KITrain/install/lidar_msgs/share/lidar_msgs/msg/GroundTruth.msg
[4.972s] -- Installing: /home/steffens/KITrain/install/lidar_msgs/share/lidar_msgs/msg/GroundTruthArray.msg
[4.972s] -- Installing: /home/steffens/KITrain/install/lidar_msgs/share/ament_index/resource_index/package_run_dependencies/lidar_msgs
[4.972s] -- Installing: /home/steffens/KITrain/install/lidar_msgs/share/ament_index/resource_index/parent_prefix_path/lidar_msgs
[4.972s] -- Installing: /home/steffens/KITrain/install/lidar_msgs/share/lidar_msgs/environment/ament_prefix_path.sh
[4.973s] -- Installing: /home/steffens/KITrain/install/lidar_msgs/share/lidar_msgs/environment/ament_prefix_path.dsv
[4.973s] -- Installing: /home/steffens/KITrain/install/lidar_msgs/share/lidar_msgs/environment/path.sh
[4.973s] -- Installing: /home/steffens/KITrain/install/lidar_msgs/share/lidar_msgs/environment/path.dsv
[4.973s] -- Installing: /home/steffens/KITrain/install/lidar_msgs/share/lidar_msgs/local_setup.bash
[4.973s] -- Installing: /home/steffens/KITrain/install/lidar_msgs/share/lidar_msgs/local_setup.sh
[4.974s] -- Installing: /home/steffens/KITrain/install/lidar_msgs/share/lidar_msgs/local_setup.zsh
[4.974s] -- Installing: /home/steffens/KITrain/install/lidar_msgs/share/lidar_msgs/local_setup.dsv
[4.974s] -- Installing: /home/steffens/KITrain/install/lidar_msgs/share/lidar_msgs/package.dsv
[4.974s] -- Installing: /home/steffens/KITrain/install/lidar_msgs/share/ament_index/resource_index/packages/lidar_msgs
[4.974s] -- Installing: /home/steffens/KITrain/install/lidar_msgs/share/lidar_msgs/cmake/export_lidar_msgs__rosidl_generator_cExport.cmake
[4.975s] -- Installing: /home/steffens/KITrain/install/lidar_msgs/share/lidar_msgs/cmake/export_lidar_msgs__rosidl_generator_cExport-noconfig.cmake
[4.975s] -- Installing: /home/steffens/KITrain/install/lidar_msgs/share/lidar_msgs/cmake/export_lidar_msgs__rosidl_typesupport_fastrtps_cExport.cmake
[4.975s] -- Installing: /home/steffens/KITrain/install/lidar_msgs/share/lidar_msgs/cmake/export_lidar_msgs__rosidl_typesupport_fastrtps_cExport-noconfig.cmake
[4.975s] -- Installing: /home/steffens/KITrain/install/lidar_msgs/share/lidar_msgs/cmake/export_lidar_msgs__rosidl_generator_cppExport.cmake
[4.975s] -- Installing: /home/steffens/KITrain/install/lidar_msgs/share/lidar_msgs/cmake/export_lidar_msgs__rosidl_typesupport_fastrtps_cppExport.cmake
[4.976s] -- Installing: /home/steffens/KITrain/install/lidar_msgs/share/lidar_msgs/cmake/export_lidar_msgs__rosidl_typesupport_fastrtps_cppExport-noconfig.cmake
[4.976s] -- Installing: /home/steffens/KITrain/install/lidar_msgs/share/lidar_msgs/cmake/lidar_msgs__rosidl_typesupport_introspection_cExport.cmake
[4.976s] -- Installing: /home/steffens/KITrain/install/lidar_msgs/share/lidar_msgs/cmake/lidar_msgs__rosidl_typesupport_introspection_cExport-noconfig.cmake
[4.976s] -- Installing: /home/steffens/KITrain/install/lidar_msgs/share/lidar_msgs/cmake/lidar_msgs__rosidl_typesupport_cExport.cmake
[4.977s] -- Installing: /home/steffens/KITrain/install/lidar_msgs/share/lidar_msgs/cmake/lidar_msgs__rosidl_typesupport_cExport-noconfig.cmake
[4.977s] -- Installing: /home/steffens/KITrain/install/lidar_msgs/share/lidar_msgs/cmake/lidar_msgs__rosidl_typesupport_introspection_cppExport.cmake
[4.977s] -- Installing: /home/steffens/KITrain/install/lidar_msgs/share/lidar_msgs/cmake/lidar_msgs__rosidl_typesupport_introspection_cppExport-noconfig.cmake
[4.977s] -- Installing: /home/steffens/KITrain/install/lidar_msgs/share/lidar_msgs/cmake/lidar_msgs__rosidl_typesupport_cppExport.cmake
[4.977s] -- Installing: /home/steffens/KITrain/install/lidar_msgs/share/lidar_msgs/cmake/lidar_msgs__rosidl_typesupport_cppExport-noconfig.cmake
[4.978s] -- Installing: /home/steffens/KITrain/install/lidar_msgs/share/lidar_msgs/cmake/export_lidar_msgs__rosidl_generator_pyExport.cmake
[4.978s] -- Installing: /home/steffens/KITrain/install/lidar_msgs/share/lidar_msgs/cmake/export_lidar_msgs__rosidl_generator_pyExport-noconfig.cmake
[4.978s] -- Installing: /home/steffens/KITrain/install/lidar_msgs/share/lidar_msgs/cmake/rosidl_cmake-extras.cmake
[4.978s] -- Installing: /home/steffens/KITrain/install/lidar_msgs/share/lidar_msgs/cmake/ament_cmake_export_dependencies-extras.cmake
[4.978s] -- Installing: /home/steffens/KITrain/install/lidar_msgs/share/lidar_msgs/cmake/ament_cmake_export_include_directories-extras.cmake
[4.979s] -- Installing: /home/steffens/KITrain/install/lidar_msgs/share/lidar_msgs/cmake/ament_cmake_export_libraries-extras.cmake
[4.979s] -- Installing: /home/steffens/KITrain/install/lidar_msgs/share/lidar_msgs/cmake/ament_cmake_export_targets-extras.cmake
[4.979s] -- Installing: /home/steffens/KITrain/install/lidar_msgs/share/lidar_msgs/cmake/rosidl_cmake_export_typesupport_targets-extras.cmake
[4.979s] -- Installing: /home/steffens/KITrain/install/lidar_msgs/share/lidar_msgs/cmake/rosidl_cmake_export_typesupport_libraries-extras.cmake
[4.979s] -- Installing: /home/steffens/KITrain/install/lidar_msgs/share/lidar_msgs/cmake/lidar_msgsConfig.cmake
[4.980s] -- Installing: /home/steffens/KITrain/install/lidar_msgs/share/lidar_msgs/cmake/lidar_msgsConfig-version.cmake
[4.980s] -- Installing: /home/steffens/KITrain/install/lidar_msgs/share/lidar_msgs/package.xml
[4.983s] Invoked command in '/home/steffens/KITrain/build/lidar_msgs' returned '0': CMAKE_PREFIX_PATH=${CMAKE_PREFIX_PATH}:/home/steffens/KITrain/install/camera_simulator:/opt/ros/humble /usr/bin/cmake --install /home/steffens/KITrain/build/lidar_msgs
