[0.810s] Invoking command in '/home/steffens/KITrain/src/ki_train/ros2_video_streamer': PYTHONPATH=/home/steffens/KITrain/build/camera_simulator/prefix_override:/home/steffens/KITrain/install/camera_simulator/lib/python3.10/site-packages:${PYTHONPATH} /usr/bin/python3 -W ignore:setup.py install is deprecated setup.py egg_info --egg-base ../../../build/camera_simulator build --build-base /home/steffens/KITrain/build/camera_simulator/build install --record /home/steffens/KITrain/build/camera_simulator/install.log --install-scripts $base/lib/camera_simulator --single-version-externally-managed install_data
[1.050s] /usr/lib/python3/dist-packages/setuptools/dist.py:723: UserWarning: Usage of dash-separated 'script-dir' will not be supported in future versions. Please use the underscore name 'script_dir' instead
[1.051s]   warnings.warn(
[1.059s] running egg_info
[1.060s] writing ../../../build/camera_simulator/camera_simulator.egg-info/PKG-INFO
[1.060s] writing dependency_links to ../../../build/camera_simulator/camera_simulator.egg-info/dependency_links.txt
[1.060s] writing entry points to ../../../build/camera_simulator/camera_simulator.egg-info/entry_points.txt
[1.060s] writing requirements to ../../../build/camera_simulator/camera_simulator.egg-info/requires.txt
[1.060s] writing top-level names to ../../../build/camera_simulator/camera_simulator.egg-info/top_level.txt
[1.062s] reading manifest file '../../../build/camera_simulator/camera_simulator.egg-info/SOURCES.txt'
[1.062s] adding license file 'LICENSE'
[1.063s] writing manifest file '../../../build/camera_simulator/camera_simulator.egg-info/SOURCES.txt'
[1.063s] running build
[1.063s] running build_py
[1.064s] running install
[1.064s] running install_lib
[1.065s] running install_data
[1.065s] running install_egg_info
[1.067s] removing '/home/steffens/KITrain/install/camera_simulator/lib/python3.10/site-packages/camera_simulator-0.1.0-py3.10.egg-info' (and everything under it)
[1.067s] Copying ../../../build/camera_simulator/camera_simulator.egg-info to /home/steffens/KITrain/install/camera_simulator/lib/python3.10/site-packages/camera_simulator-0.1.0-py3.10.egg-info
[1.069s] running install_scripts
[1.090s] Installing camera_simulator script to /home/steffens/KITrain/install/camera_simulator/lib/camera_simulator
[1.091s] writing list of installed files to '/home/steffens/KITrain/build/camera_simulator/install.log'
[1.115s] Invoked command in '/home/steffens/KITrain/src/ki_train/ros2_video_streamer' returned '0': PYTHONPATH=/home/steffens/KITrain/build/camera_simulator/prefix_override:/home/steffens/KITrain/install/camera_simulator/lib/python3.10/site-packages:${PYTHONPATH} /usr/bin/python3 -W ignore:setup.py install is deprecated setup.py egg_info --egg-base ../../../build/camera_simulator build --build-base /home/steffens/KITrain/build/camera_simulator/build install --record /home/steffens/KITrain/build/camera_simulator/install.log --install-scripts $base/lib/camera_simulator --single-version-externally-managed install_data
