[0.300s] Invoking command in '/home/steffens/KITrain/build/clearance_profile_setter': CMAKE_PREFIX_PATH=${CMAKE_PREFIX_PATH}:/home/steffens/KITrain/install/camera_simulator:/opt/ros/humble /usr/bin/cmake /home/steffens/KITrain/src/ki_train/positioner/clearance_profile_setter -DCMAKE_INSTALL_PREFIX=/home/steffens/KITrain/install/clearance_profile_setter
[0.376s] -- The C compiler identification is GNU 11.4.0
[0.442s] -- The CXX compiler identification is GNU 11.4.0
[0.470s] -- Detecting C compiler ABI info
[0.554s] -- Detecting C compiler ABI info - done
[0.560s] -- Check for working C compiler: /usr/bin/cc - skipped
[0.561s] -- Detecting C compile features
[0.561s] -- Detecting C compile features - done
[0.564s] -- Detecting CXX compiler ABI info
[0.658s] -- Detecting CXX compiler ABI info - done
[0.665s] -- Check for working CXX compiler: /usr/bin/c++ - skipped
[0.665s] -- Detecting CXX compile features
[0.666s] -- Detecting CXX compile features - done
[0.668s] -- Found ament_cmake: 1.3.9 (/opt/ros/humble/share/ament_cmake/cmake)
[0.840s] -- Found Python3: /usr/bin/python3 (found version "3.10.12") found components: Interpreter 
[0.934s] -- Found ament_lint_auto: 0.12.11 (/opt/ros/humble/share/ament_lint_auto/cmake)
[1.037s] -- Added test 'lint_cmake' to check CMake code style
[1.040s] -- Added test 'xmllint' to check XML markup files
[1.041s] -- Configuring done
[1.050s] -- Generating done
[1.051s] -- Build files have been written to: /home/steffens/KITrain/build/clearance_profile_setter
[1.079s] Invoked command in '/home/steffens/KITrain/build/clearance_profile_setter' returned '0': CMAKE_PREFIX_PATH=${CMAKE_PREFIX_PATH}:/home/steffens/KITrain/install/camera_simulator:/opt/ros/humble /usr/bin/cmake /home/steffens/KITrain/src/ki_train/positioner/clearance_profile_setter -DCMAKE_INSTALL_PREFIX=/home/steffens/KITrain/install/clearance_profile_setter
[1.080s] Invoking command in '/home/steffens/KITrain/build/clearance_profile_setter': CMAKE_PREFIX_PATH=${CMAKE_PREFIX_PATH}:/home/steffens/KITrain/install/camera_simulator:/opt/ros/humble /usr/bin/cmake --build /home/steffens/KITrain/build/clearance_profile_setter -- -j16 -l16
[1.146s] Invoked command in '/home/steffens/KITrain/build/clearance_profile_setter' returned '0': CMAKE_PREFIX_PATH=${CMAKE_PREFIX_PATH}:/home/steffens/KITrain/install/camera_simulator:/opt/ros/humble /usr/bin/cmake --build /home/steffens/KITrain/build/clearance_profile_setter -- -j16 -l16
[1.195s] Invoking command in '/home/steffens/KITrain/build/clearance_profile_setter': CMAKE_PREFIX_PATH=${CMAKE_PREFIX_PATH}:/home/steffens/KITrain/install/camera_simulator:/opt/ros/humble /usr/bin/cmake --install /home/steffens/KITrain/build/clearance_profile_setter
[1.206s] -- Install configuration: ""
[1.206s] -- Installing: /home/steffens/KITrain/install/clearance_profile_setter/share/ament_index/resource_index/package_run_dependencies/clearance_profile_setter
[1.206s] -- Installing: /home/steffens/KITrain/install/clearance_profile_setter/share/ament_index/resource_index/parent_prefix_path/clearance_profile_setter
[1.207s] -- Installing: /home/steffens/KITrain/install/clearance_profile_setter/share/clearance_profile_setter/environment/ament_prefix_path.sh
[1.207s] -- Installing: /home/steffens/KITrain/install/clearance_profile_setter/share/clearance_profile_setter/environment/ament_prefix_path.dsv
[1.207s] -- Installing: /home/steffens/KITrain/install/clearance_profile_setter/share/clearance_profile_setter/environment/path.sh
[1.208s] -- Installing: /home/steffens/KITrain/install/clearance_profile_setter/share/clearance_profile_setter/environment/path.dsv
[1.208s] -- Installing: /home/steffens/KITrain/install/clearance_profile_setter/share/clearance_profile_setter/local_setup.bash
[1.208s] -- Installing: /home/steffens/KITrain/install/clearance_profile_setter/share/clearance_profile_setter/local_setup.sh
[1.209s] -- Installing: /home/steffens/KITrain/install/clearance_profile_setter/share/clearance_profile_setter/local_setup.zsh
[1.209s] -- Installing: /home/steffens/KITrain/install/clearance_profile_setter/share/clearance_profile_setter/local_setup.dsv
[1.209s] -- Installing: /home/steffens/KITrain/install/clearance_profile_setter/share/clearance_profile_setter/package.dsv
[1.210s] -- Installing: /home/steffens/KITrain/install/clearance_profile_setter/share/ament_index/resource_index/packages/clearance_profile_setter
[1.210s] -- Installing: /home/steffens/KITrain/install/clearance_profile_setter/share/clearance_profile_setter/cmake/clearance_profile_setterConfig.cmake
[1.211s] -- Installing: /home/steffens/KITrain/install/clearance_profile_setter/share/clearance_profile_setter/cmake/clearance_profile_setterConfig-version.cmake
[1.211s] -- Installing: /home/steffens/KITrain/install/clearance_profile_setter/share/clearance_profile_setter/package.xml
[1.237s] Invoked command in '/home/steffens/KITrain/build/clearance_profile_setter' returned '0': CMAKE_PREFIX_PATH=${CMAKE_PREFIX_PATH}:/home/steffens/KITrain/install/camera_simulator:/opt/ros/humble /usr/bin/cmake --install /home/steffens/KITrain/build/clearance_profile_setter
