[0.343s] Invoking command in '/home/steffens/KITrain/build/rgb_detector': CMAKE_PREFIX_PATH=${CMAKE_PREFIX_PATH}:/home/steffens/KITrain/install/camera_simulator:/opt/ros/humble /usr/bin/cmake --build /home/steffens/KITrain/build/rgb_detector -- -j16 -l16
[0.403s] Invoked command in '/home/steffens/KITrain/build/rgb_detector' returned '0': CMAKE_PREFIX_PATH=${CMAKE_PREFIX_PATH}:/home/steffens/KITrain/install/camera_simulator:/opt/ros/humble /usr/bin/cmake --build /home/steffens/KITrain/build/rgb_detector -- -j16 -l16
[0.494s] Invoking command in '/home/steffens/KITrain/build/rgb_detector': CMAKE_PREFIX_PATH=${CMAKE_PREFIX_PATH}:/home/steffens/KITrain/install/camera_simulator:/opt/ros/humble /usr/bin/cmake --install /home/steffens/KITrain/build/rgb_detector
[0.500s] -- Install configuration: ""
[0.500s] -- Up-to-date: /home/steffens/KITrain/install/rgb_detector/share/ament_index/resource_index/package_run_dependencies/rgb_detector
[0.500s] -- Up-to-date: /home/steffens/KITrain/install/rgb_detector/share/ament_index/resource_index/parent_prefix_path/rgb_detector
[0.500s] -- Up-to-date: /home/steffens/KITrain/install/rgb_detector/share/rgb_detector/environment/ament_prefix_path.sh
[0.501s] -- Up-to-date: /home/steffens/KITrain/install/rgb_detector/share/rgb_detector/environment/ament_prefix_path.dsv
[0.502s] -- Up-to-date: /home/steffens/KITrain/install/rgb_detector/share/rgb_detector/environment/path.sh
[0.503s] -- Up-to-date: /home/steffens/KITrain/install/rgb_detector/share/rgb_detector/environment/path.dsv
[0.503s] -- Up-to-date: /home/steffens/KITrain/install/rgb_detector/share/rgb_detector/local_setup.bash
[0.503s] -- Up-to-date: /home/steffens/KITrain/install/rgb_detector/share/rgb_detector/local_setup.sh
[0.503s] -- Up-to-date: /home/steffens/KITrain/install/rgb_detector/share/rgb_detector/local_setup.zsh
[0.503s] -- Up-to-date: /home/steffens/KITrain/install/rgb_detector/share/rgb_detector/local_setup.dsv
[0.503s] -- Installing: /home/steffens/KITrain/install/rgb_detector/share/rgb_detector/package.dsv
[0.503s] -- Up-to-date: /home/steffens/KITrain/install/rgb_detector/share/ament_index/resource_index/packages/rgb_detector
[0.503s] -- Up-to-date: /home/steffens/KITrain/install/rgb_detector/share/rgb_detector/cmake/rgb_detectorConfig.cmake
[0.503s] -- Up-to-date: /home/steffens/KITrain/install/rgb_detector/share/rgb_detector/cmake/rgb_detectorConfig-version.cmake
[0.503s] -- Up-to-date: /home/steffens/KITrain/install/rgb_detector/share/rgb_detector/package.xml
[0.573s] Invoked command in '/home/steffens/KITrain/build/rgb_detector' returned '0': CMAKE_PREFIX_PATH=${CMAKE_PREFIX_PATH}:/home/steffens/KITrain/install/camera_simulator:/opt/ros/humble /usr/bin/cmake --install /home/steffens/KITrain/build/rgb_detector
